RuleName: -
UtcTime: 2026-06-22 04:52:43.137
SourceProcessGUID: {2b85bada-fa82-6a37-1000-000000000b00}
SourceProcessId: 1044
SourceThreadId: 8692
SourceImage: C:\WINDOWS\system32\svchost.exe
TargetProcessGUID: {2b85bada-bf81-6a38-9405-000000000b00}
TargetProcessId: 9992
TargetImage: C:\Program Files\WindowsApps\Microsoft.WindowsStore_22605.1401.12.0_x64__8wekyb3d8bbwe\StoreDesktopExtension.exe
GrantedAccess: 0x100000
CallTrace: C:\WINDOWS\SYSTEM32\ntdll.dll+161184|C:\WINDOWS\System32\RPCRT4.dll+8ecfe|c:\windows\system32\rpcss.dll+765cb|c:\windows\system32\rpcss.dll+771ec|C:\WINDOWS\System32\RPCRT4.dll+d36a3|C:\WINDOWS\System32\RPCRT4.dll+174bd|C:\WINDOWS\System32\RPCRT4.dll+16f3a|C:\WINDOWS\System32\RPCRT4.dll+88687|C:\WINDOWS\System32\RPCRT4.dll+4da74|C:\WINDOWS\System32\RPCRT4.dll+4ea88|C:\WINDOWS\System32\RPCRT4.dll+3bc14|C:\WINDOWS\System32\RPCRT4.dll+4bfdc|C:\WINDOWS\System32\RPCRT4.dll+51fdc|C:\WINDOWS\System32\RPCRT4.dll+51163|C:\WINDOWS\System32\RPCRT4.dll+50108|C:\WINDOWS\SYSTEM32\ntdll.dll+2ea3e|C:\WINDOWS\SYSTEM32\ntdll.dll+2cb63|C:\WINDOWS\System32\KERNEL32.DLL+2e957|C:\WINDOWS\SYSTEM32\ntdll.dll+87c1c
SourceUser: NT AUTHORITY\NETWORK SERVICE
TargetUser: WINDOWS11\vboxuser","10","3",,"4","10","0","-9223372036854775808","9992","Microsoft-Windows-Sysmon","5770385f-c22a-43e0-bf4c-06f5698ffbd9","Microsoft-Windows-Sysmon/Operational","3832","4316","Windows11","S-1-5-18","6/22/2026 12:52:43 AM",,,"Microsoft-Windows-Sysmon/Operational","System.UInt32[]","System.Diagnostics.Eventing.Reader.EventBookmark","Information","Info","Image loaded (rule: ImageLoad)","System.Collections.ObjectModel.ReadOnlyCollection`1[System.String]","System.Collections.Generic.List`1[System.Diagnostics.Eventing.Reader.EventProperty]"
"Registry value set:
RuleName: -
EventType: SetValue
UtcTime: 2026-06-22 04:52:41.735
ProcessGuid: {2b85bada-6b86-6a38-6105-000000000b00}
ProcessId: 1052
Image: C:\Program Files (x86)\Microsoft\Edge\Application\msedge.exe
TargetObject: HKLM\System\CurrentControlSet\Services\bam\State\UserSettings\S-1-5-21-3931421473-148499878-826545620-1000\\Device\HarddiskVolume4\Program Files (x86)\Microsoft\Edge\Application\msedge.exe
Details: Binary Data
User: WINDOWS11\vboxuser","13","2",,"4","13","0","-9223372036854775808","9991","Microsoft-Windows-Sysmon","5770385f-c22a-43e0-bf4c-06f5698ffbd9","Microsoft-Windows-Sysmon/Operational","3832","4316","Windows11","S-1-5-18","6/22/2026 12:52:41 AM",,,"Microsoft-Windows-Sysmon/Operational","System.UInt32[]","System.Diagnostics.Eventing.Reader.EventBookmark","Information","Info","Image loaded (rule: ImageLoad)","System.Collections.ObjectModel.ReadOnlyCollection`1[System.String]","System.Collections.Generic.List`1[System.Diagnostics.Eventing.Reader.EventProperty]"
"Network connection detected:
RuleName: technique_id=T1571,technique_name=Non-Standard Port
UtcTime: 2026-06-22 04:53:18.760
ProcessGuid: {2b85bada-fa84-6a37-3000-000000000b00}
ProcessId: 2308
Image: C:\Windows\System32\svchost.exe
User: NT AUTHORITY\NETWORK SERVICE
Protocol: udp
Initiated: false
SourceIsIpv6: true
SourceIp: ff02:0:0:0:0:0:0:fb
SourceHostname: -
SourcePort: 5353
SourcePortName: -
DestinationIsIpv6: true
DestinationIp: fd50:fb98:c4f3:1:0:0:0:1
DestinationHostname: -
DestinationPort: 5353
DestinationPortName: -","3","5",,"4","3","0","-9223372036854775808","9990","Microsoft-Windows-Sysmon","5770385f-c22a-43e0-bf4c-06f5698ffbd9","Microsoft-Windows-Sysmon/Operational","3832","4324","Windows11","S-1-5-18","6/22/2026 12:52:41 AM",,,"Microsoft-Windows-Sysmon/Operational","System.UInt32[]","System.Diagnostics.Eventing.Reader.EventBookmark","Information","Info","Image loaded (rule: ImageLoad)","System.Collections.ObjectModel.ReadOnlyCollection`1[System.String]","System.Collections.Generic.List`1[System.Diagnostics.Eventing.Reader.EventProperty]"
"Registry value set:
RuleName: -
EventType: SetValue
UtcTime: 2026-06-22 04:52:40.112
ProcessGuid: {2b85bada-6b87-6a38-6405-000000000b00}
ProcessId: 7344
Image: C:\Program Files (x86)\Microsoft\Edge\Application\msedge.exe
TargetObject: HKLM\System\CurrentControlSet\Services\bam\State\UserSettings\S-1-5-21-3931421473-148499878-826545620-1000\\Device\HarddiskVolume4\Program Files (x86)\Microsoft\Edge\Application\msedge.exe
Details: Binary Data
User: WINDOWS11\vboxuser","13","2",,"4","13","0","-9223372036854775808","9989","Microsoft-Windows-Sysmon","5770385f-c22a-43e0-bf4c-06f5698ffbd9","Microsoft-Windows-Sysmon/Operational","3832","4316","Windows11","S-1-5-18","6/22/2026 12:52:41 AM",,,"Microsoft-Windows-Sysmon/Operational","System.UInt32[]","System.Diagnostics.Eventing.Reader.EventBookmark","Information","Info","Image loaded (rule: ImageLoad)","System.Collections.ObjectModel.ReadOnlyCollection`1[System.String]","System.Collections.Generic.List`1[System.Diagnostics.Eventing.Reader.EventProperty]"
"Network connection detected:
RuleName: technique_id=T1571,technique_name=Non-Standard Port
UtcTime: 2026-06-22 04:53:16.919
ProcessGuid: {2b85bada-fa84-6a37-3000-000000000b00}
ProcessId: 2308
Image: C:\Windows\System32\svchost.exe
User: NT AUTHORITY\NETWORK SERVICE
Protocol: udp
Initiated: false
SourceIsIpv6: false
SourceIp: 224.0.0.251
SourceHostname: -
SourcePort: 5353
SourcePortName: -
DestinationIsIpv6: false
DestinationIp: 192.168.4.1
DestinationHostname: -
DestinationPort: 5353
DestinationPortName: -","3","5",,"4","3","0","-9223372036854775808","9988","Microsoft-Windows-Sysmon","5770385f-c22a-43e0-bf4c-06f5698ffbd9","Microsoft-Windows-Sysmon/Operational","3832","4324","Windows11","S-1-5-18","6/22/2026 12:52:41 AM",,,"Microsoft-Windows-Sysmon/Operational","System.UInt32[]","System.Diagnostics.Eventing.Reader.EventBookmark","Information","Info","Image loaded (rule: ImageLoad)","System.Collections.ObjectModel.ReadOnlyCollection`1[System.String]","System.Collections.Generic.List`1[System.Diagnostics.Eventing.Reader.EventProperty]"
"File created:
RuleName: technique_id=T1574.010,technique_name=Services File Permissions Weakness
UtcTime: 2026-06-22 04:52:39.632
ProcessGuid: {2b85bada-fb0f-6a37-3901-000000000b00}
ProcessId: 3212
Image: C:\WINDOWS\system32\svchost.exe
TargetFilename: C:\Windows\Temp\pool_tags_summary.json.dup
CreationUtcTime: 2026-06-22 04:52:39.620
User: NT AUTHORITY\SYSTEM","11","2",,"4","11","0","-9223372036854775808","9987","Microsoft-Windows-Sysmon","5770385f-c22a-43e0-bf4c-06f5698ffbd9","Microsoft-Windows-Sysmon/Operational","3832","4316","Windows11","S-1-5-18","6/22/2026 12:52:40 AM",,,"Microsoft-Windows-Sysmon/Operational","System.UInt32[]","System.Diagnostics.Eventing.Reader.EventBookmark","Information","Info","Image loaded (rule: ImageLoad)","System.Collections.ObjectModel.ReadOnlyCollection`1[System.String]","System.Collections.Generic.List`1[System.Diagnostics.Eventing.Reader.EventProperty]"
"Network connection detected:
RuleName: technique_id=T1571,technique_name=Non-Standard Port
UtcTime: 2026-06-22 04:53:15.899
ProcessGuid: {2b85bada-fa84-6a37-3000-000000000b00}
ProcessId: 2308
Image: C:\Windows\System32\svchost.exe
User: NT AUTHORITY\NETWORK SERVICE
Protocol: udp
Initiated: false
SourceIsIpv6: false
SourceIp: 224.0.0.251
SourceHostname: -
SourcePort: 5353
SourcePortName: -
DestinationIsIpv6: false
DestinationIp: 192.168.4.1
DestinationHostname: -
DestinationPort: 5353
DestinationPortName: -","3","5",,"4","3","0","-9223372036854775808","9986","Microsoft-Windows-Sysmon","5770385f-c22a-43e0-bf4c-06f5698ffbd9","Microsoft-Windows-Sysmon/Operational","3832","4324","Windows11","S-1-5-18","6/22/2026 12:52:40 AM",,,"Microsoft-Windows-Sysmon/Operational","System.UInt32[]","System.Diagnostics.Eventing.Reader.EventBookmark","Information","Info","Image loaded (rule: ImageLoad)","System.Collections.ObjectModel.ReadOnlyCollection`1[System.String]","System.Collections.Generic.List`1[System.Diagnostics.Eventing.Reader.EventProperty]"
"Network connection detected:
RuleName: technique_id=T1571,technique_name=Non-Standard Port
UtcTime: 2026-06-22 04:53:15.892
ProcessGuid: {2b85bada-fa84-6a37-3000-000000000b00}
ProcessId: 2308
Image: C:\Windows\System32\svchost.exe
User: NT AUTHORITY\NETWORK SERVICE
Protocol: udp
Initiated: false
SourceIsIpv6: true
SourceIp: ff02:0:0:0:0:0:0:fb
SourceHostname: -
SourcePort: 5353
SourcePortName: -
DestinationIsIpv6: true
DestinationIp: fd50:fb98:c4f3:1:0:0:0:1
DestinationHostname: -
DestinationPort: 5353
DestinationPortName: -","3","5",,"4","3","0","-9223372036854775808","9985","Microsoft-Windows-Sysmon","5770385f-c22a-43e0-bf4c-06f5698ffbd9","Microsoft-Windows-Sysmon/Operational","3832","4324","Windows11","S-1-5-18","6/22/2026 12:52:40 AM",,,"Microsoft-Windows-Sysmon/Operational","System.UInt32[]","System.Diagnostics.Eventing.Reader.EventBookmark","Information","Info","Image loaded (rule: ImageLoad)","System.Collections.ObjectModel.ReadOnlyCollection`1[System.String]","System.Collections.Generic.List`1[System.Diagnostics.Eventing.Reader.EventProperty]"
"Registry value set:
RuleName: -
EventType: SetValue
UtcTime: 2026-06-22 04:52:38.594
ProcessGuid: {2b85bada-6b78-6a38-5f05-000000000b00}
ProcessId: 5204
Image: C:\Program Files (x86)\Microsoft\Edge\Application\msedge.exe
TargetObject: HKLM\System\CurrentControlSet\Services\bam\State\UserSettings\S-1-5-21-3931421473-148499878-826545620-1000\\Device\HarddiskVolume4\Program Files (x86)\Microsoft\Edge\Application\msedge.exe
Details: Binary Data
User: WINDOWS11\vboxuser","13","2",,"4","13","0","-9223372036854775808","9984","Microsoft-Windows-Sysmon","5770385f-c22a-43e0-bf4c-06f5698ffbd9","Microsoft-Windows-Sysmon/Operational","3832","4316","Windows11","S-1-5-18","6/22/2026 12:52:40 AM",,,"Microsoft-Windows-Sysmon/Operational","System.UInt32[]","System.Diagnostics.Eventing.Reader.EventBookmark","Information","Info","Image loaded (rule: ImageLoad)","System.Collections.ObjectModel.ReadOnlyCollection`1[System.String]","System.Collections.Generic.List`1[System.Diagnostics.Eventing.Reader.EventProperty]"
"File created:
RuleName: technique_id=T1574.010,technique_name=Services File Permissions Weakness
UtcTime: 2026-06-22 04:52:38.178
ProcessGuid: {2b85bada-fb0f-6a37-3901-000000000b00}
ProcessId: 3212
Image: C:\WINDOWS\system32\svchost.exe
TargetFilename: C:\Windows\Temp\pool_tags_summary.json
CreationUtcTime: 2026-06-19 07:11:23.401
User: NT AUTHORITY\SYSTEM","11","2",,"4","11","0","-9223372036854775808","9983","Microsoft-Windows-Sysmon","5770385f-c22a-43e0-bf4c-06f5698ffbd9","Microsoft-Windows-Sysmon/Operational","3832","4316","Windows11","S-1-5-18","6/22/2026 12:52:40 AM",,,"Microsoft-Windows-Sysmon/Operational","System.UInt32[]","System.Diagnostics.Eventing.Reader.EventBookmark","Information","Info","Image loaded (rule: ImageLoad)","System.Collections.ObjectModel.ReadOnlyCollection`1[System.String]","System.Collections.Generic.List`1[System.Diagnostics.Eventing.Reader.EventProperty]"
"Image loaded:
RuleName: technique_id=T1053,technique_name=Scheduled Task
UtcTime: 2026-06-22 04:52:38.029
ProcessGuid: {2b85bada-bf8a-6a38-9b05-000000000b00}
ProcessId: 6788
Image: C:\Windows\SystemApps\MicrosoftWindows.Client.CBS_cw5n1h2txyewy\SoftLandingTask\SoftLandingTask.exe
ImageLoaded: C:\Windows\System32\taskschd.dll
FileVersion: 10.0.26100.5074 (WinBuild.160101.0800)
Description: Task Scheduler COM API
Product: Microsoft? Windows? Operating System
Company: Microsoft Corporation
OriginalFileName: taskschd.dll
Hashes: SHA1=BF09E52372CF6663743A6FC58FCDB75D7551CD64,MD5=DF9E41FF2CF7430B4A29B24BB86AB7B0,SHA256=1E3292A4C58708CA4E3A73B82DB0E9CA4A2C1FC640526B9A14337A1A55A36AA7,IMPHASH=E61FD409CB21E6A6EBA2AFE59848CFC8
Signed: true
Signature: Microsoft Windows
SignatureStatus: Valid
User: WINDOWS11\vboxuser","7","3",,"4","7","0","-9223372036854775808","9982","Microsoft-Windows-Sysmon","5770385f-c22a-43e0-bf4c-06f5698ffbd9","Microsoft-Windows-Sysmon/Operational","3832","4316","Windows11","S-1-5-18","6/22/2026 12:52:40 AM",,,"Microsoft-Windows-Sysmon/Operational","System.UInt32[]","System.Diagnostics.Eventing.Reader.EventBookmark","Information","Info","Image loaded (rule: ImageLoad)","System.Collections.ObjectModel.ReadOnlyCollection`1[System.String]","System.Collections.Generic.List`1[System.Diagnostics.Eventing.Reader.EventProperty]"
"Process Create:
RuleName: technique_id=T1083,technique_name=File and Directory Discovery
UtcTime: 2026-06-22 04:52:26.953
ProcessGuid: {2b85bada-bf8a-6a38-9c05-000000000b00}
ProcessId: 9060
Image: C:\Program Files (x86)\Microsoft\EdgeUpdate\MicrosoftEdgeUpdate.exe
FileVersion: 1.3.241.13
Description: Microsoft Edge Update
Product: Microsoft Edge Update
Company: Microsoft Corporation
OriginalFileName: MicrosoftEdgeUpdate.exe
CommandLine: ""C:\Program Files (x86)\Microsoft\EdgeUpdate\MicrosoftEdgeUpdate.exe"" /ua /installsource core
CurrentDirectory: C:\Program Files (x86)\Microsoft\EdgeUpdate\1.3.241.15\
User: NT AUTHORITY\SYSTEM
LogonGuid: {2b85bada-fa81-6a37-e703-000000000000}
LogonId: 0x3E7
TerminalSessionId: 0
IntegrityLevel: System
Hashes: SHA1=BD6DA1690E59FE353CAF0B044E466A6623C05C8D,MD5=7E2D83A0C2F1D9E1D0FC0C9BA2AC1030,SHA256=851394778564C49B263414FD59D3E81A2DFC3A3FC828FFF819F3121499E9BAFC,IMPHASH=CD3B2D99C6655A5D4A14E30E380F5BF9
ParentProcessGuid: {2b85bada-fa95-6a37-7b00-000000000b00}
ParentProcessId: 5424
ParentImage: C:\Program Files (x86)\Microsoft\EdgeUpdate\MicrosoftEdgeUpdate.exe
ParentCommandLine: ""C:\Program Files (x86)\Microsoft\EdgeUpdate\MicrosoftEdgeUpdate.exe"" /c
ParentUser: NT AUTHORITY\SYSTEM","1","5",,"4","1","0","-9223372036854775808","9981","Microsoft-Windows-Sysmon","5770385f-c22a-43e0-bf4c-06f5698ffbd9","Microsoft-Windows-Sysmon/Operational","3832","4316","Windows11","S-1-5-18","6/22/2026 12:52:36 AM",,,"Microsoft-Windows-Sysmon/Operational","System.UInt32[]","System.Diagnostics.Eventing.Reader.EventBookmark","Information","Info","Image loaded (rule: ImageLoad)","System.Collections.ObjectModel.ReadOnlyCollection`1[System.String]","System.Collections.Generic.List`1[System.Diagnostics.Eventing.Reader.EventProperty]"
"Registry value set:
RuleName: -
EventType: SetValue
UtcTime: 2026-06-22 04:52:26.462
ProcessGuid: {2b85bada-fa82-6a37-0d00-000000000b00}
ProcessId: 624
Image: C:\WINDOWS\system32\svchost.exe
TargetObject: HKLM\System\CurrentControlSet\Services\bam\State\UserSettings\S-1-5-21-3931421473-148499878-826545620-1000\MicrosoftWindows.Client.CBS_cw5n1h2txyewy
Details: Binary Data
User: NT AUTHORITY\SYSTEM","13","2",,"4","13","0","-9223372036854775808","9980","Microsoft-Windows-Sysmon","5770385f-c22a-43e0-bf4c-06f5698ffbd9","Microsoft-Windows-Sysmon/Operational","3832","4316","Windows11","S-1-5-18","6/22/2026 12:52:36 AM",,,"Microsoft-Windows-Sysmon/Operational","System.UInt32[]","System.Diagnostics.Eventing.Reader.EventBookmark","Information","Info","Image loaded (rule: ImageLoad)","System.Collections.ObjectModel.ReadOnlyCollection`1[System.String]","System.Collections.Generic.List`1[System.Diagnostics.Eventing.Reader.EventProperty]"
"Image loaded:
RuleName: -
UtcTime: 2026-06-22 04:52:26.437
ProcessGuid: {2b85bada-2406-6a38-ba02-000000000b00}
ProcessId: 8156
Image: C:\Windows\System32\backgroundTaskHost.exe
ImageLoaded: C:\Windows\System32\urlmon.dll
FileVersion: 11.00.26100.8521 (WinBuild.160101.0800)
Description: OLE32 Extensions for Win32
Product: Internet Explorer
Company: Microsoft Corporation
OriginalFileName: UrlMon.dll
Hashes: SHA1=C372D49FBB4B3781425947DD8FAA78F1D371AD0F,MD5=A2E38840529D69EB410B14E0FE5B1E3A,SHA256=789750C7ED748155C0AD2CCDEB33BA231F5E3183901E88E042B39FE1E9C5E958,IMPHASH=CC6BE0BF5B54B1D4708DF5B8900604F7
Signed: true
Signature: Microsoft Windows
SignatureStatus: Valid
User: WINDOWS11\vboxuser","7","3",,"4","7","0","-9223372036854775808","9979","Microsoft-Windows-Sysmon","5770385f-c22a-43e0-bf4c-06f5698ffbd9","Microsoft-Windows-Sysmon/Operational","3832","4316","Windows11","S-1-5-18","6/22/2026 12:52:36 AM",,,"Microsoft-Windows-Sysmon/Operational","System.UInt32[]","System.Diagnostics.Eventing.Reader.EventBookmark","Information","Info","Image loaded (rule: ImageLoad)","System.Collections.ObjectModel.ReadOnlyCollection`1[System.String]","System.Collections.Generic.List`1[System.Diagnostics.Eventing.Reader.EventProperty]"
"Process accessed:
RuleName: -
UtcTime: 2026-06-22 04:52:24.275
SourceProcessGUID: {2b85bada-fa81-6a37-0900-000000000b00}
SourceProcessId: 776
SourceThreadId: 792
SourceImage: C:\WINDOWS\system32\csrss.exe
TargetProcessGUID: {2b85bada-bf81-6a38-9405-000000000b00}
TargetProcessId: 9992
TargetImage: C:\Program Files\WindowsApps\Microsoft.WindowsStore_22605.1401.12.0_x64__8wekyb3d8bbwe\StoreDesktopExtension.exe
GrantedAccess: 0x1FFFFF
CallTrace: C:\WINDOWS\SYSTEM32\ntdll.dll+161184|C:\WINDOWS\SYSTEM32\CSRSRV.dll+22ad|C:\WINDOWS\SYSTEM32\CSRSRV.dll+16f9|C:\WINDOWS\SYSTEM32\CSRSRV.dll+9567|C:\WINDOWS\SYSTEM32\ntdll.dll+87c32
SourceUser: NT AUTHORITY\SYSTEM
TargetUser: WINDOWS11\vboxuser","10","3",,"4","10","0","-9223372036854775808","9978","Microsoft-Windows-Sysmon","5770385f-c22a-43e0-bf4c-06f5698ffbd9","Microsoft-Windows-Sysmon/Operational","3832","4316","Windows11","S-1-5-18","6/22/2026 12:52:35 AM",,,"Microsoft-Windows-Sysmon/Operational","System.UInt32[]","System.Diagnostics.Eventing.Reader.EventBookmark","Information","Info","Image loaded (rule: ImageLoad)","System.Collections.ObjectModel.ReadOnlyCollection`1[System.String]","System.Collections.Generic.List`1[System.Diagnostics.Eventing.Reader.EventProperty]"
"Registry value set:
RuleName: -
EventType: SetValue
UtcTime: 2026-06-22 04:52:23.964
ProcessGuid: {2b85bada-fa86-6a37-3d00-000000000b00}
ProcessId: 2288
Image: C:\WINDOWS\system32\svchost.exe
TargetObject: HKLM\System\CurrentControlSet\Services\SharedAccess\Epoch2\Epoch
Details: DWORD (0x00000020)
User: NT AUTHORITY\LOCAL SERVICE","13","2",,"4","13","0","-9223372036854775808","9977","Microsoft-Windows-Sysmon","5770385f-c22a-43e0-bf4c-06f5698ffbd9","Microsoft-Windows-Sysmon/Operational","3832","4316","Windows11","S-1-5-18","6/22/2026 12:52:35 AM",,,"Microsoft-Windows-Sysmon/Operational","System.UInt32[]","System.Diagnostics.Eventing.Reader.EventBookmark","Information","Info","Image loaded (rule: ImageLoad)","System.Collections.ObjectModel.ReadOnlyCollection`1[System.String]","System.Collections.Generic.List`1[System.Diagnostics.Eventing.Reader.EventProperty]"
"Registry value set:
RuleName: -
EventType: SetValue
UtcTime: 2026-06-22 04:52:20.898
ProcessGuid: {2b85bada-6b8c-6a38-6d05-000000000b00}
ProcessId: 2640
Image: C:\Program Files (x86)\Microsoft\Edge\Application\msedge.exe
TargetObject: HKLM\System\CurrentControlSet\Services\bam\State\UserSettings\S-1-5-21-3931421473-148499878-826545620-1000\\Device\HarddiskVolume4\Program Files (x86)\Microsoft\Edge\Application\msedge.exe
Details: Binary Data
User: WINDOWS11\vboxuser","13","2",,"4","13","0","-9223372036854775808","9976","Microsoft-Windows-Sysmon","5770385f-c22a-43e0-bf4c-06f5698ffbd9","Microsoft-Windows-Sysmon/Operational","3832","4316","Windows11","S-1-5-18","6/22/2026 12:52:32 AM",,,"Microsoft-Windows-Sysmon/Operational","System.UInt32[]","System.Diagnostics.Eventing.Reader.EventBookmark","Information","Info","Image loaded (rule: ImageLoad)","System.Collections.ObjectModel.ReadOnlyCollection`1[System.String]","System.Collections.Generic.List`1[System.Diagnostics.Eventing.Reader.EventProperty]"
"Network connection detected:
RuleName: technique_id=T1571,technique_name=Non-Standard Port
UtcTime: 2026-06-22 04:53:03.197
ProcessGuid: {2b85bada-fa84-6a37-3000-000000000b00}
ProcessId: 2308
Image: C:\Windows\System32\svchost.exe
User: NT AUTHORITY\NETWORK SERVICE
Protocol: udp
Initiated: false
SourceIsIpv6: true
SourceIp: ff02:0:0:0:0:0:0:fb
SourceHostname: -
SourcePort: 5353
SourcePortName: -
DestinationIsIpv6: true
DestinationIp: fd50:fb98:c4f3:1:c6f1:74ff:fefe:4f6b
DestinationHostname: -
DestinationPort: 5353
DestinationPortName: -","3","5",,"4","3","0","-9223372036854775808","9975","Microsoft-Windows-Sysmon","5770385f-c22a-43e0-bf4c-06f5698ffbd9","Microsoft-Windows-Sysmon/Operational","3832","4324","Windows11","S-1-5-18","6/22/2026 12:52:32 AM",,,"Microsoft-Windows-Sysmon/Operational","System.UInt32[]","System.Diagnostics.Eventing.Reader.EventBookmark","Information","Info","Image loaded (rule: ImageLoad)","System.Collections.ObjectModel.ReadOnlyCollection`1[System.String]","System.Collections.Generic.List`1[System.Diagnostics.Eventing.Reader.EventProperty]"
"Registry value set:
RuleName: -
EventType: SetValue
UtcTime: 2026-06-22 04:52:20.670
ProcessGuid: {2b85bada-6b89-6a38-6605-000000000b00}
ProcessId: 10100
Image: C:\Program Files (x86)\Microsoft\Edge\Application\msedge.exe
TargetObject: HKLM\System\CurrentControlSet\Services\bam\State\UserSettings\S-1-5-21-3931421473-148499878-826545620-1000\\Device\HarddiskVolume4\Program Files (x86)\Microsoft\Edge\Application\msedge.exe
Details: Binary Data
User: WINDOWS11\vboxuser","13","2",,"4","13","0","-9223372036854775808","9974","Microsoft-Windows-Sysmon","5770385f-c22a-43e0-bf4c-06f5698ffbd9","Microsoft-Windows-Sysmon/Operational","3832","4316","Windows11","S-1-5-18","6/22/2026 12:52:31 AM",,,"Microsoft-Windows-Sysmon/Operational","System.UInt32[]","System.Diagnostics.Eventing.Reader.EventBookmark","Information","Info","Image loaded (rule: ImageLoad)","System.Collections.ObjectModel.ReadOnlyCollection`1[System.String]","System.Collections.Generic.List`1[System.Diagnostics.Eventing.Reader.EventProperty]"
"Network connection detected:
RuleName: technique_id=T1571,technique_name=Non-Standard Port
UtcTime: 2026-06-22 04:53:00.136
ProcessGuid: {2b85bada-fa84-6a37-3000-000000000b00}
ProcessId: 2308
Image: C:\Windows\System32\svchost.exe
User: NT AUTHORITY\NETWORK SERVICE
Protocol: udp
Initiated: false
SourceIsIpv6: false
SourceIp: 224.0.0.251
SourceHostname: -
SourcePort: 5353
SourcePortName: -
DestinationIsIpv6: false
DestinationIp: 192.168.5.153
DestinationHostname: -
DestinationPort: 5353
DestinationPortName: -","3","5",,"4","3","0","-9223372036854775808","9973","Microsoft-Windows-Sysmon","5770385f-c22a-43e0-bf4c-06f5698ffbd9","Microsoft-Windows-Sysmon/Operational","3832","4324","Windows11","S-1-5-18","6/22/2026 12:52:30 AM",,,"Microsoft-Windows-Sysmon/Operational","System.UInt32[]","System.Diagnostics.Eventing.Reader.EventBookmark","Information","Info","Image loaded (rule: ImageLoad)","System.Collections.ObjectModel.ReadOnlyCollection`1[System.String]","System.Collections.Generic.List`1[System.Diagnostics.Eventing.Reader.EventProperty]"
"Registry value set:
RuleName: -
EventType: SetValue
UtcTime: 2026-06-22 04:52:18.379
ProcessGuid: {2b85bada-fa82-6a37-0d00-000000000b00}
ProcessId: 624
Image: C:\WINDOWS\system32\svchost.exe
TargetObject: HKLM\System\CurrentControlSet\Services\bam\State\UserSettings\S-1-5-21-3931421473-148499878-826545620-1000\MicrosoftWindows.Client.CBS_cw5n1h2txyewy
Details: Binary Data
User: NT AUTHORITY\SYSTEM","13","2",,"4","13","0","-9223372036854775808","9972","Microsoft-Windows-Sysmon","5770385f-c22a-43e0-bf4c-06f5698ffbd9","Microsoft-Windows-Sysmon/Operational","3832","4316","Windows11","S-1-5-18","6/22/2026 12:52:27 AM",,,"Microsoft-Windows-Sysmon/Operational","System.UInt32[]","System.Diagnostics.Eventing.Reader.EventBookmark","Information","Info","Image loaded (rule: ImageLoad)","System.Collections.ObjectModel.ReadOnlyCollection`1[System.String]","System.Collections.Generic.List`1[System.Diagnostics.Eventing.Reader.EventProperty]"
"Registry value set:
RuleName: -
EventType: SetValue
UtcTime: 2026-06-22 04:52:17.481
ProcessGuid: {2b85bada-fa82-6a37-0d00-000000000b00}
ProcessId: 624
Image: C:\WINDOWS\system32\svchost.exe
TargetObject: HKLM\System\CurrentControlSet\Services\bam\State\UserSettings\S-1-5-21-3931421473-148499878-826545620-1000\MicrosoftWindows.Client.CBS_cw5n1h2txyewy
Details: Binary Data
User: NT AUTHORITY\SYSTEM","13","2",,"4","13","0","-9223372036854775808","9971","Microsoft-Windows-Sysmon","5770385f-c22a-43e0-bf4c-06f5698ffbd9","Microsoft-Windows-Sysmon/Operational","3832","4316","Windows11","S-1-5-18","6/22/2026 12:52:26 AM",,,"Microsoft-Windows-Sysmon/Operational","System.UInt32[]","System.Diagnostics.Eventing.Reader.EventBookmark","Information","Info","Image loaded (rule: ImageLoad)","System.Collections.ObjectModel.ReadOnlyCollection`1[System.String]","System.Collections.Generic.List`1[System.Diagnostics.Eventing.Reader.EventProperty]"
"Network connection detected:
RuleName: technique_id=T1571,technique_name=Non-Standard Port
UtcTime: 2026-06-22 04:52:53.299
ProcessGuid: {2b85bada-fa84-6a37-3000-000000000b00}
ProcessId: 2308
Image: C:\Windows\System32\svchost.exe
User: NT AUTHORITY\NETWORK SERVICE
Protocol: udp
Initiated: false
SourceIsIpv6: false
SourceIp: 224.0.0.251
SourceHostname: -
SourcePort: 5353
SourcePortName: -
DestinationIsIpv6: false
DestinationIp: 192.168.5.153
DestinationHostname: -
DestinationPort: 5353
DestinationPortName: -","3","5",,"4","3","0","-9223372036854775808","9970","Microsoft-Windows-Sysmon","5770385f-c22a-43e0-bf4c-06f5698ffbd9","Microsoft-Windows-Sysmon/Operational","3832","4324","Windows11","S-1-5-18","6/22/2026 12:52:26 AM",,,"Microsoft-Windows-Sysmon/Operational","System.UInt32[]","System.Diagnostics.Eventing.Reader.EventBookmark","Information","Info","Image loaded (rule: ImageLoad)","System.Collections.ObjectModel.ReadOnlyCollection`1[System.String]","System.Collections.Generic.List`1[System.Diagnostics.Eventing.Reader.EventProperty]"
"Process accessed:
RuleName: -
UtcTime: 2026-06-22 04:52:17.425
SourceProcessGUID: {2b85bada-fa82-6a37-0d00-000000000b00}
SourceProcessId: 624
SourceThreadId: 1280
SourceImage: C:\WINDOWS\system32\svchost.exe
TargetProcessGUID: {2b85bada-bf81-6a38-9405-000000000b00}
TargetProcessId: 9992
TargetImage: C:\Program Files\WindowsApps\Microsoft.WindowsStore_22605.1401.12.0_x64__8wekyb3d8bbwe\StoreDesktopExtension.exe
GrantedAccess: 0x1101
CallTrace: C:\WINDOWS\SYSTEM32\ntdll.dll+160534|C:\WINDOWS\System32\KERNELBASE.dll+23fa6|C:\WINDOWS\SYSTEM32\daxexec.dll+21080|c:\windows\system32\rpcss.dll+8e38f|c:\windows\system32\rpcss.dll+ed9df|c:\windows\system32\rpcss.dll+615e8|C:\WINDOWS\System32\RPCRT4.dll+d36a3|C:\WINDOWS\System32\RPCRT4.dll+174bd|C:\WINDOWS\System32\RPCRT4.dll+16f3a|C:\WINDOWS\System32\RPCRT4.dll+88687|C:\WINDOWS\System32\RPCRT4.dll+4da74|C:\WINDOWS\System32\RPCRT4.dll+4ea88|C:\WINDOWS\System32\RPCRT4.dll+3bc14|C:\WINDOWS\System32\RPCRT4.dll+4bfdc|C:\WINDOWS\System32\RPCRT4.dll+51fdc|C:\WINDOWS\System32\RPCRT4.dll+51163|C:\WINDOWS\System32\RPCRT4.dll+50108|C:\WINDOWS\SYSTEM32\ntdll.dll+2ea3e|C:\WINDOWS\SYSTEM32\ntdll.dll+2cb63|C:\WINDOWS\System32\KERNEL32.DLL+2e957|C:\WINDOWS\SYSTEM32\ntdll.dll+87c1c
SourceUser: NT AUTHORITY\SYSTEM
TargetUser: WINDOWS11\vboxuser","10","3",,"4","10","0","-9223372036854775808","9969","Microsoft-Windows-Sysmon","5770385f-c22a-43e0-bf4c-06f5698ffbd9","Microsoft-Windows-Sysmon/Operational","3832","4316","Windows11","S-1-5-18","6/22/2026 12:52:26 AM",,,"Microsoft-Windows-Sysmon/Operational","System.UInt32[]","System.Diagnostics.Eventing.Reader.EventBookmark","Information","Info","Image loaded (rule: ImageLoad)","System.Collections.ObjectModel.ReadOnlyCollection`1[System.String]","System.Collections.Generic.List`1[System.Diagnostics.Eventing.Reader.EventProperty]"
"Process accessed:
RuleName: -
UtcTime: 2026-06-22 04:52:17.172
SourceProcessGUID: {2b85bada-fa80-6a37-0600-000000000b00}
SourceProcessId: 696
SourceThreadId: 860
SourceImage: C:\WINDOWS\system32\csrss.exe
TargetProcessGUID: {2b85bada-bf81-6a38-9405-000000000b00}
TargetProcessId: 9992
TargetImage: C:\Program Files\WindowsApps\Microsoft.WindowsStore_22605.1401.12.0_x64__8wekyb3d8bbwe\StoreDesktopExtension.exe
GrantedAccess: 0x1FFFFF
CallTrace: C:\WINDOWS\SYSTEM32\ntdll.dll+160534|C:\WINDOWS\system32\basesrv.DLL+6f93|C:\WINDOWS\SYSTEM32\CSRSRV.dll+9996|C:\WINDOWS\SYSTEM32\ntdll.dll+87c32
SourceUser: NT AUTHORITY\SYSTEM
TargetUser: WINDOWS11\vboxuser","10","3",,"4","10","0","-9223372036854775808","9968","Microsoft-Windows-Sysmon","5770385f-c22a-43e0-bf4c-06f5698ffbd9","Microsoft-Windows-Sysmon/Operational","3832","4316","Windows11","S-1-5-18","6/22/2026 12:52:26 AM",,,"Microsoft-Windows-Sysmon/Operational","System.UInt32[]","System.Diagnostics.Eventing.Reader.EventBookmark","Information","Info","Image loaded (rule: ImageLoad)","System.Collections.ObjectModel.ReadOnlyCollection`1[System.String]","System.Collections.Generic.List`1[System.Diagnostics.Eventing.Reader.EventProperty]"
"Process accessed:
RuleName: -
UtcTime: 2026-06-22 04:52:17.163
SourceProcessGUID: {2b85bada-fa82-6a37-0d00-000000000b00}
SourceProcessId: 624
SourceThreadId: 1280
SourceImage: C:\WINDOWS\system32\svchost.exe
TargetProcessGUID: {2b85bada-bf81-6a38-9405-000000000b00}
TargetProcessId: 9992
TargetImage: C:\Program Files\WindowsApps\Microsoft.WindowsStore_22605.1401.12.0_x64__8wekyb3d8bbwe\StoreDesktopExtension.exe
GrantedAccess: 0x1FFFFF
CallTrace: C:\WINDOWS\SYSTEM32\ntdll.dll+161a84|C:\WINDOWS\System32\KERNELBASE.dll+85a0c|C:\WINDOWS\System32\KERNELBASE.dll+82eb3|C:\WINDOWS\System32\KERNEL32.DLL+3afe0|c:\windows\system32\rpcss.dll+8e117|c:\windows\system32\rpcss.dll+ed9df|c:\windows\system32\rpcss.dll+615e8|C:\WINDOWS\System32\RPCRT4.dll+d36a3|C:\WINDOWS\System32\RPCRT4.dll+174bd|C:\WINDOWS\System32\RPCRT4.dll+16f3a|C:\WINDOWS\System32\RPCRT4.dll+88687|C:\WINDOWS\System32\RPCRT4.dll+4da74|C:\WINDOWS\System32\RPCRT4.dll+4ea88|C:\WINDOWS\System32\RPCRT4.dll+3bc14|C:\WINDOWS\System32\RPCRT4.dll+4bfdc|C:\WINDOWS\System32\RPCRT4.dll+51fdc|C:\WINDOWS\System32\RPCRT4.dll+51163|C:\WINDOWS\System32\RPCRT4.dll+50108|C:\WINDOWS\SYSTEM32\ntdll.dll+2ea3e|C:\WINDOWS\SYSTEM32\ntdll.dll+2cb63|C:\WINDOWS\System32\KERNEL32.DLL+2e957|C:\WINDOWS\SYSTEM32\ntdll.dll+87c1c
SourceUser: NT AUTHORITY\SYSTEM
TargetUser: WINDOWS11\vboxuser","10","3",,"4","10","0","-9223372036854775808","9967","Microsoft-Windows-Sysmon","5770385f-c22a-43e0-bf4c-06f5698ffbd9","Microsoft-Windows-Sysmon/Operational","3832","4316","Windows11","S-1-5-18","6/22/2026 12:52:26 AM",,,"Microsoft-Windows-Sysmon/Operational","System.UInt32[]","System.Diagnostics.Eventing.Reader.EventBookmark","Information","Info","Image loaded (rule: ImageLoad)","System.Collections.ObjectModel.ReadOnlyCollection`1[System.String]","System.Collections.Generic.List`1[System.Diagnostics.Eventing.Reader.EventProperty]"
"Registry value set:
RuleName: -
EventType: SetValue
UtcTime: 2026-06-22 04:52:17.152
ProcessGuid: {2b85bada-fa82-6a37-0d00-000000000b00}
ProcessId: 624
Image: C:\WINDOWS\system32\svchost.exe
TargetObject: HKLM\System\CurrentControlSet\Services\bam\State\UserSettings\S-1-5-21-3931421473-148499878-826545620-1000\Microsoft.WindowsStore_8wekyb3d8bbwe
Details: Binary Data
User: NT AUTHORITY\SYSTEM","13","2",,"4","13","0","-9223372036854775808","9966","Microsoft-Windows-Sysmon","5770385f-c22a-43e0-bf4c-06f5698ffbd9","Microsoft-Windows-Sysmon/Operational","3832","4316","Windows11","S-1-5-18","6/22/2026 12:52:25 AM",,,"Microsoft-Windows-Sysmon/Operational","System.UInt32[]","System.Diagnostics.Eventing.Reader.EventBookmark","Information","Info","Image loaded (rule: ImageLoad)","System.Collections.ObjectModel.ReadOnlyCollection`1[System.String]","System.Collections.Generic.List`1[System.Diagnostics.Eventing.Reader.EventProperty]"
"Network connection detected:
RuleName: technique_id=T1571,technique_name=Non-Standard Port
UtcTime: 2026-06-22 04:52:50.909
ProcessGuid: {2b85bada-fa84-6a37-3000-000000000b00}
ProcessId: 2308
Image: C:\Windows\System32\svchost.exe
User: NT AUTHORITY\NETWORK SERVICE
Protocol: udp
Initiated: false
SourceIsIpv6: true
SourceIp: ff02:0:0:0:0:0:0:fb
SourceHostname: -
SourcePort: 5353
SourcePortName: -
DestinationIsIpv6: true
DestinationIp: fe80:0:0:0:c65:baaa:ea64:53c4
DestinationHostname: -
DestinationPort: 5353
DestinationPortName: -","3","5",,"4","3","0","-9223372036854775808","9965","Microsoft-Windows-Sysmon","5770385f-c22a-43e0-bf4c-06f5698ffbd9","Microsoft-Windows-Sysmon/Operational","3832","4324","Windows11","S-1-5-18","6/22/2026 12:52:25 AM",,,"Microsoft-Windows-Sysmon/Operational","System.UInt32[]","System.Diagnostics.Eventing.Reader.EventBookmark","Information","Info","Image loaded (rule: ImageLoad)","System.Collections.ObjectModel.ReadOnlyCollection`1[System.String]","System.Collections.Generic.List`1[System.Diagnostics.Eventing.Reader.EventProperty]"
"Image loaded:
RuleName: technique_id=T1574.002,technique_name=DLL Side-Loading
UtcTime: 2026-06-22 04:52:15.950
ProcessGuid: {2b85bada-fae0-6a37-1701-000000000b00}
ProcessId: 8240
Image: C:\Users\vboxuser\AppData\Local\Microsoft\OneDrive\OneDrive.exe
ImageLoaded: C:\Users\vboxuser\AppData\Local\Microsoft\OneDrive\26.106.0603.0003\FileCoAuthLib64.dll
FileVersion: 26.106.0603.0003
Description: Microsoft OneDriveFile Co-Authoring Library
Product: Microsoft OneDrive
Company: Microsoft Corporation
OriginalFileName: FileCoAuthLib64.dll
Hashes: SHA1=D40D79E327F2D133AB9629687E84798A875557A6,MD5=FD313174BBD82DE4EC62D7AB28779002,SHA256=A7A2D6760E0F3BE8F058B3C0020623FFA45AA87D06CF1CAE3F962B2A0C26034A,IMPHASH=D677682FF9CE507203B6C007CAE4B0FD
Signed: true
Signature: Microsoft Corporation
SignatureStatus: Valid
User: WINDOWS11\vboxuser","7","3",,"4","7","0","-9223372036854775808","9964","Microsoft-Windows-Sysmon","5770385f-c22a-43e0-bf4c-06f5698ffbd9","Microsoft-Windows-Sysmon/Operational","3832","4316","Windows11","S-1-5-18","6/22/2026 12:52:24 AM",,,"Microsoft-Windows-Sysmon/Operational","System.UInt32[]","System.Diagnostics.Eventing.Reader.EventBookmark","Information","Info","Image loaded (rule: ImageLoad)","System.Collections.ObjectModel.ReadOnlyCollection`1[System.String]","System.Collections.Generic.List`1[System.Diagnostics.Eventing.Reader.EventProperty]"
"Network connection detected:
RuleName: technique_id=T1571,technique_name=Non-Standard Port
UtcTime: 2026-06-22 04:52:50.294
ProcessGuid: {2b85bada-fa84-6a37-3000-000000000b00}
ProcessId: 2308
Image: C:\Windows\System32\svchost.exe
User: NT AUTHORITY\NETWORK SERVICE
Protocol: udp
Initiated: false
SourceIsIpv6: true
SourceIp: ff02:0:0:0:0:0:0:fb
SourceHostname: -
SourcePort: 5353
SourcePortName: -
DestinationIsIpv6: true
DestinationIp: fd50:fb98:c4f3:1:c6f1:74ff:fefe:4f6b
DestinationHostname: -
DestinationPort: 5353
DestinationPortName: -","3","5",,"4","3","0","-9223372036854775808","9963","Microsoft-Windows-Sysmon","5770385f-c22a-43e0-bf4c-06f5698ffbd9","Microsoft-Windows-Sysmon/Operational","3832","4324","Windows11","S-1-5-18","6/22/2026 12:52:23 AM",,,"Microsoft-Windows-Sysmon/Operational","System.UInt32[]","System.Diagnostics.Eventing.Reader.EventBookmark","Information","Info","Image loaded (rule: ImageLoad)","System.Collections.ObjectModel.ReadOnlyCollection`1[System.String]","System.Collections.Generic.List`1[System.Diagnostics.Eventing.Reader.EventProperty]"
"Process accessed:
RuleName: technique_id=T1036,technique_name=Masquerading
UtcTime: 2026-06-22 04:52:14.564
SourceProcessGUID: {2b85bada-fae0-6a37-1701-000000000b00}
SourceProcessId: 8240
SourceThreadId: 3016
SourceImage: C:\Users\vboxuser\AppData\Local\Microsoft\OneDrive\OneDrive.exe
TargetProcessGUID: {2b85bada-6b8c-6a38-6d05-000000000b00}
TargetProcessId: 2640
TargetImage: C:\Program Files (x86)\Microsoft\Edge\Application\msedge.exe
GrantedAccess: 0x101411
CallTrace: C:\WINDOWS\SYSTEM32\ntdll.dll+160534|C:\WINDOWS\System32\KERNELBASE.dll+23fa6|C:\Users\vboxuser\AppData\Local\Microsoft\OneDrive\26.106.0603.0003\FileSyncClient.dll+5fddc2|C:\Users\vboxuser\AppData\Local\Microsoft\OneDrive\26.106.0603.0003\FileSyncClient.dll+8973b|C:\Users\vboxuser\AppData\Local\Microsoft\OneDrive\26.106.0603.0003\FileSyncClient.dll+89548|C:\Users\vboxuser\AppData\Local\Microsoft\OneDrive\26.106.0603.0003\FileSyncClient.dll+89444|C:\Users\vboxuser\AppData\Local\Microsoft\OneDrive\26.106.0603.0003\FileSyncEvents.dll+e1e2|C:\Users\vboxuser\AppData\Local\Microsoft\OneDrive\26.106.0603.0003\FileSyncHost.DLL+d6a0|C:\Users\vboxuser\AppData\Local\Microsoft\OneDrive\26.106.0603.0003\FileSyncHost.DLL+f3d5|C:\WINDOWS\System32\ucrtbase.dll+2cd30|C:\WINDOWS\System32\KERNEL32.DLL+2e957|C:\WINDOWS\SYSTEM32\ntdll.dll+87c1c
SourceUser: WINDOWS11\vboxuser
TargetUser: WINDOWS11\vboxuser","10","3",,"4","10","0","-9223372036854775808","9962","Microsoft-Windows-Sysmon","5770385f-c22a-43e0-bf4c-06f5698ffbd9","Microsoft-Windows-Sysmon/Operational","3832","4316","Windows11","S-1-5-18","6/22/2026 12:52:22 AM",,,"Microsoft-Windows-Sysmon/Operational","System.UInt32[]","System.Diagnostics.Eventing.Reader.EventBookmark","Information","Info","Image loaded (rule: ImageLoad)","System.Collections.ObjectModel.ReadOnlyCollection`1[System.String]","System.Collections.Generic.List`1[System.Diagnostics.Eventing.Reader.EventProperty]"
"Process accessed:
RuleName: technique_id=T1036,technique_name=Masquerading
UtcTime: 2026-06-22 04:52:14.564
SourceProcessGUID: {2b85bada-fae0-6a37-1701-000000000b00}
SourceProcessId: 8240
SourceThreadId: 3016
SourceImage: C:\Users\vboxuser\AppData\Local\Microsoft\OneDrive\OneDrive.exe
TargetProcessGUID: {2b85bada-6b89-6a38-6605-000000000b00}
TargetProcessId: 10100
TargetImage: C:\Program Files (x86)\Microsoft\Edge\Application\msedge.exe
GrantedAccess: 0x101411
CallTrace: C:\WINDOWS\SYSTEM32\ntdll.dll+160534|C:\WINDOWS\System32\KERNELBASE.dll+23fa6|C:\Users\vboxuser\AppData\Local\Microsoft\OneDrive\26.106.0603.0003\FileSyncClient.dll+5fddc2|C:\Users\vboxuser\AppData\Local\Microsoft\OneDrive\26.106.0603.0003\FileSyncClient.dll+8973b|C:\Users\vboxuser\AppData\Local\Microsoft\OneDrive\26.106.0603.0003\FileSyncClient.dll+89548|C:\Users\vboxuser\AppData\Local\Microsoft\OneDrive\26.106.0603.0003\FileSyncClient.dll+89444|C:\Users\vboxuser\AppData\Local\Microsoft\OneDrive\26.106.0603.0003\FileSyncEvents.dll+e1e2|C:\Users\vboxuser\AppData\Local\Microsoft\OneDrive\26.106.0603.0003\FileSyncHost.DLL+d6a0|C:\Users\vboxuser\AppData\Local\Microsoft\OneDrive\26.106.0603.0003\FileSyncHost.DLL+f3d5|C:\WINDOWS\System32\ucrtbase.dll+2cd30|C:\WINDOWS\System32\KERNEL32.DLL+2e957|C:\WINDOWS\SYSTEM32\ntdll.dll+87c1c
SourceUser: WINDOWS11\vboxuser
TargetUser: WINDOWS11\vboxuser","10","3",,"4","10","0","-9223372036854775808","9961","Microsoft-Windows-Sysmon","5770385f-c22a-43e0-bf4c-06f5698ffbd9","Microsoft-Windows-Sysmon/Operational","3832","4316","Windows11","S-1-5-18","6/22/2026 12:52:22 AM",,,"Microsoft-Windows-Sysmon/Operational","System.UInt32[]","System.Diagnostics.Eventing.Reader.EventBookmark","Information","Info","Image loaded (rule: ImageLoad)","System.Collections.ObjectModel.ReadOnlyCollection`1[System.String]","System.Collections.Generic.List`1[System.Diagnostics.Eventing.Reader.EventProperty]"
"Process accessed:
RuleName: technique_id=T1036,technique_name=Masquerading
UtcTime: 2026-06-22 04:52:14.563
SourceProcessGUID: {2b85bada-fae0-6a37-1701-000000000b00}
SourceProcessId: 8240
SourceThreadId: 3016
SourceImage: C:\Users\vboxuser\AppData\Local\Microsoft\OneDrive\OneDrive.exe
TargetProcessGUID: {2b85bada-6b87-6a38-6405-000000000b00}
TargetProcessId: 7344
TargetImage: C:\Program Files (x86)\Microsoft\Edge\Application\msedge.exe
GrantedAccess: 0x101411
CallTrace: C:\WINDOWS\SYSTEM32\ntdll.dll+160534|C:\WINDOWS\System32\KERNELBASE.dll+23fa6|C:\Users\vboxuser\AppData\Local\Microsoft\OneDrive\26.106.0603.0003\FileSyncClient.dll+5fddc2|C:\Users\vboxuser\AppData\Local\Microsoft\OneDrive\26.106.0603.0003\FileSyncClient.dll+8973b|C:\Users\vboxuser\AppData\Local\Microsoft\OneDrive\26.106.0603.0003\FileSyncClient.dll+89548|C:\Users\vboxuser\AppData\Local\Microsoft\OneDrive\26.106.0603.0003\FileSyncClient.dll+89444|C:\Users\vboxuser\AppData\Local\Microsoft\OneDrive\26.106.0603.0003\FileSyncEvents.dll+e1e2|C:\Users\vboxuser\AppData\Local\Microsoft\OneDrive\26.106.0603.0003\FileSyncHost.DLL+d6a0|C:\Users\vboxuser\AppData\Local\Microsoft\OneDrive\26.106.0603.0003\FileSyncHost.DLL+f3d5|C:\WINDOWS\System32\ucrtbase.dll+2cd30|C:\WINDOWS\System32\KERNEL32.DLL+2e957|C:\WINDOWS\SYSTEM32\ntdll.dll+87c1c
SourceUser: WINDOWS11\vboxuser
TargetUser: WINDOWS11\vboxuser","10","3",,"4","10","0","-9223372036854775808","9960","Microsoft-Windows-Sysmon","5770385f-c22a-43e0-bf4c-06f5698ffbd9","Microsoft-Windows-Sysmon/Operational","3832","4316","Windows11","S-1-5-18","6/22/2026 12:52:22 AM",,,"Microsoft-Windows-Sysmon/Operational","System.UInt32[]","System.Diagnostics.Eventing.Reader.EventBookmark","Information","Info","Image loaded (rule: ImageLoad)","System.Collections.ObjectModel.ReadOnlyCollection`1[System.String]","System.Collections.Generic.List`1[System.Diagnostics.Eventing.Reader.EventProperty]"
"Process accessed:
RuleName: technique_id=T1036,technique_name=Masquerading
UtcTime: 2026-06-22 04:52:14.563
SourceProcessGUID: {2b85bada-fae0-6a37-1701-000000000b00}
SourceProcessId: 8240
SourceThreadId: 3016
SourceImage: C:\Users\vboxuser\AppData\Local\Microsoft\OneDrive\OneDrive.exe
TargetProcessGUID: {2b85bada-6b86-6a38-6205-000000000b00}
TargetProcessId: 4588
TargetImage: C:\Program Files (x86)\Microsoft\Edge\Application\msedge.exe
GrantedAccess: 0x101411
CallTrace: C:\WINDOWS\SYSTEM32\ntdll.dll+160534|C:\WINDOWS\System32\KERNELBASE.dll+23fa6|C:\Users\vboxuser\AppData\Local\Microsoft\OneDrive\26.106.0603.0003\FileSyncClient.dll+5fddc2|C:\Users\vboxuser\AppData\Local\Microsoft\OneDrive\26.106.0603.0003\FileSyncClient.dll+8973b|C:\Users\vboxuser\AppData\Local\Microsoft\OneDrive\26.106.0603.0003\FileSyncClient.dll+89548|C:\Users\vboxuser\AppData\Local\Microsoft\OneDrive\26.106.0603.0003\FileSyncClient.dll+89444|C:\Users\vboxuser\AppData\Local\Microsoft\OneDrive\26.106.0603.0003\FileSyncEvents.dll+e1e2|C:\Users\vboxuser\AppData\Local\Microsoft\OneDrive\26.106.0603.0003\FileSyncHost.DLL+d6a0|C:\Users\vboxuser\AppData\Local\Microsoft\OneDrive\26.106.0603.0003\FileSyncHost.DLL+f3d5|C:\WINDOWS\System32\ucrtbase.dll+2cd30|C:\WINDOWS\System32\KERNEL32.DLL+2e957|C:\WINDOWS\SYSTEM32\ntdll.dll+87c1c
SourceUser: WINDOWS11\vboxuser
TargetUser: WINDOWS11\vboxuser","10","3",,"4","10","0","-9223372036854775808","9959","Microsoft-Windows-Sysmon","5770385f-c22a-43e0-bf4c-06f5698ffbd9","Microsoft-Windows-Sysmon/Operational","3832","4316","Windows11","S-1-5-18","6/22/2026 12:52:22 AM",,,"Microsoft-Windows-Sysmon/Operational","System.UInt32[]","System.Diagnostics.Eventing.Reader.EventBookmark","Information","Info","Image loaded (rule: ImageLoad)","System.Collections.ObjectModel.ReadOnlyCollection`1[System.String]","System.Collections.Generic.List`1[System.Diagnostics.Eventing.Reader.EventProperty]"
"Process accessed:
RuleName: technique_id=T1036,technique_name=Masquerading
UtcTime: 2026-06-22 04:52:14.561
SourceProcessGUID: {2b85bada-fae0-6a37-1701-000000000b00}
SourceProcessId: 8240
SourceThreadId: 3016
SourceImage: C:\Users\vboxuser\AppData\Local\Microsoft\OneDrive\OneDrive.exe
TargetProcessGUID: {2b85bada-6b86-6a38-6105-000000000b00}
TargetProcessId: 1052
TargetImage: C:\Program Files (x86)\Microsoft\Edge\Application\msedge.exe
GrantedAccess: 0x101411
CallTrace: C:\WINDOWS\SYSTEM32\ntdll.dll+160534|C:\WINDOWS\System32\KERNELBASE.dll+23fa6|C:\Users\vboxuser\AppData\Local\Microsoft\OneDrive\26.106.0603.0003\FileSyncClient.dll+5fddc2|C:\Users\vboxuser\AppData\Local\Microsoft\OneDrive\26.106.0603.0003\FileSyncClient.dll+8973b|C:\Users\vboxuser\AppData\Local\Microsoft\OneDrive\26.106.0603.0003\FileSyncClient.dll+89548|C:\Users\vboxuser\AppData\Local\Microsoft\OneDrive\26.106.0603.0003\FileSyncClient.dll+89444|C:\Users\vboxuser\AppData\Local\Microsoft\OneDrive\26.106.0603.0003\FileSyncEvents.dll+e1e2|C:\Users\vboxuser\AppData\Local\Microsoft\OneDrive\26.106.0603.0003\FileSyncHost.DLL+d6a0|C:\Users\vboxuser\AppData\Local\Microsoft\OneDrive\26.106.0603.0003\FileSyncHost.DLL+f3d5|C:\WINDOWS\System32\ucrtbase.dll+2cd30|C:\WINDOWS\System32\KERNEL32.DLL+2e957|C:\WINDOWS\SYSTEM32\ntdll.dll+87c1c
SourceUser: WINDOWS11\vboxuser
TargetUser: WINDOWS11\vboxuser","10","3",,"4","10","0","-9223372036854775808","9958","Microsoft-Windows-Sysmon","5770385f-c22a-43e0-bf4c-06f5698ffbd9","Microsoft-Windows-Sysmon/Operational","3832","4316","Windows11","S-1-5-18","6/22/2026 12:52:22 AM",,,"Microsoft-Windows-Sysmon/Operational","System.UInt32[]","System.Diagnostics.Eventing.Reader.EventBookmark","Information","Info","Image loaded (rule: ImageLoad)","System.Collections.ObjectModel.ReadOnlyCollection`1[System.String]","System.Collections.Generic.List`1[System.Diagnostics.Eventing.Reader.EventProperty]"
"Process accessed:
RuleName: technique_id=T1036,technique_name=Masquerading
UtcTime: 2026-06-22 04:52:14.561
SourceProcessGUID: {2b85bada-fae0-6a37-1701-000000000b00}
SourceProcessId: 8240
SourceThreadId: 3016
SourceImage: C:\Users\vboxuser\AppData\Local\Microsoft\OneDrive\OneDrive.exe
TargetProcessGUID: {2b85bada-6b84-6a38-6005-000000000b00}
TargetProcessId: 4340
TargetImage: C:\Program Files (x86)\Microsoft\Edge\Application\msedge.exe
GrantedAccess: 0x101411
CallTrace: C:\WINDOWS\SYSTEM32\ntdll.dll+160534|C:\WINDOWS\System32\KERNELBASE.dll+23fa6|C:\Users\vboxuser\AppData\Local\Microsoft\OneDrive\26.106.0603.0003\FileSyncClient.dll+5fddc2|C:\Users\vboxuser\AppData\Local\Microsoft\OneDrive\26.106.0603.0003\FileSyncClient.dll+8973b|C:\Users\vboxuser\AppData\Local\Microsoft\OneDrive\26.106.0603.0003\FileSyncClient.dll+89548|C:\Users\vboxuser\AppData\Local\Microsoft\OneDrive\26.106.0603.0003\FileSyncClient.dll+89444|C:\Users\vboxuser\AppData\Local\Microsoft\OneDrive\26.106.0603.0003\FileSyncEvents.dll+e1e2|C:\Users\vboxuser\AppData\Local\Microsoft\OneDrive\26.106.0603.0003\FileSyncHost.DLL+d6a0|C:\Users\vboxuser\AppData\Local\Microsoft\OneDrive\26.106.0603.0003\FileSyncHost.DLL+f3d5|C:\WINDOWS\System32\ucrtbase.dll+2cd30|C:\WINDOWS\System32\KERNEL32.DLL+2e957|C:\WINDOWS\SYSTEM32\ntdll.dll+87c1c
SourceUser: WINDOWS11\vboxuser
TargetUser: WINDOWS11\vboxuser","10","3",,"4","10","0","-9223372036854775808","9957","Microsoft-Windows-Sysmon","5770385f-c22a-43e0-bf4c-06f5698ffbd9","Microsoft-Windows-Sysmon/Operational","3832","4316","Windows11","S-1-5-18","6/22/2026 12:52:22 AM",,,"Microsoft-Windows-Sysmon/Operational","System.UInt32[]","System.Diagnostics.Eventing.Reader.EventBookmark","Information","Info","Image loaded (rule: ImageLoad)","System.Collections.ObjectModel.ReadOnlyCollection`1[System.String]","System.Collections.Generic.List`1[System.Diagnostics.Eventing.Reader.EventProperty]"
"Process accessed:
RuleName: technique_id=T1036,technique_name=Masquerading
UtcTime: 2026-06-22 04:52:14.561
SourceProcessGUID: {2b85bada-fae0-6a37-1701-000000000b00}
SourceProcessId: 8240
SourceThreadId: 3016
SourceImage: C:\Users\vboxuser\AppData\Local\Microsoft\OneDrive\OneDrive.exe
TargetProcessGUID: {2b85bada-6b78-6a38-5f05-000000000b00}
TargetProcessId: 5204
TargetImage: C:\Program Files (x86)\Microsoft\Edge\Application\msedge.exe
GrantedAccess: 0x101411
CallTrace: C:\WINDOWS\SYSTEM32\ntdll.dll+160534|C:\WINDOWS\System32\KERNELBASE.dll+23fa6|C:\Users\vboxuser\AppData\Local\Microsoft\OneDrive\26.106.0603.0003\FileSyncClient.dll+5fddc2|C:\Users\vboxuser\AppData\Local\Microsoft\OneDrive\26.106.0603.0003\FileSyncClient.dll+8973b|C:\Users\vboxuser\AppData\Local\Microsoft\OneDrive\26.106.0603.0003\FileSyncClient.dll+89548|C:\Users\vboxuser\AppData\Local\Microsoft\OneDrive\26.106.0603.0003\FileSyncClient.dll+89444|C:\Users\vboxuser\AppData\Local\Microsoft\OneDrive\26.106.0603.0003\FileSyncEvents.dll+e1e2|C:\Users\vboxuser\AppData\Local\Microsoft\OneDrive\26.106.0603.0003\FileSyncHost.DLL+d6a0|C:\Users\vboxuser\AppData\Local\Microsoft\OneDrive\26.106.0603.0003\FileSyncHost.DLL+f3d5|C:\WINDOWS\System32\ucrtbase.dll+2cd30|C:\WINDOWS\System32\KERNEL32.DLL+2e957|C:\WINDOWS\SYSTEM32\ntdll.dll+87c1c
SourceUser: WINDOWS11\vboxuser
TargetUser: WINDOWS11\vboxuser","10","3",,"4","10","0","-9223372036854775808","9956","Microsoft-Windows-Sysmon","5770385f-c22a-43e0-bf4c-06f5698ffbd9","Microsoft-Windows-Sysmon/Operational","3832","4316","Windows11","S-1-5-18","6/22/2026 12:52:22 AM",,,"Microsoft-Windows-Sysmon/Operational","System.UInt32[]","System.Diagnostics.Eventing.Reader.EventBookmark","Information","Info","Image loaded (rule: ImageLoad)","System.Collections.ObjectModel.ReadOnlyCollection`1[System.String]","System.Collections.Generic.List`1[System.Diagnostics.Eventing.Reader.EventProperty]"
"Process accessed:
