RuleName: technique_id=T1036,technique_name=Masquerading
UtcTime: 2026-06-22 05:22:26.701
SourceProcessGUID: {2b85bada-fae0-6a37-1701-000000000b00}
SourceProcessId: 8240
SourceThreadId: 4932
SourceImage: C:\Users\vboxuser\AppData\Local\Microsoft\OneDrive\OneDrive.exe
TargetProcessGUID: {2b85bada-fabb-6a37-ba00-000000000b00}
TargetProcessId: 4280
TargetImage: C:\Program Files (x86)\Microsoft\EdgeWebView\Application\149.0.4022.80\msedgewebview2.exe
GrantedAccess: 0x101411
CallTrace: C:\WINDOWS\SYSTEM32\ntdll.dll+160534|C:\WINDOWS\System32\KERNELBASE.dll+23fa6|C:\Users\vboxuser\AppData\Local\Microsoft\OneDrive\26.106.0603.0003\FileSyncClient.dll+5fddc2|C:\Users\vboxuser\AppData\Local\Microsoft\OneDrive\26.106.0603.0003\FileSyncClient.dll+8973b|C:\Users\vboxuser\AppData\Local\Microsoft\OneDrive\26.106.0603.0003\FileSyncClient.dll+89548|C:\Users\vboxuser\AppData\Local\Microsoft\OneDrive\26.106.0603.0003\FileSyncClient.dll+89444|C:\Users\vboxuser\AppData\Local\Microsoft\OneDrive\26.106.0603.0003\FileSyncEvents.dll+e1e2|C:\Users\vboxuser\AppData\Local\Microsoft\OneDrive\26.106.0603.0003\FileSyncHost.DLL+d6a0|C:\Users\vboxuser\AppData\Local\Microsoft\OneDrive\26.106.0603.0003\FileSyncHost.DLL+f3d5|C:\WINDOWS\System32\ucrtbase.dll+2cd30|C:\WINDOWS\System32\KERNEL32.DLL+2e957|C:\WINDOWS\SYSTEM32\ntdll.dll+87c1c
SourceUser: WINDOWS11\vboxuser
TargetUser: WINDOWS11\vboxuser","10","3",,"4","10","0","-9223372036854775808","10196","Microsoft-Windows-Sysmon","5770385f-c22a-43e0-bf4c-06f5698ffbd9","Microsoft-Windows-Sysmon/Operational","3832","4316","Windows11","S-1-5-18","6/22/2026 1:22:26 AM",,,"Microsoft-Windows-Sysmon/Operational","System.UInt32[]","System.Diagnostics.Eventing.Reader.EventBookmark","Information","Info","Image loaded (rule: ImageLoad)","System.Collections.ObjectModel.ReadOnlyCollection`1[System.String]","System.Collections.Generic.List`1[System.Diagnostics.Eventing.Reader.EventProperty]"
"Process accessed:
RuleName: technique_id=T1036,technique_name=Masquerading
UtcTime: 2026-06-22 05:22:26.701
SourceProcessGUID: {2b85bada-fae0-6a37-1701-000000000b00}
SourceProcessId: 8240
SourceThreadId: 4932
SourceImage: C:\Users\vboxuser\AppData\Local\Microsoft\OneDrive\OneDrive.exe
TargetProcessGUID: {2b85bada-fabb-6a37-b900-000000000b00}
TargetProcessId: 8284
TargetImage: C:\Program Files (x86)\Microsoft\EdgeWebView\Application\149.0.4022.80\msedgewebview2.exe
GrantedAccess: 0x101411
CallTrace: C:\WINDOWS\SYSTEM32\ntdll.dll+160534|C:\WINDOWS\System32\KERNELBASE.dll+23fa6|C:\Users\vboxuser\AppData\Local\Microsoft\OneDrive\26.106.0603.0003\FileSyncClient.dll+5fddc2|C:\Users\vboxuser\AppData\Local\Microsoft\OneDrive\26.106.0603.0003\FileSyncClient.dll+8973b|C:\Users\vboxuser\AppData\Local\Microsoft\OneDrive\26.106.0603.0003\FileSyncClient.dll+89548|C:\Users\vboxuser\AppData\Local\Microsoft\OneDrive\26.106.0603.0003\FileSyncClient.dll+89444|C:\Users\vboxuser\AppData\Local\Microsoft\OneDrive\26.106.0603.0003\FileSyncEvents.dll+e1e2|C:\Users\vboxuser\AppData\Local\Microsoft\OneDrive\26.106.0603.0003\FileSyncHost.DLL+d6a0|C:\Users\vboxuser\AppData\Local\Microsoft\OneDrive\26.106.0603.0003\FileSyncHost.DLL+f3d5|C:\WINDOWS\System32\ucrtbase.dll+2cd30|C:\WINDOWS\System32\KERNEL32.DLL+2e957|C:\WINDOWS\SYSTEM32\ntdll.dll+87c1c
SourceUser: WINDOWS11\vboxuser
TargetUser: WINDOWS11\vboxuser","10","3",,"4","10","0","-9223372036854775808","10195","Microsoft-Windows-Sysmon","5770385f-c22a-43e0-bf4c-06f5698ffbd9","Microsoft-Windows-Sysmon/Operational","3832","4316","Windows11","S-1-5-18","6/22/2026 1:22:26 AM",,,"Microsoft-Windows-Sysmon/Operational","System.UInt32[]","System.Diagnostics.Eventing.Reader.EventBookmark","Information","Info","Image loaded (rule: ImageLoad)","System.Collections.ObjectModel.ReadOnlyCollection`1[System.String]","System.Collections.Generic.List`1[System.Diagnostics.Eventing.Reader.EventProperty]"
"Process accessed:
RuleName: technique_id=T1036,technique_name=Masquerading
UtcTime: 2026-06-22 05:22:26.698
SourceProcessGUID: {2b85bada-fae0-6a37-1701-000000000b00}
SourceProcessId: 8240
SourceThreadId: 4932
SourceImage: C:\Users\vboxuser\AppData\Local\Microsoft\OneDrive\OneDrive.exe
TargetProcessGUID: {2b85bada-fabb-6a37-b800-000000000b00}
TargetProcessId: 6592
TargetImage: C:\Program Files (x86)\Microsoft\EdgeWebView\Application\149.0.4022.80\msedgewebview2.exe
GrantedAccess: 0x101411
CallTrace: C:\WINDOWS\SYSTEM32\ntdll.dll+160534|C:\WINDOWS\System32\KERNELBASE.dll+23fa6|C:\Users\vboxuser\AppData\Local\Microsoft\OneDrive\26.106.0603.0003\FileSyncClient.dll+5fddc2|C:\Users\vboxuser\AppData\Local\Microsoft\OneDrive\26.106.0603.0003\FileSyncClient.dll+8973b|C:\Users\vboxuser\AppData\Local\Microsoft\OneDrive\26.106.0603.0003\FileSyncClient.dll+89548|C:\Users\vboxuser\AppData\Local\Microsoft\OneDrive\26.106.0603.0003\FileSyncClient.dll+89444|C:\Users\vboxuser\AppData\Local\Microsoft\OneDrive\26.106.0603.0003\FileSyncEvents.dll+e1e2|C:\Users\vboxuser\AppData\Local\Microsoft\OneDrive\26.106.0603.0003\FileSyncHost.DLL+d6a0|C:\Users\vboxuser\AppData\Local\Microsoft\OneDrive\26.106.0603.0003\FileSyncHost.DLL+f3d5|C:\WINDOWS\System32\ucrtbase.dll+2cd30|C:\WINDOWS\System32\KERNEL32.DLL+2e957|C:\WINDOWS\SYSTEM32\ntdll.dll+87c1c
SourceUser: WINDOWS11\vboxuser
TargetUser: WINDOWS11\vboxuser","10","3",,"4","10","0","-9223372036854775808","10194","Microsoft-Windows-Sysmon","5770385f-c22a-43e0-bf4c-06f5698ffbd9","Microsoft-Windows-Sysmon/Operational","3832","4316","Windows11","S-1-5-18","6/22/2026 1:22:26 AM",,,"Microsoft-Windows-Sysmon/Operational","System.UInt32[]","System.Diagnostics.Eventing.Reader.EventBookmark","Information","Info","Image loaded (rule: ImageLoad)","System.Collections.ObjectModel.ReadOnlyCollection`1[System.String]","System.Collections.Generic.List`1[System.Diagnostics.Eventing.Reader.EventProperty]"
"Process accessed:
RuleName: technique_id=T1036,technique_name=Masquerading
UtcTime: 2026-06-22 05:22:26.698
SourceProcessGUID: {2b85bada-fae0-6a37-1701-000000000b00}
SourceProcessId: 8240
SourceThreadId: 4932
SourceImage: C:\Users\vboxuser\AppData\Local\Microsoft\OneDrive\OneDrive.exe
TargetProcessGUID: {2b85bada-fabb-6a37-b700-000000000b00}
TargetProcessId: 6600
TargetImage: C:\Program Files (x86)\Microsoft\EdgeWebView\Application\149.0.4022.80\msedgewebview2.exe
GrantedAccess: 0x101411
CallTrace: C:\WINDOWS\SYSTEM32\ntdll.dll+160534|C:\WINDOWS\System32\KERNELBASE.dll+23fa6|C:\Users\vboxuser\AppData\Local\Microsoft\OneDrive\26.106.0603.0003\FileSyncClient.dll+5fddc2|C:\Users\vboxuser\AppData\Local\Microsoft\OneDrive\26.106.0603.0003\FileSyncClient.dll+8973b|C:\Users\vboxuser\AppData\Local\Microsoft\OneDrive\26.106.0603.0003\FileSyncClient.dll+89548|C:\Users\vboxuser\AppData\Local\Microsoft\OneDrive\26.106.0603.0003\FileSyncClient.dll+89444|C:\Users\vboxuser\AppData\Local\Microsoft\OneDrive\26.106.0603.0003\FileSyncEvents.dll+e1e2|C:\Users\vboxuser\AppData\Local\Microsoft\OneDrive\26.106.0603.0003\FileSyncHost.DLL+d6a0|C:\Users\vboxuser\AppData\Local\Microsoft\OneDrive\26.106.0603.0003\FileSyncHost.DLL+f3d5|C:\WINDOWS\System32\ucrtbase.dll+2cd30|C:\WINDOWS\System32\KERNEL32.DLL+2e957|C:\WINDOWS\SYSTEM32\ntdll.dll+87c1c
SourceUser: WINDOWS11\vboxuser
TargetUser: WINDOWS11\vboxuser","10","3",,"4","10","0","-9223372036854775808","10193","Microsoft-Windows-Sysmon","5770385f-c22a-43e0-bf4c-06f5698ffbd9","Microsoft-Windows-Sysmon/Operational","3832","4316","Windows11","S-1-5-18","6/22/2026 1:22:26 AM",,,"Microsoft-Windows-Sysmon/Operational","System.UInt32[]","System.Diagnostics.Eventing.Reader.EventBookmark","Information","Info","Image loaded (rule: ImageLoad)","System.Collections.ObjectModel.ReadOnlyCollection`1[System.String]","System.Collections.Generic.List`1[System.Diagnostics.Eventing.Reader.EventProperty]"
"Process accessed:
RuleName: technique_id=T1036,technique_name=Masquerading
UtcTime: 2026-06-22 05:22:26.698
SourceProcessGUID: {2b85bada-fae0-6a37-1701-000000000b00}
SourceProcessId: 8240
SourceThreadId: 4932
SourceImage: C:\Users\vboxuser\AppData\Local\Microsoft\OneDrive\OneDrive.exe
TargetProcessGUID: {2b85bada-fab8-6a37-b500-000000000b00}
TargetProcessId: 8668
TargetImage: C:\Program Files (x86)\Microsoft\EdgeWebView\Application\149.0.4022.80\msedgewebview2.exe
GrantedAccess: 0x101411
CallTrace: C:\WINDOWS\SYSTEM32\ntdll.dll+160534|C:\WINDOWS\System32\KERNELBASE.dll+23fa6|C:\Users\vboxuser\AppData\Local\Microsoft\OneDrive\26.106.0603.0003\FileSyncClient.dll+5fddc2|C:\Users\vboxuser\AppData\Local\Microsoft\OneDrive\26.106.0603.0003\FileSyncClient.dll+8973b|C:\Users\vboxuser\AppData\Local\Microsoft\OneDrive\26.106.0603.0003\FileSyncClient.dll+89548|C:\Users\vboxuser\AppData\Local\Microsoft\OneDrive\26.106.0603.0003\FileSyncClient.dll+89444|C:\Users\vboxuser\AppData\Local\Microsoft\OneDrive\26.106.0603.0003\FileSyncEvents.dll+e1e2|C:\Users\vboxuser\AppData\Local\Microsoft\OneDrive\26.106.0603.0003\FileSyncHost.DLL+d6a0|C:\Users\vboxuser\AppData\Local\Microsoft\OneDrive\26.106.0603.0003\FileSyncHost.DLL+f3d5|C:\WINDOWS\System32\ucrtbase.dll+2cd30|C:\WINDOWS\System32\KERNEL32.DLL+2e957|C:\WINDOWS\SYSTEM32\ntdll.dll+87c1c
SourceUser: WINDOWS11\vboxuser
TargetUser: WINDOWS11\vboxuser","10","3",,"4","10","0","-9223372036854775808","10192","Microsoft-Windows-Sysmon","5770385f-c22a-43e0-bf4c-06f5698ffbd9","Microsoft-Windows-Sysmon/Operational","3832","4316","Windows11","S-1-5-18","6/22/2026 1:22:26 AM",,,"Microsoft-Windows-Sysmon/Operational","System.UInt32[]","System.Diagnostics.Eventing.Reader.EventBookmark","Information","Info","Image loaded (rule: ImageLoad)","System.Collections.ObjectModel.ReadOnlyCollection`1[System.String]","System.Collections.Generic.List`1[System.Diagnostics.Eventing.Reader.EventProperty]"
"Process accessed:
RuleName: technique_id=T1036,technique_name=Masquerading
UtcTime: 2026-06-22 05:22:26.698
SourceProcessGUID: {2b85bada-fae0-6a37-1701-000000000b00}
SourceProcessId: 8240
SourceThreadId: 4932
SourceImage: C:\Users\vboxuser\AppData\Local\Microsoft\OneDrive\OneDrive.exe
TargetProcessGUID: {2b85bada-fab8-6a37-b400-000000000b00}
TargetProcessId: 4516
TargetImage: C:\Program Files (x86)\Microsoft\EdgeWebView\Application\149.0.4022.80\msedgewebview2.exe
GrantedAccess: 0x101411
CallTrace: C:\WINDOWS\SYSTEM32\ntdll.dll+160534|C:\WINDOWS\System32\KERNELBASE.dll+23fa6|C:\Users\vboxuser\AppData\Local\Microsoft\OneDrive\26.106.0603.0003\FileSyncClient.dll+5fddc2|C:\Users\vboxuser\AppData\Local\Microsoft\OneDrive\26.106.0603.0003\FileSyncClient.dll+8973b|C:\Users\vboxuser\AppData\Local\Microsoft\OneDrive\26.106.0603.0003\FileSyncClient.dll+89548|C:\Users\vboxuser\AppData\Local\Microsoft\OneDrive\26.106.0603.0003\FileSyncClient.dll+89444|C:\Users\vboxuser\AppData\Local\Microsoft\OneDrive\26.106.0603.0003\FileSyncEvents.dll+e1e2|C:\Users\vboxuser\AppData\Local\Microsoft\OneDrive\26.106.0603.0003\FileSyncHost.DLL+d6a0|C:\Users\vboxuser\AppData\Local\Microsoft\OneDrive\26.106.0603.0003\FileSyncHost.DLL+f3d5|C:\WINDOWS\System32\ucrtbase.dll+2cd30|C:\WINDOWS\System32\KERNEL32.DLL+2e957|C:\WINDOWS\SYSTEM32\ntdll.dll+87c1c
SourceUser: WINDOWS11\vboxuser
TargetUser: WINDOWS11\vboxuser","10","3",,"4","10","0","-9223372036854775808","10191","Microsoft-Windows-Sysmon","5770385f-c22a-43e0-bf4c-06f5698ffbd9","Microsoft-Windows-Sysmon/Operational","3832","4316","Windows11","S-1-5-18","6/22/2026 1:22:26 AM",,,"Microsoft-Windows-Sysmon/Operational","System.UInt32[]","System.Diagnostics.Eventing.Reader.EventBookmark","Information","Info","Image loaded (rule: ImageLoad)","System.Collections.ObjectModel.ReadOnlyCollection`1[System.String]","System.Collections.Generic.List`1[System.Diagnostics.Eventing.Reader.EventProperty]"
"Process accessed:
RuleName: technique_id=T1036,technique_name=Masquerading
UtcTime: 2026-06-22 05:22:26.698
SourceProcessGUID: {2b85bada-fae0-6a37-1701-000000000b00}
SourceProcessId: 8240
SourceThreadId: 4932
SourceImage: C:\Users\vboxuser\AppData\Local\Microsoft\OneDrive\OneDrive.exe
TargetProcessGUID: {2b85bada-fab6-6a37-b300-000000000b00}
TargetProcessId: 3220
TargetImage: C:\WINDOWS\SystemApps\MicrosoftWindows.Client.CBS_cw5n1h2txyewy\SearchHost.exe
GrantedAccess: 0x101411
CallTrace: C:\WINDOWS\SYSTEM32\ntdll.dll+160534|C:\WINDOWS\System32\KERNELBASE.dll+23fa6|C:\Users\vboxuser\AppData\Local\Microsoft\OneDrive\26.106.0603.0003\FileSyncClient.dll+5fddc2|C:\Users\vboxuser\AppData\Local\Microsoft\OneDrive\26.106.0603.0003\FileSyncClient.dll+8973b|C:\Users\vboxuser\AppData\Local\Microsoft\OneDrive\26.106.0603.0003\FileSyncClient.dll+89548|C:\Users\vboxuser\AppData\Local\Microsoft\OneDrive\26.106.0603.0003\FileSyncClient.dll+89444|C:\Users\vboxuser\AppData\Local\Microsoft\OneDrive\26.106.0603.0003\FileSyncEvents.dll+e1e2|C:\Users\vboxuser\AppData\Local\Microsoft\OneDrive\26.106.0603.0003\FileSyncHost.DLL+d6a0|C:\Users\vboxuser\AppData\Local\Microsoft\OneDrive\26.106.0603.0003\FileSyncHost.DLL+f3d5|C:\WINDOWS\System32\ucrtbase.dll+2cd30|C:\WINDOWS\System32\KERNEL32.DLL+2e957|C:\WINDOWS\SYSTEM32\ntdll.dll+87c1c
SourceUser: WINDOWS11\vboxuser
TargetUser: WINDOWS11\vboxuser","10","3",,"4","10","0","-9223372036854775808","10190","Microsoft-Windows-Sysmon","5770385f-c22a-43e0-bf4c-06f5698ffbd9","Microsoft-Windows-Sysmon/Operational","3832","4316","Windows11","S-1-5-18","6/22/2026 1:22:26 AM",,,"Microsoft-Windows-Sysmon/Operational","System.UInt32[]","System.Diagnostics.Eventing.Reader.EventBookmark","Information","Info","Image loaded (rule: ImageLoad)","System.Collections.ObjectModel.ReadOnlyCollection`1[System.String]","System.Collections.Generic.List`1[System.Diagnostics.Eventing.Reader.EventProperty]"
"Process accessed:
RuleName: technique_id=T1036,technique_name=Masquerading
UtcTime: 2026-06-22 05:22:26.698
SourceProcessGUID: {2b85bada-fae0-6a37-1701-000000000b00}
SourceProcessId: 8240
SourceThreadId: 4932
SourceImage: C:\Users\vboxuser\AppData\Local\Microsoft\OneDrive\OneDrive.exe
TargetProcessGUID: {2b85bada-faa4-6a37-9d00-000000000b00}
TargetProcessId: 7872
TargetImage: C:\Program Files\WindowsApps\Microsoft.WidgetsPlatformRuntime_1.6.19.0_x64__8wekyb3d8bbwe\WidgetService\WidgetService.exe
GrantedAccess: 0x101411
CallTrace: C:\WINDOWS\SYSTEM32\ntdll.dll+160534|C:\WINDOWS\System32\KERNELBASE.dll+23fa6|C:\Users\vboxuser\AppData\Local\Microsoft\OneDrive\26.106.0603.0003\FileSyncClient.dll+5fddc2|C:\Users\vboxuser\AppData\Local\Microsoft\OneDrive\26.106.0603.0003\FileSyncClient.dll+8973b|C:\Users\vboxuser\AppData\Local\Microsoft\OneDrive\26.106.0603.0003\FileSyncClient.dll+89548|C:\Users\vboxuser\AppData\Local\Microsoft\OneDrive\26.106.0603.0003\FileSyncClient.dll+89444|C:\Users\vboxuser\AppData\Local\Microsoft\OneDrive\26.106.0603.0003\FileSyncEvents.dll+e1e2|C:\Users\vboxuser\AppData\Local\Microsoft\OneDrive\26.106.0603.0003\FileSyncHost.DLL+d6a0|C:\Users\vboxuser\AppData\Local\Microsoft\OneDrive\26.106.0603.0003\FileSyncHost.DLL+f3d5|C:\WINDOWS\System32\ucrtbase.dll+2cd30|C:\WINDOWS\System32\KERNEL32.DLL+2e957|C:\WINDOWS\SYSTEM32\ntdll.dll+87c1c
SourceUser: WINDOWS11\vboxuser
TargetUser: WINDOWS11\vboxuser","10","3",,"4","10","0","-9223372036854775808","10189","Microsoft-Windows-Sysmon","5770385f-c22a-43e0-bf4c-06f5698ffbd9","Microsoft-Windows-Sysmon/Operational","3832","4316","Windows11","S-1-5-18","6/22/2026 1:22:26 AM",,,"Microsoft-Windows-Sysmon/Operational","System.UInt32[]","System.Diagnostics.Eventing.Reader.EventBookmark","Information","Info","Image loaded (rule: ImageLoad)","System.Collections.ObjectModel.ReadOnlyCollection`1[System.String]","System.Collections.Generic.List`1[System.Diagnostics.Eventing.Reader.EventProperty]"
"Process accessed:
RuleName: technique_id=T1036,technique_name=Masquerading
UtcTime: 2026-06-22 05:22:26.698
SourceProcessGUID: {2b85bada-fae0-6a37-1701-000000000b00}
SourceProcessId: 8240
SourceThreadId: 4932
SourceImage: C:\Users\vboxuser\AppData\Local\Microsoft\OneDrive\OneDrive.exe
TargetProcessGUID: {2b85bada-fa9c-6a37-9200-000000000b00}
TargetProcessId: 6820
TargetImage: C:\WINDOWS\system32\svchost.exe
GrantedAccess: 0x101411
CallTrace: C:\WINDOWS\SYSTEM32\ntdll.dll+160534|C:\WINDOWS\System32\KERNELBASE.dll+23fa6|C:\Users\vboxuser\AppData\Local\Microsoft\OneDrive\26.106.0603.0003\FileSyncClient.dll+5fddc2|C:\Users\vboxuser\AppData\Local\Microsoft\OneDrive\26.106.0603.0003\FileSyncClient.dll+8973b|C:\Users\vboxuser\AppData\Local\Microsoft\OneDrive\26.106.0603.0003\FileSyncClient.dll+89548|C:\Users\vboxuser\AppData\Local\Microsoft\OneDrive\26.106.0603.0003\FileSyncClient.dll+89444|C:\Users\vboxuser\AppData\Local\Microsoft\OneDrive\26.106.0603.0003\FileSyncEvents.dll+e1e2|C:\Users\vboxuser\AppData\Local\Microsoft\OneDrive\26.106.0603.0003\FileSyncHost.DLL+d6a0|C:\Users\vboxuser\AppData\Local\Microsoft\OneDrive\26.106.0603.0003\FileSyncHost.DLL+f3d5|C:\WINDOWS\System32\ucrtbase.dll+2cd30|C:\WINDOWS\System32\KERNEL32.DLL+2e957|C:\WINDOWS\SYSTEM32\ntdll.dll+87c1c
SourceUser: WINDOWS11\vboxuser
TargetUser: WINDOWS11\vboxuser","10","3",,"4","10","0","-9223372036854775808","10188","Microsoft-Windows-Sysmon","5770385f-c22a-43e0-bf4c-06f5698ffbd9","Microsoft-Windows-Sysmon/Operational","3832","4316","Windows11","S-1-5-18","6/22/2026 1:22:26 AM",,,"Microsoft-Windows-Sysmon/Operational","System.UInt32[]","System.Diagnostics.Eventing.Reader.EventBookmark","Information","Info","Image loaded (rule: ImageLoad)","System.Collections.ObjectModel.ReadOnlyCollection`1[System.String]","System.Collections.Generic.List`1[System.Diagnostics.Eventing.Reader.EventProperty]"
"Process accessed:
RuleName: technique_id=T1036,technique_name=Masquerading
UtcTime: 2026-06-22 05:22:26.698
SourceProcessGUID: {2b85bada-fae0-6a37-1701-000000000b00}
SourceProcessId: 8240
SourceThreadId: 4932
SourceImage: C:\Users\vboxuser\AppData\Local\Microsoft\OneDrive\OneDrive.exe
TargetProcessGUID: {2b85bada-fa9c-6a37-9100-000000000b00}
TargetProcessId: 6772
TargetImage: C:\Program Files\WindowsApps\MicrosoftWindows.Client.WebExperience_526.11701.50.0_x64__cw5n1h2txyewy\Dashboard\Widgets.exe
GrantedAccess: 0x101411
CallTrace: C:\WINDOWS\SYSTEM32\ntdll.dll+160534|C:\WINDOWS\System32\KERNELBASE.dll+23fa6|C:\Users\vboxuser\AppData\Local\Microsoft\OneDrive\26.106.0603.0003\FileSyncClient.dll+5fddc2|C:\Users\vboxuser\AppData\Local\Microsoft\OneDrive\26.106.0603.0003\FileSyncClient.dll+8973b|C:\Users\vboxuser\AppData\Local\Microsoft\OneDrive\26.106.0603.0003\FileSyncClient.dll+89548|C:\Users\vboxuser\AppData\Local\Microsoft\OneDrive\26.106.0603.0003\FileSyncClient.dll+89444|C:\Users\vboxuser\AppData\Local\Microsoft\OneDrive\26.106.0603.0003\FileSyncEvents.dll+e1e2|C:\Users\vboxuser\AppData\Local\Microsoft\OneDrive\26.106.0603.0003\FileSyncHost.DLL+d6a0|C:\Users\vboxuser\AppData\Local\Microsoft\OneDrive\26.106.0603.0003\FileSyncHost.DLL+f3d5|C:\WINDOWS\System32\ucrtbase.dll+2cd30|C:\WINDOWS\System32\KERNEL32.DLL+2e957|C:\WINDOWS\SYSTEM32\ntdll.dll+87c1c
SourceUser: WINDOWS11\vboxuser
TargetUser: WINDOWS11\vboxuser","10","3",,"4","10","0","-9223372036854775808","10187","Microsoft-Windows-Sysmon","5770385f-c22a-43e0-bf4c-06f5698ffbd9","Microsoft-Windows-Sysmon/Operational","3832","4316","Windows11","S-1-5-18","6/22/2026 1:22:26 AM",,,"Microsoft-Windows-Sysmon/Operational","System.UInt32[]","System.Diagnostics.Eventing.Reader.EventBookmark","Information","Info","Image loaded (rule: ImageLoad)","System.Collections.ObjectModel.ReadOnlyCollection`1[System.String]","System.Collections.Generic.List`1[System.Diagnostics.Eventing.Reader.EventProperty]"
"Process accessed:
RuleName: technique_id=T1036,technique_name=Masquerading
UtcTime: 2026-06-22 05:22:26.698
SourceProcessGUID: {2b85bada-fae0-6a37-1701-000000000b00}
SourceProcessId: 8240
SourceThreadId: 4932
SourceImage: C:\Users\vboxuser\AppData\Local\Microsoft\OneDrive\OneDrive.exe
TargetProcessGUID: {2b85bada-fa9c-6a37-9000-000000000b00}
TargetProcessId: 6736
TargetImage: C:\Windows\System32\RuntimeBroker.exe
GrantedAccess: 0x101411
CallTrace: C:\WINDOWS\SYSTEM32\ntdll.dll+160534|C:\WINDOWS\System32\KERNELBASE.dll+23fa6|C:\Users\vboxuser\AppData\Local\Microsoft\OneDrive\26.106.0603.0003\FileSyncClient.dll+5fddc2|C:\Users\vboxuser\AppData\Local\Microsoft\OneDrive\26.106.0603.0003\FileSyncClient.dll+8973b|C:\Users\vboxuser\AppData\Local\Microsoft\OneDrive\26.106.0603.0003\FileSyncClient.dll+89548|C:\Users\vboxuser\AppData\Local\Microsoft\OneDrive\26.106.0603.0003\FileSyncClient.dll+89444|C:\Users\vboxuser\AppData\Local\Microsoft\OneDrive\26.106.0603.0003\FileSyncEvents.dll+e1e2|C:\Users\vboxuser\AppData\Local\Microsoft\OneDrive\26.106.0603.0003\FileSyncHost.DLL+d6a0|C:\Users\vboxuser\AppData\Local\Microsoft\OneDrive\26.106.0603.0003\FileSyncHost.DLL+f3d5|C:\WINDOWS\System32\ucrtbase.dll+2cd30|C:\WINDOWS\System32\KERNEL32.DLL+2e957|C:\WINDOWS\SYSTEM32\ntdll.dll+87c1c
SourceUser: WINDOWS11\vboxuser
TargetUser: WINDOWS11\vboxuser","10","3",,"4","10","0","-9223372036854775808","10186","Microsoft-Windows-Sysmon","5770385f-c22a-43e0-bf4c-06f5698ffbd9","Microsoft-Windows-Sysmon/Operational","3832","4316","Windows11","S-1-5-18","6/22/2026 1:22:26 AM",,,"Microsoft-Windows-Sysmon/Operational","System.UInt32[]","System.Diagnostics.Eventing.Reader.EventBookmark","Information","Info","Image loaded (rule: ImageLoad)","System.Collections.ObjectModel.ReadOnlyCollection`1[System.String]","System.Collections.Generic.List`1[System.Diagnostics.Eventing.Reader.EventProperty]"
"Process accessed:
RuleName: technique_id=T1036,technique_name=Masquerading
UtcTime: 2026-06-22 05:22:26.698
SourceProcessGUID: {2b85bada-fae0-6a37-1701-000000000b00}
SourceProcessId: 8240
SourceThreadId: 4932
SourceImage: C:\Users\vboxuser\AppData\Local\Microsoft\OneDrive\OneDrive.exe
TargetProcessGUID: {2b85bada-fa9b-6a37-8e00-000000000b00}
TargetProcessId: 6544
TargetImage: C:\Windows\SystemApps\Microsoft.Windows.StartMenuExperienceHost_cw5n1h2txyewy\StartMenuExperienceHost.exe
GrantedAccess: 0x101411
CallTrace: C:\WINDOWS\SYSTEM32\ntdll.dll+160534|C:\WINDOWS\System32\KERNELBASE.dll+23fa6|C:\Users\vboxuser\AppData\Local\Microsoft\OneDrive\26.106.0603.0003\FileSyncClient.dll+5fddc2|C:\Users\vboxuser\AppData\Local\Microsoft\OneDrive\26.106.0603.0003\FileSyncClient.dll+8973b|C:\Users\vboxuser\AppData\Local\Microsoft\OneDrive\26.106.0603.0003\FileSyncClient.dll+89548|C:\Users\vboxuser\AppData\Local\Microsoft\OneDrive\26.106.0603.0003\FileSyncClient.dll+89444|C:\Users\vboxuser\AppData\Local\Microsoft\OneDrive\26.106.0603.0003\FileSyncEvents.dll+e1e2|C:\Users\vboxuser\AppData\Local\Microsoft\OneDrive\26.106.0603.0003\FileSyncHost.DLL+d6a0|C:\Users\vboxuser\AppData\Local\Microsoft\OneDrive\26.106.0603.0003\FileSyncHost.DLL+f3d5|C:\WINDOWS\System32\ucrtbase.dll+2cd30|C:\WINDOWS\System32\KERNEL32.DLL+2e957|C:\WINDOWS\SYSTEM32\ntdll.dll+87c1c
SourceUser: WINDOWS11\vboxuser
TargetUser: WINDOWS11\vboxuser","10","3",,"4","10","0","-9223372036854775808","10185","Microsoft-Windows-Sysmon","5770385f-c22a-43e0-bf4c-06f5698ffbd9","Microsoft-Windows-Sysmon/Operational","3832","4316","Windows11","S-1-5-18","6/22/2026 1:22:26 AM",,,"Microsoft-Windows-Sysmon/Operational","System.UInt32[]","System.Diagnostics.Eventing.Reader.EventBookmark","Information","Info","Image loaded (rule: ImageLoad)","System.Collections.ObjectModel.ReadOnlyCollection`1[System.String]","System.Collections.Generic.List`1[System.Diagnostics.Eventing.Reader.EventProperty]"
"Process accessed:
RuleName: technique_id=T1036,technique_name=Masquerading
UtcTime: 2026-06-22 05:22:26.698
SourceProcessGUID: {2b85bada-fae0-6a37-1701-000000000b00}
SourceProcessId: 8240
SourceThreadId: 4932
SourceImage: C:\Users\vboxuser\AppData\Local\Microsoft\OneDrive\OneDrive.exe
TargetProcessGUID: {2b85bada-fa99-6a37-8800-000000000b00}
TargetProcessId: 6140
TargetImage: C:\WINDOWS\SystemApps\MicrosoftWindows.Client.CBS_cw5n1h2txyewy\CrossDeviceResume.exe
GrantedAccess: 0x101411
CallTrace: C:\WINDOWS\SYSTEM32\ntdll.dll+160534|C:\WINDOWS\System32\KERNELBASE.dll+23fa6|C:\Users\vboxuser\AppData\Local\Microsoft\OneDrive\26.106.0603.0003\FileSyncClient.dll+5fddc2|C:\Users\vboxuser\AppData\Local\Microsoft\OneDrive\26.106.0603.0003\FileSyncClient.dll+8973b|C:\Users\vboxuser\AppData\Local\Microsoft\OneDrive\26.106.0603.0003\FileSyncClient.dll+89548|C:\Users\vboxuser\AppData\Local\Microsoft\OneDrive\26.106.0603.0003\FileSyncClient.dll+89444|C:\Users\vboxuser\AppData\Local\Microsoft\OneDrive\26.106.0603.0003\FileSyncEvents.dll+e1e2|C:\Users\vboxuser\AppData\Local\Microsoft\OneDrive\26.106.0603.0003\FileSyncHost.DLL+d6a0|C:\Users\vboxuser\AppData\Local\Microsoft\OneDrive\26.106.0603.0003\FileSyncHost.DLL+f3d5|C:\WINDOWS\System32\ucrtbase.dll+2cd30|C:\WINDOWS\System32\KERNEL32.DLL+2e957|C:\WINDOWS\SYSTEM32\ntdll.dll+87c1c
SourceUser: WINDOWS11\vboxuser
TargetUser: WINDOWS11\vboxuser","10","3",,"4","10","0","-9223372036854775808","10184","Microsoft-Windows-Sysmon","5770385f-c22a-43e0-bf4c-06f5698ffbd9","Microsoft-Windows-Sysmon/Operational","3832","4316","Windows11","S-1-5-18","6/22/2026 1:22:26 AM",,,"Microsoft-Windows-Sysmon/Operational","System.UInt32[]","System.Diagnostics.Eventing.Reader.EventBookmark","Information","Info","Image loaded (rule: ImageLoad)","System.Collections.ObjectModel.ReadOnlyCollection`1[System.String]","System.Collections.Generic.List`1[System.Diagnostics.Eventing.Reader.EventProperty]"
"Process accessed:
RuleName: technique_id=T1036,technique_name=Masquerading
UtcTime: 2026-06-22 05:22:26.698
SourceProcessGUID: {2b85bada-fae0-6a37-1701-000000000b00}
SourceProcessId: 8240
SourceThreadId: 4932
SourceImage: C:\Users\vboxuser\AppData\Local\Microsoft\OneDrive\OneDrive.exe
TargetProcessGUID: {2b85bada-fa99-6a37-8600-000000000b00}
TargetProcessId: 5308
TargetImage: C:\WINDOWS\system32\svchost.exe
GrantedAccess: 0x101411
CallTrace: C:\WINDOWS\SYSTEM32\ntdll.dll+160534|C:\WINDOWS\System32\KERNELBASE.dll+23fa6|C:\Users\vboxuser\AppData\Local\Microsoft\OneDrive\26.106.0603.0003\FileSyncClient.dll+5fddc2|C:\Users\vboxuser\AppData\Local\Microsoft\OneDrive\26.106.0603.0003\FileSyncClient.dll+8973b|C:\Users\vboxuser\AppData\Local\Microsoft\OneDrive\26.106.0603.0003\FileSyncClient.dll+89548|C:\Users\vboxuser\AppData\Local\Microsoft\OneDrive\26.106.0603.0003\FileSyncClient.dll+89444|C:\Users\vboxuser\AppData\Local\Microsoft\OneDrive\26.106.0603.0003\FileSyncEvents.dll+e1e2|C:\Users\vboxuser\AppData\Local\Microsoft\OneDrive\26.106.0603.0003\FileSyncHost.DLL+d6a0|C:\Users\vboxuser\AppData\Local\Microsoft\OneDrive\26.106.0603.0003\FileSyncHost.DLL+f3d5|C:\WINDOWS\System32\ucrtbase.dll+2cd30|C:\WINDOWS\System32\KERNEL32.DLL+2e957|C:\WINDOWS\SYSTEM32\ntdll.dll+87c1c
SourceUser: WINDOWS11\vboxuser
TargetUser: WINDOWS11\vboxuser","10","3",,"4","10","0","-9223372036854775808","10183","Microsoft-Windows-Sysmon","5770385f-c22a-43e0-bf4c-06f5698ffbd9","Microsoft-Windows-Sysmon/Operational","3832","4316","Windows11","S-1-5-18","6/22/2026 1:22:26 AM",,,"Microsoft-Windows-Sysmon/Operational","System.UInt32[]","System.Diagnostics.Eventing.Reader.EventBookmark","Information","Info","Image loaded (rule: ImageLoad)","System.Collections.ObjectModel.ReadOnlyCollection`1[System.String]","System.Collections.Generic.List`1[System.Diagnostics.Eventing.Reader.EventProperty]"
"Process accessed:
RuleName: technique_id=T1036,technique_name=Masquerading
UtcTime: 2026-06-22 05:22:26.698
SourceProcessGUID: {2b85bada-fae0-6a37-1701-000000000b00}
SourceProcessId: 8240
SourceThreadId: 4932
SourceImage: C:\Users\vboxuser\AppData\Local\Microsoft\OneDrive\OneDrive.exe
TargetProcessGUID: {2b85bada-fa97-6a37-8200-000000000b00}
TargetProcessId: 6024
TargetImage: C:\Windows\System32\ShellHost.exe
GrantedAccess: 0x101411
CallTrace: C:\WINDOWS\SYSTEM32\ntdll.dll+160534|C:\WINDOWS\System32\KERNELBASE.dll+23fa6|C:\Users\vboxuser\AppData\Local\Microsoft\OneDrive\26.106.0603.0003\FileSyncClient.dll+5fddc2|C:\Users\vboxuser\AppData\Local\Microsoft\OneDrive\26.106.0603.0003\FileSyncClient.dll+8973b|C:\Users\vboxuser\AppData\Local\Microsoft\OneDrive\26.106.0603.0003\FileSyncClient.dll+89548|C:\Users\vboxuser\AppData\Local\Microsoft\OneDrive\26.106.0603.0003\FileSyncClient.dll+89444|C:\Users\vboxuser\AppData\Local\Microsoft\OneDrive\26.106.0603.0003\FileSyncEvents.dll+e1e2|C:\Users\vboxuser\AppData\Local\Microsoft\OneDrive\26.106.0603.0003\FileSyncHost.DLL+d6a0|C:\Users\vboxuser\AppData\Local\Microsoft\OneDrive\26.106.0603.0003\FileSyncHost.DLL+f3d5|C:\WINDOWS\System32\ucrtbase.dll+2cd30|C:\WINDOWS\System32\KERNEL32.DLL+2e957|C:\WINDOWS\SYSTEM32\ntdll.dll+87c1c
SourceUser: WINDOWS11\vboxuser
TargetUser: WINDOWS11\vboxuser","10","3",,"4","10","0","-9223372036854775808","10182","Microsoft-Windows-Sysmon","5770385f-c22a-43e0-bf4c-06f5698ffbd9","Microsoft-Windows-Sysmon/Operational","3832","4316","Windows11","S-1-5-18","6/22/2026 1:22:26 AM",,,"Microsoft-Windows-Sysmon/Operational","System.UInt32[]","System.Diagnostics.Eventing.Reader.EventBookmark","Information","Info","Image loaded (rule: ImageLoad)","System.Collections.ObjectModel.ReadOnlyCollection`1[System.String]","System.Collections.Generic.List`1[System.Diagnostics.Eventing.Reader.EventProperty]"
"Process accessed:
RuleName: technique_id=T1036,technique_name=Masquerading
UtcTime: 2026-06-22 05:22:26.698
SourceProcessGUID: {2b85bada-fae0-6a37-1701-000000000b00}
SourceProcessId: 8240
SourceThreadId: 4932
SourceImage: C:\Users\vboxuser\AppData\Local\Microsoft\OneDrive\OneDrive.exe
TargetProcessGUID: {2b85bada-fa97-6a37-8100-000000000b00}
TargetProcessId: 5948
TargetImage: C:\WINDOWS\Explorer.EXE
GrantedAccess: 0x101411
CallTrace: C:\WINDOWS\SYSTEM32\ntdll.dll+160534|C:\WINDOWS\System32\KERNELBASE.dll+23fa6|C:\Users\vboxuser\AppData\Local\Microsoft\OneDrive\26.106.0603.0003\FileSyncClient.dll+5fddc2|C:\Users\vboxuser\AppData\Local\Microsoft\OneDrive\26.106.0603.0003\FileSyncClient.dll+8973b|C:\Users\vboxuser\AppData\Local\Microsoft\OneDrive\26.106.0603.0003\FileSyncClient.dll+89548|C:\Users\vboxuser\AppData\Local\Microsoft\OneDrive\26.106.0603.0003\FileSyncClient.dll+89444|C:\Users\vboxuser\AppData\Local\Microsoft\OneDrive\26.106.0603.0003\FileSyncEvents.dll+e1e2|C:\Users\vboxuser\AppData\Local\Microsoft\OneDrive\26.106.0603.0003\FileSyncHost.DLL+d6a0|C:\Users\vboxuser\AppData\Local\Microsoft\OneDrive\26.106.0603.0003\FileSyncHost.DLL+f3d5|C:\WINDOWS\System32\ucrtbase.dll+2cd30|C:\WINDOWS\System32\KERNEL32.DLL+2e957|C:\WINDOWS\SYSTEM32\ntdll.dll+87c1c
SourceUser: WINDOWS11\vboxuser
TargetUser: WINDOWS11\vboxuser","10","3",,"4","10","0","-9223372036854775808","10181","Microsoft-Windows-Sysmon","5770385f-c22a-43e0-bf4c-06f5698ffbd9","Microsoft-Windows-Sysmon/Operational","3832","4316","Windows11","S-1-5-18","6/22/2026 1:22:26 AM",,,"Microsoft-Windows-Sysmon/Operational","System.UInt32[]","System.Diagnostics.Eventing.Reader.EventBookmark","Information","Info","Image loaded (rule: ImageLoad)","System.Collections.ObjectModel.ReadOnlyCollection`1[System.String]","System.Collections.Generic.List`1[System.Diagnostics.Eventing.Reader.EventProperty]"
"Process accessed:
RuleName: technique_id=T1036,technique_name=Masquerading
UtcTime: 2026-06-22 05:22:26.698
SourceProcessGUID: {2b85bada-fae0-6a37-1701-000000000b00}
SourceProcessId: 8240
SourceThreadId: 4932
SourceImage: C:\Users\vboxuser\AppData\Local\Microsoft\OneDrive\OneDrive.exe
TargetProcessGUID: {2b85bada-fa95-6a37-7900-000000000b00}
TargetProcessId: 5336
TargetImage: C:\WINDOWS\system32\taskhostw.exe
GrantedAccess: 0x101411
CallTrace: C:\WINDOWS\SYSTEM32\ntdll.dll+160534|C:\WINDOWS\System32\KERNELBASE.dll+23fa6|C:\Users\vboxuser\AppData\Local\Microsoft\OneDrive\26.106.0603.0003\FileSyncClient.dll+5fddc2|C:\Users\vboxuser\AppData\Local\Microsoft\OneDrive\26.106.0603.0003\FileSyncClient.dll+8973b|C:\Users\vboxuser\AppData\Local\Microsoft\OneDrive\26.106.0603.0003\FileSyncClient.dll+89548|C:\Users\vboxuser\AppData\Local\Microsoft\OneDrive\26.106.0603.0003\FileSyncClient.dll+89444|C:\Users\vboxuser\AppData\Local\Microsoft\OneDrive\26.106.0603.0003\FileSyncEvents.dll+e1e2|C:\Users\vboxuser\AppData\Local\Microsoft\OneDrive\26.106.0603.0003\FileSyncHost.DLL+d6a0|C:\Users\vboxuser\AppData\Local\Microsoft\OneDrive\26.106.0603.0003\FileSyncHost.DLL+f3d5|C:\WINDOWS\System32\ucrtbase.dll+2cd30|C:\WINDOWS\System32\KERNEL32.DLL+2e957|C:\WINDOWS\SYSTEM32\ntdll.dll+87c1c
SourceUser: WINDOWS11\vboxuser
TargetUser: WINDOWS11\vboxuser","10","3",,"4","10","0","-9223372036854775808","10180","Microsoft-Windows-Sysmon","5770385f-c22a-43e0-bf4c-06f5698ffbd9","Microsoft-Windows-Sysmon/Operational","3832","4316","Windows11","S-1-5-18","6/22/2026 1:22:26 AM",,,"Microsoft-Windows-Sysmon/Operational","System.UInt32[]","System.Diagnostics.Eventing.Reader.EventBookmark","Information","Info","Image loaded (rule: ImageLoad)","System.Collections.ObjectModel.ReadOnlyCollection`1[System.String]","System.Collections.Generic.List`1[System.Diagnostics.Eventing.Reader.EventProperty]"
"Process accessed:
RuleName: technique_id=T1036,technique_name=Masquerading
UtcTime: 2026-06-22 05:22:26.698
SourceProcessGUID: {2b85bada-fae0-6a37-1701-000000000b00}
SourceProcessId: 8240
SourceThreadId: 4932
SourceImage: C:\Users\vboxuser\AppData\Local\Microsoft\OneDrive\OneDrive.exe
TargetProcessGUID: {2b85bada-fa94-6a37-7800-000000000b00}
TargetProcessId: 5236
TargetImage: C:\WINDOWS\system32\svchost.exe
GrantedAccess: 0x101411
CallTrace: C:\WINDOWS\SYSTEM32\ntdll.dll+160534|C:\WINDOWS\System32\KERNELBASE.dll+23fa6|C:\Users\vboxuser\AppData\Local\Microsoft\OneDrive\26.106.0603.0003\FileSyncClient.dll+5fddc2|C:\Users\vboxuser\AppData\Local\Microsoft\OneDrive\26.106.0603.0003\FileSyncClient.dll+8973b|C:\Users\vboxuser\AppData\Local\Microsoft\OneDrive\26.106.0603.0003\FileSyncClient.dll+89548|C:\Users\vboxuser\AppData\Local\Microsoft\OneDrive\26.106.0603.0003\FileSyncClient.dll+89444|C:\Users\vboxuser\AppData\Local\Microsoft\OneDrive\26.106.0603.0003\FileSyncEvents.dll+e1e2|C:\Users\vboxuser\AppData\Local\Microsoft\OneDrive\26.106.0603.0003\FileSyncHost.DLL+d6a0|C:\Users\vboxuser\AppData\Local\Microsoft\OneDrive\26.106.0603.0003\FileSyncHost.DLL+f3d5|C:\WINDOWS\System32\ucrtbase.dll+2cd30|C:\WINDOWS\System32\KERNEL32.DLL+2e957|C:\WINDOWS\SYSTEM32\ntdll.dll+87c1c
SourceUser: WINDOWS11\vboxuser
TargetUser: WINDOWS11\vboxuser","10","3",,"4","10","0","-9223372036854775808","10179","Microsoft-Windows-Sysmon","5770385f-c22a-43e0-bf4c-06f5698ffbd9","Microsoft-Windows-Sysmon/Operational","3832","4316","Windows11","S-1-5-18","6/22/2026 1:22:26 AM",,,"Microsoft-Windows-Sysmon/Operational","System.UInt32[]","System.Diagnostics.Eventing.Reader.EventBookmark","Information","Info","Image loaded (rule: ImageLoad)","System.Collections.ObjectModel.ReadOnlyCollection`1[System.String]","System.Collections.Generic.List`1[System.Diagnostics.Eventing.Reader.EventProperty]"
"Process accessed:
RuleName: technique_id=T1036,technique_name=Masquerading
UtcTime: 2026-06-22 05:22:26.698
SourceProcessGUID: {2b85bada-fae0-6a37-1701-000000000b00}
SourceProcessId: 8240
SourceThreadId: 4932
SourceImage: C:\Users\vboxuser\AppData\Local\Microsoft\OneDrive\OneDrive.exe
TargetProcessGUID: {2b85bada-fa94-6a37-7600-000000000b00}
TargetProcessId: 4440
TargetImage: C:\WINDOWS\system32\svchost.exe
GrantedAccess: 0x101411
CallTrace: C:\WINDOWS\SYSTEM32\ntdll.dll+160534|C:\WINDOWS\System32\KERNELBASE.dll+23fa6|C:\Users\vboxuser\AppData\Local\Microsoft\OneDrive\26.106.0603.0003\FileSyncClient.dll+5fddc2|C:\Users\vboxuser\AppData\Local\Microsoft\OneDrive\26.106.0603.0003\FileSyncClient.dll+8973b|C:\Users\vboxuser\AppData\Local\Microsoft\OneDrive\26.106.0603.0003\FileSyncClient.dll+89548|C:\Users\vboxuser\AppData\Local\Microsoft\OneDrive\26.106.0603.0003\FileSyncClient.dll+89444|C:\Users\vboxuser\AppData\Local\Microsoft\OneDrive\26.106.0603.0003\FileSyncEvents.dll+e1e2|C:\Users\vboxuser\AppData\Local\Microsoft\OneDrive\26.106.0603.0003\FileSyncHost.DLL+d6a0|C:\Users\vboxuser\AppData\Local\Microsoft\OneDrive\26.106.0603.0003\FileSyncHost.DLL+f3d5|C:\WINDOWS\System32\ucrtbase.dll+2cd30|C:\WINDOWS\System32\KERNEL32.DLL+2e957|C:\WINDOWS\SYSTEM32\ntdll.dll+87c1c
SourceUser: WINDOWS11\vboxuser
TargetUser: WINDOWS11\vboxuser","10","3",,"4","10","0","-9223372036854775808","10178","Microsoft-Windows-Sysmon","5770385f-c22a-43e0-bf4c-06f5698ffbd9","Microsoft-Windows-Sysmon/Operational","3832","4316","Windows11","S-1-5-18","6/22/2026 1:22:26 AM",,,"Microsoft-Windows-Sysmon/Operational","System.UInt32[]","System.Diagnostics.Eventing.Reader.EventBookmark","Information","Info","Image loaded (rule: ImageLoad)","System.Collections.ObjectModel.ReadOnlyCollection`1[System.String]","System.Collections.Generic.List`1[System.Diagnostics.Eventing.Reader.EventProperty]"
"Process accessed:
RuleName: technique_id=T1036,technique_name=Masquerading
UtcTime: 2026-06-22 05:22:26.698
SourceProcessGUID: {2b85bada-fae0-6a37-1701-000000000b00}
SourceProcessId: 8240
SourceThreadId: 4932
SourceImage: C:\Users\vboxuser\AppData\Local\Microsoft\OneDrive\OneDrive.exe
TargetProcessGUID: {2b85bada-fa94-6a37-7500-000000000b00}
TargetProcessId: 4976
TargetImage: C:\WINDOWS\system32\svchost.exe
GrantedAccess: 0x101411
CallTrace: C:\WINDOWS\SYSTEM32\ntdll.dll+160534|C:\WINDOWS\System32\KERNELBASE.dll+23fa6|C:\Users\vboxuser\AppData\Local\Microsoft\OneDrive\26.106.0603.0003\FileSyncClient.dll+5fddc2|C:\Users\vboxuser\AppData\Local\Microsoft\OneDrive\26.106.0603.0003\FileSyncClient.dll+8973b|C:\Users\vboxuser\AppData\Local\Microsoft\OneDrive\26.106.0603.0003\FileSyncClient.dll+89548|C:\Users\vboxuser\AppData\Local\Microsoft\OneDrive\26.106.0603.0003\FileSyncClient.dll+89444|C:\Users\vboxuser\AppData\Local\Microsoft\OneDrive\26.106.0603.0003\FileSyncEvents.dll+e1e2|C:\Users\vboxuser\AppData\Local\Microsoft\OneDrive\26.106.0603.0003\FileSyncHost.DLL+d6a0|C:\Users\vboxuser\AppData\Local\Microsoft\OneDrive\26.106.0603.0003\FileSyncHost.DLL+f3d5|C:\WINDOWS\System32\ucrtbase.dll+2cd30|C:\WINDOWS\System32\KERNEL32.DLL+2e957|C:\WINDOWS\SYSTEM32\ntdll.dll+87c1c
SourceUser: WINDOWS11\vboxuser
TargetUser: WINDOWS11\vboxuser","10","3",,"4","10","0","-9223372036854775808","10177","Microsoft-Windows-Sysmon","5770385f-c22a-43e0-bf4c-06f5698ffbd9","Microsoft-Windows-Sysmon/Operational","3832","4316","Windows11","S-1-5-18","6/22/2026 1:22:26 AM",,,"Microsoft-Windows-Sysmon/Operational","System.UInt32[]","System.Diagnostics.Eventing.Reader.EventBookmark","Information","Info","Image loaded (rule: ImageLoad)","System.Collections.ObjectModel.ReadOnlyCollection`1[System.String]","System.Collections.Generic.List`1[System.Diagnostics.Eventing.Reader.EventProperty]"
"Process accessed:
RuleName: technique_id=T1036,technique_name=Masquerading
UtcTime: 2026-06-22 05:22:26.698
SourceProcessGUID: {2b85bada-fae0-6a37-1701-000000000b00}
SourceProcessId: 8240
SourceThreadId: 4932
SourceImage: C:\Users\vboxuser\AppData\Local\Microsoft\OneDrive\OneDrive.exe
TargetProcessGUID: {2b85bada-fa94-6a37-7400-000000000b00}
TargetProcessId: 5052
TargetImage: C:\WINDOWS\system32\sihost.exe
GrantedAccess: 0x101411
CallTrace: C:\WINDOWS\SYSTEM32\ntdll.dll+160534|C:\WINDOWS\System32\KERNELBASE.dll+23fa6|C:\Users\vboxuser\AppData\Local\Microsoft\OneDrive\26.106.0603.0003\FileSyncClient.dll+5fddc2|C:\Users\vboxuser\AppData\Local\Microsoft\OneDrive\26.106.0603.0003\FileSyncClient.dll+8973b|C:\Users\vboxuser\AppData\Local\Microsoft\OneDrive\26.106.0603.0003\FileSyncClient.dll+89548|C:\Users\vboxuser\AppData\Local\Microsoft\OneDrive\26.106.0603.0003\FileSyncClient.dll+89444|C:\Users\vboxuser\AppData\Local\Microsoft\OneDrive\26.106.0603.0003\FileSyncEvents.dll+e1e2|C:\Users\vboxuser\AppData\Local\Microsoft\OneDrive\26.106.0603.0003\FileSyncHost.DLL+d6a0|C:\Users\vboxuser\AppData\Local\Microsoft\OneDrive\26.106.0603.0003\FileSyncHost.DLL+f3d5|C:\WINDOWS\System32\ucrtbase.dll+2cd30|C:\WINDOWS\System32\KERNEL32.DLL+2e957|C:\WINDOWS\SYSTEM32\ntdll.dll+87c1c
SourceUser: WINDOWS11\vboxuser
TargetUser: WINDOWS11\vboxuser","10","3",,"4","10","0","-9223372036854775808","10176","Microsoft-Windows-Sysmon","5770385f-c22a-43e0-bf4c-06f5698ffbd9","Microsoft-Windows-Sysmon/Operational","3832","4316","Windows11","S-1-5-18","6/22/2026 1:22:26 AM",,,"Microsoft-Windows-Sysmon/Operational","System.UInt32[]","System.Diagnostics.Eventing.Reader.EventBookmark","Information","Info","Image loaded (rule: ImageLoad)","System.Collections.ObjectModel.ReadOnlyCollection`1[System.String]","System.Collections.Generic.List`1[System.Diagnostics.Eventing.Reader.EventProperty]"
"Network connection detected:
RuleName: technique_id=T1571,technique_name=Non-Standard Port
UtcTime: 2026-06-22 05:22:06.991
ProcessGuid: {2b85bada-fa84-6a37-3000-000000000b00}
ProcessId: 2308
Image: C:\Windows\System32\svchost.exe
User: NT AUTHORITY\NETWORK SERVICE
Protocol: udp
Initiated: false
SourceIsIpv6: true
SourceIp: ff02:0:0:0:0:0:0:fb
SourceHostname: -
SourcePort: 5353
SourcePortName: -
DestinationIsIpv6: true
DestinationIp: fe80:0:0:0:484:5541:4c2c:b0cc
DestinationHostname: -
DestinationPort: 5353
DestinationPortName: -","3","5",,"4","3","0","-9223372036854775808","10175","Microsoft-Windows-Sysmon","5770385f-c22a-43e0-bf4c-06f5698ffbd9","Microsoft-Windows-Sysmon/Operational","3832","4324","Windows11","S-1-5-18","6/22/2026 1:22:05 AM",,,"Microsoft-Windows-Sysmon/Operational","System.UInt32[]","System.Diagnostics.Eventing.Reader.EventBookmark","Information","Info","Image loaded (rule: ImageLoad)","System.Collections.ObjectModel.ReadOnlyCollection`1[System.String]","System.Collections.Generic.List`1[System.Diagnostics.Eventing.Reader.EventProperty]"
"Registry value set:
RuleName: -
EventType: SetValue
UtcTime: 2026-06-22 05:22:04.238
ProcessGuid: {2b85bada-c67b-6a38-d505-000000000b00}
ProcessId: 8188
Image: C:\WINDOWS\SystemApps\MicrosoftWindows.Client.CBS_cw5n1h2txyewy\SoftLandingTask\SoftLandingTask.exe
TargetObject: HKLM\System\CurrentControlSet\Services\bam\State\UserSettings\S-1-5-21-3931421473-148499878-826545620-1000\MicrosoftWindows.Client.CBS_cw5n1h2txyewy
Details: Binary Data
User: WINDOWS11\vboxuser","13","2",,"4","13","0","-9223372036854775808","10174","Microsoft-Windows-Sysmon","5770385f-c22a-43e0-bf4c-06f5698ffbd9","Microsoft-Windows-Sysmon/Operational","3832","4316","Windows11","S-1-5-18","6/22/2026 1:22:04 AM",,,"Microsoft-Windows-Sysmon/Operational","System.UInt32[]","System.Diagnostics.Eventing.Reader.EventBookmark","Information","Info","Image loaded (rule: ImageLoad)","System.Collections.ObjectModel.ReadOnlyCollection`1[System.String]","System.Collections.Generic.List`1[System.Diagnostics.Eventing.Reader.EventProperty]"
"Image loaded:
RuleName: technique_id=T1053,technique_name=Scheduled Task
UtcTime: 2026-06-22 05:22:03.709
ProcessGuid: {2b85bada-c67b-6a38-d505-000000000b00}
ProcessId: 8188
Image: C:\Windows\SystemApps\MicrosoftWindows.Client.CBS_cw5n1h2txyewy\SoftLandingTask\SoftLandingTask.exe
ImageLoaded: C:\Windows\System32\taskschd.dll
FileVersion: 10.0.26100.5074 (WinBuild.160101.0800)
Description: Task Scheduler COM API
Product: Microsoft? Windows? Operating System
Company: Microsoft Corporation
OriginalFileName: taskschd.dll
Hashes: SHA1=BF09E52372CF6663743A6FC58FCDB75D7551CD64,MD5=DF9E41FF2CF7430B4A29B24BB86AB7B0,SHA256=1E3292A4C58708CA4E3A73B82DB0E9CA4A2C1FC640526B9A14337A1A55A36AA7,IMPHASH=E61FD409CB21E6A6EBA2AFE59848CFC8
Signed: true
Signature: Microsoft Windows
SignatureStatus: Valid
User: WINDOWS11\vboxuser","7","3",,"4","7","0","-9223372036854775808","10173","Microsoft-Windows-Sysmon","5770385f-c22a-43e0-bf4c-06f5698ffbd9","Microsoft-Windows-Sysmon/Operational","3832","4316","Windows11","S-1-5-18","6/22/2026 1:22:03 AM",,,"Microsoft-Windows-Sysmon/Operational","System.UInt32[]","System.Diagnostics.Eventing.Reader.EventBookmark","Information","Info","Image loaded (rule: ImageLoad)","System.Collections.ObjectModel.ReadOnlyCollection`1[System.String]","System.Collections.Generic.List`1[System.Diagnostics.Eventing.Reader.EventProperty]"
"Registry value set:
RuleName: -
EventType: SetValue
UtcTime: 2026-06-22 05:22:03.286
ProcessGuid: {2b85bada-fa82-6a37-0d00-000000000b00}
ProcessId: 624
Image: C:\WINDOWS\system32\svchost.exe
TargetObject: HKLM\System\CurrentControlSet\Services\bam\State\UserSettings\S-1-5-21-3931421473-148499878-826545620-1000\MicrosoftWindows.Client.CBS_cw5n1h2txyewy
Details: Binary Data
User: NT AUTHORITY\SYSTEM","13","2",,"4","13","0","-9223372036854775808","10172","Microsoft-Windows-Sysmon","5770385f-c22a-43e0-bf4c-06f5698ffbd9","Microsoft-Windows-Sysmon/Operational","3832","4316","Windows11","S-1-5-18","6/22/2026 1:22:03 AM",,,"Microsoft-Windows-Sysmon/Operational","System.UInt32[]","System.Diagnostics.Eventing.Reader.EventBookmark","Information","Info","Image loaded (rule: ImageLoad)","System.Collections.ObjectModel.ReadOnlyCollection`1[System.String]","System.Collections.Generic.List`1[System.Diagnostics.Eventing.Reader.EventProperty]"
"Registry value set:
RuleName: -
EventType: SetValue
UtcTime: 2026-06-22 05:20:23.198
ProcessGuid: {2b85bada-fa82-6a37-0d00-000000000b00}
ProcessId: 624
Image: C:\WINDOWS\system32\svchost.exe
TargetObject: HKLM\System\CurrentControlSet\Services\bam\State\UserSettings\S-1-5-21-3931421473-148499878-826545620-1000\MicrosoftWindows.Client.CBS_cw5n1h2txyewy
Details: Binary Data
User: NT AUTHORITY\SYSTEM","13","2",,"4","13","0","-9223372036854775808","10171","Microsoft-Windows-Sysmon","5770385f-c22a-43e0-bf4c-06f5698ffbd9","Microsoft-Windows-Sysmon/Operational","3832","4316","Windows11","S-1-5-18","6/22/2026 1:20:23 AM",,,"Microsoft-Windows-Sysmon/Operational","System.UInt32[]","System.Diagnostics.Eventing.Reader.EventBookmark","Information","Info","Image loaded (rule: ImageLoad)","System.Collections.ObjectModel.ReadOnlyCollection`1[System.String]","System.Collections.Generic.List`1[System.Diagnostics.Eventing.Reader.EventProperty]"
"Network connection detected:
RuleName: technique_id=T1571,technique_name=Non-Standard Port
UtcTime: 2026-06-22 05:19:53.972
ProcessGuid: {2b85bada-fa84-6a37-3000-000000000b00}
ProcessId: 2308
Image: C:\Windows\System32\svchost.exe
User: NT AUTHORITY\NETWORK SERVICE
Protocol: udp
Initiated: false
SourceIsIpv6: false
SourceIp: 224.0.0.251
SourceHostname: -
SourcePort: 5353
SourcePortName: -
DestinationIsIpv6: false
DestinationIp: 192.168.5.128
DestinationHostname: -
DestinationPort: 5353
DestinationPortName: -","3","5",,"4","3","0","-9223372036854775808","10170","Microsoft-Windows-Sysmon","5770385f-c22a-43e0-bf4c-06f5698ffbd9","Microsoft-Windows-Sysmon/Operational","3832","4324","Windows11","S-1-5-18","6/22/2026 1:19:54 AM",,,"Microsoft-Windows-Sysmon/Operational","System.UInt32[]","System.Diagnostics.Eventing.Reader.EventBookmark","Information","Info","Image loaded (rule: ImageLoad)","System.Collections.ObjectModel.ReadOnlyCollection`1[System.String]","System.Collections.Generic.List`1[System.Diagnostics.Eventing.Reader.EventProperty]"
"Network connection detected:
RuleName: technique_id=T1571,technique_name=Non-Standard Port
UtcTime: 2026-06-22 05:19:53.971
ProcessGuid: {2b85bada-fa84-6a37-3000-000000000b00}
ProcessId: 2308
Image: C:\Windows\System32\svchost.exe
User: NT AUTHORITY\NETWORK SERVICE
Protocol: udp
Initiated: false
SourceIsIpv6: true
SourceIp: ff02:0:0:0:0:0:0:fb
SourceHostname: -
SourcePort: 5353
SourcePortName: -
DestinationIsIpv6: true
DestinationIp: fd50:fb98:c4f3:1:c28d:51ff:fe57:e017
DestinationHostname: -
DestinationPort: 5353
DestinationPortName: -","3","5",,"4","3","0","-9223372036854775808","10169","Microsoft-Windows-Sysmon","5770385f-c22a-43e0-bf4c-06f5698ffbd9","Microsoft-Windows-Sysmon/Operational","3832","4324","Windows11","S-1-5-18","6/22/2026 1:19:54 AM",,,"Microsoft-Windows-Sysmon/Operational","System.UInt32[]","System.Diagnostics.Eventing.Reader.EventBookmark","Information","Info","Image loaded (rule: ImageLoad)","System.Collections.ObjectModel.ReadOnlyCollection`1[System.String]","System.Collections.Generic.List`1[System.Diagnostics.Eventing.Reader.EventProperty]"
"Network connection detected:
RuleName: technique_id=T1571,technique_name=Non-Standard Port
UtcTime: 2026-06-22 05:19:51.309
ProcessGuid: {2b85bada-fa84-6a37-3000-000000000b00}
ProcessId: 2308
Image: C:\Windows\System32\svchost.exe
User: NT AUTHORITY\NETWORK SERVICE
Protocol: udp
Initiated: false
SourceIsIpv6: true
SourceIp: ff02:0:0:0:0:0:0:fb
SourceHostname: -
SourcePort: 5353
SourcePortName: -
DestinationIsIpv6: true
DestinationIp: fe80:0:0:0:fab4:6aff:fe5b:a998
DestinationHostname: -
DestinationPort: 5353
DestinationPortName: -","3","5",,"4","3","0","-9223372036854775808","10168","Microsoft-Windows-Sysmon","5770385f-c22a-43e0-bf4c-06f5698ffbd9","Microsoft-Windows-Sysmon/Operational","3832","4324","Windows11","S-1-5-18","6/22/2026 1:19:52 AM",,,"Microsoft-Windows-Sysmon/Operational","System.UInt32[]","System.Diagnostics.Eventing.Reader.EventBookmark","Information","Info","Image loaded (rule: ImageLoad)","System.Collections.ObjectModel.ReadOnlyCollection`1[System.String]","System.Collections.Generic.List`1[System.Diagnostics.Eventing.Reader.EventProperty]"
"Network connection detected:
