RuleName: -
UtcTime: 2026-06-22 04:53:09.102
ProcessGuid: {2b85bada-bf96-6a38-9e05-000000000b00}
ProcessId: 10196
Image: C:\Program Files (x86)\Microsoft\Edge\Application\msedge.exe
ImageLoaded: C:\Windows\System32\urlmon.dll
FileVersion: 11.00.26100.8521 (WinBuild.160101.0800)
Description: OLE32 Extensions for Win32
Product: Internet Explorer
Company: Microsoft Corporation
OriginalFileName: UrlMon.dll
Hashes: SHA1=C372D49FBB4B3781425947DD8FAA78F1D371AD0F,MD5=A2E38840529D69EB410B14E0FE5B1E3A,SHA256=789750C7ED748155C0AD2CCDEB33BA231F5E3183901E88E042B39FE1E9C5E958,IMPHASH=CC6BE0BF5B54B1D4708DF5B8900604F7
Signed: true
Signature: Microsoft Windows
SignatureStatus: Valid
User: WINDOWS11\vboxuser","7","3",,"4","7","0","-9223372036854775808","10037","Microsoft-Windows-Sysmon","5770385f-c22a-43e0-bf4c-06f5698ffbd9","Microsoft-Windows-Sysmon/Operational","3832","4316","Windows11","S-1-5-18","6/22/2026 12:53:09 AM",,,"Microsoft-Windows-Sysmon/Operational","System.UInt32[]","System.Diagnostics.Eventing.Reader.EventBookmark","Information","Info","Image loaded (rule: ImageLoad)","System.Collections.ObjectModel.ReadOnlyCollection`1[System.String]","System.Collections.Generic.List`1[System.Diagnostics.Eventing.Reader.EventProperty]"
"Registry value set:
RuleName: -
EventType: SetValue
UtcTime: 2026-06-22 04:53:07.981
ProcessGuid: {2b85bada-bf96-6a38-9e05-000000000b00}
ProcessId: 10196
Image: C:\Program Files (x86)\Microsoft\Edge\Application\msedge.exe
TargetObject: HKLM\System\CurrentControlSet\Services\bam\State\UserSettings\S-1-5-21-3931421473-148499878-826545620-1000\\Device\HarddiskVolume4\Program Files (x86)\Microsoft\Edge\Application\msedge.exe
Details: Binary Data
User: WINDOWS11\vboxuser","13","2",,"4","13","0","-9223372036854775808","10036","Microsoft-Windows-Sysmon","5770385f-c22a-43e0-bf4c-06f5698ffbd9","Microsoft-Windows-Sysmon/Operational","3832","4316","Windows11","S-1-5-18","6/22/2026 12:53:08 AM",,,"Microsoft-Windows-Sysmon/Operational","System.UInt32[]","System.Diagnostics.Eventing.Reader.EventBookmark","Information","Info","Image loaded (rule: ImageLoad)","System.Collections.ObjectModel.ReadOnlyCollection`1[System.String]","System.Collections.Generic.List`1[System.Diagnostics.Eventing.Reader.EventProperty]"
"Image loaded:
RuleName: technique_id=T1574.002,technique_name=DLL Side-Loading
UtcTime: 2026-06-22 04:53:07.867
ProcessGuid: {2b85bada-bfb1-6a38-ac05-000000000b00}
ProcessId: 4212
Image: C:\Program Files (x86)\Microsoft\Edge\Application\msedge.exe
ImageLoaded: C:\Program Files\WindowsApps\Microsoft.HEVCVideoExtension_2.5.10.0_x64__8wekyb3d8bbwe\x64\HEVCDECODER_STORE.dll
FileVersion: 10.0.29578.1000 (WinBuild.160101.0800)
Description: Windows H265 Video Decoder
Product: Microsoft? Windows? Operating System
Company: Microsoft Corporation
OriginalFileName: hevcdecoder_store.dll
Hashes: SHA1=FC9B70161B552A329527F7576E13FD261E6501A0,MD5=C18B2EE253087C749174672F5B57D14E,SHA256=391FCB86286A995C0F0C05B2BD9233EC7A86F0DBE1CC413D16985DEA6AA201A8,IMPHASH=F5BFF57F4E00DD84BDAE6EC6F2522703
Signed: true
Signature: Microsoft Corporation
SignatureStatus: Valid
User: WINDOWS11\vboxuser","7","3",,"4","7","0","-9223372036854775808","10035","Microsoft-Windows-Sysmon","5770385f-c22a-43e0-bf4c-06f5698ffbd9","Microsoft-Windows-Sysmon/Operational","3832","4316","Windows11","S-1-5-18","6/22/2026 12:53:07 AM",,,"Microsoft-Windows-Sysmon/Operational","System.UInt32[]","System.Diagnostics.Eventing.Reader.EventBookmark","Information","Info","Image loaded (rule: ImageLoad)","System.Collections.ObjectModel.ReadOnlyCollection`1[System.String]","System.Collections.Generic.List`1[System.Diagnostics.Eventing.Reader.EventProperty]"
"Registry value set:
RuleName: -
EventType: SetValue
UtcTime: 2026-06-22 04:53:07.703
ProcessGuid: {2b85bada-6b78-6a38-5f05-000000000b00}
ProcessId: 5204
Image: C:\Program Files (x86)\Microsoft\Edge\Application\msedge.exe
TargetObject: HKLM\System\CurrentControlSet\Services\bam\State\UserSettings\S-1-5-21-3931421473-148499878-826545620-1000\\Device\HarddiskVolume4\Program Files (x86)\Microsoft\Edge\Application\msedge.exe
Details: Binary Data
User: WINDOWS11\vboxuser","13","2",,"4","13","0","-9223372036854775808","10034","Microsoft-Windows-Sysmon","5770385f-c22a-43e0-bf4c-06f5698ffbd9","Microsoft-Windows-Sysmon/Operational","3832","4316","Windows11","S-1-5-18","6/22/2026 12:53:07 AM",,,"Microsoft-Windows-Sysmon/Operational","System.UInt32[]","System.Diagnostics.Eventing.Reader.EventBookmark","Information","Info","Image loaded (rule: ImageLoad)","System.Collections.ObjectModel.ReadOnlyCollection`1[System.String]","System.Collections.Generic.List`1[System.Diagnostics.Eventing.Reader.EventProperty]"
"Registry value set:
RuleName: -
EventType: SetValue
UtcTime: 2026-06-22 04:53:05.860
ProcessGuid: {2b85bada-bf96-6a38-9e05-000000000b00}
ProcessId: 10196
Image: C:\Program Files (x86)\Microsoft\Edge\Application\msedge.exe
TargetObject: HKLM\System\CurrentControlSet\Services\bam\State\UserSettings\S-1-5-21-3931421473-148499878-826545620-1000\\Device\HarddiskVolume4\Program Files (x86)\Microsoft\Edge\Application\msedge.exe
Details: Binary Data
User: WINDOWS11\vboxuser","13","2",,"4","13","0","-9223372036854775808","10033","Microsoft-Windows-Sysmon","5770385f-c22a-43e0-bf4c-06f5698ffbd9","Microsoft-Windows-Sysmon/Operational","3832","4316","Windows11","S-1-5-18","6/22/2026 12:53:05 AM",,,"Microsoft-Windows-Sysmon/Operational","System.UInt32[]","System.Diagnostics.Eventing.Reader.EventBookmark","Information","Info","Image loaded (rule: ImageLoad)","System.Collections.ObjectModel.ReadOnlyCollection`1[System.String]","System.Collections.Generic.List`1[System.Diagnostics.Eventing.Reader.EventProperty]"
"File created:
RuleName: technique_id=T1574.010,technique_name=Services File Permissions Weakness
UtcTime: 2026-06-22 04:53:05.794
ProcessGuid: {2b85bada-bfaa-6a38-a405-000000000b00}
ProcessId: 2768
Image: C:\WINDOWS\system32\sppsvc.exe
TargetFilename: C:\Windows\System32\spp\store\2.0\data.dat.tmp
CreationUtcTime: 2026-06-22 04:53:01.306
User: NT AUTHORITY\NETWORK SERVICE","11","2",,"4","11","0","-9223372036854775808","10032","Microsoft-Windows-Sysmon","5770385f-c22a-43e0-bf4c-06f5698ffbd9","Microsoft-Windows-Sysmon/Operational","3832","4316","Windows11","S-1-5-18","6/22/2026 12:53:05 AM",,,"Microsoft-Windows-Sysmon/Operational","System.UInt32[]","System.Diagnostics.Eventing.Reader.EventBookmark","Information","Info","Image loaded (rule: ImageLoad)","System.Collections.ObjectModel.ReadOnlyCollection`1[System.String]","System.Collections.Generic.List`1[System.Diagnostics.Eventing.Reader.EventProperty]"
"Registry value set:
RuleName: -
EventType: SetValue
UtcTime: 2026-06-22 04:53:05.767
ProcessGuid: {2b85bada-bf96-6a38-9e05-000000000b00}
ProcessId: 10196
Image: C:\Program Files (x86)\Microsoft\Edge\Application\msedge.exe
TargetObject: HKLM\System\CurrentControlSet\Services\bam\State\UserSettings\S-1-5-21-3931421473-148499878-826545620-1000\\Device\HarddiskVolume4\Program Files (x86)\Microsoft\Edge\Application\msedge.exe
Details: Binary Data
User: WINDOWS11\vboxuser","13","2",,"4","13","0","-9223372036854775808","10031","Microsoft-Windows-Sysmon","5770385f-c22a-43e0-bf4c-06f5698ffbd9","Microsoft-Windows-Sysmon/Operational","3832","4316","Windows11","S-1-5-18","6/22/2026 12:53:05 AM",,,"Microsoft-Windows-Sysmon/Operational","System.UInt32[]","System.Diagnostics.Eventing.Reader.EventBookmark","Information","Info","Image loaded (rule: ImageLoad)","System.Collections.ObjectModel.ReadOnlyCollection`1[System.String]","System.Collections.Generic.List`1[System.Diagnostics.Eventing.Reader.EventProperty]"
"File created:
RuleName: technique_id=T1574.010,technique_name=Services File Permissions Weakness
UtcTime: 2026-06-22 04:53:03.840
ProcessGuid: {2b85bada-bfaa-6a38-a405-000000000b00}
ProcessId: 2768
Image: C:\WINDOWS\system32\sppsvc.exe
TargetFilename: C:\Windows\System32\spp\store\2.0\data.dat.tmp
CreationUtcTime: 2026-06-22 04:53:01.306
User: NT AUTHORITY\NETWORK SERVICE","11","2",,"4","11","0","-9223372036854775808","10030","Microsoft-Windows-Sysmon","5770385f-c22a-43e0-bf4c-06f5698ffbd9","Microsoft-Windows-Sysmon/Operational","3832","4316","Windows11","S-1-5-18","6/22/2026 12:53:03 AM",,,"Microsoft-Windows-Sysmon/Operational","System.UInt32[]","System.Diagnostics.Eventing.Reader.EventBookmark","Information","Info","Image loaded (rule: ImageLoad)","System.Collections.ObjectModel.ReadOnlyCollection`1[System.String]","System.Collections.Generic.List`1[System.Diagnostics.Eventing.Reader.EventProperty]"
"File created:
RuleName: technique_id=T1574.010,technique_name=Services File Permissions Weakness
UtcTime: 2026-06-22 04:53:03.751
ProcessGuid: {2b85bada-bfaa-6a38-a405-000000000b00}
ProcessId: 2768
Image: C:\WINDOWS\system32\sppsvc.exe
TargetFilename: C:\Windows\System32\spp\store\2.0\data.dat.tmp
CreationUtcTime: 2026-06-22 04:53:01.306
User: NT AUTHORITY\NETWORK SERVICE","11","2",,"4","11","0","-9223372036854775808","10029","Microsoft-Windows-Sysmon","5770385f-c22a-43e0-bf4c-06f5698ffbd9","Microsoft-Windows-Sysmon/Operational","3832","4316","Windows11","S-1-5-18","6/22/2026 12:53:03 AM",,,"Microsoft-Windows-Sysmon/Operational","System.UInt32[]","System.Diagnostics.Eventing.Reader.EventBookmark","Information","Info","Image loaded (rule: ImageLoad)","System.Collections.ObjectModel.ReadOnlyCollection`1[System.String]","System.Collections.Generic.List`1[System.Diagnostics.Eventing.Reader.EventProperty]"
"Process Create:
RuleName: technique_id=T1083,technique_name=File and Directory Discovery
UtcTime: 2026-06-22 04:53:03.092
ProcessGuid: {2b85bada-bfaf-6a38-aa05-000000000b00}
ProcessId: 9208
Image: C:\Program Files (x86)\Microsoft\Edge\Application\msedge.exe
FileVersion: 149.0.4022.80
Description: Microsoft Edge
Product: Microsoft Edge
Company: Microsoft Corporation
OriginalFileName: msedge.exe
CommandLine: ""C:\Program Files (x86)\Microsoft\Edge\Application\msedge.exe"" --type=crashpad-handler ""--user-data-dir=C:\Users\vboxuser\AppData\Local\Microsoft\Edge\User Data"" /prefetch:4 --monitor-self-annotation=ptype=crashpad-handler ""--database=C:\Users\vboxuser\AppData\Local\Microsoft\Edge\User Data\Crashpad"" --annotation=IsOfficialBuild=1 --annotation=channel= --annotation=chromium-version=149.0.7827.156 ""--annotation=exe=C:\Program Files (x86)\Microsoft\Edge\Application\msedge.exe"" --annotation=plat=Win64 --annotation=prod=Edge --annotation=ver=149.0.4022.80 --initial-client-data=0x26c,0x270,0x274,0x268,0x238,0x7ff829739c38,0x7ff829739c44,0x7ff829739c50
CurrentDirectory: C:\Program Files (x86)\Microsoft\Edge\Application\149.0.4022.80\
User: WINDOWS11\vboxuser
LogonGuid: {2b85bada-fa92-6a37-f7f9-060000000000}
LogonId: 0x6F9F7
TerminalSessionId: 1
IntegrityLevel: Medium
Hashes: SHA1=6C861D65A2E747EDBE635B2A05B1D50831AAC33A,MD5=2E2D33C266CA20D61A03678D566C6D59,SHA256=A0803D17C8FFDD1E2B206A5A88D2695F8D28D1288CA41C63D90F1B57E733A640,IMPHASH=648A691435F42AF39B96F360C4FA9448
ParentProcessGuid: {2b85bada-bf96-6a38-9e05-000000000b00}
ParentProcessId: 10196
ParentImage: C:\Program Files (x86)\Microsoft\Edge\Application\msedge.exe
ParentCommandLine: ""C:\Program Files (x86)\Microsoft\Edge\Application\msedge.exe"" --flag-switches-begin --flag-switches-end --no-startup-window
ParentUser: WINDOWS11\vboxuser","1","5",,"4","1","0","-9223372036854775808","10028","Microsoft-Windows-Sysmon","5770385f-c22a-43e0-bf4c-06f5698ffbd9","Microsoft-Windows-Sysmon/Operational","3832","4316","Windows11","S-1-5-18","6/22/2026 12:53:03 AM",,,"Microsoft-Windows-Sysmon/Operational","System.UInt32[]","System.Diagnostics.Eventing.Reader.EventBookmark","Information","Info","Image loaded (rule: ImageLoad)","System.Collections.ObjectModel.ReadOnlyCollection`1[System.String]","System.Collections.Generic.List`1[System.Diagnostics.Eventing.Reader.EventProperty]"
"Registry value set:
RuleName: -
EventType: SetValue
UtcTime: 2026-06-22 04:53:03.145
ProcessGuid: {2b85bada-bf96-6a38-9e05-000000000b00}
ProcessId: 10196
Image: C:\Program Files (x86)\Microsoft\Edge\Application\msedge.exe
TargetObject: HKLM\System\CurrentControlSet\Services\bam\State\UserSettings\S-1-5-21-3931421473-148499878-826545620-1000\\Device\HarddiskVolume4\Program Files (x86)\Microsoft\Edge\Application\msedge.exe
Details: Binary Data
User: WINDOWS11\vboxuser","13","2",,"4","13","0","-9223372036854775808","10027","Microsoft-Windows-Sysmon","5770385f-c22a-43e0-bf4c-06f5698ffbd9","Microsoft-Windows-Sysmon/Operational","3832","4316","Windows11","S-1-5-18","6/22/2026 12:53:03 AM",,,"Microsoft-Windows-Sysmon/Operational","System.UInt32[]","System.Diagnostics.Eventing.Reader.EventBookmark","Information","Info","Image loaded (rule: ImageLoad)","System.Collections.ObjectModel.ReadOnlyCollection`1[System.String]","System.Collections.Generic.List`1[System.Diagnostics.Eventing.Reader.EventProperty]"
"Pipe Created:
RuleName: -
EventType: CreatePipe
UtcTime: 2026-06-22 04:53:03.076
ProcessGuid: {2b85bada-bf96-6a38-9e05-000000000b00}
ProcessId: 10196
PipeName: \crashpad_10196_RVJTRVYBCZDFVIPN
Image: C:\Program Files (x86)\Microsoft\Edge\Application\msedge.exe
User: WINDOWS11\vboxuser","17","1",,"4","17","0","-9223372036854775808","10026","Microsoft-Windows-Sysmon","5770385f-c22a-43e0-bf4c-06f5698ffbd9","Microsoft-Windows-Sysmon/Operational","3832","4316","Windows11","S-1-5-18","6/22/2026 12:53:03 AM",,,"Microsoft-Windows-Sysmon/Operational","System.UInt32[]","System.Diagnostics.Eventing.Reader.EventBookmark","Information","Info","Image loaded (rule: ImageLoad)","System.Collections.ObjectModel.ReadOnlyCollection`1[System.String]","System.Collections.Generic.List`1[System.Diagnostics.Eventing.Reader.EventProperty]"
"Image loaded:
RuleName: technique_id=T1574.002,technique_name=DLL Side-Loading
UtcTime: 2026-06-22 04:53:02.651
ProcessGuid: {2b85bada-bfac-6a38-a705-000000000b00}
ProcessId: 9756
Image: C:\Windows\System32\svchost.exe
ImageLoaded: C:\ProgramData\Microsoft\Windows Defender\Platform\4.18.26050.15-0\MpOAV.dll
FileVersion: 4.18.26050.15 (b7ae6fb185fe12f8ad81cb6d4ade5982e03d0a61)
Description: IOfficeAntiVirus Module
Product: Microsoft? Windows? Operating System
Company: Microsoft Corporation
OriginalFileName: MpOAV.dll
Hashes: SHA1=322D9905BF44982B8C0134B192C5D1E538771220,MD5=1A3B3EDB5B4D5FE79065DD302BD16ECE,SHA256=91B182A4A9E0432626E276709E545AE66EA0C53FB897C44992FF40059B982400,IMPHASH=CC43AB27A270D75BB9B498D08175E55B
Signed: true
Signature: Microsoft Windows
SignatureStatus: Valid
User: NT AUTHORITY\SYSTEM","7","3",,"4","7","0","-9223372036854775808","10025","Microsoft-Windows-Sysmon","5770385f-c22a-43e0-bf4c-06f5698ffbd9","Microsoft-Windows-Sysmon/Operational","3832","4316","Windows11","S-1-5-18","6/22/2026 12:53:02 AM",,,"Microsoft-Windows-Sysmon/Operational","System.UInt32[]","System.Diagnostics.Eventing.Reader.EventBookmark","Information","Info","Image loaded (rule: ImageLoad)","System.Collections.ObjectModel.ReadOnlyCollection`1[System.String]","System.Collections.Generic.List`1[System.Diagnostics.Eventing.Reader.EventProperty]"
"Image loaded:
RuleName: technique_id=T1059.001,technique_name=PowerShell
UtcTime: 2026-06-22 04:53:02.637
ProcessGuid: {2b85bada-bfac-6a38-a705-000000000b00}
ProcessId: 9756
Image: C:\Windows\System32\svchost.exe
ImageLoaded: C:\Windows\System32\amsi.dll
FileVersion: 10.0.26100.7309 (WinBuild.160101.0800)
Description: Anti-Malware Scan Interface
Product: Microsoft? Windows? Operating System
Company: Microsoft Corporation
OriginalFileName: amsi.dll
Hashes: SHA1=4C6F8D7A04EE5A9177475708929C71863BCB3F54,MD5=C197ACDDB6CCFAFBA5E9446722403DDD,SHA256=9DF7AD9E6826AB76294A91BEF274696EE13D18A8CEBABCD5C4C352A3D1141DF3,IMPHASH=2113D3CE4C8FBF73EBAC7ABC70D78752
Signed: true
Signature: Microsoft Windows
SignatureStatus: Valid
User: NT AUTHORITY\SYSTEM","7","3",,"4","7","0","-9223372036854775808","10024","Microsoft-Windows-Sysmon","5770385f-c22a-43e0-bf4c-06f5698ffbd9","Microsoft-Windows-Sysmon/Operational","3832","4316","Windows11","S-1-5-18","6/22/2026 12:53:02 AM",,,"Microsoft-Windows-Sysmon/Operational","System.UInt32[]","System.Diagnostics.Eventing.Reader.EventBookmark","Information","Info","Image loaded (rule: ImageLoad)","System.Collections.ObjectModel.ReadOnlyCollection`1[System.String]","System.Collections.Generic.List`1[System.Diagnostics.Eventing.Reader.EventProperty]"
"File created:
RuleName: technique_id=T1574.010,technique_name=Services File Permissions Weakness
UtcTime: 2026-06-22 04:53:01.309
ProcessGuid: {2b85bada-bfaa-6a38-a405-000000000b00}
ProcessId: 2768
Image: C:\WINDOWS\system32\sppsvc.exe
TargetFilename: C:\Windows\System32\spp\store\2.0\data.dat.tmp
CreationUtcTime: 2026-06-22 04:53:01.306
User: NT AUTHORITY\NETWORK SERVICE","11","2",,"4","11","0","-9223372036854775808","10023","Microsoft-Windows-Sysmon","5770385f-c22a-43e0-bf4c-06f5698ffbd9","Microsoft-Windows-Sysmon/Operational","3832","4316","Windows11","S-1-5-18","6/22/2026 12:53:01 AM",,,"Microsoft-Windows-Sysmon/Operational","System.UInt32[]","System.Diagnostics.Eventing.Reader.EventBookmark","Information","Info","Image loaded (rule: ImageLoad)","System.Collections.ObjectModel.ReadOnlyCollection`1[System.String]","System.Collections.Generic.List`1[System.Diagnostics.Eventing.Reader.EventProperty]"
"File created:
RuleName: technique_id=T1574.010,technique_name=Services File Permissions Weakness
UtcTime: 2026-06-22 04:53:01.284
ProcessGuid: {2b85bada-bfac-6a38-a705-000000000b00}
ProcessId: 9756
Image: C:\WINDOWS\system32\svchost.exe
TargetFilename: C:\Windows\WindowsUpdate.log
CreationUtcTime: 2026-06-19 06:05:39.291
User: NT AUTHORITY\SYSTEM","11","2",,"4","11","0","-9223372036854775808","10022","Microsoft-Windows-Sysmon","5770385f-c22a-43e0-bf4c-06f5698ffbd9","Microsoft-Windows-Sysmon/Operational","3832","4316","Windows11","S-1-5-18","6/22/2026 12:53:01 AM",,,"Microsoft-Windows-Sysmon/Operational","System.UInt32[]","System.Diagnostics.Eventing.Reader.EventBookmark","Information","Info","Image loaded (rule: ImageLoad)","System.Collections.ObjectModel.ReadOnlyCollection`1[System.String]","System.Collections.Generic.List`1[System.Diagnostics.Eventing.Reader.EventProperty]"
"File created:
RuleName: technique_id=T1574.010,technique_name=Services File Permissions Weakness
UtcTime: 2026-06-22 04:53:00.864
ProcessGuid: {2b85bada-bfac-6a38-a705-000000000b00}
ProcessId: 9756
Image: C:\WINDOWS\system32\svchost.exe
TargetFilename: C:\Windows\Logs\WindowsUpdate\WindowsUpdate.20260622.005300.797.1.etl
CreationUtcTime: 2026-06-22 04:53:00.797
User: NT AUTHORITY\SYSTEM","11","2",,"4","11","0","-9223372036854775808","10021","Microsoft-Windows-Sysmon","5770385f-c22a-43e0-bf4c-06f5698ffbd9","Microsoft-Windows-Sysmon/Operational","3832","4316","Windows11","S-1-5-18","6/22/2026 12:53:00 AM",,,"Microsoft-Windows-Sysmon/Operational","System.UInt32[]","System.Diagnostics.Eventing.Reader.EventBookmark","Information","Info","Image loaded (rule: ImageLoad)","System.Collections.ObjectModel.ReadOnlyCollection`1[System.String]","System.Collections.Generic.List`1[System.Diagnostics.Eventing.Reader.EventProperty]"
"Network connection detected:
RuleName: technique_id=T1571,technique_name=Non-Standard Port
UtcTime: 2026-06-22 04:53:39.453
ProcessGuid: {2b85bada-fa84-6a37-3000-000000000b00}
ProcessId: 2308
Image: C:\Windows\System32\svchost.exe
User: NT AUTHORITY\NETWORK SERVICE
Protocol: udp
Initiated: false
SourceIsIpv6: true
SourceIp: ff02:0:0:0:0:0:0:fb
SourceHostname: -
SourcePort: 5353
SourcePortName: -
DestinationIsIpv6: true
DestinationIp: fe80:0:0:0:484:5541:4c2c:b0cc
DestinationHostname: -
DestinationPort: 5353
DestinationPortName: -","3","5",,"4","3","0","-9223372036854775808","10020","Microsoft-Windows-Sysmon","5770385f-c22a-43e0-bf4c-06f5698ffbd9","Microsoft-Windows-Sysmon/Operational","3832","4324","Windows11","S-1-5-18","6/22/2026 12:52:57 AM",,,"Microsoft-Windows-Sysmon/Operational","System.UInt32[]","System.Diagnostics.Eventing.Reader.EventBookmark","Information","Info","Image loaded (rule: ImageLoad)","System.Collections.ObjectModel.ReadOnlyCollection`1[System.String]","System.Collections.Generic.List`1[System.Diagnostics.Eventing.Reader.EventProperty]"
"Network connection detected:
RuleName: technique_id=T1571,technique_name=Non-Standard Port
UtcTime: 2026-06-22 04:53:39.447
ProcessGuid: {2b85bada-fa84-6a37-3000-000000000b00}
ProcessId: 2308
Image: C:\Windows\System32\svchost.exe
User: NT AUTHORITY\NETWORK SERVICE
Protocol: udp
Initiated: false
SourceIsIpv6: false
SourceIp: 224.0.0.251
SourceHostname: -
SourcePort: 5353
SourcePortName: -
DestinationIsIpv6: false
DestinationIp: 192.168.5.127
DestinationHostname: -
DestinationPort: 5353
DestinationPortName: -","3","5",,"4","3","0","-9223372036854775808","10019","Microsoft-Windows-Sysmon","5770385f-c22a-43e0-bf4c-06f5698ffbd9","Microsoft-Windows-Sysmon/Operational","3832","4324","Windows11","S-1-5-18","6/22/2026 12:52:56 AM",,,"Microsoft-Windows-Sysmon/Operational","System.UInt32[]","System.Diagnostics.Eventing.Reader.EventBookmark","Information","Info","Image loaded (rule: ImageLoad)","System.Collections.ObjectModel.ReadOnlyCollection`1[System.String]","System.Collections.Generic.List`1[System.Diagnostics.Eventing.Reader.EventProperty]"
"Registry value set:
RuleName: -
EventType: SetValue
UtcTime: 2026-06-22 04:52:55.373
ProcessGuid: {2b85bada-bf9e-6a38-a005-000000000b00}
ProcessId: 4756
Image: C:\WINDOWS\system32\conhost.exe
TargetObject: HKLM\System\CurrentControlSet\Services\bam\State\UserSettings\S-1-5-18\\Device\HarddiskVolume4\Windows\System32\conhost.exe
Details: Binary Data
User: NT AUTHORITY\SYSTEM","13","2",,"4","13","0","-9223372036854775808","10018","Microsoft-Windows-Sysmon","5770385f-c22a-43e0-bf4c-06f5698ffbd9","Microsoft-Windows-Sysmon/Operational","3832","4316","Windows11","S-1-5-18","6/22/2026 12:52:55 AM",,,"Microsoft-Windows-Sysmon/Operational","System.UInt32[]","System.Diagnostics.Eventing.Reader.EventBookmark","Information","Info","Image loaded (rule: ImageLoad)","System.Collections.ObjectModel.ReadOnlyCollection`1[System.String]","System.Collections.Generic.List`1[System.Diagnostics.Eventing.Reader.EventProperty]"
"Registry value set:
RuleName: -
EventType: SetValue
UtcTime: 2026-06-22 04:52:55.051
ProcessGuid: {2b85bada-bf9d-6a38-9f05-000000000b00}
ProcessId: 2076
Image: C:\WINDOWS\System32\sdbinst.exe
TargetObject: HKLM\SOFTWARE\Microsoft\Windows NT\CurrentVersion\AppCompatFlags\SdbUpdates\msimain.sdb\01DA54B25CE0D000.msimain.sdb\FriendlyName
Details: Microsoft System Installer Compatibility Database
User: NT AUTHORITY\SYSTEM","13","2",,"4","13","0","-9223372036854775808","10017","Microsoft-Windows-Sysmon","5770385f-c22a-43e0-bf4c-06f5698ffbd9","Microsoft-Windows-Sysmon/Operational","3832","4316","Windows11","S-1-5-18","6/22/2026 12:52:55 AM",,,"Microsoft-Windows-Sysmon/Operational","System.UInt32[]","System.Diagnostics.Eventing.Reader.EventBookmark","Information","Info","Image loaded (rule: ImageLoad)","System.Collections.ObjectModel.ReadOnlyCollection`1[System.String]","System.Collections.Generic.List`1[System.Diagnostics.Eventing.Reader.EventProperty]"
"File created:
RuleName: technique_id=T1574.010,technique_name=Services File Permissions Weakness
UtcTime: 2026-06-22 04:52:55.039
ProcessGuid: {2b85bada-bf9d-6a38-9f05-000000000b00}
ProcessId: 2076
Image: C:\WINDOWS\System32\sdbinst.exe
TargetFilename: C:\Windows\apppatch\MergeSdbFiles\01DA54B25CE0D000.msimain.sdb
CreationUtcTime: 2026-06-19 06:14:04.457
User: NT AUTHORITY\SYSTEM","11","2",,"4","11","0","-9223372036854775808","10016","Microsoft-Windows-Sysmon","5770385f-c22a-43e0-bf4c-06f5698ffbd9","Microsoft-Windows-Sysmon/Operational","3832","4316","Windows11","S-1-5-18","6/22/2026 12:52:55 AM",,,"Microsoft-Windows-Sysmon/Operational","System.UInt32[]","System.Diagnostics.Eventing.Reader.EventBookmark","Information","Info","Image loaded (rule: ImageLoad)","System.Collections.ObjectModel.ReadOnlyCollection`1[System.String]","System.Collections.Generic.List`1[System.Diagnostics.Eventing.Reader.EventProperty]"
"Image loaded:
RuleName: technique_id=T1047,technique_name=Windows Management Instrumentation
UtcTime: 2026-06-22 04:52:53.058
ProcessGuid: {2b85bada-bfa4-6a38-a105-000000000b00}
ProcessId: 8912
Image: C:\Windows\System32\wbem\WmiPrvSE.exe
ImageLoaded: C:\Windows\System32\wbem\wmiutils.dll
FileVersion: 10.0.26100.8521 (WinBuild.160101.0800)
Description: WMI
Product: Microsoft? Windows? Operating System
Company: Microsoft Corporation
OriginalFileName: wmiutils.dll
Hashes: SHA1=7FAF13DBFCAE92C36D0CB11D6B5B2848146F02E1,MD5=C4DBB3FDA78841B97498D4CB65280DB8,SHA256=C320154BB59F10E90703786B71D65132E6189649E1AB98F89E36C18F98E32F91,IMPHASH=472A202488B9A8A8072E75ADE4EC1496
Signed: true
Signature: Microsoft Windows
SignatureStatus: Valid
User: NT AUTHORITY\NETWORK SERVICE","7","3",,"4","7","0","-9223372036854775808","10015","Microsoft-Windows-Sysmon","5770385f-c22a-43e0-bf4c-06f5698ffbd9","Microsoft-Windows-Sysmon/Operational","3832","4316","Windows11","S-1-5-18","6/22/2026 12:52:53 AM",,,"Microsoft-Windows-Sysmon/Operational","System.UInt32[]","System.Diagnostics.Eventing.Reader.EventBookmark","Information","Info","Image loaded (rule: ImageLoad)","System.Collections.ObjectModel.ReadOnlyCollection`1[System.String]","System.Collections.Generic.List`1[System.Diagnostics.Eventing.Reader.EventProperty]"
"Process Create:
RuleName: technique_id=T1047,technique_name=Windows Management Instrumentation
UtcTime: 2026-06-22 04:52:52.768
ProcessGuid: {2b85bada-bfa4-6a38-a105-000000000b00}
ProcessId: 8912
Image: C:\Windows\System32\wbem\WmiPrvSE.exe
FileVersion: 10.0.26100.8521 (WinBuild.160101.0800)
Description: WMI Provider Host
Product: Microsoft? Windows? Operating System
Company: Microsoft Corporation
OriginalFileName: Wmiprvse.exe
CommandLine: C:\WINDOWS\system32\wbem\wmiprvse.exe -secured -Embedding
CurrentDirectory: C:\WINDOWS\system32\
User: NT AUTHORITY\NETWORK SERVICE
LogonGuid: {2b85bada-fa82-6a37-e403-000000000000}
LogonId: 0x3E4
TerminalSessionId: 0
IntegrityLevel: System
Hashes: SHA1=BEC8A3259CF8063BC2779AC35CF4F026EB440D1B,MD5=41E7B0AC41AB2F090C8CAEA736981F4E,SHA256=6A94D40BF022871C2C91EF67B60CCF42814447FC6090C96509A8EE94A11C5212,IMPHASH=9B12E09D30AA8E8200298E4737C9F1FC
ParentProcessGuid: {2b85bada-fa82-6a37-0d00-000000000b00}
ParentProcessId: 624
ParentImage: C:\Windows\System32\svchost.exe
ParentCommandLine: C:\WINDOWS\system32\svchost.exe -k DcomLaunch -p
ParentUser: NT AUTHORITY\SYSTEM","1","5",,"4","1","0","-9223372036854775808","10014","Microsoft-Windows-Sysmon","5770385f-c22a-43e0-bf4c-06f5698ffbd9","Microsoft-Windows-Sysmon/Operational","3832","4316","Windows11","S-1-5-18","6/22/2026 12:52:52 AM",,,"Microsoft-Windows-Sysmon/Operational","System.UInt32[]","System.Diagnostics.Eventing.Reader.EventBookmark","Information","Info","Image loaded (rule: ImageLoad)","System.Collections.ObjectModel.ReadOnlyCollection`1[System.String]","System.Collections.Generic.List`1[System.Diagnostics.Eventing.Reader.EventProperty]"
"Network connection detected:
RuleName: technique_id=T1571,technique_name=Non-Standard Port
UtcTime: 2026-06-22 04:53:34.736
ProcessGuid: {2b85bada-fa84-6a37-3000-000000000b00}
ProcessId: 2308
Image: C:\Windows\System32\svchost.exe
User: NT AUTHORITY\NETWORK SERVICE
Protocol: udp
Initiated: false
SourceIsIpv6: false
SourceIp: 224.0.0.251
SourceHostname: -
SourcePort: 5353
SourcePortName: -
DestinationIsIpv6: false
DestinationIp: 192.168.5.174
DestinationHostname: -
DestinationPort: 5353
DestinationPortName: -","3","5",,"4","3","0","-9223372036854775808","10013","Microsoft-Windows-Sysmon","5770385f-c22a-43e0-bf4c-06f5698ffbd9","Microsoft-Windows-Sysmon/Operational","3832","4324","Windows11","S-1-5-18","6/22/2026 12:52:52 AM",,,"Microsoft-Windows-Sysmon/Operational","System.UInt32[]","System.Diagnostics.Eventing.Reader.EventBookmark","Information","Info","Image loaded (rule: ImageLoad)","System.Collections.ObjectModel.ReadOnlyCollection`1[System.String]","System.Collections.Generic.List`1[System.Diagnostics.Eventing.Reader.EventProperty]"
"Registry value set:
RuleName: -
EventType: SetValue
UtcTime: 2026-06-22 04:52:51.618
ProcessGuid: {2b85bada-bf9d-6a38-9f05-000000000b00}
ProcessId: 2076
Image: C:\WINDOWS\System32\sdbinst.exe
TargetObject: HKLM\SOFTWARE\Microsoft\Windows NT\CurrentVersion\AppCompatFlags\SdbUpdates\sysmain.sdb\01DA54B25CE0D000.sysmain.sdb\FriendlyName
Details: Microsoft Windows Application Compatibility Fix Database
User: NT AUTHORITY\SYSTEM","13","2",,"4","13","0","-9223372036854775808","10012","Microsoft-Windows-Sysmon","5770385f-c22a-43e0-bf4c-06f5698ffbd9","Microsoft-Windows-Sysmon/Operational","3832","4316","Windows11","S-1-5-18","6/22/2026 12:52:51 AM",,,"Microsoft-Windows-Sysmon/Operational","System.UInt32[]","System.Diagnostics.Eventing.Reader.EventBookmark","Information","Info","Image loaded (rule: ImageLoad)","System.Collections.ObjectModel.ReadOnlyCollection`1[System.String]","System.Collections.Generic.List`1[System.Diagnostics.Eventing.Reader.EventProperty]"
"File created:
RuleName: technique_id=T1574.010,technique_name=Services File Permissions Weakness
UtcTime: 2026-06-22 04:52:50.891
ProcessGuid: {2b85bada-bf9d-6a38-9f05-000000000b00}
ProcessId: 2076
Image: C:\WINDOWS\System32\sdbinst.exe
TargetFilename: C:\Windows\apppatch\MergeSdbFiles\01DA54B25CE0D000.sysmain.sdb
CreationUtcTime: 2026-06-19 06:14:04.450
User: NT AUTHORITY\SYSTEM","11","2",,"4","11","0","-9223372036854775808","10011","Microsoft-Windows-Sysmon","5770385f-c22a-43e0-bf4c-06f5698ffbd9","Microsoft-Windows-Sysmon/Operational","3832","4316","Windows11","S-1-5-18","6/22/2026 12:52:50 AM",,,"Microsoft-Windows-Sysmon/Operational","System.UInt32[]","System.Diagnostics.Eventing.Reader.EventBookmark","Information","Info","Image loaded (rule: ImageLoad)","System.Collections.ObjectModel.ReadOnlyCollection`1[System.String]","System.Collections.Generic.List`1[System.Diagnostics.Eventing.Reader.EventProperty]"
"File created:
RuleName: -
UtcTime: 2026-06-22 04:52:47.036
ProcessGuid: {2b85bada-fa83-6a37-1c00-000000000b00}
ProcessId: 1548
Image: C:\WINDOWS\system32\svchost.exe
TargetFilename: C:\Windows\System32\Tasks\SoftLanding\S-1-5-21-3931421473-148499878-826545620-1000\SoftLandingDeferralTask-{525fd401-33ae-46fe-9994-766890be1d8f}
CreationUtcTime: 2026-06-22 04:52:47.014
User: NT AUTHORITY\SYSTEM","11","2",,"4","11","0","-9223372036854775808","10010","Microsoft-Windows-Sysmon","5770385f-c22a-43e0-bf4c-06f5698ffbd9","Microsoft-Windows-Sysmon/Operational","3832","4316","Windows11","S-1-5-18","6/22/2026 12:52:47 AM",,,"Microsoft-Windows-Sysmon/Operational","System.UInt32[]","System.Diagnostics.Eventing.Reader.EventBookmark","Information","Info","Image loaded (rule: ImageLoad)","System.Collections.ObjectModel.ReadOnlyCollection`1[System.String]","System.Collections.Generic.List`1[System.Diagnostics.Eventing.Reader.EventProperty]"
"Registry value set:
RuleName: technique_id=T1053,technique_name=Scheduled Task
EventType: SetValue
UtcTime: 2026-06-22 04:52:46.902
ProcessGuid: {2b85bada-fa83-6a37-1c00-000000000b00}
ProcessId: 1548
Image: C:\WINDOWS\system32\svchost.exe
TargetObject: HKLM\SOFTWARE\Microsoft\Windows NT\CurrentVersion\Schedule\TaskCache\Tree\SoftLanding\S-1-5-21-3931421473-148499878-826545620-1000\SoftLandingDeferralTask-{525fd401-33ae-46fe-9994-766890be1d8f}\Index
Details: DWORD (0x00000003)
User: NT AUTHORITY\SYSTEM","13","2",,"4","13","0","-9223372036854775808","10009","Microsoft-Windows-Sysmon","5770385f-c22a-43e0-bf4c-06f5698ffbd9","Microsoft-Windows-Sysmon/Operational","3832","4316","Windows11","S-1-5-18","6/22/2026 12:52:46 AM",,,"Microsoft-Windows-Sysmon/Operational","System.UInt32[]","System.Diagnostics.Eventing.Reader.EventBookmark","Information","Info","Image loaded (rule: ImageLoad)","System.Collections.ObjectModel.ReadOnlyCollection`1[System.String]","System.Collections.Generic.List`1[System.Diagnostics.Eventing.Reader.EventProperty]"
"Registry value set:
RuleName: technique_id=T1053,technique_name=Scheduled Task
EventType: SetValue
UtcTime: 2026-06-22 04:52:46.902
ProcessGuid: {2b85bada-fa83-6a37-1c00-000000000b00}
ProcessId: 1548
Image: C:\WINDOWS\system32\svchost.exe
TargetObject: HKLM\SOFTWARE\Microsoft\Windows NT\CurrentVersion\Schedule\TaskCache\Tree\SoftLanding\S-1-5-21-3931421473-148499878-826545620-1000\SoftLandingDeferralTask-{525fd401-33ae-46fe-9994-766890be1d8f}\Id
Details: {11B7ED7E-0676-43DC-B831-330447D45843}
User: NT AUTHORITY\SYSTEM","13","2",,"4","13","0","-9223372036854775808","10008","Microsoft-Windows-Sysmon","5770385f-c22a-43e0-bf4c-06f5698ffbd9","Microsoft-Windows-Sysmon/Operational","3832","4316","Windows11","S-1-5-18","6/22/2026 12:52:46 AM",,,"Microsoft-Windows-Sysmon/Operational","System.UInt32[]","System.Diagnostics.Eventing.Reader.EventBookmark","Information","Info","Image loaded (rule: ImageLoad)","System.Collections.ObjectModel.ReadOnlyCollection`1[System.String]","System.Collections.Generic.List`1[System.Diagnostics.Eventing.Reader.EventProperty]"
"Registry value set:
RuleName: technique_id=T1053,technique_name=Scheduled Task
EventType: SetValue
UtcTime: 2026-06-22 04:52:46.902
ProcessGuid: {2b85bada-fa83-6a37-1c00-000000000b00}
ProcessId: 1548
Image: C:\WINDOWS\system32\svchost.exe
TargetObject: HKLM\SOFTWARE\Microsoft\Windows NT\CurrentVersion\Schedule\TaskCache\Tree\SoftLanding\S-1-5-21-3931421473-148499878-826545620-1000\SoftLandingDeferralTask-{525fd401-33ae-46fe-9994-766890be1d8f}\SD
Details: Binary Data
User: NT AUTHORITY\SYSTEM","13","2",,"4","13","0","-9223372036854775808","10007","Microsoft-Windows-Sysmon","5770385f-c22a-43e0-bf4c-06f5698ffbd9","Microsoft-Windows-Sysmon/Operational","3832","4316","Windows11","S-1-5-18","6/22/2026 12:52:46 AM",,,"Microsoft-Windows-Sysmon/Operational","System.UInt32[]","System.Diagnostics.Eventing.Reader.EventBookmark","Information","Info","Image loaded (rule: ImageLoad)","System.Collections.ObjectModel.ReadOnlyCollection`1[System.String]","System.Collections.Generic.List`1[System.Diagnostics.Eventing.Reader.EventProperty]"
"Registry value set:
RuleName: technique_id=T1053,technique_name=Scheduled Task
EventType: SetValue
UtcTime: 2026-06-22 04:52:46.524
ProcessGuid: {2b85bada-fa83-6a37-1c00-000000000b00}
ProcessId: 1548
Image: C:\WINDOWS\system32\svchost.exe
TargetObject: HKLM\SOFTWARE\Microsoft\Windows NT\CurrentVersion\Schedule\TaskCache\Tree\SoftLanding\S-1-5-21-3931421473-148499878-826545620-1000\SoftLandingTriggerTask-128000000001615609-render-{84846284-e835-4065-b68b-49a8166c597e}\Index
Details: DWORD (0x00000003)
User: NT AUTHORITY\SYSTEM","13","2",,"4","13","0","-9223372036854775808","10006","Microsoft-Windows-Sysmon","5770385f-c22a-43e0-bf4c-06f5698ffbd9","Microsoft-Windows-Sysmon/Operational","3832","4316","Windows11","S-1-5-18","6/22/2026 12:52:46 AM",,,"Microsoft-Windows-Sysmon/Operational","System.UInt32[]","System.Diagnostics.Eventing.Reader.EventBookmark","Information","Info","Image loaded (rule: ImageLoad)","System.Collections.ObjectModel.ReadOnlyCollection`1[System.String]","System.Collections.Generic.List`1[System.Diagnostics.Eventing.Reader.EventProperty]"
"Registry value set:
RuleName: -
EventType: SetValue
UtcTime: 2026-06-22 04:52:46.247
ProcessGuid: {2b85bada-bf9d-6a38-9f05-000000000b00}
ProcessId: 2076
Image: C:\WINDOWS\System32\sdbinst.exe
TargetObject: HKLM\System\CurrentControlSet\Services\bam\State\UserSettings\S-1-5-18\\Device\HarddiskVolume4\Windows\System32\conhost.exe
Details: Binary Data
User: NT AUTHORITY\SYSTEM","13","2",,"4","13","0","-9223372036854775808","10005","Microsoft-Windows-Sysmon","5770385f-c22a-43e0-bf4c-06f5698ffbd9","Microsoft-Windows-Sysmon/Operational","3832","4316","Windows11","S-1-5-18","6/22/2026 12:52:46 AM",,,"Microsoft-Windows-Sysmon/Operational","System.UInt32[]","System.Diagnostics.Eventing.Reader.EventBookmark","Information","Info","Image loaded (rule: ImageLoad)","System.Collections.ObjectModel.ReadOnlyCollection`1[System.String]","System.Collections.Generic.List`1[System.Diagnostics.Eventing.Reader.EventProperty]"
"Process Create:
RuleName: technique_id=T1546.011,technique_name=Application Shimming
UtcTime: 2026-06-22 04:52:45.941
ProcessGuid: {2b85bada-bf9d-6a38-9f05-000000000b00}
ProcessId: 2076
Image: C:\Windows\System32\sdbinst.exe
FileVersion: 10.0.26100.8521 (WinBuild.160101.0800)
Description: Application Compatibility Database Installer
Product: Microsoft? Windows? Operating System
Company: Microsoft Corporation
OriginalFileName: sdbinst.exe
CommandLine: C:\WINDOWS\System32\sdbinst.exe -m -bg
CurrentDirectory: C:\WINDOWS\system32\
User: NT AUTHORITY\SYSTEM
LogonGuid: {2b85bada-fa81-6a37-e703-000000000000}
LogonId: 0x3E7
TerminalSessionId: 0
IntegrityLevel: System
Hashes: SHA1=660858E5FD4F7B2E73C97650F8FDB76236CD954B,MD5=AC9E83F1C96BC7E1152227DEF3C3BE71,SHA256=1959DF6DAA797A92AB684D0BC3C9F4E0C096619181D0F441CA57456BDF66655A,IMPHASH=1B6EE3C1899EA90A8A3811555E1DA64E
ParentProcessGuid: {2b85bada-fb0e-6a37-3301-000000000b00}
ParentProcessId: 7336
ParentImage: C:\Windows\System32\svchost.exe
ParentCommandLine: C:\WINDOWS\system32\svchost.exe -k LocalSystemNetworkRestricted -p -s PcaSvc
ParentUser: NT AUTHORITY\SYSTEM","1","5",,"4","1","0","-9223372036854775808","10004","Microsoft-Windows-Sysmon","5770385f-c22a-43e0-bf4c-06f5698ffbd9","Microsoft-Windows-Sysmon/Operational","3832","4316","Windows11","S-1-5-18","6/22/2026 12:52:46 AM",,,"Microsoft-Windows-Sysmon/Operational","System.UInt32[]","System.Diagnostics.Eventing.Reader.EventBookmark","Information","Info","Image loaded (rule: ImageLoad)","System.Collections.ObjectModel.ReadOnlyCollection`1[System.String]","System.Collections.Generic.List`1[System.Diagnostics.Eventing.Reader.EventProperty]"
"File created:
RuleName: technique_id=T1574.010,technique_name=Services File Permissions Weakness
UtcTime: 2026-06-22 04:52:45.682
ProcessGuid: {2b85bada-fb0d-6a37-2e01-000000000b00}
ProcessId: 9212
Image: C:\WINDOWS\System32\svchost.exe
TargetFilename: C:\Windows\ServiceProfiles\NetworkService\AppData\Local\Microsoft\Windows\DeliveryOptimization\State\keyValueLKG.dat
CreationUtcTime: 2026-06-19 06:07:18.618
User: NT AUTHORITY\NETWORK SERVICE","11","2",,"4","11","0","-9223372036854775808","10003","Microsoft-Windows-Sysmon","5770385f-c22a-43e0-bf4c-06f5698ffbd9","Microsoft-Windows-Sysmon/Operational","3832","4316","Windows11","S-1-5-18","6/22/2026 12:52:45 AM",,,"Microsoft-Windows-Sysmon/Operational","System.UInt32[]","System.Diagnostics.Eventing.Reader.EventBookmark","Information","Info","Image loaded (rule: ImageLoad)","System.Collections.ObjectModel.ReadOnlyCollection`1[System.String]","System.Collections.Generic.List`1[System.Diagnostics.Eventing.Reader.EventProperty]"
"File created:
RuleName: -
UtcTime: 2026-06-22 04:52:45.282
ProcessGuid: {2b85bada-fa83-6a37-1c00-000000000b00}
ProcessId: 1548
Image: C:\WINDOWS\system32\svchost.exe
TargetFilename: C:\Windows\System32\Tasks\SoftLanding\S-1-5-21-3931421473-148499878-826545620-1000\SoftLandingTriggerTask-128000000001615609-render-{84846284-e835-4065-b68b-49a8166c597e}
CreationUtcTime: 2026-06-22 04:52:45.282
User: NT AUTHORITY\SYSTEM","11","2",,"4","11","0","-9223372036854775808","10002","Microsoft-Windows-Sysmon","5770385f-c22a-43e0-bf4c-06f5698ffbd9","Microsoft-Windows-Sysmon/Operational","3832","4316","Windows11","S-1-5-18","6/22/2026 12:52:45 AM",,,"Microsoft-Windows-Sysmon/Operational","System.UInt32[]","System.Diagnostics.Eventing.Reader.EventBookmark","Information","Info","Image loaded (rule: ImageLoad)","System.Collections.ObjectModel.ReadOnlyCollection`1[System.String]","System.Collections.Generic.List`1[System.Diagnostics.Eventing.Reader.EventProperty]"
"Registry value set:
RuleName: technique_id=T1053,technique_name=Scheduled Task
EventType: SetValue
UtcTime: 2026-06-22 04:52:45.282
ProcessGuid: {2b85bada-fa83-6a37-1c00-000000000b00}
ProcessId: 1548
Image: C:\WINDOWS\system32\svchost.exe
TargetObject: HKLM\SOFTWARE\Microsoft\Windows NT\CurrentVersion\Schedule\TaskCache\Tree\SoftLanding\S-1-5-21-3931421473-148499878-826545620-1000\SoftLandingTriggerTask-128000000001615609-render-{84846284-e835-4065-b68b-49a8166c597e}\Index
Details: DWORD (0x00000003)
User: NT AUTHORITY\SYSTEM","13","2",,"4","13","0","-9223372036854775808","10001","Microsoft-Windows-Sysmon","5770385f-c22a-43e0-bf4c-06f5698ffbd9","Microsoft-Windows-Sysmon/Operational","3832","4316","Windows11","S-1-5-18","6/22/2026 12:52:45 AM",,,"Microsoft-Windows-Sysmon/Operational","System.UInt32[]","System.Diagnostics.Eventing.Reader.EventBookmark","Information","Info","Image loaded (rule: ImageLoad)","System.Collections.ObjectModel.ReadOnlyCollection`1[System.String]","System.Collections.Generic.List`1[System.Diagnostics.Eventing.Reader.EventProperty]"
"Registry value set:
RuleName: technique_id=T1053,technique_name=Scheduled Task
EventType: SetValue
UtcTime: 2026-06-22 04:52:45.282
ProcessGuid: {2b85bada-fa83-6a37-1c00-000000000b00}
ProcessId: 1548
Image: C:\WINDOWS\system32\svchost.exe
TargetObject: HKLM\SOFTWARE\Microsoft\Windows NT\CurrentVersion\Schedule\TaskCache\Tree\SoftLanding\S-1-5-21-3931421473-148499878-826545620-1000\SoftLandingTriggerTask-128000000001615609-render-{84846284-e835-4065-b68b-49a8166c597e}\Id
Details: {8DFD054D-99C7-40C4-BC13-B0A79BBDC4B3}
User: NT AUTHORITY\SYSTEM","13","2",,"4","13","0","-9223372036854775808","10000","Microsoft-Windows-Sysmon","5770385f-c22a-43e0-bf4c-06f5698ffbd9","Microsoft-Windows-Sysmon/Operational","3832","4316","Windows11","S-1-5-18","6/22/2026 12:52:45 AM",,,"Microsoft-Windows-Sysmon/Operational","System.UInt32[]","System.Diagnostics.Eventing.Reader.EventBookmark","Information","Info","Image loaded (rule: ImageLoad)","System.Collections.ObjectModel.ReadOnlyCollection`1[System.String]","System.Collections.Generic.List`1[System.Diagnostics.Eventing.Reader.EventProperty]"
"Registry value set:
RuleName: technique_id=T1053,technique_name=Scheduled Task
EventType: SetValue
UtcTime: 2026-06-22 04:52:45.282
ProcessGuid: {2b85bada-fa83-6a37-1c00-000000000b00}
ProcessId: 1548
Image: C:\WINDOWS\system32\svchost.exe
TargetObject: HKLM\SOFTWARE\Microsoft\Windows NT\CurrentVersion\Schedule\TaskCache\Tree\SoftLanding\S-1-5-21-3931421473-148499878-826545620-1000\SoftLandingTriggerTask-128000000001615609-render-{84846284-e835-4065-b68b-49a8166c597e}\SD
Details: Binary Data
User: NT AUTHORITY\SYSTEM","13","2",,"4","13","0","-9223372036854775808","9999","Microsoft-Windows-Sysmon","5770385f-c22a-43e0-bf4c-06f5698ffbd9","Microsoft-Windows-Sysmon/Operational","3832","4316","Windows11","S-1-5-18","6/22/2026 12:52:45 AM",,,"Microsoft-Windows-Sysmon/Operational","System.UInt32[]","System.Diagnostics.Eventing.Reader.EventBookmark","Information","Info","Image loaded (rule: ImageLoad)","System.Collections.ObjectModel.ReadOnlyCollection`1[System.String]","System.Collections.Generic.List`1[System.Diagnostics.Eventing.Reader.EventProperty]"
"Registry object added or deleted:
RuleName: technique_id=T1053,technique_name=Scheduled Task
EventType: DeleteKey
UtcTime: 2026-06-22 04:52:45.233
ProcessGuid: {2b85bada-fa83-6a37-1c00-000000000b00}
ProcessId: 1548
Image: C:\WINDOWS\system32\svchost.exe
TargetObject: HKLM\SOFTWARE\Microsoft\Windows NT\CurrentVersion\Schedule\TaskCache\Tree\SoftLanding\S-1-5-21-3931421473-148499878-826545620-1000\SoftLandingDeferralTask-{a842eaa0-9066-49ea-bd8a-c969f097df2e}
User: NT AUTHORITY\SYSTEM","12","2",,"4","12","0","-9223372036854775808","9998","Microsoft-Windows-Sysmon","5770385f-c22a-43e0-bf4c-06f5698ffbd9","Microsoft-Windows-Sysmon/Operational","3832","4316","Windows11","S-1-5-18","6/22/2026 12:52:45 AM",,,"Microsoft-Windows-Sysmon/Operational","System.UInt32[]","System.Diagnostics.Eventing.Reader.EventBookmark","Information","Info","Image loaded (rule: ImageLoad)","System.Collections.ObjectModel.ReadOnlyCollection`1[System.String]","System.Collections.Generic.List`1[System.Diagnostics.Eventing.Reader.EventProperty]"
"Registry object added or deleted:
RuleName: technique_id=T1053,technique_name=Scheduled Task
EventType: DeleteKey
UtcTime: 2026-06-22 04:52:45.174
ProcessGuid: {2b85bada-fa83-6a37-1c00-000000000b00}
ProcessId: 1548
Image: C:\WINDOWS\system32\svchost.exe
TargetObject: HKLM\SOFTWARE\Microsoft\Windows NT\CurrentVersion\Schedule\TaskCache\Tree\SoftLanding\S-1-5-21-3931421473-148499878-826545620-1000\SoftLandingTriggerTask-128000000001615609-render-{aa5ad195-8abb-43a2-a07b-42dd590089cb}
User: NT AUTHORITY\SYSTEM","12","2",,"4","12","0","-9223372036854775808","9997","Microsoft-Windows-Sysmon","5770385f-c22a-43e0-bf4c-06f5698ffbd9","Microsoft-Windows-Sysmon/Operational","3832","4316","Windows11","S-1-5-18","6/22/2026 12:52:45 AM",,,"Microsoft-Windows-Sysmon/Operational","System.UInt32[]","System.Diagnostics.Eventing.Reader.EventBookmark","Information","Info","Image loaded (rule: ImageLoad)","System.Collections.ObjectModel.ReadOnlyCollection`1[System.String]","System.Collections.Generic.List`1[System.Diagnostics.Eventing.Reader.EventProperty]"
"Registry value set:
RuleName: -
EventType: SetValue
UtcTime: 2026-06-22 04:52:45.121
ProcessGuid: {2b85bada-6b86-6a38-6205-000000000b00}
ProcessId: 4588
Image: C:\Program Files (x86)\Microsoft\Edge\Application\msedge.exe
TargetObject: HKLM\System\CurrentControlSet\Services\bam\State\UserSettings\S-1-5-21-3931421473-148499878-826545620-1000\\Device\HarddiskVolume4\Program Files (x86)\Microsoft\Edge\Application\msedge.exe
Details: Binary Data
User: WINDOWS11\vboxuser","13","2",,"4","13","0","-9223372036854775808","9996","Microsoft-Windows-Sysmon","5770385f-c22a-43e0-bf4c-06f5698ffbd9","Microsoft-Windows-Sysmon/Operational","3832","4316","Windows11","S-1-5-18","6/22/2026 12:52:45 AM",,,"Microsoft-Windows-Sysmon/Operational","System.UInt32[]","System.Diagnostics.Eventing.Reader.EventBookmark","Information","Info","Image loaded (rule: ImageLoad)","System.Collections.ObjectModel.ReadOnlyCollection`1[System.String]","System.Collections.Generic.List`1[System.Diagnostics.Eventing.Reader.EventProperty]"
"Network connection detected:
RuleName: technique_id=T1571,technique_name=Non-Standard Port
UtcTime: 2026-06-22 04:53:21.218
ProcessGuid: {2b85bada-fa84-6a37-3000-000000000b00}
ProcessId: 2308
Image: C:\Windows\System32\svchost.exe
User: NT AUTHORITY\NETWORK SERVICE
Protocol: udp
Initiated: false
SourceIsIpv6: true
SourceIp: ff02:0:0:0:0:0:0:fb
SourceHostname: -
SourcePort: 5353
SourcePortName: -
DestinationIsIpv6: true
DestinationIp: fd50:fb98:c4f3:1:62ab:d2ff:fed7:2344
DestinationHostname: -
DestinationPort: 5353
DestinationPortName: -","3","5",,"4","3","0","-9223372036854775808","9995","Microsoft-Windows-Sysmon","5770385f-c22a-43e0-bf4c-06f5698ffbd9","Microsoft-Windows-Sysmon/Operational","3832","4324","Windows11","S-1-5-18","6/22/2026 12:52:44 AM",,,"Microsoft-Windows-Sysmon/Operational","System.UInt32[]","System.Diagnostics.Eventing.Reader.EventBookmark","Information","Info","Image loaded (rule: ImageLoad)","System.Collections.ObjectModel.ReadOnlyCollection`1[System.String]","System.Collections.Generic.List`1[System.Diagnostics.Eventing.Reader.EventProperty]"
"Network connection detected:
RuleName: technique_id=T1571,technique_name=Non-Standard Port
UtcTime: 2026-06-22 04:53:21.218
ProcessGuid: {2b85bada-fa84-6a37-3000-000000000b00}
ProcessId: 2308
Image: C:\Windows\System32\svchost.exe
User: NT AUTHORITY\NETWORK SERVICE
Protocol: udp
Initiated: false
SourceIsIpv6: true
SourceIp: ff02:0:0:0:0:0:0:fb
SourceHostname: -
SourcePort: 5353
SourcePortName: -
DestinationIsIpv6: true
DestinationIp: fd50:fb98:c4f3:1:62ab:d2ff:fed7:2344
DestinationHostname: -
DestinationPort: 5353
DestinationPortName: -","3","5",,"4","3","0","-9223372036854775808","9994","Microsoft-Windows-Sysmon","5770385f-c22a-43e0-bf4c-06f5698ffbd9","Microsoft-Windows-Sysmon/Operational","3832","4324","Windows11","S-1-5-18","6/22/2026 12:52:44 AM",,,"Microsoft-Windows-Sysmon/Operational","System.UInt32[]","System.Diagnostics.Eventing.Reader.EventBookmark","Information","Info","Image loaded (rule: ImageLoad)","System.Collections.ObjectModel.ReadOnlyCollection`1[System.String]","System.Collections.Generic.List`1[System.Diagnostics.Eventing.Reader.EventProperty]"
"Image loaded:
RuleName: technique_id=T1053,technique_name=Scheduled Task
UtcTime: 2026-06-22 04:52:43.796
ProcessGuid: {2b85bada-bf75-6a38-8d05-000000000b00}
ProcessId: 9888
Image: C:\Program Files (x86)\Microsoft\EdgeUpdate\MicrosoftEdgeUpdate.exe
ImageLoaded: C:\Windows\SysWOW64\taskschd.dll
FileVersion: 10.0.26100.5074 (WinBuild.160101.0800)
Description: Task Scheduler COM API
Product: Microsoft? Windows? Operating System
Company: Microsoft Corporation
OriginalFileName: taskschd.dll
Hashes: SHA1=9A8680AD5B2A8A03CD76ECA9C59903B32491B01F,MD5=37CAF4C00F4781439B95891B3AD80285,SHA256=331FFA63D5FAE28E01929C99081899CC2CED5308F45F4C2148CE5E07132B5819,IMPHASH=86234BA1ECC097DF8302B1B6731097FD
Signed: true
Signature: Microsoft Windows
SignatureStatus: Valid
User: NT AUTHORITY\SYSTEM","7","3",,"4","7","0","-9223372036854775808","9993","Microsoft-Windows-Sysmon","5770385f-c22a-43e0-bf4c-06f5698ffbd9","Microsoft-Windows-Sysmon/Operational","3832","4316","Windows11","S-1-5-18","6/22/2026 12:52:44 AM",,,"Microsoft-Windows-Sysmon/Operational","System.UInt32[]","System.Diagnostics.Eventing.Reader.EventBookmark","Information","Info","Image loaded (rule: ImageLoad)","System.Collections.ObjectModel.ReadOnlyCollection`1[System.String]","System.Collections.Generic.List`1[System.Diagnostics.Eventing.Reader.EventProperty]"
"Process accessed:
