RuleName: technique_id=T1036,technique_name=Masquerading
UtcTime: 2026-06-22 04:52:11.974
SourceProcessGUID: {2b85bada-fae0-6a37-1701-000000000b00}
SourceProcessId: 8240
SourceThreadId: 3016
SourceImage: C:\Users\vboxuser\AppData\Local\Microsoft\OneDrive\OneDrive.exe
TargetProcessGUID: {2b85bada-fabb-6a37-ba00-000000000b00}
TargetProcessId: 4280
TargetImage: C:\Program Files (x86)\Microsoft\EdgeWebView\Application\149.0.4022.80\msedgewebview2.exe
GrantedAccess: 0x101411
CallTrace: C:\WINDOWS\SYSTEM32\ntdll.dll+160534|C:\WINDOWS\System32\KERNELBASE.dll+23fa6|C:\Users\vboxuser\AppData\Local\Microsoft\OneDrive\26.106.0603.0003\FileSyncClient.dll+5fddc2|C:\Users\vboxuser\AppData\Local\Microsoft\OneDrive\26.106.0603.0003\FileSyncClient.dll+8973b|C:\Users\vboxuser\AppData\Local\Microsoft\OneDrive\26.106.0603.0003\FileSyncClient.dll+89548|C:\Users\vboxuser\AppData\Local\Microsoft\OneDrive\26.106.0603.0003\FileSyncClient.dll+89444|C:\Users\vboxuser\AppData\Local\Microsoft\OneDrive\26.106.0603.0003\FileSyncEvents.dll+e1e2|C:\Users\vboxuser\AppData\Local\Microsoft\OneDrive\26.106.0603.0003\FileSyncHost.DLL+d6a0|C:\Users\vboxuser\AppData\Local\Microsoft\OneDrive\26.106.0603.0003\FileSyncHost.DLL+f3d5|C:\WINDOWS\System32\ucrtbase.dll+2cd30|C:\WINDOWS\System32\KERNEL32.DLL+2e957|C:\WINDOWS\SYSTEM32\ntdll.dll+87c1c
SourceUser: WINDOWS11\vboxuser
TargetUser: WINDOWS11\vboxuser","10","3",,"4","10","0","-9223372036854775808","9928","Microsoft-Windows-Sysmon","5770385f-c22a-43e0-bf4c-06f5698ffbd9","Microsoft-Windows-Sysmon/Operational","3832","4316","Windows11","S-1-5-18","6/22/2026 12:52:16 AM",,,"Microsoft-Windows-Sysmon/Operational","System.UInt32[]","System.Diagnostics.Eventing.Reader.EventBookmark","Information","Info","Image loaded (rule: ImageLoad)","System.Collections.ObjectModel.ReadOnlyCollection`1[System.String]","System.Collections.Generic.List`1[System.Diagnostics.Eventing.Reader.EventProperty]"
"Process accessed:
RuleName: technique_id=T1036,technique_name=Masquerading
UtcTime: 2026-06-22 04:52:11.493
SourceProcessGUID: {2b85bada-fae0-6a37-1701-000000000b00}
SourceProcessId: 8240
SourceThreadId: 3016
SourceImage: C:\Users\vboxuser\AppData\Local\Microsoft\OneDrive\OneDrive.exe
TargetProcessGUID: {2b85bada-fabb-6a37-b900-000000000b00}
TargetProcessId: 8284
TargetImage: C:\Program Files (x86)\Microsoft\EdgeWebView\Application\149.0.4022.80\msedgewebview2.exe
GrantedAccess: 0x101411
CallTrace: C:\WINDOWS\SYSTEM32\ntdll.dll+160534|C:\WINDOWS\System32\KERNELBASE.dll+23fa6|C:\Users\vboxuser\AppData\Local\Microsoft\OneDrive\26.106.0603.0003\FileSyncClient.dll+5fddc2|C:\Users\vboxuser\AppData\Local\Microsoft\OneDrive\26.106.0603.0003\FileSyncClient.dll+8973b|C:\Users\vboxuser\AppData\Local\Microsoft\OneDrive\26.106.0603.0003\FileSyncClient.dll+89548|C:\Users\vboxuser\AppData\Local\Microsoft\OneDrive\26.106.0603.0003\FileSyncClient.dll+89444|C:\Users\vboxuser\AppData\Local\Microsoft\OneDrive\26.106.0603.0003\FileSyncEvents.dll+e1e2|C:\Users\vboxuser\AppData\Local\Microsoft\OneDrive\26.106.0603.0003\FileSyncHost.DLL+d6a0|C:\Users\vboxuser\AppData\Local\Microsoft\OneDrive\26.106.0603.0003\FileSyncHost.DLL+f3d5|C:\WINDOWS\System32\ucrtbase.dll+2cd30|C:\WINDOWS\System32\KERNEL32.DLL+2e957|C:\WINDOWS\SYSTEM32\ntdll.dll+87c1c
SourceUser: WINDOWS11\vboxuser
TargetUser: WINDOWS11\vboxuser","10","3",,"4","10","0","-9223372036854775808","9927","Microsoft-Windows-Sysmon","5770385f-c22a-43e0-bf4c-06f5698ffbd9","Microsoft-Windows-Sysmon/Operational","3832","4316","Windows11","S-1-5-18","6/22/2026 12:52:16 AM",,,"Microsoft-Windows-Sysmon/Operational","System.UInt32[]","System.Diagnostics.Eventing.Reader.EventBookmark","Information","Info","Image loaded (rule: ImageLoad)","System.Collections.ObjectModel.ReadOnlyCollection`1[System.String]","System.Collections.Generic.List`1[System.Diagnostics.Eventing.Reader.EventProperty]"
"Process accessed:
RuleName: technique_id=T1036,technique_name=Masquerading
UtcTime: 2026-06-22 04:52:11.493
SourceProcessGUID: {2b85bada-fae0-6a37-1701-000000000b00}
SourceProcessId: 8240
SourceThreadId: 3016
SourceImage: C:\Users\vboxuser\AppData\Local\Microsoft\OneDrive\OneDrive.exe
TargetProcessGUID: {2b85bada-fabb-6a37-b800-000000000b00}
TargetProcessId: 6592
TargetImage: C:\Program Files (x86)\Microsoft\EdgeWebView\Application\149.0.4022.80\msedgewebview2.exe
GrantedAccess: 0x101411
CallTrace: C:\WINDOWS\SYSTEM32\ntdll.dll+160534|C:\WINDOWS\System32\KERNELBASE.dll+23fa6|C:\Users\vboxuser\AppData\Local\Microsoft\OneDrive\26.106.0603.0003\FileSyncClient.dll+5fddc2|C:\Users\vboxuser\AppData\Local\Microsoft\OneDrive\26.106.0603.0003\FileSyncClient.dll+8973b|C:\Users\vboxuser\AppData\Local\Microsoft\OneDrive\26.106.0603.0003\FileSyncClient.dll+89548|C:\Users\vboxuser\AppData\Local\Microsoft\OneDrive\26.106.0603.0003\FileSyncClient.dll+89444|C:\Users\vboxuser\AppData\Local\Microsoft\OneDrive\26.106.0603.0003\FileSyncEvents.dll+e1e2|C:\Users\vboxuser\AppData\Local\Microsoft\OneDrive\26.106.0603.0003\FileSyncHost.DLL+d6a0|C:\Users\vboxuser\AppData\Local\Microsoft\OneDrive\26.106.0603.0003\FileSyncHost.DLL+f3d5|C:\WINDOWS\System32\ucrtbase.dll+2cd30|C:\WINDOWS\System32\KERNEL32.DLL+2e957|C:\WINDOWS\SYSTEM32\ntdll.dll+87c1c
SourceUser: WINDOWS11\vboxuser
TargetUser: WINDOWS11\vboxuser","10","3",,"4","10","0","-9223372036854775808","9926","Microsoft-Windows-Sysmon","5770385f-c22a-43e0-bf4c-06f5698ffbd9","Microsoft-Windows-Sysmon/Operational","3832","4316","Windows11","S-1-5-18","6/22/2026 12:52:16 AM",,,"Microsoft-Windows-Sysmon/Operational","System.UInt32[]","System.Diagnostics.Eventing.Reader.EventBookmark","Information","Info","Image loaded (rule: ImageLoad)","System.Collections.ObjectModel.ReadOnlyCollection`1[System.String]","System.Collections.Generic.List`1[System.Diagnostics.Eventing.Reader.EventProperty]"
"Process accessed:
RuleName: technique_id=T1036,technique_name=Masquerading
UtcTime: 2026-06-22 04:52:11.493
SourceProcessGUID: {2b85bada-fae0-6a37-1701-000000000b00}
SourceProcessId: 8240
SourceThreadId: 3016
SourceImage: C:\Users\vboxuser\AppData\Local\Microsoft\OneDrive\OneDrive.exe
TargetProcessGUID: {2b85bada-fabb-6a37-b700-000000000b00}
TargetProcessId: 6600
TargetImage: C:\Program Files (x86)\Microsoft\EdgeWebView\Application\149.0.4022.80\msedgewebview2.exe
GrantedAccess: 0x101411
CallTrace: C:\WINDOWS\SYSTEM32\ntdll.dll+160534|C:\WINDOWS\System32\KERNELBASE.dll+23fa6|C:\Users\vboxuser\AppData\Local\Microsoft\OneDrive\26.106.0603.0003\FileSyncClient.dll+5fddc2|C:\Users\vboxuser\AppData\Local\Microsoft\OneDrive\26.106.0603.0003\FileSyncClient.dll+8973b|C:\Users\vboxuser\AppData\Local\Microsoft\OneDrive\26.106.0603.0003\FileSyncClient.dll+89548|C:\Users\vboxuser\AppData\Local\Microsoft\OneDrive\26.106.0603.0003\FileSyncClient.dll+89444|C:\Users\vboxuser\AppData\Local\Microsoft\OneDrive\26.106.0603.0003\FileSyncEvents.dll+e1e2|C:\Users\vboxuser\AppData\Local\Microsoft\OneDrive\26.106.0603.0003\FileSyncHost.DLL+d6a0|C:\Users\vboxuser\AppData\Local\Microsoft\OneDrive\26.106.0603.0003\FileSyncHost.DLL+f3d5|C:\WINDOWS\System32\ucrtbase.dll+2cd30|C:\WINDOWS\System32\KERNEL32.DLL+2e957|C:\WINDOWS\SYSTEM32\ntdll.dll+87c1c
SourceUser: WINDOWS11\vboxuser
TargetUser: WINDOWS11\vboxuser","10","3",,"4","10","0","-9223372036854775808","9925","Microsoft-Windows-Sysmon","5770385f-c22a-43e0-bf4c-06f5698ffbd9","Microsoft-Windows-Sysmon/Operational","3832","4316","Windows11","S-1-5-18","6/22/2026 12:52:16 AM",,,"Microsoft-Windows-Sysmon/Operational","System.UInt32[]","System.Diagnostics.Eventing.Reader.EventBookmark","Information","Info","Image loaded (rule: ImageLoad)","System.Collections.ObjectModel.ReadOnlyCollection`1[System.String]","System.Collections.Generic.List`1[System.Diagnostics.Eventing.Reader.EventProperty]"
"Process accessed:
RuleName: technique_id=T1036,technique_name=Masquerading
UtcTime: 2026-06-22 04:52:10.761
SourceProcessGUID: {2b85bada-fae0-6a37-1701-000000000b00}
SourceProcessId: 8240
SourceThreadId: 3016
SourceImage: C:\Users\vboxuser\AppData\Local\Microsoft\OneDrive\OneDrive.exe
TargetProcessGUID: {2b85bada-fab8-6a37-b500-000000000b00}
TargetProcessId: 8668
TargetImage: C:\Program Files (x86)\Microsoft\EdgeWebView\Application\149.0.4022.80\msedgewebview2.exe
GrantedAccess: 0x101411
CallTrace: C:\WINDOWS\SYSTEM32\ntdll.dll+160534|C:\WINDOWS\System32\KERNELBASE.dll+23fa6|C:\Users\vboxuser\AppData\Local\Microsoft\OneDrive\26.106.0603.0003\FileSyncClient.dll+5fddc2|C:\Users\vboxuser\AppData\Local\Microsoft\OneDrive\26.106.0603.0003\FileSyncClient.dll+8973b|C:\Users\vboxuser\AppData\Local\Microsoft\OneDrive\26.106.0603.0003\FileSyncClient.dll+89548|C:\Users\vboxuser\AppData\Local\Microsoft\OneDrive\26.106.0603.0003\FileSyncClient.dll+89444|C:\Users\vboxuser\AppData\Local\Microsoft\OneDrive\26.106.0603.0003\FileSyncEvents.dll+e1e2|C:\Users\vboxuser\AppData\Local\Microsoft\OneDrive\26.106.0603.0003\FileSyncHost.DLL+d6a0|C:\Users\vboxuser\AppData\Local\Microsoft\OneDrive\26.106.0603.0003\FileSyncHost.DLL+f3d5|C:\WINDOWS\System32\ucrtbase.dll+2cd30|C:\WINDOWS\System32\KERNEL32.DLL+2e957|C:\WINDOWS\SYSTEM32\ntdll.dll+87c1c
SourceUser: WINDOWS11\vboxuser
TargetUser: WINDOWS11\vboxuser","10","3",,"4","10","0","-9223372036854775808","9924","Microsoft-Windows-Sysmon","5770385f-c22a-43e0-bf4c-06f5698ffbd9","Microsoft-Windows-Sysmon/Operational","3832","4316","Windows11","S-1-5-18","6/22/2026 12:52:16 AM",,,"Microsoft-Windows-Sysmon/Operational","System.UInt32[]","System.Diagnostics.Eventing.Reader.EventBookmark","Information","Info","Image loaded (rule: ImageLoad)","System.Collections.ObjectModel.ReadOnlyCollection`1[System.String]","System.Collections.Generic.List`1[System.Diagnostics.Eventing.Reader.EventProperty]"
"Process accessed:
RuleName: technique_id=T1036,technique_name=Masquerading
UtcTime: 2026-06-22 04:52:10.761
SourceProcessGUID: {2b85bada-fae0-6a37-1701-000000000b00}
SourceProcessId: 8240
SourceThreadId: 3016
SourceImage: C:\Users\vboxuser\AppData\Local\Microsoft\OneDrive\OneDrive.exe
TargetProcessGUID: {2b85bada-fab8-6a37-b400-000000000b00}
TargetProcessId: 4516
TargetImage: C:\Program Files (x86)\Microsoft\EdgeWebView\Application\149.0.4022.80\msedgewebview2.exe
GrantedAccess: 0x101411
CallTrace: C:\WINDOWS\SYSTEM32\ntdll.dll+160534|C:\WINDOWS\System32\KERNELBASE.dll+23fa6|C:\Users\vboxuser\AppData\Local\Microsoft\OneDrive\26.106.0603.0003\FileSyncClient.dll+5fddc2|C:\Users\vboxuser\AppData\Local\Microsoft\OneDrive\26.106.0603.0003\FileSyncClient.dll+8973b|C:\Users\vboxuser\AppData\Local\Microsoft\OneDrive\26.106.0603.0003\FileSyncClient.dll+89548|C:\Users\vboxuser\AppData\Local\Microsoft\OneDrive\26.106.0603.0003\FileSyncClient.dll+89444|C:\Users\vboxuser\AppData\Local\Microsoft\OneDrive\26.106.0603.0003\FileSyncEvents.dll+e1e2|C:\Users\vboxuser\AppData\Local\Microsoft\OneDrive\26.106.0603.0003\FileSyncHost.DLL+d6a0|C:\Users\vboxuser\AppData\Local\Microsoft\OneDrive\26.106.0603.0003\FileSyncHost.DLL+f3d5|C:\WINDOWS\System32\ucrtbase.dll+2cd30|C:\WINDOWS\System32\KERNEL32.DLL+2e957|C:\WINDOWS\SYSTEM32\ntdll.dll+87c1c
SourceUser: WINDOWS11\vboxuser
TargetUser: WINDOWS11\vboxuser","10","3",,"4","10","0","-9223372036854775808","9923","Microsoft-Windows-Sysmon","5770385f-c22a-43e0-bf4c-06f5698ffbd9","Microsoft-Windows-Sysmon/Operational","3832","4316","Windows11","S-1-5-18","6/22/2026 12:52:16 AM",,,"Microsoft-Windows-Sysmon/Operational","System.UInt32[]","System.Diagnostics.Eventing.Reader.EventBookmark","Information","Info","Image loaded (rule: ImageLoad)","System.Collections.ObjectModel.ReadOnlyCollection`1[System.String]","System.Collections.Generic.List`1[System.Diagnostics.Eventing.Reader.EventProperty]"
"Process accessed:
RuleName: technique_id=T1036,technique_name=Masquerading
UtcTime: 2026-06-22 04:52:10.761
SourceProcessGUID: {2b85bada-fae0-6a37-1701-000000000b00}
SourceProcessId: 8240
SourceThreadId: 3016
SourceImage: C:\Users\vboxuser\AppData\Local\Microsoft\OneDrive\OneDrive.exe
TargetProcessGUID: {2b85bada-fab6-6a37-b300-000000000b00}
TargetProcessId: 3220
TargetImage: C:\WINDOWS\SystemApps\MicrosoftWindows.Client.CBS_cw5n1h2txyewy\SearchHost.exe
GrantedAccess: 0x101411
CallTrace: C:\WINDOWS\SYSTEM32\ntdll.dll+160534|C:\WINDOWS\System32\KERNELBASE.dll+23fa6|C:\Users\vboxuser\AppData\Local\Microsoft\OneDrive\26.106.0603.0003\FileSyncClient.dll+5fddc2|C:\Users\vboxuser\AppData\Local\Microsoft\OneDrive\26.106.0603.0003\FileSyncClient.dll+8973b|C:\Users\vboxuser\AppData\Local\Microsoft\OneDrive\26.106.0603.0003\FileSyncClient.dll+89548|C:\Users\vboxuser\AppData\Local\Microsoft\OneDrive\26.106.0603.0003\FileSyncClient.dll+89444|C:\Users\vboxuser\AppData\Local\Microsoft\OneDrive\26.106.0603.0003\FileSyncEvents.dll+e1e2|C:\Users\vboxuser\AppData\Local\Microsoft\OneDrive\26.106.0603.0003\FileSyncHost.DLL+d6a0|C:\Users\vboxuser\AppData\Local\Microsoft\OneDrive\26.106.0603.0003\FileSyncHost.DLL+f3d5|C:\WINDOWS\System32\ucrtbase.dll+2cd30|C:\WINDOWS\System32\KERNEL32.DLL+2e957|C:\WINDOWS\SYSTEM32\ntdll.dll+87c1c
SourceUser: WINDOWS11\vboxuser
TargetUser: WINDOWS11\vboxuser","10","3",,"4","10","0","-9223372036854775808","9922","Microsoft-Windows-Sysmon","5770385f-c22a-43e0-bf4c-06f5698ffbd9","Microsoft-Windows-Sysmon/Operational","3832","4316","Windows11","S-1-5-18","6/22/2026 12:52:15 AM",,,"Microsoft-Windows-Sysmon/Operational","System.UInt32[]","System.Diagnostics.Eventing.Reader.EventBookmark","Information","Info","Image loaded (rule: ImageLoad)","System.Collections.ObjectModel.ReadOnlyCollection`1[System.String]","System.Collections.Generic.List`1[System.Diagnostics.Eventing.Reader.EventProperty]"
"Process accessed:
RuleName: technique_id=T1036,technique_name=Masquerading
UtcTime: 2026-06-22 04:52:10.761
SourceProcessGUID: {2b85bada-fae0-6a37-1701-000000000b00}
SourceProcessId: 8240
SourceThreadId: 3016
SourceImage: C:\Users\vboxuser\AppData\Local\Microsoft\OneDrive\OneDrive.exe
TargetProcessGUID: {2b85bada-faa4-6a37-9d00-000000000b00}
TargetProcessId: 7872
TargetImage: C:\Program Files\WindowsApps\Microsoft.WidgetsPlatformRuntime_1.6.19.0_x64__8wekyb3d8bbwe\WidgetService\WidgetService.exe
GrantedAccess: 0x101411
CallTrace: C:\WINDOWS\SYSTEM32\ntdll.dll+160534|C:\WINDOWS\System32\KERNELBASE.dll+23fa6|C:\Users\vboxuser\AppData\Local\Microsoft\OneDrive\26.106.0603.0003\FileSyncClient.dll+5fddc2|C:\Users\vboxuser\AppData\Local\Microsoft\OneDrive\26.106.0603.0003\FileSyncClient.dll+8973b|C:\Users\vboxuser\AppData\Local\Microsoft\OneDrive\26.106.0603.0003\FileSyncClient.dll+89548|C:\Users\vboxuser\AppData\Local\Microsoft\OneDrive\26.106.0603.0003\FileSyncClient.dll+89444|C:\Users\vboxuser\AppData\Local\Microsoft\OneDrive\26.106.0603.0003\FileSyncEvents.dll+e1e2|C:\Users\vboxuser\AppData\Local\Microsoft\OneDrive\26.106.0603.0003\FileSyncHost.DLL+d6a0|C:\Users\vboxuser\AppData\Local\Microsoft\OneDrive\26.106.0603.0003\FileSyncHost.DLL+f3d5|C:\WINDOWS\System32\ucrtbase.dll+2cd30|C:\WINDOWS\System32\KERNEL32.DLL+2e957|C:\WINDOWS\SYSTEM32\ntdll.dll+87c1c
SourceUser: WINDOWS11\vboxuser
TargetUser: WINDOWS11\vboxuser","10","3",,"4","10","0","-9223372036854775808","9921","Microsoft-Windows-Sysmon","5770385f-c22a-43e0-bf4c-06f5698ffbd9","Microsoft-Windows-Sysmon/Operational","3832","4316","Windows11","S-1-5-18","6/22/2026 12:52:15 AM",,,"Microsoft-Windows-Sysmon/Operational","System.UInt32[]","System.Diagnostics.Eventing.Reader.EventBookmark","Information","Info","Image loaded (rule: ImageLoad)","System.Collections.ObjectModel.ReadOnlyCollection`1[System.String]","System.Collections.Generic.List`1[System.Diagnostics.Eventing.Reader.EventProperty]"
"Process accessed:
RuleName: technique_id=T1036,technique_name=Masquerading
UtcTime: 2026-06-22 04:52:10.761
SourceProcessGUID: {2b85bada-fae0-6a37-1701-000000000b00}
SourceProcessId: 8240
SourceThreadId: 3016
SourceImage: C:\Users\vboxuser\AppData\Local\Microsoft\OneDrive\OneDrive.exe
TargetProcessGUID: {2b85bada-fa9c-6a37-9200-000000000b00}
TargetProcessId: 6820
TargetImage: C:\WINDOWS\system32\svchost.exe
GrantedAccess: 0x101411
CallTrace: C:\WINDOWS\SYSTEM32\ntdll.dll+160534|C:\WINDOWS\System32\KERNELBASE.dll+23fa6|C:\Users\vboxuser\AppData\Local\Microsoft\OneDrive\26.106.0603.0003\FileSyncClient.dll+5fddc2|C:\Users\vboxuser\AppData\Local\Microsoft\OneDrive\26.106.0603.0003\FileSyncClient.dll+8973b|C:\Users\vboxuser\AppData\Local\Microsoft\OneDrive\26.106.0603.0003\FileSyncClient.dll+89548|C:\Users\vboxuser\AppData\Local\Microsoft\OneDrive\26.106.0603.0003\FileSyncClient.dll+89444|C:\Users\vboxuser\AppData\Local\Microsoft\OneDrive\26.106.0603.0003\FileSyncEvents.dll+e1e2|C:\Users\vboxuser\AppData\Local\Microsoft\OneDrive\26.106.0603.0003\FileSyncHost.DLL+d6a0|C:\Users\vboxuser\AppData\Local\Microsoft\OneDrive\26.106.0603.0003\FileSyncHost.DLL+f3d5|C:\WINDOWS\System32\ucrtbase.dll+2cd30|C:\WINDOWS\System32\KERNEL32.DLL+2e957|C:\WINDOWS\SYSTEM32\ntdll.dll+87c1c
SourceUser: WINDOWS11\vboxuser
TargetUser: WINDOWS11\vboxuser","10","3",,"4","10","0","-9223372036854775808","9920","Microsoft-Windows-Sysmon","5770385f-c22a-43e0-bf4c-06f5698ffbd9","Microsoft-Windows-Sysmon/Operational","3832","4316","Windows11","S-1-5-18","6/22/2026 12:52:15 AM",,,"Microsoft-Windows-Sysmon/Operational","System.UInt32[]","System.Diagnostics.Eventing.Reader.EventBookmark","Information","Info","Image loaded (rule: ImageLoad)","System.Collections.ObjectModel.ReadOnlyCollection`1[System.String]","System.Collections.Generic.List`1[System.Diagnostics.Eventing.Reader.EventProperty]"
"Process accessed:
RuleName: technique_id=T1036,technique_name=Masquerading
UtcTime: 2026-06-22 04:52:10.761
SourceProcessGUID: {2b85bada-fae0-6a37-1701-000000000b00}
SourceProcessId: 8240
SourceThreadId: 3016
SourceImage: C:\Users\vboxuser\AppData\Local\Microsoft\OneDrive\OneDrive.exe
TargetProcessGUID: {2b85bada-fa9c-6a37-9100-000000000b00}
TargetProcessId: 6772
TargetImage: C:\Program Files\WindowsApps\MicrosoftWindows.Client.WebExperience_526.11701.50.0_x64__cw5n1h2txyewy\Dashboard\Widgets.exe
GrantedAccess: 0x101411
CallTrace: C:\WINDOWS\SYSTEM32\ntdll.dll+160534|C:\WINDOWS\System32\KERNELBASE.dll+23fa6|C:\Users\vboxuser\AppData\Local\Microsoft\OneDrive\26.106.0603.0003\FileSyncClient.dll+5fddc2|C:\Users\vboxuser\AppData\Local\Microsoft\OneDrive\26.106.0603.0003\FileSyncClient.dll+8973b|C:\Users\vboxuser\AppData\Local\Microsoft\OneDrive\26.106.0603.0003\FileSyncClient.dll+89548|C:\Users\vboxuser\AppData\Local\Microsoft\OneDrive\26.106.0603.0003\FileSyncClient.dll+89444|C:\Users\vboxuser\AppData\Local\Microsoft\OneDrive\26.106.0603.0003\FileSyncEvents.dll+e1e2|C:\Users\vboxuser\AppData\Local\Microsoft\OneDrive\26.106.0603.0003\FileSyncHost.DLL+d6a0|C:\Users\vboxuser\AppData\Local\Microsoft\OneDrive\26.106.0603.0003\FileSyncHost.DLL+f3d5|C:\WINDOWS\System32\ucrtbase.dll+2cd30|C:\WINDOWS\System32\KERNEL32.DLL+2e957|C:\WINDOWS\SYSTEM32\ntdll.dll+87c1c
SourceUser: WINDOWS11\vboxuser
TargetUser: WINDOWS11\vboxuser","10","3",,"4","10","0","-9223372036854775808","9919","Microsoft-Windows-Sysmon","5770385f-c22a-43e0-bf4c-06f5698ffbd9","Microsoft-Windows-Sysmon/Operational","3832","4316","Windows11","S-1-5-18","6/22/2026 12:52:15 AM",,,"Microsoft-Windows-Sysmon/Operational","System.UInt32[]","System.Diagnostics.Eventing.Reader.EventBookmark","Information","Info","Image loaded (rule: ImageLoad)","System.Collections.ObjectModel.ReadOnlyCollection`1[System.String]","System.Collections.Generic.List`1[System.Diagnostics.Eventing.Reader.EventProperty]"
"Process accessed:
RuleName: technique_id=T1036,technique_name=Masquerading
UtcTime: 2026-06-22 04:52:10.761
SourceProcessGUID: {2b85bada-fae0-6a37-1701-000000000b00}
SourceProcessId: 8240
SourceThreadId: 3016
SourceImage: C:\Users\vboxuser\AppData\Local\Microsoft\OneDrive\OneDrive.exe
TargetProcessGUID: {2b85bada-fa9c-6a37-9000-000000000b00}
TargetProcessId: 6736
TargetImage: C:\Windows\System32\RuntimeBroker.exe
GrantedAccess: 0x101411
CallTrace: C:\WINDOWS\SYSTEM32\ntdll.dll+160534|C:\WINDOWS\System32\KERNELBASE.dll+23fa6|C:\Users\vboxuser\AppData\Local\Microsoft\OneDrive\26.106.0603.0003\FileSyncClient.dll+5fddc2|C:\Users\vboxuser\AppData\Local\Microsoft\OneDrive\26.106.0603.0003\FileSyncClient.dll+8973b|C:\Users\vboxuser\AppData\Local\Microsoft\OneDrive\26.106.0603.0003\FileSyncClient.dll+89548|C:\Users\vboxuser\AppData\Local\Microsoft\OneDrive\26.106.0603.0003\FileSyncClient.dll+89444|C:\Users\vboxuser\AppData\Local\Microsoft\OneDrive\26.106.0603.0003\FileSyncEvents.dll+e1e2|C:\Users\vboxuser\AppData\Local\Microsoft\OneDrive\26.106.0603.0003\FileSyncHost.DLL+d6a0|C:\Users\vboxuser\AppData\Local\Microsoft\OneDrive\26.106.0603.0003\FileSyncHost.DLL+f3d5|C:\WINDOWS\System32\ucrtbase.dll+2cd30|C:\WINDOWS\System32\KERNEL32.DLL+2e957|C:\WINDOWS\SYSTEM32\ntdll.dll+87c1c
SourceUser: WINDOWS11\vboxuser
TargetUser: WINDOWS11\vboxuser","10","3",,"4","10","0","-9223372036854775808","9918","Microsoft-Windows-Sysmon","5770385f-c22a-43e0-bf4c-06f5698ffbd9","Microsoft-Windows-Sysmon/Operational","3832","4316","Windows11","S-1-5-18","6/22/2026 12:52:15 AM",,,"Microsoft-Windows-Sysmon/Operational","System.UInt32[]","System.Diagnostics.Eventing.Reader.EventBookmark","Information","Info","Image loaded (rule: ImageLoad)","System.Collections.ObjectModel.ReadOnlyCollection`1[System.String]","System.Collections.Generic.List`1[System.Diagnostics.Eventing.Reader.EventProperty]"
"Process accessed:
RuleName: technique_id=T1036,technique_name=Masquerading
UtcTime: 2026-06-22 04:52:10.086
SourceProcessGUID: {2b85bada-fae0-6a37-1701-000000000b00}
SourceProcessId: 8240
SourceThreadId: 3016
SourceImage: C:\Users\vboxuser\AppData\Local\Microsoft\OneDrive\OneDrive.exe
TargetProcessGUID: {2b85bada-fa9b-6a37-8e00-000000000b00}
TargetProcessId: 6544
TargetImage: C:\Windows\SystemApps\Microsoft.Windows.StartMenuExperienceHost_cw5n1h2txyewy\StartMenuExperienceHost.exe
GrantedAccess: 0x101411
CallTrace: C:\WINDOWS\SYSTEM32\ntdll.dll+160534|C:\WINDOWS\System32\KERNELBASE.dll+23fa6|C:\Users\vboxuser\AppData\Local\Microsoft\OneDrive\26.106.0603.0003\FileSyncClient.dll+5fddc2|C:\Users\vboxuser\AppData\Local\Microsoft\OneDrive\26.106.0603.0003\FileSyncClient.dll+8973b|C:\Users\vboxuser\AppData\Local\Microsoft\OneDrive\26.106.0603.0003\FileSyncClient.dll+89548|C:\Users\vboxuser\AppData\Local\Microsoft\OneDrive\26.106.0603.0003\FileSyncClient.dll+89444|C:\Users\vboxuser\AppData\Local\Microsoft\OneDrive\26.106.0603.0003\FileSyncEvents.dll+e1e2|C:\Users\vboxuser\AppData\Local\Microsoft\OneDrive\26.106.0603.0003\FileSyncHost.DLL+d6a0|C:\Users\vboxuser\AppData\Local\Microsoft\OneDrive\26.106.0603.0003\FileSyncHost.DLL+f3d5|C:\WINDOWS\System32\ucrtbase.dll+2cd30|C:\WINDOWS\System32\KERNEL32.DLL+2e957|C:\WINDOWS\SYSTEM32\ntdll.dll+87c1c
SourceUser: WINDOWS11\vboxuser
TargetUser: WINDOWS11\vboxuser","10","3",,"4","10","0","-9223372036854775808","9917","Microsoft-Windows-Sysmon","5770385f-c22a-43e0-bf4c-06f5698ffbd9","Microsoft-Windows-Sysmon/Operational","3832","4316","Windows11","S-1-5-18","6/22/2026 12:52:15 AM",,,"Microsoft-Windows-Sysmon/Operational","System.UInt32[]","System.Diagnostics.Eventing.Reader.EventBookmark","Information","Info","Image loaded (rule: ImageLoad)","System.Collections.ObjectModel.ReadOnlyCollection`1[System.String]","System.Collections.Generic.List`1[System.Diagnostics.Eventing.Reader.EventProperty]"
"Process accessed:
RuleName: technique_id=T1036,technique_name=Masquerading
UtcTime: 2026-06-22 04:52:10.086
SourceProcessGUID: {2b85bada-fae0-6a37-1701-000000000b00}
SourceProcessId: 8240
SourceThreadId: 3016
SourceImage: C:\Users\vboxuser\AppData\Local\Microsoft\OneDrive\OneDrive.exe
TargetProcessGUID: {2b85bada-fa99-6a37-8800-000000000b00}
TargetProcessId: 6140
TargetImage: C:\WINDOWS\SystemApps\MicrosoftWindows.Client.CBS_cw5n1h2txyewy\CrossDeviceResume.exe
GrantedAccess: 0x101411
CallTrace: C:\WINDOWS\SYSTEM32\ntdll.dll+160534|C:\WINDOWS\System32\KERNELBASE.dll+23fa6|C:\Users\vboxuser\AppData\Local\Microsoft\OneDrive\26.106.0603.0003\FileSyncClient.dll+5fddc2|C:\Users\vboxuser\AppData\Local\Microsoft\OneDrive\26.106.0603.0003\FileSyncClient.dll+8973b|C:\Users\vboxuser\AppData\Local\Microsoft\OneDrive\26.106.0603.0003\FileSyncClient.dll+89548|C:\Users\vboxuser\AppData\Local\Microsoft\OneDrive\26.106.0603.0003\FileSyncClient.dll+89444|C:\Users\vboxuser\AppData\Local\Microsoft\OneDrive\26.106.0603.0003\FileSyncEvents.dll+e1e2|C:\Users\vboxuser\AppData\Local\Microsoft\OneDrive\26.106.0603.0003\FileSyncHost.DLL+d6a0|C:\Users\vboxuser\AppData\Local\Microsoft\OneDrive\26.106.0603.0003\FileSyncHost.DLL+f3d5|C:\WINDOWS\System32\ucrtbase.dll+2cd30|C:\WINDOWS\System32\KERNEL32.DLL+2e957|C:\WINDOWS\SYSTEM32\ntdll.dll+87c1c
SourceUser: WINDOWS11\vboxuser
TargetUser: WINDOWS11\vboxuser","10","3",,"4","10","0","-9223372036854775808","9916","Microsoft-Windows-Sysmon","5770385f-c22a-43e0-bf4c-06f5698ffbd9","Microsoft-Windows-Sysmon/Operational","3832","4316","Windows11","S-1-5-18","6/22/2026 12:52:15 AM",,,"Microsoft-Windows-Sysmon/Operational","System.UInt32[]","System.Diagnostics.Eventing.Reader.EventBookmark","Information","Info","Image loaded (rule: ImageLoad)","System.Collections.ObjectModel.ReadOnlyCollection`1[System.String]","System.Collections.Generic.List`1[System.Diagnostics.Eventing.Reader.EventProperty]"
"Process accessed:
RuleName: technique_id=T1036,technique_name=Masquerading
UtcTime: 2026-06-22 04:52:10.086
SourceProcessGUID: {2b85bada-fae0-6a37-1701-000000000b00}
SourceProcessId: 8240
SourceThreadId: 3016
SourceImage: C:\Users\vboxuser\AppData\Local\Microsoft\OneDrive\OneDrive.exe
TargetProcessGUID: {2b85bada-fa99-6a37-8600-000000000b00}
TargetProcessId: 5308
TargetImage: C:\WINDOWS\system32\svchost.exe
GrantedAccess: 0x101411
CallTrace: C:\WINDOWS\SYSTEM32\ntdll.dll+160534|C:\WINDOWS\System32\KERNELBASE.dll+23fa6|C:\Users\vboxuser\AppData\Local\Microsoft\OneDrive\26.106.0603.0003\FileSyncClient.dll+5fddc2|C:\Users\vboxuser\AppData\Local\Microsoft\OneDrive\26.106.0603.0003\FileSyncClient.dll+8973b|C:\Users\vboxuser\AppData\Local\Microsoft\OneDrive\26.106.0603.0003\FileSyncClient.dll+89548|C:\Users\vboxuser\AppData\Local\Microsoft\OneDrive\26.106.0603.0003\FileSyncClient.dll+89444|C:\Users\vboxuser\AppData\Local\Microsoft\OneDrive\26.106.0603.0003\FileSyncEvents.dll+e1e2|C:\Users\vboxuser\AppData\Local\Microsoft\OneDrive\26.106.0603.0003\FileSyncHost.DLL+d6a0|C:\Users\vboxuser\AppData\Local\Microsoft\OneDrive\26.106.0603.0003\FileSyncHost.DLL+f3d5|C:\WINDOWS\System32\ucrtbase.dll+2cd30|C:\WINDOWS\System32\KERNEL32.DLL+2e957|C:\WINDOWS\SYSTEM32\ntdll.dll+87c1c
SourceUser: WINDOWS11\vboxuser
TargetUser: WINDOWS11\vboxuser","10","3",,"4","10","0","-9223372036854775808","9915","Microsoft-Windows-Sysmon","5770385f-c22a-43e0-bf4c-06f5698ffbd9","Microsoft-Windows-Sysmon/Operational","3832","4316","Windows11","S-1-5-18","6/22/2026 12:52:15 AM",,,"Microsoft-Windows-Sysmon/Operational","System.UInt32[]","System.Diagnostics.Eventing.Reader.EventBookmark","Information","Info","Image loaded (rule: ImageLoad)","System.Collections.ObjectModel.ReadOnlyCollection`1[System.String]","System.Collections.Generic.List`1[System.Diagnostics.Eventing.Reader.EventProperty]"
"Process accessed:
RuleName: technique_id=T1036,technique_name=Masquerading
UtcTime: 2026-06-22 04:52:10.086
SourceProcessGUID: {2b85bada-fae0-6a37-1701-000000000b00}
SourceProcessId: 8240
SourceThreadId: 3016
SourceImage: C:\Users\vboxuser\AppData\Local\Microsoft\OneDrive\OneDrive.exe
TargetProcessGUID: {2b85bada-fa97-6a37-8200-000000000b00}
TargetProcessId: 6024
TargetImage: C:\Windows\System32\ShellHost.exe
GrantedAccess: 0x101411
CallTrace: C:\WINDOWS\SYSTEM32\ntdll.dll+160534|C:\WINDOWS\System32\KERNELBASE.dll+23fa6|C:\Users\vboxuser\AppData\Local\Microsoft\OneDrive\26.106.0603.0003\FileSyncClient.dll+5fddc2|C:\Users\vboxuser\AppData\Local\Microsoft\OneDrive\26.106.0603.0003\FileSyncClient.dll+8973b|C:\Users\vboxuser\AppData\Local\Microsoft\OneDrive\26.106.0603.0003\FileSyncClient.dll+89548|C:\Users\vboxuser\AppData\Local\Microsoft\OneDrive\26.106.0603.0003\FileSyncClient.dll+89444|C:\Users\vboxuser\AppData\Local\Microsoft\OneDrive\26.106.0603.0003\FileSyncEvents.dll+e1e2|C:\Users\vboxuser\AppData\Local\Microsoft\OneDrive\26.106.0603.0003\FileSyncHost.DLL+d6a0|C:\Users\vboxuser\AppData\Local\Microsoft\OneDrive\26.106.0603.0003\FileSyncHost.DLL+f3d5|C:\WINDOWS\System32\ucrtbase.dll+2cd30|C:\WINDOWS\System32\KERNEL32.DLL+2e957|C:\WINDOWS\SYSTEM32\ntdll.dll+87c1c
SourceUser: WINDOWS11\vboxuser
TargetUser: WINDOWS11\vboxuser","10","3",,"4","10","0","-9223372036854775808","9914","Microsoft-Windows-Sysmon","5770385f-c22a-43e0-bf4c-06f5698ffbd9","Microsoft-Windows-Sysmon/Operational","3832","4316","Windows11","S-1-5-18","6/22/2026 12:52:15 AM",,,"Microsoft-Windows-Sysmon/Operational","System.UInt32[]","System.Diagnostics.Eventing.Reader.EventBookmark","Information","Info","Image loaded (rule: ImageLoad)","System.Collections.ObjectModel.ReadOnlyCollection`1[System.String]","System.Collections.Generic.List`1[System.Diagnostics.Eventing.Reader.EventProperty]"
"Process accessed:
RuleName: technique_id=T1036,technique_name=Masquerading
UtcTime: 2026-06-22 04:52:10.086
SourceProcessGUID: {2b85bada-fae0-6a37-1701-000000000b00}
SourceProcessId: 8240
SourceThreadId: 3016
SourceImage: C:\Users\vboxuser\AppData\Local\Microsoft\OneDrive\OneDrive.exe
TargetProcessGUID: {2b85bada-fa97-6a37-8100-000000000b00}
TargetProcessId: 5948
TargetImage: C:\WINDOWS\Explorer.EXE
GrantedAccess: 0x101411
CallTrace: C:\WINDOWS\SYSTEM32\ntdll.dll+160534|C:\WINDOWS\System32\KERNELBASE.dll+23fa6|C:\Users\vboxuser\AppData\Local\Microsoft\OneDrive\26.106.0603.0003\FileSyncClient.dll+5fddc2|C:\Users\vboxuser\AppData\Local\Microsoft\OneDrive\26.106.0603.0003\FileSyncClient.dll+8973b|C:\Users\vboxuser\AppData\Local\Microsoft\OneDrive\26.106.0603.0003\FileSyncClient.dll+89548|C:\Users\vboxuser\AppData\Local\Microsoft\OneDrive\26.106.0603.0003\FileSyncClient.dll+89444|C:\Users\vboxuser\AppData\Local\Microsoft\OneDrive\26.106.0603.0003\FileSyncEvents.dll+e1e2|C:\Users\vboxuser\AppData\Local\Microsoft\OneDrive\26.106.0603.0003\FileSyncHost.DLL+d6a0|C:\Users\vboxuser\AppData\Local\Microsoft\OneDrive\26.106.0603.0003\FileSyncHost.DLL+f3d5|C:\WINDOWS\System32\ucrtbase.dll+2cd30|C:\WINDOWS\System32\KERNEL32.DLL+2e957|C:\WINDOWS\SYSTEM32\ntdll.dll+87c1c
SourceUser: WINDOWS11\vboxuser
TargetUser: WINDOWS11\vboxuser","10","3",,"4","10","0","-9223372036854775808","9913","Microsoft-Windows-Sysmon","5770385f-c22a-43e0-bf4c-06f5698ffbd9","Microsoft-Windows-Sysmon/Operational","3832","4316","Windows11","S-1-5-18","6/22/2026 12:52:15 AM",,,"Microsoft-Windows-Sysmon/Operational","System.UInt32[]","System.Diagnostics.Eventing.Reader.EventBookmark","Information","Info","Image loaded (rule: ImageLoad)","System.Collections.ObjectModel.ReadOnlyCollection`1[System.String]","System.Collections.Generic.List`1[System.Diagnostics.Eventing.Reader.EventProperty]"
"Process accessed:
RuleName: technique_id=T1036,technique_name=Masquerading
UtcTime: 2026-06-22 04:52:10.086
SourceProcessGUID: {2b85bada-fae0-6a37-1701-000000000b00}
SourceProcessId: 8240
SourceThreadId: 3016
SourceImage: C:\Users\vboxuser\AppData\Local\Microsoft\OneDrive\OneDrive.exe
TargetProcessGUID: {2b85bada-fa95-6a37-7900-000000000b00}
TargetProcessId: 5336
TargetImage: C:\WINDOWS\system32\taskhostw.exe
GrantedAccess: 0x101411
CallTrace: C:\WINDOWS\SYSTEM32\ntdll.dll+160534|C:\WINDOWS\System32\KERNELBASE.dll+23fa6|C:\Users\vboxuser\AppData\Local\Microsoft\OneDrive\26.106.0603.0003\FileSyncClient.dll+5fddc2|C:\Users\vboxuser\AppData\Local\Microsoft\OneDrive\26.106.0603.0003\FileSyncClient.dll+8973b|C:\Users\vboxuser\AppData\Local\Microsoft\OneDrive\26.106.0603.0003\FileSyncClient.dll+89548|C:\Users\vboxuser\AppData\Local\Microsoft\OneDrive\26.106.0603.0003\FileSyncClient.dll+89444|C:\Users\vboxuser\AppData\Local\Microsoft\OneDrive\26.106.0603.0003\FileSyncEvents.dll+e1e2|C:\Users\vboxuser\AppData\Local\Microsoft\OneDrive\26.106.0603.0003\FileSyncHost.DLL+d6a0|C:\Users\vboxuser\AppData\Local\Microsoft\OneDrive\26.106.0603.0003\FileSyncHost.DLL+f3d5|C:\WINDOWS\System32\ucrtbase.dll+2cd30|C:\WINDOWS\System32\KERNEL32.DLL+2e957|C:\WINDOWS\SYSTEM32\ntdll.dll+87c1c
SourceUser: WINDOWS11\vboxuser
TargetUser: WINDOWS11\vboxuser","10","3",,"4","10","0","-9223372036854775808","9912","Microsoft-Windows-Sysmon","5770385f-c22a-43e0-bf4c-06f5698ffbd9","Microsoft-Windows-Sysmon/Operational","3832","4316","Windows11","S-1-5-18","6/22/2026 12:52:15 AM",,,"Microsoft-Windows-Sysmon/Operational","System.UInt32[]","System.Diagnostics.Eventing.Reader.EventBookmark","Information","Info","Image loaded (rule: ImageLoad)","System.Collections.ObjectModel.ReadOnlyCollection`1[System.String]","System.Collections.Generic.List`1[System.Diagnostics.Eventing.Reader.EventProperty]"
"Process accessed:
RuleName: technique_id=T1036,technique_name=Masquerading
UtcTime: 2026-06-22 04:52:10.086
SourceProcessGUID: {2b85bada-fae0-6a37-1701-000000000b00}
SourceProcessId: 8240
SourceThreadId: 3016
SourceImage: C:\Users\vboxuser\AppData\Local\Microsoft\OneDrive\OneDrive.exe
TargetProcessGUID: {2b85bada-fa94-6a37-7800-000000000b00}
TargetProcessId: 5236
TargetImage: C:\WINDOWS\system32\svchost.exe
GrantedAccess: 0x101411
CallTrace: C:\WINDOWS\SYSTEM32\ntdll.dll+160534|C:\WINDOWS\System32\KERNELBASE.dll+23fa6|C:\Users\vboxuser\AppData\Local\Microsoft\OneDrive\26.106.0603.0003\FileSyncClient.dll+5fddc2|C:\Users\vboxuser\AppData\Local\Microsoft\OneDrive\26.106.0603.0003\FileSyncClient.dll+8973b|C:\Users\vboxuser\AppData\Local\Microsoft\OneDrive\26.106.0603.0003\FileSyncClient.dll+89548|C:\Users\vboxuser\AppData\Local\Microsoft\OneDrive\26.106.0603.0003\FileSyncClient.dll+89444|C:\Users\vboxuser\AppData\Local\Microsoft\OneDrive\26.106.0603.0003\FileSyncEvents.dll+e1e2|C:\Users\vboxuser\AppData\Local\Microsoft\OneDrive\26.106.0603.0003\FileSyncHost.DLL+d6a0|C:\Users\vboxuser\AppData\Local\Microsoft\OneDrive\26.106.0603.0003\FileSyncHost.DLL+f3d5|C:\WINDOWS\System32\ucrtbase.dll+2cd30|C:\WINDOWS\System32\KERNEL32.DLL+2e957|C:\WINDOWS\SYSTEM32\ntdll.dll+87c1c
SourceUser: WINDOWS11\vboxuser
TargetUser: WINDOWS11\vboxuser","10","3",,"4","10","0","-9223372036854775808","9911","Microsoft-Windows-Sysmon","5770385f-c22a-43e0-bf4c-06f5698ffbd9","Microsoft-Windows-Sysmon/Operational","3832","4316","Windows11","S-1-5-18","6/22/2026 12:52:15 AM",,,"Microsoft-Windows-Sysmon/Operational","System.UInt32[]","System.Diagnostics.Eventing.Reader.EventBookmark","Information","Info","Image loaded (rule: ImageLoad)","System.Collections.ObjectModel.ReadOnlyCollection`1[System.String]","System.Collections.Generic.List`1[System.Diagnostics.Eventing.Reader.EventProperty]"
"Process accessed:
RuleName: technique_id=T1036,technique_name=Masquerading
UtcTime: 2026-06-22 04:52:10.086
SourceProcessGUID: {2b85bada-fae0-6a37-1701-000000000b00}
SourceProcessId: 8240
SourceThreadId: 3016
SourceImage: C:\Users\vboxuser\AppData\Local\Microsoft\OneDrive\OneDrive.exe
TargetProcessGUID: {2b85bada-fa94-6a37-7600-000000000b00}
TargetProcessId: 4440
TargetImage: C:\WINDOWS\system32\svchost.exe
GrantedAccess: 0x101411
CallTrace: C:\WINDOWS\SYSTEM32\ntdll.dll+160534|C:\WINDOWS\System32\KERNELBASE.dll+23fa6|C:\Users\vboxuser\AppData\Local\Microsoft\OneDrive\26.106.0603.0003\FileSyncClient.dll+5fddc2|C:\Users\vboxuser\AppData\Local\Microsoft\OneDrive\26.106.0603.0003\FileSyncClient.dll+8973b|C:\Users\vboxuser\AppData\Local\Microsoft\OneDrive\26.106.0603.0003\FileSyncClient.dll+89548|C:\Users\vboxuser\AppData\Local\Microsoft\OneDrive\26.106.0603.0003\FileSyncClient.dll+89444|C:\Users\vboxuser\AppData\Local\Microsoft\OneDrive\26.106.0603.0003\FileSyncEvents.dll+e1e2|C:\Users\vboxuser\AppData\Local\Microsoft\OneDrive\26.106.0603.0003\FileSyncHost.DLL+d6a0|C:\Users\vboxuser\AppData\Local\Microsoft\OneDrive\26.106.0603.0003\FileSyncHost.DLL+f3d5|C:\WINDOWS\System32\ucrtbase.dll+2cd30|C:\WINDOWS\System32\KERNEL32.DLL+2e957|C:\WINDOWS\SYSTEM32\ntdll.dll+87c1c
SourceUser: WINDOWS11\vboxuser
TargetUser: WINDOWS11\vboxuser","10","3",,"4","10","0","-9223372036854775808","9910","Microsoft-Windows-Sysmon","5770385f-c22a-43e0-bf4c-06f5698ffbd9","Microsoft-Windows-Sysmon/Operational","3832","4316","Windows11","S-1-5-18","6/22/2026 12:52:15 AM",,,"Microsoft-Windows-Sysmon/Operational","System.UInt32[]","System.Diagnostics.Eventing.Reader.EventBookmark","Information","Info","Image loaded (rule: ImageLoad)","System.Collections.ObjectModel.ReadOnlyCollection`1[System.String]","System.Collections.Generic.List`1[System.Diagnostics.Eventing.Reader.EventProperty]"
"Process accessed:
RuleName: technique_id=T1036,technique_name=Masquerading
UtcTime: 2026-06-22 04:52:10.086
SourceProcessGUID: {2b85bada-fae0-6a37-1701-000000000b00}
SourceProcessId: 8240
SourceThreadId: 3016
SourceImage: C:\Users\vboxuser\AppData\Local\Microsoft\OneDrive\OneDrive.exe
TargetProcessGUID: {2b85bada-fa94-6a37-7500-000000000b00}
TargetProcessId: 4976
TargetImage: C:\WINDOWS\system32\svchost.exe
GrantedAccess: 0x101411
CallTrace: C:\WINDOWS\SYSTEM32\ntdll.dll+160534|C:\WINDOWS\System32\KERNELBASE.dll+23fa6|C:\Users\vboxuser\AppData\Local\Microsoft\OneDrive\26.106.0603.0003\FileSyncClient.dll+5fddc2|C:\Users\vboxuser\AppData\Local\Microsoft\OneDrive\26.106.0603.0003\FileSyncClient.dll+8973b|C:\Users\vboxuser\AppData\Local\Microsoft\OneDrive\26.106.0603.0003\FileSyncClient.dll+89548|C:\Users\vboxuser\AppData\Local\Microsoft\OneDrive\26.106.0603.0003\FileSyncClient.dll+89444|C:\Users\vboxuser\AppData\Local\Microsoft\OneDrive\26.106.0603.0003\FileSyncEvents.dll+e1e2|C:\Users\vboxuser\AppData\Local\Microsoft\OneDrive\26.106.0603.0003\FileSyncHost.DLL+d6a0|C:\Users\vboxuser\AppData\Local\Microsoft\OneDrive\26.106.0603.0003\FileSyncHost.DLL+f3d5|C:\WINDOWS\System32\ucrtbase.dll+2cd30|C:\WINDOWS\System32\KERNEL32.DLL+2e957|C:\WINDOWS\SYSTEM32\ntdll.dll+87c1c
SourceUser: WINDOWS11\vboxuser
TargetUser: WINDOWS11\vboxuser","10","3",,"4","10","0","-9223372036854775808","9909","Microsoft-Windows-Sysmon","5770385f-c22a-43e0-bf4c-06f5698ffbd9","Microsoft-Windows-Sysmon/Operational","3832","4316","Windows11","S-1-5-18","6/22/2026 12:52:15 AM",,,"Microsoft-Windows-Sysmon/Operational","System.UInt32[]","System.Diagnostics.Eventing.Reader.EventBookmark","Information","Info","Image loaded (rule: ImageLoad)","System.Collections.ObjectModel.ReadOnlyCollection`1[System.String]","System.Collections.Generic.List`1[System.Diagnostics.Eventing.Reader.EventProperty]"
"Process accessed:
RuleName: technique_id=T1036,technique_name=Masquerading
UtcTime: 2026-06-22 04:52:10.086
SourceProcessGUID: {2b85bada-fae0-6a37-1701-000000000b00}
SourceProcessId: 8240
SourceThreadId: 3016
SourceImage: C:\Users\vboxuser\AppData\Local\Microsoft\OneDrive\OneDrive.exe
TargetProcessGUID: {2b85bada-fa94-6a37-7400-000000000b00}
TargetProcessId: 5052
TargetImage: C:\WINDOWS\system32\sihost.exe
GrantedAccess: 0x101411
CallTrace: C:\WINDOWS\SYSTEM32\ntdll.dll+160534|C:\WINDOWS\System32\KERNELBASE.dll+23fa6|C:\Users\vboxuser\AppData\Local\Microsoft\OneDrive\26.106.0603.0003\FileSyncClient.dll+5fddc2|C:\Users\vboxuser\AppData\Local\Microsoft\OneDrive\26.106.0603.0003\FileSyncClient.dll+8973b|C:\Users\vboxuser\AppData\Local\Microsoft\OneDrive\26.106.0603.0003\FileSyncClient.dll+89548|C:\Users\vboxuser\AppData\Local\Microsoft\OneDrive\26.106.0603.0003\FileSyncClient.dll+89444|C:\Users\vboxuser\AppData\Local\Microsoft\OneDrive\26.106.0603.0003\FileSyncEvents.dll+e1e2|C:\Users\vboxuser\AppData\Local\Microsoft\OneDrive\26.106.0603.0003\FileSyncHost.DLL+d6a0|C:\Users\vboxuser\AppData\Local\Microsoft\OneDrive\26.106.0603.0003\FileSyncHost.DLL+f3d5|C:\WINDOWS\System32\ucrtbase.dll+2cd30|C:\WINDOWS\System32\KERNEL32.DLL+2e957|C:\WINDOWS\SYSTEM32\ntdll.dll+87c1c
SourceUser: WINDOWS11\vboxuser
TargetUser: WINDOWS11\vboxuser","10","3",,"4","10","0","-9223372036854775808","9908","Microsoft-Windows-Sysmon","5770385f-c22a-43e0-bf4c-06f5698ffbd9","Microsoft-Windows-Sysmon/Operational","3832","4316","Windows11","S-1-5-18","6/22/2026 12:52:15 AM",,,"Microsoft-Windows-Sysmon/Operational","System.UInt32[]","System.Diagnostics.Eventing.Reader.EventBookmark","Information","Info","Image loaded (rule: ImageLoad)","System.Collections.ObjectModel.ReadOnlyCollection`1[System.String]","System.Collections.Generic.List`1[System.Diagnostics.Eventing.Reader.EventProperty]"
"Registry value set:
RuleName: -
EventType: SetValue
UtcTime: 2026-06-22 04:52:09.406
ProcessGuid: {2b85bada-fa86-6a37-3d00-000000000b00}
ProcessId: 2288
Image: C:\WINDOWS\system32\svchost.exe
TargetObject: HKLM\System\CurrentControlSet\Services\SharedAccess\Epoch2\Epoch
Details: DWORD (0x0000001f)
User: NT AUTHORITY\LOCAL SERVICE","13","2",,"4","13","0","-9223372036854775808","9907","Microsoft-Windows-Sysmon","5770385f-c22a-43e0-bf4c-06f5698ffbd9","Microsoft-Windows-Sysmon/Operational","3832","4316","Windows11","S-1-5-18","6/22/2026 12:52:15 AM",,,"Microsoft-Windows-Sysmon/Operational","System.UInt32[]","System.Diagnostics.Eventing.Reader.EventBookmark","Information","Info","Image loaded (rule: ImageLoad)","System.Collections.ObjectModel.ReadOnlyCollection`1[System.String]","System.Collections.Generic.List`1[System.Diagnostics.Eventing.Reader.EventProperty]"
"Process Create:
RuleName: technique_id=T1083,technique_name=File and Directory Discovery
UtcTime: 2026-06-22 04:52:05.804
ProcessGuid: {2b85bada-bf75-6a38-8d05-000000000b00}
ProcessId: 9888
Image: C:\Program Files (x86)\Microsoft\EdgeUpdate\MicrosoftEdgeUpdate.exe
FileVersion: 1.3.241.13
Description: Microsoft Edge Update
Product: Microsoft Edge Update
Company: Microsoft Corporation
OriginalFileName: MicrosoftEdgeUpdate.exe
CommandLine: ""C:\Program Files (x86)\Microsoft\EdgeUpdate\MicrosoftEdgeUpdate.exe"" /ua /installsource scheduler
CurrentDirectory: C:\WINDOWS\system32\
User: NT AUTHORITY\SYSTEM
LogonGuid: {2b85bada-fa81-6a37-e703-000000000000}
LogonId: 0x3E7
TerminalSessionId: 0
IntegrityLevel: System
Hashes: SHA1=BD6DA1690E59FE353CAF0B044E466A6623C05C8D,MD5=7E2D83A0C2F1D9E1D0FC0C9BA2AC1030,SHA256=851394778564C49B263414FD59D3E81A2DFC3A3FC828FFF819F3121499E9BAFC,IMPHASH=CD3B2D99C6655A5D4A14E30E380F5BF9
ParentProcessGuid: {2b85bada-fa83-6a37-1c00-000000000b00}
ParentProcessId: 1548
ParentImage: C:\Windows\System32\svchost.exe
ParentCommandLine: C:\WINDOWS\system32\svchost.exe -k netsvcs -p -s Schedule
ParentUser: NT AUTHORITY\SYSTEM","1","5",,"4","1","0","-9223372036854775808","9906","Microsoft-Windows-Sysmon","5770385f-c22a-43e0-bf4c-06f5698ffbd9","Microsoft-Windows-Sysmon/Operational","3832","4316","Windows11","S-1-5-18","6/22/2026 12:52:14 AM",,,"Microsoft-Windows-Sysmon/Operational","System.UInt32[]","System.Diagnostics.Eventing.Reader.EventBookmark","Information","Info","Image loaded (rule: ImageLoad)","System.Collections.ObjectModel.ReadOnlyCollection`1[System.String]","System.Collections.Generic.List`1[System.Diagnostics.Eventing.Reader.EventProperty]"
"Dns query:
RuleName: -
UtcTime: 2026-06-22 04:52:37.787
ProcessGuid: {2b85bada-fa85-6a37-3a00-000000000b00}
ProcessId: 3004
QueryName: WINDOWS11
QueryStatus: 0
QueryResults: 127.0.0.1;
Image: C:\Windows\System32\spoolsv.exe
User: NT AUTHORITY\SYSTEM","22","5",,"4","22","0","-9223372036854775808","9905","Microsoft-Windows-Sysmon","5770385f-c22a-43e0-bf4c-06f5698ffbd9","Microsoft-Windows-Sysmon/Operational","3832","4336","Windows11","S-1-5-18","6/22/2026 12:52:14 AM",,,"Microsoft-Windows-Sysmon/Operational","System.UInt32[]","System.Diagnostics.Eventing.Reader.EventBookmark","Information","Info","Image loaded (rule: ImageLoad)","System.Collections.ObjectModel.ReadOnlyCollection`1[System.String]","System.Collections.Generic.List`1[System.Diagnostics.Eventing.Reader.EventProperty]"
"Registry value set:
RuleName: -
EventType: SetValue
UtcTime: 2026-06-22 04:52:07.062
ProcessGuid: {2b85bada-fa86-6a37-3d00-000000000b00}
ProcessId: 2288
Image: C:\WINDOWS\system32\svchost.exe
TargetObject: HKLM\System\CurrentControlSet\Services\SharedAccess\Epoch2\Epoch
Details: DWORD (0x0000001e)
User: NT AUTHORITY\LOCAL SERVICE","13","2",,"4","13","0","-9223372036854775808","9904","Microsoft-Windows-Sysmon","5770385f-c22a-43e0-bf4c-06f5698ffbd9","Microsoft-Windows-Sysmon/Operational","3832","4316","Windows11","S-1-5-18","6/22/2026 12:52:13 AM",,,"Microsoft-Windows-Sysmon/Operational","System.UInt32[]","System.Diagnostics.Eventing.Reader.EventBookmark","Information","Info","Image loaded (rule: ImageLoad)","System.Collections.ObjectModel.ReadOnlyCollection`1[System.String]","System.Collections.Generic.List`1[System.Diagnostics.Eventing.Reader.EventProperty]"
"Network connection detected:
RuleName: technique_id=T1571,technique_name=Non-Standard Port
UtcTime: 2026-06-22 04:52:36.276
ProcessGuid: {2b85bada-fa84-6a37-3000-000000000b00}
ProcessId: 2308
Image: C:\Windows\System32\svchost.exe
User: NT AUTHORITY\NETWORK SERVICE
Protocol: udp
Initiated: false
SourceIsIpv6: true
SourceIp: ff02:0:0:0:0:0:0:fb
SourceHostname: -
SourcePort: 5353
SourcePortName: -
DestinationIsIpv6: true
DestinationIp: fe80:0:0:0:14d1:14e9:62dc:b388
DestinationHostname: -
DestinationPort: 5353
DestinationPortName: -","3","5",,"4","3","0","-9223372036854775808","9903","Microsoft-Windows-Sysmon","5770385f-c22a-43e0-bf4c-06f5698ffbd9","Microsoft-Windows-Sysmon/Operational","3832","4324","Windows11","S-1-5-18","6/22/2026 12:52:13 AM",,,"Microsoft-Windows-Sysmon/Operational","System.UInt32[]","System.Diagnostics.Eventing.Reader.EventBookmark","Information","Info","Image loaded (rule: ImageLoad)","System.Collections.ObjectModel.ReadOnlyCollection`1[System.String]","System.Collections.Generic.List`1[System.Diagnostics.Eventing.Reader.EventProperty]"
"Dns query:
RuleName: -
UtcTime: 2026-06-22 04:52:29.941
ProcessGuid: {2b85bada-fa85-6a37-3a00-000000000b00}
ProcessId: 3004
QueryName: WINDOWS11
QueryStatus: 0
QueryResults: 169.254.255.53;
Image: C:\Windows\System32\spoolsv.exe
User: NT AUTHORITY\SYSTEM","22","5",,"4","22","0","-9223372036854775808","9902","Microsoft-Windows-Sysmon","5770385f-c22a-43e0-bf4c-06f5698ffbd9","Microsoft-Windows-Sysmon/Operational","3832","4336","Windows11","S-1-5-18","6/22/2026 12:52:09 AM",,,"Microsoft-Windows-Sysmon/Operational","System.UInt32[]","System.Diagnostics.Eventing.Reader.EventBookmark","Information","Info","Image loaded (rule: ImageLoad)","System.Collections.ObjectModel.ReadOnlyCollection`1[System.String]","System.Collections.Generic.List`1[System.Diagnostics.Eventing.Reader.EventProperty]"
"Network connection detected:
RuleName: technique_id=T1571,technique_name=Non-Standard Port
UtcTime: 2026-06-22 04:52:20.114
ProcessGuid: {2b85bada-fa84-6a37-3000-000000000b00}
ProcessId: 2308
Image: C:\Windows\System32\svchost.exe
User: NT AUTHORITY\NETWORK SERVICE
Protocol: udp
Initiated: false
SourceIsIpv6: true
SourceIp: ff02:0:0:0:0:0:0:fb
SourceHostname: -
SourcePort: 5353
SourcePortName: -
DestinationIsIpv6: true
DestinationIp: fe80:0:0:0:b42c:3199:64d:84b2
DestinationHostname: -
DestinationPort: 5353
DestinationPortName: -","3","5",,"4","3","0","-9223372036854775808","9901","Microsoft-Windows-Sysmon","5770385f-c22a-43e0-bf4c-06f5698ffbd9","Microsoft-Windows-Sysmon/Operational","3832","4324","Windows11","S-1-5-18","6/22/2026 12:51:59 AM",,,"Microsoft-Windows-Sysmon/Operational","System.UInt32[]","System.Diagnostics.Eventing.Reader.EventBookmark","Information","Info","Image loaded (rule: ImageLoad)","System.Collections.ObjectModel.ReadOnlyCollection`1[System.String]","System.Collections.Generic.List`1[System.Diagnostics.Eventing.Reader.EventProperty]"
"Network connection detected:
RuleName: technique_id=T1571,technique_name=Non-Standard Port
UtcTime: 2026-06-22 04:52:19.471
ProcessGuid: {2b85bada-fa84-6a37-3000-000000000b00}
ProcessId: 2308
Image: C:\Windows\System32\svchost.exe
User: NT AUTHORITY\NETWORK SERVICE
Protocol: udp
Initiated: false
SourceIsIpv6: false
SourceIp: 224.0.0.251
SourceHostname: -
SourcePort: 5353
SourcePortName: -
DestinationIsIpv6: false
DestinationIp: 192.168.4.22
DestinationHostname: -
DestinationPort: 5353
DestinationPortName: -","3","5",,"4","3","0","-9223372036854775808","9900","Microsoft-Windows-Sysmon","5770385f-c22a-43e0-bf4c-06f5698ffbd9","Microsoft-Windows-Sysmon/Operational","3832","4324","Windows11","S-1-5-18","6/22/2026 12:51:58 AM",,,"Microsoft-Windows-Sysmon/Operational","System.UInt32[]","System.Diagnostics.Eventing.Reader.EventBookmark","Information","Info","Image loaded (rule: ImageLoad)","System.Collections.ObjectModel.ReadOnlyCollection`1[System.String]","System.Collections.Generic.List`1[System.Diagnostics.Eventing.Reader.EventProperty]"
"Network connection detected:
