RuleName: -
EventType: SetValue
UtcTime: 2026-06-22 05:07:03.885
ProcessGuid: {2b85bada-c2f6-6a38-d105-000000000b00}
ProcessId: 2620
Image: C:\WINDOWS\SystemApps\MicrosoftWindows.Client.CBS_cw5n1h2txyewy\SoftLandingTask\SoftLandingTask.exe
TargetObject: HKLM\System\CurrentControlSet\Services\bam\State\UserSettings\S-1-5-21-3931421473-148499878-826545620-1000\MicrosoftWindows.Client.CBS_cw5n1h2txyewy
Details: Binary Data
User: WINDOWS11\vboxuser","13","2",,"4","13","0","-9223372036854775808","10121","Microsoft-Windows-Sysmon","5770385f-c22a-43e0-bf4c-06f5698ffbd9","Microsoft-Windows-Sysmon/Operational","3832","4316","Windows11","S-1-5-18","6/22/2026 1:07:03 AM",,,"Microsoft-Windows-Sysmon/Operational","System.UInt32[]","System.Diagnostics.Eventing.Reader.EventBookmark","Information","Info","Image loaded (rule: ImageLoad)","System.Collections.ObjectModel.ReadOnlyCollection`1[System.String]","System.Collections.Generic.List`1[System.Diagnostics.Eventing.Reader.EventProperty]"
"Image loaded:
RuleName: technique_id=T1053,technique_name=Scheduled Task
UtcTime: 2026-06-22 05:07:02.786
ProcessGuid: {2b85bada-c2f6-6a38-d105-000000000b00}
ProcessId: 2620
Image: C:\Windows\SystemApps\MicrosoftWindows.Client.CBS_cw5n1h2txyewy\SoftLandingTask\SoftLandingTask.exe
ImageLoaded: C:\Windows\System32\taskschd.dll
FileVersion: 10.0.26100.5074 (WinBuild.160101.0800)
Description: Task Scheduler COM API
Product: Microsoft? Windows? Operating System
Company: Microsoft Corporation
OriginalFileName: taskschd.dll
Hashes: SHA1=BF09E52372CF6663743A6FC58FCDB75D7551CD64,MD5=DF9E41FF2CF7430B4A29B24BB86AB7B0,SHA256=1E3292A4C58708CA4E3A73B82DB0E9CA4A2C1FC640526B9A14337A1A55A36AA7,IMPHASH=E61FD409CB21E6A6EBA2AFE59848CFC8
Signed: true
Signature: Microsoft Windows
SignatureStatus: Valid
User: WINDOWS11\vboxuser","7","3",,"4","7","0","-9223372036854775808","10120","Microsoft-Windows-Sysmon","5770385f-c22a-43e0-bf4c-06f5698ffbd9","Microsoft-Windows-Sysmon/Operational","3832","4316","Windows11","S-1-5-18","6/22/2026 1:07:02 AM",,,"Microsoft-Windows-Sysmon/Operational","System.UInt32[]","System.Diagnostics.Eventing.Reader.EventBookmark","Information","Info","Image loaded (rule: ImageLoad)","System.Collections.ObjectModel.ReadOnlyCollection`1[System.String]","System.Collections.Generic.List`1[System.Diagnostics.Eventing.Reader.EventProperty]"
"Registry value set:
RuleName: -
EventType: SetValue
UtcTime: 2026-06-22 05:07:02.310
ProcessGuid: {2b85bada-fa82-6a37-0d00-000000000b00}
ProcessId: 624
Image: C:\WINDOWS\system32\svchost.exe
TargetObject: HKLM\System\CurrentControlSet\Services\bam\State\UserSettings\S-1-5-21-3931421473-148499878-826545620-1000\MicrosoftWindows.Client.CBS_cw5n1h2txyewy
Details: Binary Data
User: NT AUTHORITY\SYSTEM","13","2",,"4","13","0","-9223372036854775808","10119","Microsoft-Windows-Sysmon","5770385f-c22a-43e0-bf4c-06f5698ffbd9","Microsoft-Windows-Sysmon/Operational","3832","4316","Windows11","S-1-5-18","6/22/2026 1:07:02 AM",,,"Microsoft-Windows-Sysmon/Operational","System.UInt32[]","System.Diagnostics.Eventing.Reader.EventBookmark","Information","Info","Image loaded (rule: ImageLoad)","System.Collections.ObjectModel.ReadOnlyCollection`1[System.String]","System.Collections.Generic.List`1[System.Diagnostics.Eventing.Reader.EventProperty]"
"Network connection detected:
RuleName: technique_id=T1571,technique_name=Non-Standard Port
UtcTime: 2026-06-22 05:07:06.266
ProcessGuid: {2b85bada-fa84-6a37-3000-000000000b00}
ProcessId: 2308
Image: C:\Windows\System32\svchost.exe
User: NT AUTHORITY\NETWORK SERVICE
Protocol: udp
Initiated: false
SourceIsIpv6: false
SourceIp: 224.0.0.251
SourceHostname: -
SourcePort: 5353
SourcePortName: -
DestinationIsIpv6: false
DestinationIp: 192.168.5.87
DestinationHostname: -
DestinationPort: 5353
DestinationPortName: -","3","5",,"4","3","0","-9223372036854775808","10118","Microsoft-Windows-Sysmon","5770385f-c22a-43e0-bf4c-06f5698ffbd9","Microsoft-Windows-Sysmon/Operational","3832","4324","Windows11","S-1-5-18","6/22/2026 1:06:54 AM",,,"Microsoft-Windows-Sysmon/Operational","System.UInt32[]","System.Diagnostics.Eventing.Reader.EventBookmark","Information","Info","Image loaded (rule: ImageLoad)","System.Collections.ObjectModel.ReadOnlyCollection`1[System.String]","System.Collections.Generic.List`1[System.Diagnostics.Eventing.Reader.EventProperty]"
"Network connection detected:
RuleName: technique_id=T1571,technique_name=Non-Standard Port
UtcTime: 2026-06-22 05:07:06.265
ProcessGuid: {2b85bada-fa84-6a37-3000-000000000b00}
ProcessId: 2308
Image: C:\Windows\System32\svchost.exe
User: NT AUTHORITY\NETWORK SERVICE
Protocol: udp
Initiated: false
SourceIsIpv6: false
SourceIp: 224.0.0.251
SourceHostname: -
SourcePort: 5353
SourcePortName: -
DestinationIsIpv6: false
DestinationIp: 192.168.5.87
DestinationHostname: -
DestinationPort: 5353
DestinationPortName: -","3","5",,"4","3","0","-9223372036854775808","10117","Microsoft-Windows-Sysmon","5770385f-c22a-43e0-bf4c-06f5698ffbd9","Microsoft-Windows-Sysmon/Operational","3832","4324","Windows11","S-1-5-18","6/22/2026 1:06:54 AM",,,"Microsoft-Windows-Sysmon/Operational","System.UInt32[]","System.Diagnostics.Eventing.Reader.EventBookmark","Information","Info","Image loaded (rule: ImageLoad)","System.Collections.ObjectModel.ReadOnlyCollection`1[System.String]","System.Collections.Generic.List`1[System.Diagnostics.Eventing.Reader.EventProperty]"
"Registry value set:
RuleName: -
EventType: SetValue
UtcTime: 2026-06-22 05:06:42.047
ProcessGuid: {2b85bada-fa86-6a37-3d00-000000000b00}
ProcessId: 2288
Image: C:\WINDOWS\system32\svchost.exe
TargetObject: HKLM\System\CurrentControlSet\Services\SharedAccess\Epoch2\Epoch
Details: DWORD (0x00000021)
User: NT AUTHORITY\LOCAL SERVICE","13","2",,"4","13","0","-9223372036854775808","10116","Microsoft-Windows-Sysmon","5770385f-c22a-43e0-bf4c-06f5698ffbd9","Microsoft-Windows-Sysmon/Operational","3832","4316","Windows11","S-1-5-18","6/22/2026 1:06:42 AM",,,"Microsoft-Windows-Sysmon/Operational","System.UInt32[]","System.Diagnostics.Eventing.Reader.EventBookmark","Information","Info","Image loaded (rule: ImageLoad)","System.Collections.ObjectModel.ReadOnlyCollection`1[System.String]","System.Collections.Generic.List`1[System.Diagnostics.Eventing.Reader.EventProperty]"
"Image loaded:
RuleName: technique_id=T1053,technique_name=Scheduled Task
UtcTime: 2026-06-22 05:06:15.075
ProcessGuid: {2b85bada-c2c5-6a38-cf05-000000000b00}
ProcessId: 8312
Image: C:\Program Files (x86)\Microsoft\EdgeUpdate\MicrosoftEdgeUpdate.exe
ImageLoaded: C:\Windows\SysWOW64\taskschd.dll
FileVersion: 10.0.26100.5074 (WinBuild.160101.0800)
Description: Task Scheduler COM API
Product: Microsoft? Windows? Operating System
Company: Microsoft Corporation
OriginalFileName: taskschd.dll
Hashes: SHA1=9A8680AD5B2A8A03CD76ECA9C59903B32491B01F,MD5=37CAF4C00F4781439B95891B3AD80285,SHA256=331FFA63D5FAE28E01929C99081899CC2CED5308F45F4C2148CE5E07132B5819,IMPHASH=86234BA1ECC097DF8302B1B6731097FD
Signed: true
Signature: Microsoft Windows
SignatureStatus: Valid
User: NT AUTHORITY\SYSTEM","7","3",,"4","7","0","-9223372036854775808","10115","Microsoft-Windows-Sysmon","5770385f-c22a-43e0-bf4c-06f5698ffbd9","Microsoft-Windows-Sysmon/Operational","3832","4328","Windows11","S-1-5-18","6/22/2026 1:06:15 AM",,,"Microsoft-Windows-Sysmon/Operational","System.UInt32[]","System.Diagnostics.Eventing.Reader.EventBookmark","Information","Info","Image loaded (rule: ImageLoad)","System.Collections.ObjectModel.ReadOnlyCollection`1[System.String]","System.Collections.Generic.List`1[System.Diagnostics.Eventing.Reader.EventProperty]"
"Process Create:
RuleName: technique_id=T1083,technique_name=File and Directory Discovery
UtcTime: 2026-06-22 05:06:13.367
ProcessGuid: {2b85bada-c2c5-6a38-cf05-000000000b00}
ProcessId: 8312
Image: C:\Program Files (x86)\Microsoft\EdgeUpdate\MicrosoftEdgeUpdate.exe
FileVersion: 1.3.241.13
Description: Microsoft Edge Update
Product: Microsoft Edge Update
Company: Microsoft Corporation
OriginalFileName: MicrosoftEdgeUpdate.exe
CommandLine: ""C:\Program Files (x86)\Microsoft\EdgeUpdate\MicrosoftEdgeUpdate.exe"" /ua /installsource scheduler
CurrentDirectory: C:\WINDOWS\system32\
User: NT AUTHORITY\SYSTEM
LogonGuid: {2b85bada-fa81-6a37-e703-000000000000}
LogonId: 0x3E7
TerminalSessionId: 0
IntegrityLevel: System
Hashes: SHA1=BD6DA1690E59FE353CAF0B044E466A6623C05C8D,MD5=7E2D83A0C2F1D9E1D0FC0C9BA2AC1030,SHA256=851394778564C49B263414FD59D3E81A2DFC3A3FC828FFF819F3121499E9BAFC,IMPHASH=CD3B2D99C6655A5D4A14E30E380F5BF9
ParentProcessGuid: {2b85bada-fa83-6a37-1c00-000000000b00}
ParentProcessId: 1548
ParentImage: C:\Windows\System32\svchost.exe
ParentCommandLine: C:\WINDOWS\system32\svchost.exe -k netsvcs -p -s Schedule
ParentUser: NT AUTHORITY\SYSTEM","1","5",,"4","1","0","-9223372036854775808","10114","Microsoft-Windows-Sysmon","5770385f-c22a-43e0-bf4c-06f5698ffbd9","Microsoft-Windows-Sysmon/Operational","3832","4316","Windows11","S-1-5-18","6/22/2026 1:06:13 AM",,,"Microsoft-Windows-Sysmon/Operational","System.UInt32[]","System.Diagnostics.Eventing.Reader.EventBookmark","Information","Info","Image loaded (rule: ImageLoad)","System.Collections.ObjectModel.ReadOnlyCollection`1[System.String]","System.Collections.Generic.List`1[System.Diagnostics.Eventing.Reader.EventProperty]"
"Network connection detected:
RuleName: technique_id=T1571,technique_name=Non-Standard Port
UtcTime: 2026-06-22 05:05:05.745
ProcessGuid: {2b85bada-fa84-6a37-3000-000000000b00}
ProcessId: 2308
Image: C:\Windows\System32\svchost.exe
User: NT AUTHORITY\NETWORK SERVICE
Protocol: udp
Initiated: false
SourceIsIpv6: false
SourceIp: 224.0.0.251
SourceHostname: -
SourcePort: 5353
SourcePortName: -
DestinationIsIpv6: false
DestinationIp: 192.168.5.127
DestinationHostname: -
DestinationPort: 5353
DestinationPortName: -","3","5",,"4","3","0","-9223372036854775808","10113","Microsoft-Windows-Sysmon","5770385f-c22a-43e0-bf4c-06f5698ffbd9","Microsoft-Windows-Sysmon/Operational","3832","4324","Windows11","S-1-5-18","6/22/2026 1:05:08 AM",,,"Microsoft-Windows-Sysmon/Operational","System.UInt32[]","System.Diagnostics.Eventing.Reader.EventBookmark","Information","Info","Image loaded (rule: ImageLoad)","System.Collections.ObjectModel.ReadOnlyCollection`1[System.String]","System.Collections.Generic.List`1[System.Diagnostics.Eventing.Reader.EventProperty]"
"Network connection detected:
RuleName: technique_id=T1571,technique_name=Non-Standard Port
UtcTime: 2026-06-22 05:05:05.534
ProcessGuid: {2b85bada-fa84-6a37-3000-000000000b00}
ProcessId: 2308
Image: C:\Windows\System32\svchost.exe
User: NT AUTHORITY\NETWORK SERVICE
Protocol: udp
Initiated: false
SourceIsIpv6: true
SourceIp: ff02:0:0:0:0:0:0:fb
SourceHostname: -
SourcePort: 5353
SourcePortName: -
DestinationIsIpv6: true
DestinationIp: fe80:0:0:0:484:5541:4c2c:b0cc
DestinationHostname: -
DestinationPort: 5353
DestinationPortName: -","3","5",,"4","3","0","-9223372036854775808","10112","Microsoft-Windows-Sysmon","5770385f-c22a-43e0-bf4c-06f5698ffbd9","Microsoft-Windows-Sysmon/Operational","3832","4324","Windows11","S-1-5-18","6/22/2026 1:05:07 AM",,,"Microsoft-Windows-Sysmon/Operational","System.UInt32[]","System.Diagnostics.Eventing.Reader.EventBookmark","Information","Info","Image loaded (rule: ImageLoad)","System.Collections.ObjectModel.ReadOnlyCollection`1[System.String]","System.Collections.Generic.List`1[System.Diagnostics.Eventing.Reader.EventProperty]"
"Network connection detected:
RuleName: technique_id=T1571,technique_name=Non-Standard Port
UtcTime: 2026-06-22 05:03:05.007
ProcessGuid: {2b85bada-fa84-6a37-3000-000000000b00}
ProcessId: 2308
Image: C:\Windows\System32\svchost.exe
User: NT AUTHORITY\NETWORK SERVICE
Protocol: udp
Initiated: false
SourceIsIpv6: false
SourceIp: 224.0.0.251
SourceHostname: -
SourcePort: 5353
SourcePortName: -
DestinationIsIpv6: false
DestinationIp: 192.168.4.23
DestinationHostname: -
DestinationPort: 5353
DestinationPortName: -","3","5",,"4","3","0","-9223372036854775808","10111","Microsoft-Windows-Sysmon","5770385f-c22a-43e0-bf4c-06f5698ffbd9","Microsoft-Windows-Sysmon/Operational","3832","4324","Windows11","S-1-5-18","6/22/2026 1:03:08 AM",,,"Microsoft-Windows-Sysmon/Operational","System.UInt32[]","System.Diagnostics.Eventing.Reader.EventBookmark","Information","Info","Image loaded (rule: ImageLoad)","System.Collections.ObjectModel.ReadOnlyCollection`1[System.String]","System.Collections.Generic.List`1[System.Diagnostics.Eventing.Reader.EventProperty]"
"Network connection detected:
RuleName: technique_id=T1571,technique_name=Non-Standard Port
UtcTime: 2026-06-22 05:03:04.802
ProcessGuid: {2b85bada-fa84-6a37-3000-000000000b00}
ProcessId: 2308
Image: C:\Windows\System32\svchost.exe
User: NT AUTHORITY\NETWORK SERVICE
Protocol: udp
Initiated: false
SourceIsIpv6: false
SourceIp: 224.0.0.251
SourceHostname: -
SourcePort: 5353
SourcePortName: -
DestinationIsIpv6: false
DestinationIp: 192.168.4.23
DestinationHostname: -
DestinationPort: 5353
DestinationPortName: -","3","5",,"4","3","0","-9223372036854775808","10110","Microsoft-Windows-Sysmon","5770385f-c22a-43e0-bf4c-06f5698ffbd9","Microsoft-Windows-Sysmon/Operational","3832","4324","Windows11","S-1-5-18","6/22/2026 1:03:08 AM",,,"Microsoft-Windows-Sysmon/Operational","System.UInt32[]","System.Diagnostics.Eventing.Reader.EventBookmark","Information","Info","Image loaded (rule: ImageLoad)","System.Collections.ObjectModel.ReadOnlyCollection`1[System.String]","System.Collections.Generic.List`1[System.Diagnostics.Eventing.Reader.EventProperty]"
"Network connection detected:
RuleName: technique_id=T1571,technique_name=Non-Standard Port
UtcTime: 2026-06-22 05:02:10.427
ProcessGuid: {2b85bada-fa84-6a37-3000-000000000b00}
ProcessId: 2308
Image: C:\Windows\System32\svchost.exe
User: NT AUTHORITY\NETWORK SERVICE
Protocol: udp
Initiated: false
SourceIsIpv6: true
SourceIp: ff02:0:0:0:0:0:0:fb
SourceHostname: -
SourcePort: 5353
SourcePortName: -
DestinationIsIpv6: true
DestinationIp: fe80:0:0:0:aa4a:63ff:fe1d:3196
DestinationHostname: -
DestinationPort: 5353
DestinationPortName: -","3","5",,"4","3","0","-9223372036854775808","10109","Microsoft-Windows-Sysmon","5770385f-c22a-43e0-bf4c-06f5698ffbd9","Microsoft-Windows-Sysmon/Operational","3832","4324","Windows11","S-1-5-18","6/22/2026 1:02:12 AM",,,"Microsoft-Windows-Sysmon/Operational","System.UInt32[]","System.Diagnostics.Eventing.Reader.EventBookmark","Information","Info","Image loaded (rule: ImageLoad)","System.Collections.ObjectModel.ReadOnlyCollection`1[System.String]","System.Collections.Generic.List`1[System.Diagnostics.Eventing.Reader.EventProperty]"
"Network connection detected:
RuleName: technique_id=T1571,technique_name=Non-Standard Port
UtcTime: 2026-06-22 05:02:10.223
ProcessGuid: {2b85bada-fa84-6a37-3000-000000000b00}
ProcessId: 2308
Image: C:\Windows\System32\svchost.exe
User: NT AUTHORITY\NETWORK SERVICE
Protocol: udp
Initiated: false
SourceIsIpv6: true
SourceIp: ff02:0:0:0:0:0:0:fb
SourceHostname: -
SourcePort: 5353
SourcePortName: -
DestinationIsIpv6: true
DestinationIp: fe80:0:0:0:aa4a:63ff:fe1d:3196
DestinationHostname: -
DestinationPort: 5353
DestinationPortName: -","3","5",,"4","3","0","-9223372036854775808","10108","Microsoft-Windows-Sysmon","5770385f-c22a-43e0-bf4c-06f5698ffbd9","Microsoft-Windows-Sysmon/Operational","3832","4324","Windows11","S-1-5-18","6/22/2026 1:02:12 AM",,,"Microsoft-Windows-Sysmon/Operational","System.UInt32[]","System.Diagnostics.Eventing.Reader.EventBookmark","Information","Info","Image loaded (rule: ImageLoad)","System.Collections.ObjectModel.ReadOnlyCollection`1[System.String]","System.Collections.Generic.List`1[System.Diagnostics.Eventing.Reader.EventProperty]"
"Network connection detected:
RuleName: technique_id=T1571,technique_name=Non-Standard Port
UtcTime: 2026-06-22 05:02:10.223
ProcessGuid: {2b85bada-fa84-6a37-3000-000000000b00}
ProcessId: 2308
Image: C:\Windows\System32\svchost.exe
User: NT AUTHORITY\NETWORK SERVICE
Protocol: udp
Initiated: false
SourceIsIpv6: true
SourceIp: ff02:0:0:0:0:0:0:fb
SourceHostname: -
SourcePort: 5353
SourcePortName: -
DestinationIsIpv6: true
DestinationIp: fe80:0:0:0:86e:e900:8c31:569b
DestinationHostname: -
DestinationPort: 5353
DestinationPortName: -","3","5",,"4","3","0","-9223372036854775808","10107","Microsoft-Windows-Sysmon","5770385f-c22a-43e0-bf4c-06f5698ffbd9","Microsoft-Windows-Sysmon/Operational","3832","4324","Windows11","S-1-5-18","6/22/2026 1:02:12 AM",,,"Microsoft-Windows-Sysmon/Operational","System.UInt32[]","System.Diagnostics.Eventing.Reader.EventBookmark","Information","Info","Image loaded (rule: ImageLoad)","System.Collections.ObjectModel.ReadOnlyCollection`1[System.String]","System.Collections.Generic.List`1[System.Diagnostics.Eventing.Reader.EventProperty]"
"Network connection detected:
RuleName: technique_id=T1571,technique_name=Non-Standard Port
UtcTime: 2026-06-22 05:02:10.222
ProcessGuid: {2b85bada-fa84-6a37-3000-000000000b00}
ProcessId: 2308
Image: C:\Windows\System32\svchost.exe
User: NT AUTHORITY\NETWORK SERVICE
Protocol: udp
Initiated: false
SourceIsIpv6: false
SourceIp: 224.0.0.251
SourceHostname: -
SourcePort: 5353
SourcePortName: -
DestinationIsIpv6: false
DestinationIp: 192.168.4.28
DestinationHostname: -
DestinationPort: 5353
DestinationPortName: -","3","5",,"4","3","0","-9223372036854775808","10106","Microsoft-Windows-Sysmon","5770385f-c22a-43e0-bf4c-06f5698ffbd9","Microsoft-Windows-Sysmon/Operational","3832","4324","Windows11","S-1-5-18","6/22/2026 1:02:12 AM",,,"Microsoft-Windows-Sysmon/Operational","System.UInt32[]","System.Diagnostics.Eventing.Reader.EventBookmark","Information","Info","Image loaded (rule: ImageLoad)","System.Collections.ObjectModel.ReadOnlyCollection`1[System.String]","System.Collections.Generic.List`1[System.Diagnostics.Eventing.Reader.EventProperty]"
"Network connection detected:
RuleName: technique_id=T1571,technique_name=Non-Standard Port
UtcTime: 2026-06-22 05:02:10.222
ProcessGuid: {2b85bada-fa84-6a37-3000-000000000b00}
ProcessId: 2308
Image: C:\Windows\System32\svchost.exe
User: NT AUTHORITY\NETWORK SERVICE
Protocol: udp
Initiated: false
SourceIsIpv6: false
SourceIp: 224.0.0.251
SourceHostname: -
SourcePort: 5353
SourcePortName: -
DestinationIsIpv6: false
DestinationIp: 192.168.5.167
DestinationHostname: -
DestinationPort: 5353
DestinationPortName: -","3","5",,"4","3","0","-9223372036854775808","10105","Microsoft-Windows-Sysmon","5770385f-c22a-43e0-bf4c-06f5698ffbd9","Microsoft-Windows-Sysmon/Operational","3832","4324","Windows11","S-1-5-18","6/22/2026 1:02:12 AM",,,"Microsoft-Windows-Sysmon/Operational","System.UInt32[]","System.Diagnostics.Eventing.Reader.EventBookmark","Information","Info","Image loaded (rule: ImageLoad)","System.Collections.ObjectModel.ReadOnlyCollection`1[System.String]","System.Collections.Generic.List`1[System.Diagnostics.Eventing.Reader.EventProperty]"
"Network connection detected:
RuleName: technique_id=T1571,technique_name=Non-Standard Port
UtcTime: 2026-06-22 05:02:09.813
ProcessGuid: {2b85bada-fa84-6a37-3000-000000000b00}
ProcessId: 2308
Image: C:\Windows\System32\svchost.exe
User: NT AUTHORITY\NETWORK SERVICE
Protocol: udp
Initiated: false
SourceIsIpv6: true
SourceIp: ff02:0:0:0:0:0:0:fb
SourceHostname: -
SourcePort: 5353
SourcePortName: -
DestinationIsIpv6: true
DestinationIp: fe80:0:0:0:86e:e900:8c31:569b
DestinationHostname: -
DestinationPort: 5353
DestinationPortName: -","3","5",,"4","3","0","-9223372036854775808","10104","Microsoft-Windows-Sysmon","5770385f-c22a-43e0-bf4c-06f5698ffbd9","Microsoft-Windows-Sysmon/Operational","3832","4324","Windows11","S-1-5-18","6/22/2026 1:02:12 AM",,,"Microsoft-Windows-Sysmon/Operational","System.UInt32[]","System.Diagnostics.Eventing.Reader.EventBookmark","Information","Info","Image loaded (rule: ImageLoad)","System.Collections.ObjectModel.ReadOnlyCollection`1[System.String]","System.Collections.Generic.List`1[System.Diagnostics.Eventing.Reader.EventProperty]"
"Registry value set:
RuleName: technique_id=T1053,technique_name=Scheduled Task
EventType: SetValue
UtcTime: 2026-06-22 04:58:33.177
ProcessGuid: {2b85bada-fa83-6a37-1c00-000000000b00}
ProcessId: 1548
Image: C:\WINDOWS\system32\svchost.exe
TargetObject: HKLM\SOFTWARE\Microsoft\Windows NT\CurrentVersion\Schedule\TaskCache\Tree\Microsoft\Windows\SoftwareProtectionPlatform\SvcRestartTask\Index
Details: DWORD (0x00000003)
User: NT AUTHORITY\SYSTEM","13","2",,"4","13","0","-9223372036854775808","10103","Microsoft-Windows-Sysmon","5770385f-c22a-43e0-bf4c-06f5698ffbd9","Microsoft-Windows-Sysmon/Operational","3832","4316","Windows11","S-1-5-18","6/22/2026 12:58:33 AM",,,"Microsoft-Windows-Sysmon/Operational","System.UInt32[]","System.Diagnostics.Eventing.Reader.EventBookmark","Information","Info","Image loaded (rule: ImageLoad)","System.Collections.ObjectModel.ReadOnlyCollection`1[System.String]","System.Collections.Generic.List`1[System.Diagnostics.Eventing.Reader.EventProperty]"
"Image loaded:
RuleName: technique_id=T1053,technique_name=Scheduled Task
UtcTime: 2026-06-22 04:58:33.163
ProcessGuid: {2b85bada-c0d0-6a38-cb05-000000000b00}
ProcessId: 7664
Image: C:\Windows\System32\sppsvc.exe
ImageLoaded: C:\Windows\System32\taskschd.dll
FileVersion: 10.0.26100.5074 (WinBuild.160101.0800)
Description: Task Scheduler COM API
Product: Microsoft? Windows? Operating System
Company: Microsoft Corporation
OriginalFileName: taskschd.dll
Hashes: SHA1=BF09E52372CF6663743A6FC58FCDB75D7551CD64,MD5=DF9E41FF2CF7430B4A29B24BB86AB7B0,SHA256=1E3292A4C58708CA4E3A73B82DB0E9CA4A2C1FC640526B9A14337A1A55A36AA7,IMPHASH=E61FD409CB21E6A6EBA2AFE59848CFC8
Signed: true
Signature: Microsoft Windows
SignatureStatus: Valid
User: NT AUTHORITY\NETWORK SERVICE","7","3",,"4","7","0","-9223372036854775808","10102","Microsoft-Windows-Sysmon","5770385f-c22a-43e0-bf4c-06f5698ffbd9","Microsoft-Windows-Sysmon/Operational","3832","4316","Windows11","S-1-5-18","6/22/2026 12:58:33 AM",,,"Microsoft-Windows-Sysmon/Operational","System.UInt32[]","System.Diagnostics.Eventing.Reader.EventBookmark","Information","Info","Image loaded (rule: ImageLoad)","System.Collections.ObjectModel.ReadOnlyCollection`1[System.String]","System.Collections.Generic.List`1[System.Diagnostics.Eventing.Reader.EventProperty]"
"Registry value set:
RuleName: technique_id=T1053,technique_name=Scheduled Task
EventType: SetValue
UtcTime: 2026-06-22 04:58:11.194
ProcessGuid: {2b85bada-fa83-6a37-1c00-000000000b00}
ProcessId: 1548
Image: C:\WINDOWS\system32\svchost.exe
TargetObject: HKLM\SOFTWARE\Microsoft\Windows NT\CurrentVersion\Schedule\TaskCache\Tree\Microsoft\Windows\Flighting\OneSettings\RefreshCache\Index
Details: DWORD (0x00000003)
User: NT AUTHORITY\SYSTEM","13","2",,"4","13","0","-9223372036854775808","10101","Microsoft-Windows-Sysmon","5770385f-c22a-43e0-bf4c-06f5698ffbd9","Microsoft-Windows-Sysmon/Operational","3832","4316","Windows11","S-1-5-18","6/22/2026 12:58:11 AM",,,"Microsoft-Windows-Sysmon/Operational","System.UInt32[]","System.Diagnostics.Eventing.Reader.EventBookmark","Information","Info","Image loaded (rule: ImageLoad)","System.Collections.ObjectModel.ReadOnlyCollection`1[System.String]","System.Collections.Generic.List`1[System.Diagnostics.Eventing.Reader.EventProperty]"
"Image loaded:
RuleName: technique_id=T1047,technique_name=Windows Management Instrumentation
UtcTime: 2026-06-22 04:58:07.628
ProcessGuid: {2b85bada-c0df-6a38-ce05-000000000b00}
ProcessId: 7712
Image: C:\Windows\System32\wbem\WmiPrvSE.exe
ImageLoaded: C:\Windows\System32\wbem\wmiutils.dll
FileVersion: 10.0.26100.8521 (WinBuild.160101.0800)
Description: WMI
Product: Microsoft? Windows? Operating System
Company: Microsoft Corporation
OriginalFileName: wmiutils.dll
Hashes: SHA1=7FAF13DBFCAE92C36D0CB11D6B5B2848146F02E1,MD5=C4DBB3FDA78841B97498D4CB65280DB8,SHA256=C320154BB59F10E90703786B71D65132E6189649E1AB98F89E36C18F98E32F91,IMPHASH=472A202488B9A8A8072E75ADE4EC1496
Signed: true
Signature: Microsoft Windows
SignatureStatus: Valid
User: NT AUTHORITY\SYSTEM","7","3",,"4","7","0","-9223372036854775808","10100","Microsoft-Windows-Sysmon","5770385f-c22a-43e0-bf4c-06f5698ffbd9","Microsoft-Windows-Sysmon/Operational","3832","4316","Windows11","S-1-5-18","6/22/2026 12:58:07 AM",,,"Microsoft-Windows-Sysmon/Operational","System.UInt32[]","System.Diagnostics.Eventing.Reader.EventBookmark","Information","Info","Image loaded (rule: ImageLoad)","System.Collections.ObjectModel.ReadOnlyCollection`1[System.String]","System.Collections.Generic.List`1[System.Diagnostics.Eventing.Reader.EventProperty]"
"Process Create:
RuleName: technique_id=T1047,technique_name=Windows Management Instrumentation
UtcTime: 2026-06-22 04:58:07.532
ProcessGuid: {2b85bada-c0df-6a38-ce05-000000000b00}
ProcessId: 7712
Image: C:\Windows\System32\wbem\WmiPrvSE.exe
FileVersion: 10.0.26100.8521 (WinBuild.160101.0800)
Description: WMI Provider Host
Product: Microsoft? Windows? Operating System
Company: Microsoft Corporation
OriginalFileName: Wmiprvse.exe
CommandLine: C:\WINDOWS\system32\wbem\wmiprvse.exe -Embedding
CurrentDirectory: C:\WINDOWS\system32\
User: NT AUTHORITY\SYSTEM
LogonGuid: {2b85bada-fa81-6a37-e703-000000000000}
LogonId: 0x3E7
TerminalSessionId: 0
IntegrityLevel: System
Hashes: SHA1=BEC8A3259CF8063BC2779AC35CF4F026EB440D1B,MD5=41E7B0AC41AB2F090C8CAEA736981F4E,SHA256=6A94D40BF022871C2C91EF67B60CCF42814447FC6090C96509A8EE94A11C5212,IMPHASH=9B12E09D30AA8E8200298E4737C9F1FC
ParentProcessGuid: {2b85bada-fa82-6a37-0d00-000000000b00}
ParentProcessId: 624
ParentImage: C:\Windows\System32\svchost.exe
ParentCommandLine: C:\WINDOWS\system32\svchost.exe -k DcomLaunch -p
ParentUser: NT AUTHORITY\SYSTEM","1","5",,"4","1","0","-9223372036854775808","10099","Microsoft-Windows-Sysmon","5770385f-c22a-43e0-bf4c-06f5698ffbd9","Microsoft-Windows-Sysmon/Operational","3832","4316","Windows11","S-1-5-18","6/22/2026 12:58:07 AM",,,"Microsoft-Windows-Sysmon/Operational","System.UInt32[]","System.Diagnostics.Eventing.Reader.EventBookmark","Information","Info","Image loaded (rule: ImageLoad)","System.Collections.ObjectModel.ReadOnlyCollection`1[System.String]","System.Collections.Generic.List`1[System.Diagnostics.Eventing.Reader.EventProperty]"
"File created:
RuleName: technique_id=T1574.010,technique_name=Services File Permissions Weakness
UtcTime: 2026-06-22 04:57:44.636
ProcessGuid: {2b85bada-c05b-6a38-c705-000000000b00}
ProcessId: 8804
Image: C:\WINDOWS\system32\sppsvc.exe
TargetFilename: C:\Windows\System32\spp\store\2.0\cache\cache.dat
CreationUtcTime: 2026-06-19 09:01:38.197
User: NT AUTHORITY\NETWORK SERVICE","11","2",,"4","11","0","-9223372036854775808","10098","Microsoft-Windows-Sysmon","5770385f-c22a-43e0-bf4c-06f5698ffbd9","Microsoft-Windows-Sysmon/Operational","3832","4316","Windows11","S-1-5-18","6/22/2026 12:57:44 AM",,,"Microsoft-Windows-Sysmon/Operational","System.UInt32[]","System.Diagnostics.Eventing.Reader.EventBookmark","Information","Info","Image loaded (rule: ImageLoad)","System.Collections.ObjectModel.ReadOnlyCollection`1[System.String]","System.Collections.Generic.List`1[System.Diagnostics.Eventing.Reader.EventProperty]"
"Registry value set:
RuleName: technique_id=T1053,technique_name=Scheduled Task
EventType: SetValue
UtcTime: 2026-06-22 04:57:44.424
ProcessGuid: {2b85bada-fa83-6a37-1c00-000000000b00}
ProcessId: 1548
Image: C:\WINDOWS\system32\svchost.exe
TargetObject: HKLM\SOFTWARE\Microsoft\Windows NT\CurrentVersion\Schedule\TaskCache\Tree\Microsoft\Windows\SoftwareProtectionPlatform\SvcRestartTask\Index
Details: DWORD (0x00000003)
User: NT AUTHORITY\SYSTEM","13","2",,"4","13","0","-9223372036854775808","10097","Microsoft-Windows-Sysmon","5770385f-c22a-43e0-bf4c-06f5698ffbd9","Microsoft-Windows-Sysmon/Operational","3832","4316","Windows11","S-1-5-18","6/22/2026 12:57:44 AM",,,"Microsoft-Windows-Sysmon/Operational","System.UInt32[]","System.Diagnostics.Eventing.Reader.EventBookmark","Information","Info","Image loaded (rule: ImageLoad)","System.Collections.ObjectModel.ReadOnlyCollection`1[System.String]","System.Collections.Generic.List`1[System.Diagnostics.Eventing.Reader.EventProperty]"
"Image loaded:
RuleName: technique_id=T1053,technique_name=Scheduled Task
UtcTime: 2026-06-22 04:57:44.016
ProcessGuid: {2b85bada-c05b-6a38-c705-000000000b00}
ProcessId: 8804
Image: C:\Windows\System32\sppsvc.exe
ImageLoaded: C:\Windows\System32\taskschd.dll
FileVersion: 10.0.26100.5074 (WinBuild.160101.0800)
Description: Task Scheduler COM API
Product: Microsoft? Windows? Operating System
Company: Microsoft Corporation
OriginalFileName: taskschd.dll
Hashes: SHA1=BF09E52372CF6663743A6FC58FCDB75D7551CD64,MD5=DF9E41FF2CF7430B4A29B24BB86AB7B0,SHA256=1E3292A4C58708CA4E3A73B82DB0E9CA4A2C1FC640526B9A14337A1A55A36AA7,IMPHASH=E61FD409CB21E6A6EBA2AFE59848CFC8
Signed: true
Signature: Microsoft Windows
SignatureStatus: Valid
User: NT AUTHORITY\NETWORK SERVICE","7","3",,"4","7","0","-9223372036854775808","10096","Microsoft-Windows-Sysmon","5770385f-c22a-43e0-bf4c-06f5698ffbd9","Microsoft-Windows-Sysmon/Operational","3832","4316","Windows11","S-1-5-18","6/22/2026 12:57:44 AM",,,"Microsoft-Windows-Sysmon/Operational","System.UInt32[]","System.Diagnostics.Eventing.Reader.EventBookmark","Information","Info","Image loaded (rule: ImageLoad)","System.Collections.ObjectModel.ReadOnlyCollection`1[System.String]","System.Collections.Generic.List`1[System.Diagnostics.Eventing.Reader.EventProperty]"
"Registry value set:
RuleName: technique_id=T1053,technique_name=Scheduled Task
EventType: SetValue
UtcTime: 2026-06-22 04:57:43.647
ProcessGuid: {2b85bada-fa83-6a37-1c00-000000000b00}
ProcessId: 1548
Image: C:\WINDOWS\system32\svchost.exe
TargetObject: HKLM\SOFTWARE\Microsoft\Windows NT\CurrentVersion\Schedule\TaskCache\Tree\Microsoft\Windows\Flighting\OneSettings\RefreshCache\Index
Details: DWORD (0x00000003)
User: NT AUTHORITY\SYSTEM","13","2",,"4","13","0","-9223372036854775808","10095","Microsoft-Windows-Sysmon","5770385f-c22a-43e0-bf4c-06f5698ffbd9","Microsoft-Windows-Sysmon/Operational","3832","4316","Windows11","S-1-5-18","6/22/2026 12:57:43 AM",,,"Microsoft-Windows-Sysmon/Operational","System.UInt32[]","System.Diagnostics.Eventing.Reader.EventBookmark","Information","Info","Image loaded (rule: ImageLoad)","System.Collections.ObjectModel.ReadOnlyCollection`1[System.String]","System.Collections.Generic.List`1[System.Diagnostics.Eventing.Reader.EventProperty]"
"Image loaded:
RuleName: technique_id=T1053,technique_name=Scheduled Task
UtcTime: 2026-06-22 04:57:43.606
ProcessGuid: {2b85bada-bf72-6a38-8c05-000000000b00}
ProcessId: 3580
Image: C:\Windows\System32\taskhostw.exe
ImageLoaded: C:\Windows\System32\taskschd.dll
FileVersion: 10.0.26100.5074 (WinBuild.160101.0800)
Description: Task Scheduler COM API
Product: Microsoft? Windows? Operating System
Company: Microsoft Corporation
OriginalFileName: taskschd.dll
Hashes: SHA1=BF09E52372CF6663743A6FC58FCDB75D7551CD64,MD5=DF9E41FF2CF7430B4A29B24BB86AB7B0,SHA256=1E3292A4C58708CA4E3A73B82DB0E9CA4A2C1FC640526B9A14337A1A55A36AA7,IMPHASH=E61FD409CB21E6A6EBA2AFE59848CFC8
Signed: true
Signature: Microsoft Windows
SignatureStatus: Valid
User: NT AUTHORITY\SYSTEM","7","3",,"4","7","0","-9223372036854775808","10094","Microsoft-Windows-Sysmon","5770385f-c22a-43e0-bf4c-06f5698ffbd9","Microsoft-Windows-Sysmon/Operational","3832","4316","Windows11","S-1-5-18","6/22/2026 12:57:43 AM",,,"Microsoft-Windows-Sysmon/Operational","System.UInt32[]","System.Diagnostics.Eventing.Reader.EventBookmark","Information","Info","Image loaded (rule: ImageLoad)","System.Collections.ObjectModel.ReadOnlyCollection`1[System.String]","System.Collections.Generic.List`1[System.Diagnostics.Eventing.Reader.EventProperty]"
"Image loaded:
RuleName: technique_id=T1047,technique_name=Windows Management Instrumentation
UtcTime: 2026-06-22 04:57:08.738
ProcessGuid: {2b85bada-c0a4-6a38-ca05-000000000b00}
ProcessId: 9892
Image: C:\Windows\System32\wbem\WmiPrvSE.exe
ImageLoaded: C:\Windows\System32\wbem\wmiutils.dll
FileVersion: 10.0.26100.8521 (WinBuild.160101.0800)
Description: WMI
Product: Microsoft? Windows? Operating System
Company: Microsoft Corporation
OriginalFileName: wmiutils.dll
Hashes: SHA1=7FAF13DBFCAE92C36D0CB11D6B5B2848146F02E1,MD5=C4DBB3FDA78841B97498D4CB65280DB8,SHA256=C320154BB59F10E90703786B71D65132E6189649E1AB98F89E36C18F98E32F91,IMPHASH=472A202488B9A8A8072E75ADE4EC1496
Signed: true
Signature: Microsoft Windows
SignatureStatus: Valid
User: NT AUTHORITY\NETWORK SERVICE","7","3",,"4","7","0","-9223372036854775808","10093","Microsoft-Windows-Sysmon","5770385f-c22a-43e0-bf4c-06f5698ffbd9","Microsoft-Windows-Sysmon/Operational","3832","4316","Windows11","S-1-5-18","6/22/2026 12:57:08 AM",,,"Microsoft-Windows-Sysmon/Operational","System.UInt32[]","System.Diagnostics.Eventing.Reader.EventBookmark","Information","Info","Image loaded (rule: ImageLoad)","System.Collections.ObjectModel.ReadOnlyCollection`1[System.String]","System.Collections.Generic.List`1[System.Diagnostics.Eventing.Reader.EventProperty]"
"Process Create:
RuleName: technique_id=T1047,technique_name=Windows Management Instrumentation
UtcTime: 2026-06-22 04:57:08.589
ProcessGuid: {2b85bada-c0a4-6a38-ca05-000000000b00}
ProcessId: 9892
Image: C:\Windows\System32\wbem\WmiPrvSE.exe
FileVersion: 10.0.26100.8521 (WinBuild.160101.0800)
Description: WMI Provider Host
Product: Microsoft? Windows? Operating System
Company: Microsoft Corporation
OriginalFileName: Wmiprvse.exe
CommandLine: C:\WINDOWS\system32\wbem\wmiprvse.exe -secured -Embedding
CurrentDirectory: C:\WINDOWS\system32\
User: NT AUTHORITY\NETWORK SERVICE
LogonGuid: {2b85bada-fa82-6a37-e403-000000000000}
LogonId: 0x3E4
TerminalSessionId: 0
IntegrityLevel: System
Hashes: SHA1=BEC8A3259CF8063BC2779AC35CF4F026EB440D1B,MD5=41E7B0AC41AB2F090C8CAEA736981F4E,SHA256=6A94D40BF022871C2C91EF67B60CCF42814447FC6090C96509A8EE94A11C5212,IMPHASH=9B12E09D30AA8E8200298E4737C9F1FC
ParentProcessGuid: {2b85bada-fa82-6a37-0d00-000000000b00}
ParentProcessId: 624
ParentImage: C:\Windows\System32\svchost.exe
ParentCommandLine: C:\WINDOWS\system32\svchost.exe -k DcomLaunch -p
ParentUser: NT AUTHORITY\SYSTEM","1","5",,"4","1","0","-9223372036854775808","10092","Microsoft-Windows-Sysmon","5770385f-c22a-43e0-bf4c-06f5698ffbd9","Microsoft-Windows-Sysmon/Operational","3832","4316","Windows11","S-1-5-18","6/22/2026 12:57:08 AM",,,"Microsoft-Windows-Sysmon/Operational","System.UInt32[]","System.Diagnostics.Eventing.Reader.EventBookmark","Information","Info","Image loaded (rule: ImageLoad)","System.Collections.ObjectModel.ReadOnlyCollection`1[System.String]","System.Collections.Generic.List`1[System.Diagnostics.Eventing.Reader.EventProperty]"
"Network connection detected:
RuleName: technique_id=T1571,technique_name=Non-Standard Port
UtcTime: 2026-06-22 04:56:09.463
ProcessGuid: {2b85bada-fa84-6a37-3000-000000000b00}
ProcessId: 2308
Image: C:\Windows\System32\svchost.exe
User: NT AUTHORITY\NETWORK SERVICE
Protocol: udp
Initiated: false
SourceIsIpv6: true
SourceIp: ff02:0:0:0:0:0:0:fb
SourceHostname: -
SourcePort: 5353
SourcePortName: -
DestinationIsIpv6: true
DestinationIp: fe80:0:0:0:14c2:bf95:16c:b063
DestinationHostname: -
DestinationPort: 5353
DestinationPortName: -","3","5",,"4","3","0","-9223372036854775808","10091","Microsoft-Windows-Sysmon","5770385f-c22a-43e0-bf4c-06f5698ffbd9","Microsoft-Windows-Sysmon/Operational","3832","4324","Windows11","S-1-5-18","6/22/2026 12:55:52 AM",,,"Microsoft-Windows-Sysmon/Operational","System.UInt32[]","System.Diagnostics.Eventing.Reader.EventBookmark","Information","Info","Image loaded (rule: ImageLoad)","System.Collections.ObjectModel.ReadOnlyCollection`1[System.String]","System.Collections.Generic.List`1[System.Diagnostics.Eventing.Reader.EventProperty]"
"Network connection detected:
RuleName: technique_id=T1571,technique_name=Non-Standard Port
UtcTime: 2026-06-22 04:56:07.413
ProcessGuid: {2b85bada-fa84-6a37-3000-000000000b00}
ProcessId: 2308
Image: C:\Windows\System32\svchost.exe
User: NT AUTHORITY\NETWORK SERVICE
Protocol: udp
Initiated: false
SourceIsIpv6: false
SourceIp: 224.0.0.251
SourceHostname: -
SourcePort: 5353
SourcePortName: -
DestinationIsIpv6: false
DestinationIp: 192.168.5.175
DestinationHostname: -
DestinationPort: 5353
DestinationPortName: -","3","5",,"4","3","0","-9223372036854775808","10090","Microsoft-Windows-Sysmon","5770385f-c22a-43e0-bf4c-06f5698ffbd9","Microsoft-Windows-Sysmon/Operational","3832","4324","Windows11","S-1-5-18","6/22/2026 12:55:50 AM",,,"Microsoft-Windows-Sysmon/Operational","System.UInt32[]","System.Diagnostics.Eventing.Reader.EventBookmark","Information","Info","Image loaded (rule: ImageLoad)","System.Collections.ObjectModel.ReadOnlyCollection`1[System.String]","System.Collections.Generic.List`1[System.Diagnostics.Eventing.Reader.EventProperty]"
"Network connection detected:
RuleName: technique_id=T1571,technique_name=Non-Standard Port
UtcTime: 2026-06-22 04:56:06.391
ProcessGuid: {2b85bada-fa84-6a37-3000-000000000b00}
ProcessId: 2308
Image: C:\Windows\System32\svchost.exe
User: NT AUTHORITY\NETWORK SERVICE
Protocol: udp
Initiated: false
SourceIsIpv6: true
SourceIp: ff02:0:0:0:0:0:0:fb
SourceHostname: -
SourcePort: 5353
SourcePortName: -
DestinationIsIpv6: true
DestinationIp: fe80:0:0:0:14c2:bf95:16c:b063
DestinationHostname: -
DestinationPort: 5353
DestinationPortName: -","3","5",,"4","3","0","-9223372036854775808","10089","Microsoft-Windows-Sysmon","5770385f-c22a-43e0-bf4c-06f5698ffbd9","Microsoft-Windows-Sysmon/Operational","3832","4324","Windows11","S-1-5-18","6/22/2026 12:55:48 AM",,,"Microsoft-Windows-Sysmon/Operational","System.UInt32[]","System.Diagnostics.Eventing.Reader.EventBookmark","Information","Info","Image loaded (rule: ImageLoad)","System.Collections.ObjectModel.ReadOnlyCollection`1[System.String]","System.Collections.Generic.List`1[System.Diagnostics.Eventing.Reader.EventProperty]"
"Network connection detected:
RuleName: technique_id=T1571,technique_name=Non-Standard Port
UtcTime: 2026-06-22 04:56:06.390
ProcessGuid: {2b85bada-fa84-6a37-3000-000000000b00}
ProcessId: 2308
Image: C:\Windows\System32\svchost.exe
User: NT AUTHORITY\NETWORK SERVICE
Protocol: udp
Initiated: false
SourceIsIpv6: false
SourceIp: 224.0.0.251
SourceHostname: -
SourcePort: 5353
SourcePortName: -
DestinationIsIpv6: false
DestinationIp: 192.168.5.175
DestinationHostname: -
DestinationPort: 5353
DestinationPortName: -","3","5",,"4","3","0","-9223372036854775808","10088","Microsoft-Windows-Sysmon","5770385f-c22a-43e0-bf4c-06f5698ffbd9","Microsoft-Windows-Sysmon/Operational","3832","4324","Windows11","S-1-5-18","6/22/2026 12:55:48 AM",,,"Microsoft-Windows-Sysmon/Operational","System.UInt32[]","System.Diagnostics.Eventing.Reader.EventBookmark","Information","Info","Image loaded (rule: ImageLoad)","System.Collections.ObjectModel.ReadOnlyCollection`1[System.String]","System.Collections.Generic.List`1[System.Diagnostics.Eventing.Reader.EventProperty]"
"Registry value set:
RuleName: -
EventType: SetValue
UtcTime: 2026-06-22 04:55:44.201
ProcessGuid: {2b85bada-c041-6a38-c605-000000000b00}
ProcessId: 5744
Image: C:\Program Files (x86)\Microsoft\Edge\Application\msedge.exe
TargetObject: HKLM\System\CurrentControlSet\Services\bam\State\UserSettings\S-1-5-21-3931421473-148499878-826545620-1000\\Device\HarddiskVolume4\Program Files (x86)\Microsoft\Edge\Application\msedge.exe
Details: Binary Data
User: WINDOWS11\vboxuser","13","2",,"4","13","0","-9223372036854775808","10087","Microsoft-Windows-Sysmon","5770385f-c22a-43e0-bf4c-06f5698ffbd9","Microsoft-Windows-Sysmon/Operational","3832","4316","Windows11","S-1-5-18","6/22/2026 12:55:44 AM",,,"Microsoft-Windows-Sysmon/Operational","System.UInt32[]","System.Diagnostics.Eventing.Reader.EventBookmark","Information","Info","Image loaded (rule: ImageLoad)","System.Collections.ObjectModel.ReadOnlyCollection`1[System.String]","System.Collections.Generic.List`1[System.Diagnostics.Eventing.Reader.EventProperty]"
"Image loaded:
RuleName: technique_id=T1574.002,technique_name=DLL Side-Loading
UtcTime: 2026-06-22 04:55:42.126
ProcessGuid: {2b85bada-c041-6a38-c605-000000000b00}
ProcessId: 5744
Image: C:\Program Files (x86)\Microsoft\Edge\Application\msedge.exe
ImageLoaded: C:\Program Files\WindowsApps\Microsoft.HEVCVideoExtension_2.5.10.0_x64__8wekyb3d8bbwe\x64\HEVCDECODER_STORE.dll
FileVersion: 10.0.29578.1000 (WinBuild.160101.0800)
Description: Windows H265 Video Decoder
Product: Microsoft? Windows? Operating System
Company: Microsoft Corporation
OriginalFileName: hevcdecoder_store.dll
Hashes: SHA1=FC9B70161B552A329527F7576E13FD261E6501A0,MD5=C18B2EE253087C749174672F5B57D14E,SHA256=391FCB86286A995C0F0C05B2BD9233EC7A86F0DBE1CC413D16985DEA6AA201A8,IMPHASH=F5BFF57F4E00DD84BDAE6EC6F2522703
Signed: true
Signature: Microsoft Corporation
SignatureStatus: Valid
User: WINDOWS11\vboxuser","7","3",,"4","7","0","-9223372036854775808","10086","Microsoft-Windows-Sysmon","5770385f-c22a-43e0-bf4c-06f5698ffbd9","Microsoft-Windows-Sysmon/Operational","3832","4328","Windows11","S-1-5-18","6/22/2026 12:55:42 AM",,,"Microsoft-Windows-Sysmon/Operational","System.UInt32[]","System.Diagnostics.Eventing.Reader.EventBookmark","Information","Info","Image loaded (rule: ImageLoad)","System.Collections.ObjectModel.ReadOnlyCollection`1[System.String]","System.Collections.Generic.List`1[System.Diagnostics.Eventing.Reader.EventProperty]"
"Registry value set:
RuleName: -
EventType: SetValue
UtcTime: 2026-06-22 04:55:29.603
ProcessGuid: {2b85bada-bf96-6a38-9e05-000000000b00}
ProcessId: 10196
Image: C:\Program Files (x86)\Microsoft\Edge\Application\msedge.exe
TargetObject: HKLM\System\CurrentControlSet\Services\bam\State\UserSettings\S-1-5-21-3931421473-148499878-826545620-1000\\Device\HarddiskVolume4\Program Files (x86)\Microsoft\Edge\Application\msedge.exe
Details: Binary Data
User: WINDOWS11\vboxuser","13","2",,"4","13","0","-9223372036854775808","10085","Microsoft-Windows-Sysmon","5770385f-c22a-43e0-bf4c-06f5698ffbd9","Microsoft-Windows-Sysmon/Operational","3832","4316","Windows11","S-1-5-18","6/22/2026 12:55:29 AM",,,"Microsoft-Windows-Sysmon/Operational","System.UInt32[]","System.Diagnostics.Eventing.Reader.EventBookmark","Information","Info","Image loaded (rule: ImageLoad)","System.Collections.ObjectModel.ReadOnlyCollection`1[System.String]","System.Collections.Generic.List`1[System.Diagnostics.Eventing.Reader.EventProperty]"
"Image loaded:
RuleName: technique_id=T1047,technique_name=Windows Management Instrumentation
UtcTime: 2026-06-22 04:55:28.195
ProcessGuid: {2b85bada-c03f-6a38-c505-000000000b00}
ProcessId: 6572
Image: C:\Windows\System32\wbem\WmiPrvSE.exe
ImageLoaded: C:\Windows\System32\wbem\wmiutils.dll
FileVersion: 10.0.26100.8521 (WinBuild.160101.0800)
Description: WMI
Product: Microsoft? Windows? Operating System
Company: Microsoft Corporation
OriginalFileName: wmiutils.dll
Hashes: SHA1=7FAF13DBFCAE92C36D0CB11D6B5B2848146F02E1,MD5=C4DBB3FDA78841B97498D4CB65280DB8,SHA256=C320154BB59F10E90703786B71D65132E6189649E1AB98F89E36C18F98E32F91,IMPHASH=472A202488B9A8A8072E75ADE4EC1496
Signed: true
Signature: Microsoft Windows
SignatureStatus: Valid
User: NT AUTHORITY\SYSTEM","7","3",,"4","7","0","-9223372036854775808","10084","Microsoft-Windows-Sysmon","5770385f-c22a-43e0-bf4c-06f5698ffbd9","Microsoft-Windows-Sysmon/Operational","3832","4316","Windows11","S-1-5-18","6/22/2026 12:55:28 AM",,,"Microsoft-Windows-Sysmon/Operational","System.UInt32[]","System.Diagnostics.Eventing.Reader.EventBookmark","Information","Info","Image loaded (rule: ImageLoad)","System.Collections.ObjectModel.ReadOnlyCollection`1[System.String]","System.Collections.Generic.List`1[System.Diagnostics.Eventing.Reader.EventProperty]"
"Process Create:
RuleName: technique_id=T1047,technique_name=Windows Management Instrumentation
UtcTime: 2026-06-22 04:55:27.950
ProcessGuid: {2b85bada-c03f-6a38-c505-000000000b00}
ProcessId: 6572
Image: C:\Windows\System32\wbem\WmiPrvSE.exe
FileVersion: 10.0.26100.8521 (WinBuild.160101.0800)
Description: WMI Provider Host
Product: Microsoft? Windows? Operating System
Company: Microsoft Corporation
OriginalFileName: Wmiprvse.exe
CommandLine: C:\WINDOWS\system32\wbem\wmiprvse.exe -Embedding
CurrentDirectory: C:\WINDOWS\system32\
User: NT AUTHORITY\SYSTEM
LogonGuid: {2b85bada-fa81-6a37-e703-000000000000}
LogonId: 0x3E7
TerminalSessionId: 0
IntegrityLevel: System
Hashes: SHA1=BEC8A3259CF8063BC2779AC35CF4F026EB440D1B,MD5=41E7B0AC41AB2F090C8CAEA736981F4E,SHA256=6A94D40BF022871C2C91EF67B60CCF42814447FC6090C96509A8EE94A11C5212,IMPHASH=9B12E09D30AA8E8200298E4737C9F1FC
ParentProcessGuid: {2b85bada-fa82-6a37-0d00-000000000b00}
ParentProcessId: 624
ParentImage: C:\Windows\System32\svchost.exe
ParentCommandLine: C:\WINDOWS\system32\svchost.exe -k DcomLaunch -p
ParentUser: NT AUTHORITY\SYSTEM","1","5",,"4","1","0","-9223372036854775808","10083","Microsoft-Windows-Sysmon","5770385f-c22a-43e0-bf4c-06f5698ffbd9","Microsoft-Windows-Sysmon/Operational","3832","4316","Windows11","S-1-5-18","6/22/2026 12:55:27 AM",,,"Microsoft-Windows-Sysmon/Operational","System.UInt32[]","System.Diagnostics.Eventing.Reader.EventBookmark","Information","Info","Image loaded (rule: ImageLoad)","System.Collections.ObjectModel.ReadOnlyCollection`1[System.String]","System.Collections.Generic.List`1[System.Diagnostics.Eventing.Reader.EventProperty]"
"Registry value set:
RuleName: technique_id=T1053,technique_name=Scheduled Task
EventType: SetValue
UtcTime: 2026-06-22 04:54:49.059
ProcessGuid: {2b85bada-fa83-6a37-1c00-000000000b00}
ProcessId: 1548
Image: C:\WINDOWS\system32\svchost.exe
TargetObject: HKLM\SOFTWARE\Microsoft\Windows NT\CurrentVersion\Schedule\TaskCache\Tree\Microsoft\Windows\SoftwareProtectionPlatform\SvcRestartTask\Index
Details: DWORD (0x00000003)
User: NT AUTHORITY\SYSTEM","13","2",,"4","13","0","-9223372036854775808","10082","Microsoft-Windows-Sysmon","5770385f-c22a-43e0-bf4c-06f5698ffbd9","Microsoft-Windows-Sysmon/Operational","3832","4316","Windows11","S-1-5-18","6/22/2026 12:54:49 AM",,,"Microsoft-Windows-Sysmon/Operational","System.UInt32[]","System.Diagnostics.Eventing.Reader.EventBookmark","Information","Info","Image loaded (rule: ImageLoad)","System.Collections.ObjectModel.ReadOnlyCollection`1[System.String]","System.Collections.Generic.List`1[System.Diagnostics.Eventing.Reader.EventProperty]"
"Image loaded:
RuleName: technique_id=T1053,technique_name=Scheduled Task
UtcTime: 2026-06-22 04:54:49.007
ProcessGuid: {2b85bada-bfaa-6a38-a405-000000000b00}
ProcessId: 2768
Image: C:\Windows\System32\sppsvc.exe
ImageLoaded: C:\Windows\System32\taskschd.dll
FileVersion: 10.0.26100.5074 (WinBuild.160101.0800)
Description: Task Scheduler COM API
Product: Microsoft? Windows? Operating System
Company: Microsoft Corporation
OriginalFileName: taskschd.dll
Hashes: SHA1=BF09E52372CF6663743A6FC58FCDB75D7551CD64,MD5=DF9E41FF2CF7430B4A29B24BB86AB7B0,SHA256=1E3292A4C58708CA4E3A73B82DB0E9CA4A2C1FC640526B9A14337A1A55A36AA7,IMPHASH=E61FD409CB21E6A6EBA2AFE59848CFC8
Signed: true
Signature: Microsoft Windows
SignatureStatus: Valid
User: NT AUTHORITY\NETWORK SERVICE","7","3",,"4","7","0","-9223372036854775808","10081","Microsoft-Windows-Sysmon","5770385f-c22a-43e0-bf4c-06f5698ffbd9","Microsoft-Windows-Sysmon/Operational","3832","4316","Windows11","S-1-5-18","6/22/2026 12:54:49 AM",,,"Microsoft-Windows-Sysmon/Operational","System.UInt32[]","System.Diagnostics.Eventing.Reader.EventBookmark","Information","Info","Image loaded (rule: ImageLoad)","System.Collections.ObjectModel.ReadOnlyCollection`1[System.String]","System.Collections.Generic.List`1[System.Diagnostics.Eventing.Reader.EventProperty]"
"Process accessed:
