RuleName: -
UtcTime: 2026-06-22 04:54:14.171
SourceProcessGUID: {2b85bada-bf96-6a38-9e05-000000000b00}
SourceProcessId: 10196
SourceThreadId: 6844
SourceImage: C:\Program Files (x86)\Microsoft\Edge\Application\msedge.exe
TargetProcessGUID: {2b85bada-24b6-6a38-d702-000000000b00}
TargetProcessId: 4508
TargetImage: C:\Program Files\WindowsApps\Microsoft.DesktopAppInstaller_1.28.239.0_x64__8wekyb3d8bbwe\WindowsPackageManagerServer.exe
GrantedAccess: 0x1410
CallTrace: C:\WINDOWS\SYSTEM32\ntdll.dll+160534|C:\WINDOWS\System32\KERNELBASE.dll+23fa6|C:\Program Files (x86)\Microsoft\Edge\Application\149.0.4022.80\msedge.dll+a3972ba|C:\Program Files (x86)\Microsoft\Edge\Application\149.0.4022.80\msedge.dll+67c4ca|C:\Program Files (x86)\Microsoft\Edge\Application\149.0.4022.80\msedge.dll+67c2d2|C:\Program Files (x86)\Microsoft\Edge\Application\149.0.4022.80\msedge.dll+67bbb4|C:\Program Files (x86)\Microsoft\Edge\Application\149.0.4022.80\msedge.dll+67b871|C:\Program Files (x86)\Microsoft\Edge\Application\149.0.4022.80\msedge.dll+1358151|C:\Program Files (x86)\Microsoft\Edge\Application\149.0.4022.80\msedge.dll+13ad4f8|C:\Program Files (x86)\Microsoft\Edge\Application\149.0.4022.80\msedge.dll+13d1c48|C:\WINDOWS\System32\KERNEL32.DLL+2e957|C:\WINDOWS\SYSTEM32\ntdll.dll+87c1c
SourceUser: WINDOWS11\vboxuser
TargetUser: WINDOWS11\vboxuser","10","3",,"4","10","0","-9223372036854775808","10080","Microsoft-Windows-Sysmon","5770385f-c22a-43e0-bf4c-06f5698ffbd9","Microsoft-Windows-Sysmon/Operational","3832","4316","Windows11","S-1-5-18","6/22/2026 12:54:14 AM",,,"Microsoft-Windows-Sysmon/Operational","System.UInt32[]","System.Diagnostics.Eventing.Reader.EventBookmark","Information","Info","Image loaded (rule: ImageLoad)","System.Collections.ObjectModel.ReadOnlyCollection`1[System.String]","System.Collections.Generic.List`1[System.Diagnostics.Eventing.Reader.EventProperty]"
"Registry value set:
RuleName: -
EventType: SetValue
UtcTime: 2026-06-22 04:54:03.191
ProcessGuid: {2b85bada-bfb6-6a38-b105-000000000b00}
ProcessId: 9572
Image: C:\Program Files (x86)\Microsoft\Edge\Application\msedge.exe
TargetObject: HKLM\System\CurrentControlSet\Services\bam\State\UserSettings\S-1-5-21-3931421473-148499878-826545620-1000\\Device\HarddiskVolume4\Program Files (x86)\Microsoft\Edge\Application\msedge.exe
Details: Binary Data
User: WINDOWS11\vboxuser","13","2",,"4","13","0","-9223372036854775808","10079","Microsoft-Windows-Sysmon","5770385f-c22a-43e0-bf4c-06f5698ffbd9","Microsoft-Windows-Sysmon/Operational","3832","4316","Windows11","S-1-5-18","6/22/2026 12:54:03 AM",,,"Microsoft-Windows-Sysmon/Operational","System.UInt32[]","System.Diagnostics.Eventing.Reader.EventBookmark","Information","Info","Image loaded (rule: ImageLoad)","System.Collections.ObjectModel.ReadOnlyCollection`1[System.String]","System.Collections.Generic.List`1[System.Diagnostics.Eventing.Reader.EventProperty]"
"Registry value set:
RuleName: -
EventType: SetValue
UtcTime: 2026-06-22 04:54:02.376
ProcessGuid: {2b85bada-bfea-6a38-c305-000000000b00}
ProcessId: 9092
Image: C:\WINDOWS\system32\conhost.exe
TargetObject: HKLM\System\CurrentControlSet\Services\bam\State\UserSettings\S-1-5-19\\Device\HarddiskVolume4\Windows\System32\conhost.exe
Details: Binary Data
User: NT AUTHORITY\LOCAL SERVICE","13","2",,"4","13","0","-9223372036854775808","10078","Microsoft-Windows-Sysmon","5770385f-c22a-43e0-bf4c-06f5698ffbd9","Microsoft-Windows-Sysmon/Operational","3832","4316","Windows11","S-1-5-18","6/22/2026 12:54:02 AM",,,"Microsoft-Windows-Sysmon/Operational","System.UInt32[]","System.Diagnostics.Eventing.Reader.EventBookmark","Information","Info","Image loaded (rule: ImageLoad)","System.Collections.ObjectModel.ReadOnlyCollection`1[System.String]","System.Collections.Generic.List`1[System.Diagnostics.Eventing.Reader.EventProperty]"
"Registry value set:
RuleName: -
EventType: SetValue
UtcTime: 2026-06-22 04:54:02.364
ProcessGuid: {2b85bada-bfea-6a38-c205-000000000b00}
ProcessId: 1300
Image: C:\WINDOWS\system32\appidcertstorecheck.exe
TargetObject: HKLM\System\CurrentControlSet\Services\bam\State\UserSettings\S-1-5-19\\Device\HarddiskVolume4\Windows\System32\appidcertstorecheck.exe
Details: Binary Data
User: NT AUTHORITY\LOCAL SERVICE","13","2",,"4","13","0","-9223372036854775808","10077","Microsoft-Windows-Sysmon","5770385f-c22a-43e0-bf4c-06f5698ffbd9","Microsoft-Windows-Sysmon/Operational","3832","4316","Windows11","S-1-5-18","6/22/2026 12:54:02 AM",,,"Microsoft-Windows-Sysmon/Operational","System.UInt32[]","System.Diagnostics.Eventing.Reader.EventBookmark","Information","Info","Image loaded (rule: ImageLoad)","System.Collections.ObjectModel.ReadOnlyCollection`1[System.String]","System.Collections.Generic.List`1[System.Diagnostics.Eventing.Reader.EventProperty]"
"Registry value set:
RuleName: -
EventType: SetValue
UtcTime: 2026-06-22 04:54:02.152
ProcessGuid: {2b85bada-bfea-6a38-c205-000000000b00}
ProcessId: 1300
Image: C:\WINDOWS\system32\appidcertstorecheck.exe
TargetObject: HKLM\System\CurrentControlSet\Services\bam\State\UserSettings\S-1-5-19\\Device\HarddiskVolume4\Windows\System32\conhost.exe
Details: Binary Data
User: NT AUTHORITY\LOCAL SERVICE","13","2",,"4","13","0","-9223372036854775808","10076","Microsoft-Windows-Sysmon","5770385f-c22a-43e0-bf4c-06f5698ffbd9","Microsoft-Windows-Sysmon/Operational","3832","4316","Windows11","S-1-5-18","6/22/2026 12:54:02 AM",,,"Microsoft-Windows-Sysmon/Operational","System.UInt32[]","System.Diagnostics.Eventing.Reader.EventBookmark","Information","Info","Image loaded (rule: ImageLoad)","System.Collections.ObjectModel.ReadOnlyCollection`1[System.String]","System.Collections.Generic.List`1[System.Diagnostics.Eventing.Reader.EventProperty]"
"Registry value set:
RuleName: -
EventType: SetValue
UtcTime: 2026-06-22 04:54:02.112
ProcessGuid: {2b85bada-fa83-6a37-1c00-000000000b00}
ProcessId: 1548
Image: C:\WINDOWS\system32\svchost.exe
TargetObject: HKLM\System\CurrentControlSet\Services\bam\State\UserSettings\S-1-5-19\\Device\HarddiskVolume4\Windows\System32\appidcertstorecheck.exe
Details: Binary Data
User: NT AUTHORITY\SYSTEM","13","2",,"4","13","0","-9223372036854775808","10075","Microsoft-Windows-Sysmon","5770385f-c22a-43e0-bf4c-06f5698ffbd9","Microsoft-Windows-Sysmon/Operational","3832","4316","Windows11","S-1-5-18","6/22/2026 12:54:02 AM",,,"Microsoft-Windows-Sysmon/Operational","System.UInt32[]","System.Diagnostics.Eventing.Reader.EventBookmark","Information","Info","Image loaded (rule: ImageLoad)","System.Collections.ObjectModel.ReadOnlyCollection`1[System.String]","System.Collections.Generic.List`1[System.Diagnostics.Eventing.Reader.EventProperty]"
"Image loaded:
RuleName: -
UtcTime: 2026-06-22 04:53:47.214
ProcessGuid: {2b85bada-bfd1-6a38-bd05-000000000b00}
ProcessId: 6584
Image: C:\Windows\System32\RuntimeBroker.exe
ImageLoaded: C:\Windows\System32\urlmon.dll
FileVersion: 11.00.26100.8521 (WinBuild.160101.0800)
Description: OLE32 Extensions for Win32
Product: Internet Explorer
Company: Microsoft Corporation
OriginalFileName: UrlMon.dll
Hashes: SHA1=C372D49FBB4B3781425947DD8FAA78F1D371AD0F,MD5=A2E38840529D69EB410B14E0FE5B1E3A,SHA256=789750C7ED748155C0AD2CCDEB33BA231F5E3183901E88E042B39FE1E9C5E958,IMPHASH=CC6BE0BF5B54B1D4708DF5B8900604F7
Signed: true
Signature: Microsoft Windows
SignatureStatus: Valid
User: WINDOWS11\vboxuser","7","3",,"4","7","0","-9223372036854775808","10074","Microsoft-Windows-Sysmon","5770385f-c22a-43e0-bf4c-06f5698ffbd9","Microsoft-Windows-Sysmon/Operational","3832","4316","Windows11","S-1-5-18","6/22/2026 12:53:47 AM",,,"Microsoft-Windows-Sysmon/Operational","System.UInt32[]","System.Diagnostics.Eventing.Reader.EventBookmark","Information","Info","Image loaded (rule: ImageLoad)","System.Collections.ObjectModel.ReadOnlyCollection`1[System.String]","System.Collections.Generic.List`1[System.Diagnostics.Eventing.Reader.EventProperty]"
"Image loaded:
RuleName: technique_id=T1053,technique_name=Scheduled Task
UtcTime: 2026-06-22 04:53:46.382
ProcessGuid: {2b85bada-bf89-6a38-9a05-000000000b00}
ProcessId: 9632
Image: C:\Windows\UUS\amd64\MoUsoCoreWorker.exe
ImageLoaded: C:\Windows\System32\taskschd.dll
FileVersion: 10.0.26100.5074 (WinBuild.160101.0800)
Description: Task Scheduler COM API
Product: Microsoft? Windows? Operating System
Company: Microsoft Corporation
OriginalFileName: taskschd.dll
Hashes: SHA1=BF09E52372CF6663743A6FC58FCDB75D7551CD64,MD5=DF9E41FF2CF7430B4A29B24BB86AB7B0,SHA256=1E3292A4C58708CA4E3A73B82DB0E9CA4A2C1FC640526B9A14337A1A55A36AA7,IMPHASH=E61FD409CB21E6A6EBA2AFE59848CFC8
Signed: true
Signature: Microsoft Windows
SignatureStatus: Valid
User: NT AUTHORITY\SYSTEM","7","3",,"4","7","0","-9223372036854775808","10073","Microsoft-Windows-Sysmon","5770385f-c22a-43e0-bf4c-06f5698ffbd9","Microsoft-Windows-Sysmon/Operational","3832","4316","Windows11","S-1-5-18","6/22/2026 12:53:46 AM",,,"Microsoft-Windows-Sysmon/Operational","System.UInt32[]","System.Diagnostics.Eventing.Reader.EventBookmark","Information","Info","Image loaded (rule: ImageLoad)","System.Collections.ObjectModel.ReadOnlyCollection`1[System.String]","System.Collections.Generic.List`1[System.Diagnostics.Eventing.Reader.EventProperty]"
"Image loaded:
RuleName: -
UtcTime: 2026-06-22 04:53:45.560
ProcessGuid: {2b85bada-bf81-6a38-9505-000000000b00}
ProcessId: 6704
Image: C:\Windows\System32\backgroundTaskHost.exe
ImageLoaded: C:\Windows\System32\urlmon.dll
FileVersion: 11.00.26100.8521 (WinBuild.160101.0800)
Description: OLE32 Extensions for Win32
Product: Internet Explorer
Company: Microsoft Corporation
OriginalFileName: UrlMon.dll
Hashes: SHA1=C372D49FBB4B3781425947DD8FAA78F1D371AD0F,MD5=A2E38840529D69EB410B14E0FE5B1E3A,SHA256=789750C7ED748155C0AD2CCDEB33BA231F5E3183901E88E042B39FE1E9C5E958,IMPHASH=CC6BE0BF5B54B1D4708DF5B8900604F7
Signed: true
Signature: Microsoft Windows
SignatureStatus: Valid
User: WINDOWS11\vboxuser","7","3",,"4","7","0","-9223372036854775808","10072","Microsoft-Windows-Sysmon","5770385f-c22a-43e0-bf4c-06f5698ffbd9","Microsoft-Windows-Sysmon/Operational","3832","4328","Windows11","S-1-5-18","6/22/2026 12:53:45 AM",,,"Microsoft-Windows-Sysmon/Operational","System.UInt32[]","System.Diagnostics.Eventing.Reader.EventBookmark","Information","Info","Image loaded (rule: ImageLoad)","System.Collections.ObjectModel.ReadOnlyCollection`1[System.String]","System.Collections.Generic.List`1[System.Diagnostics.Eventing.Reader.EventProperty]"
"File created:
RuleName: technique_id=T1574.010,technique_name=Services File Permissions Weakness
UtcTime: 2026-06-22 04:53:44.549
ProcessGuid: {2b85bada-bfd8-6a38-c105-000000000b00}
ProcessId: 9328
Image: C:\WINDOWS\system32\svchost.exe
TargetFilename: C:\Windows\Logs\waasmedic\waasmedic.20260622_045344_543.etl
CreationUtcTime: 2026-06-22 04:53:44.543
User: NT AUTHORITY\SYSTEM","11","2",,"4","11","0","-9223372036854775808","10071","Microsoft-Windows-Sysmon","5770385f-c22a-43e0-bf4c-06f5698ffbd9","Microsoft-Windows-Sysmon/Operational","3832","4316","Windows11","S-1-5-18","6/22/2026 12:53:44 AM",,,"Microsoft-Windows-Sysmon/Operational","System.UInt32[]","System.Diagnostics.Eventing.Reader.EventBookmark","Information","Info","Image loaded (rule: ImageLoad)","System.Collections.ObjectModel.ReadOnlyCollection`1[System.String]","System.Collections.Generic.List`1[System.Diagnostics.Eventing.Reader.EventProperty]"
"Registry value set:
RuleName: -
EventType: SetValue
UtcTime: 2026-06-22 04:53:39.982
ProcessGuid: {2b85bada-bf81-6a38-9405-000000000b00}
ProcessId: 9992
Image: C:\Program Files\WindowsApps\Microsoft.WindowsStore_22605.1401.12.0_x64__8wekyb3d8bbwe\StoreDesktopExtension.exe
TargetObject: HKLM\System\CurrentControlSet\Services\bam\State\UserSettings\S-1-5-21-3931421473-148499878-826545620-1000\Microsoft.WindowsStore_8wekyb3d8bbwe
Details: Binary Data
User: WINDOWS11\vboxuser","13","2",,"4","13","0","-9223372036854775808","10070","Microsoft-Windows-Sysmon","5770385f-c22a-43e0-bf4c-06f5698ffbd9","Microsoft-Windows-Sysmon/Operational","3832","4316","Windows11","S-1-5-18","6/22/2026 12:53:39 AM",,,"Microsoft-Windows-Sysmon/Operational","System.UInt32[]","System.Diagnostics.Eventing.Reader.EventBookmark","Information","Info","Image loaded (rule: ImageLoad)","System.Collections.ObjectModel.ReadOnlyCollection`1[System.String]","System.Collections.Generic.List`1[System.Diagnostics.Eventing.Reader.EventProperty]"
"Registry value set:
RuleName: -
EventType: SetValue
UtcTime: 2026-06-22 04:53:38.762
ProcessGuid: {2b85bada-bfd2-6a38-bf05-000000000b00}
ProcessId: 6128
Image: C:\WINDOWS\system32\conhost.exe
TargetObject: HKLM\System\CurrentControlSet\Services\bam\State\UserSettings\S-1-5-19\\Device\HarddiskVolume4\Windows\System32\conhost.exe
Details: Binary Data
User: NT AUTHORITY\LOCAL SERVICE","13","2",,"4","13","0","-9223372036854775808","10069","Microsoft-Windows-Sysmon","5770385f-c22a-43e0-bf4c-06f5698ffbd9","Microsoft-Windows-Sysmon/Operational","3832","4316","Windows11","S-1-5-18","6/22/2026 12:53:38 AM",,,"Microsoft-Windows-Sysmon/Operational","System.UInt32[]","System.Diagnostics.Eventing.Reader.EventBookmark","Information","Info","Image loaded (rule: ImageLoad)","System.Collections.ObjectModel.ReadOnlyCollection`1[System.String]","System.Collections.Generic.List`1[System.Diagnostics.Eventing.Reader.EventProperty]"
"Registry value set:
RuleName: -
EventType: SetValue
UtcTime: 2026-06-22 04:53:38.748
ProcessGuid: {2b85bada-bfd2-6a38-be05-000000000b00}
ProcessId: 7916
Image: C:\WINDOWS\system32\appidcertstorecheck.exe
TargetObject: HKLM\System\CurrentControlSet\Services\bam\State\UserSettings\S-1-5-19\\Device\HarddiskVolume4\Windows\System32\appidcertstorecheck.exe
Details: Binary Data
User: NT AUTHORITY\LOCAL SERVICE","13","2",,"4","13","0","-9223372036854775808","10068","Microsoft-Windows-Sysmon","5770385f-c22a-43e0-bf4c-06f5698ffbd9","Microsoft-Windows-Sysmon/Operational","3832","4316","Windows11","S-1-5-18","6/22/2026 12:53:38 AM",,,"Microsoft-Windows-Sysmon/Operational","System.UInt32[]","System.Diagnostics.Eventing.Reader.EventBookmark","Information","Info","Image loaded (rule: ImageLoad)","System.Collections.ObjectModel.ReadOnlyCollection`1[System.String]","System.Collections.Generic.List`1[System.Diagnostics.Eventing.Reader.EventProperty]"
"Registry value set:
RuleName: -
EventType: SetValue
UtcTime: 2026-06-22 04:53:38.268
ProcessGuid: {2b85bada-bfd2-6a38-be05-000000000b00}
ProcessId: 7916
Image: C:\WINDOWS\system32\appidcertstorecheck.exe
TargetObject: HKLM\System\CurrentControlSet\Services\bam\State\UserSettings\S-1-5-19\\Device\HarddiskVolume4\Windows\System32\conhost.exe
Details: Binary Data
User: NT AUTHORITY\LOCAL SERVICE","13","2",,"4","13","0","-9223372036854775808","10067","Microsoft-Windows-Sysmon","5770385f-c22a-43e0-bf4c-06f5698ffbd9","Microsoft-Windows-Sysmon/Operational","3832","4316","Windows11","S-1-5-18","6/22/2026 12:53:38 AM",,,"Microsoft-Windows-Sysmon/Operational","System.UInt32[]","System.Diagnostics.Eventing.Reader.EventBookmark","Information","Info","Image loaded (rule: ImageLoad)","System.Collections.ObjectModel.ReadOnlyCollection`1[System.String]","System.Collections.Generic.List`1[System.Diagnostics.Eventing.Reader.EventProperty]"
"Registry value set:
RuleName: -
EventType: SetValue
UtcTime: 2026-06-22 04:53:38.140
ProcessGuid: {2b85bada-fa83-6a37-1c00-000000000b00}
ProcessId: 1548
Image: C:\WINDOWS\system32\svchost.exe
TargetObject: HKLM\System\CurrentControlSet\Services\bam\State\UserSettings\S-1-5-19\\Device\HarddiskVolume4\Windows\System32\appidcertstorecheck.exe
Details: Binary Data
User: NT AUTHORITY\SYSTEM","13","2",,"4","13","0","-9223372036854775808","10066","Microsoft-Windows-Sysmon","5770385f-c22a-43e0-bf4c-06f5698ffbd9","Microsoft-Windows-Sysmon/Operational","3832","4316","Windows11","S-1-5-18","6/22/2026 12:53:38 AM",,,"Microsoft-Windows-Sysmon/Operational","System.UInt32[]","System.Diagnostics.Eventing.Reader.EventBookmark","Information","Info","Image loaded (rule: ImageLoad)","System.Collections.ObjectModel.ReadOnlyCollection`1[System.String]","System.Collections.Generic.List`1[System.Diagnostics.Eventing.Reader.EventProperty]"
"Registry value set:
RuleName: -
EventType: SetValue
UtcTime: 2026-06-22 04:53:37.688
ProcessGuid: {2b85bada-bf8a-6a38-9b05-000000000b00}
ProcessId: 6788
Image: C:\WINDOWS\SystemApps\MicrosoftWindows.Client.CBS_cw5n1h2txyewy\SoftLandingTask\SoftLandingTask.exe
TargetObject: HKLM\System\CurrentControlSet\Services\bam\State\UserSettings\S-1-5-21-3931421473-148499878-826545620-1000\MicrosoftWindows.Client.CBS_cw5n1h2txyewy
Details: Binary Data
User: WINDOWS11\vboxuser","13","2",,"4","13","0","-9223372036854775808","10065","Microsoft-Windows-Sysmon","5770385f-c22a-43e0-bf4c-06f5698ffbd9","Microsoft-Windows-Sysmon/Operational","3832","4316","Windows11","S-1-5-18","6/22/2026 12:53:37 AM",,,"Microsoft-Windows-Sysmon/Operational","System.UInt32[]","System.Diagnostics.Eventing.Reader.EventBookmark","Information","Info","Image loaded (rule: ImageLoad)","System.Collections.ObjectModel.ReadOnlyCollection`1[System.String]","System.Collections.Generic.List`1[System.Diagnostics.Eventing.Reader.EventProperty]"
"Network connection detected:
RuleName: technique_id=T1571,technique_name=Non-Standard Port
UtcTime: 2026-06-22 04:54:22.351
ProcessGuid: {2b85bada-fa84-6a37-3000-000000000b00}
ProcessId: 2308
Image: C:\Windows\System32\svchost.exe
User: NT AUTHORITY\NETWORK SERVICE
Protocol: udp
Initiated: false
SourceIsIpv6: true
SourceIp: ff02:0:0:0:0:0:0:fb
SourceHostname: -
SourcePort: 5353
SourcePortName: -
DestinationIsIpv6: true
DestinationIp: fe80:0:0:0:c65:baaa:ea64:53c4
DestinationHostname: -
DestinationPort: 5353
DestinationPortName: -","3","5",,"4","3","0","-9223372036854775808","10064","Microsoft-Windows-Sysmon","5770385f-c22a-43e0-bf4c-06f5698ffbd9","Microsoft-Windows-Sysmon/Operational","3832","4324","Windows11","S-1-5-18","6/22/2026 12:53:36 AM",,,"Microsoft-Windows-Sysmon/Operational","System.UInt32[]","System.Diagnostics.Eventing.Reader.EventBookmark","Information","Info","Image loaded (rule: ImageLoad)","System.Collections.ObjectModel.ReadOnlyCollection`1[System.String]","System.Collections.Generic.List`1[System.Diagnostics.Eventing.Reader.EventProperty]"
"Network connection detected:
RuleName: technique_id=T1571,technique_name=Non-Standard Port
UtcTime: 2026-06-22 04:54:22.351
ProcessGuid: {2b85bada-fa84-6a37-3000-000000000b00}
ProcessId: 2308
Image: C:\Windows\System32\svchost.exe
User: NT AUTHORITY\NETWORK SERVICE
Protocol: udp
Initiated: false
SourceIsIpv6: false
SourceIp: 224.0.0.251
SourceHostname: -
SourcePort: 5353
SourcePortName: -
DestinationIsIpv6: false
DestinationIp: 192.168.4.1
DestinationHostname: -
DestinationPort: 5353
DestinationPortName: -","3","5",,"4","3","0","-9223372036854775808","10063","Microsoft-Windows-Sysmon","5770385f-c22a-43e0-bf4c-06f5698ffbd9","Microsoft-Windows-Sysmon/Operational","3832","4324","Windows11","S-1-5-18","6/22/2026 12:53:36 AM",,,"Microsoft-Windows-Sysmon/Operational","System.UInt32[]","System.Diagnostics.Eventing.Reader.EventBookmark","Information","Info","Image loaded (rule: ImageLoad)","System.Collections.ObjectModel.ReadOnlyCollection`1[System.String]","System.Collections.Generic.List`1[System.Diagnostics.Eventing.Reader.EventProperty]"
"Registry value set:
RuleName: -
EventType: SetValue
UtcTime: 2026-06-22 04:53:35.521
ProcessGuid: {2b85bada-bfce-6a38-bb05-000000000b00}
ProcessId: 2868
Image: C:\Program Files (x86)\Microsoft\Edge\Application\msedge.exe
TargetObject: HKLM\System\CurrentControlSet\Services\bam\State\UserSettings\S-1-5-21-3931421473-148499878-826545620-1000\\Device\HarddiskVolume4\Program Files (x86)\Microsoft\Edge\Application\msedge.exe
Details: Binary Data
User: WINDOWS11\vboxuser","13","2",,"4","13","0","-9223372036854775808","10062","Microsoft-Windows-Sysmon","5770385f-c22a-43e0-bf4c-06f5698ffbd9","Microsoft-Windows-Sysmon/Operational","3832","4316","Windows11","S-1-5-18","6/22/2026 12:53:35 AM",,,"Microsoft-Windows-Sysmon/Operational","System.UInt32[]","System.Diagnostics.Eventing.Reader.EventBookmark","Information","Info","Image loaded (rule: ImageLoad)","System.Collections.ObjectModel.ReadOnlyCollection`1[System.String]","System.Collections.Generic.List`1[System.Diagnostics.Eventing.Reader.EventProperty]"
"Registry value set:
RuleName: -
EventType: SetValue
UtcTime: 2026-06-22 04:53:34.985
ProcessGuid: {2b85bada-bf96-6a38-9e05-000000000b00}
ProcessId: 10196
Image: C:\Program Files (x86)\Microsoft\Edge\Application\msedge.exe
TargetObject: HKLM\System\CurrentControlSet\Services\bam\State\UserSettings\S-1-5-21-3931421473-148499878-826545620-1000\\Device\HarddiskVolume4\Program Files (x86)\Microsoft\Edge\Application\msedge.exe
Details: Binary Data
User: WINDOWS11\vboxuser","13","2",,"4","13","0","-9223372036854775808","10061","Microsoft-Windows-Sysmon","5770385f-c22a-43e0-bf4c-06f5698ffbd9","Microsoft-Windows-Sysmon/Operational","3832","4316","Windows11","S-1-5-18","6/22/2026 12:53:34 AM",,,"Microsoft-Windows-Sysmon/Operational","System.UInt32[]","System.Diagnostics.Eventing.Reader.EventBookmark","Information","Info","Image loaded (rule: ImageLoad)","System.Collections.ObjectModel.ReadOnlyCollection`1[System.String]","System.Collections.Generic.List`1[System.Diagnostics.Eventing.Reader.EventProperty]"
"Image loaded:
RuleName: technique_id=T1574.002,technique_name=DLL Side-Loading
UtcTime: 2026-06-22 04:53:34.242
ProcessGuid: {2b85bada-bf72-6a38-8c05-000000000b00}
ProcessId: 3580
Image: C:\Windows\System32\taskhostw.exe
ImageLoaded: C:\ProgramData\Microsoft\Windows Defender\Platform\4.18.26050.15-0\MpOAV.dll
FileVersion: 4.18.26050.15 (b7ae6fb185fe12f8ad81cb6d4ade5982e03d0a61)
Description: IOfficeAntiVirus Module
Product: Microsoft? Windows? Operating System
Company: Microsoft Corporation
OriginalFileName: MpOAV.dll
Hashes: SHA1=322D9905BF44982B8C0134B192C5D1E538771220,MD5=1A3B3EDB5B4D5FE79065DD302BD16ECE,SHA256=91B182A4A9E0432626E276709E545AE66EA0C53FB897C44992FF40059B982400,IMPHASH=CC43AB27A270D75BB9B498D08175E55B
Signed: true
Signature: Microsoft Windows
SignatureStatus: Valid
User: NT AUTHORITY\SYSTEM","7","3",,"4","7","0","-9223372036854775808","10060","Microsoft-Windows-Sysmon","5770385f-c22a-43e0-bf4c-06f5698ffbd9","Microsoft-Windows-Sysmon/Operational","3832","4316","Windows11","S-1-5-18","6/22/2026 12:53:34 AM",,,"Microsoft-Windows-Sysmon/Operational","System.UInt32[]","System.Diagnostics.Eventing.Reader.EventBookmark","Information","Info","Image loaded (rule: ImageLoad)","System.Collections.ObjectModel.ReadOnlyCollection`1[System.String]","System.Collections.Generic.List`1[System.Diagnostics.Eventing.Reader.EventProperty]"
"Image loaded:
RuleName: technique_id=T1059.001,technique_name=PowerShell
UtcTime: 2026-06-22 04:53:34.126
ProcessGuid: {2b85bada-bf72-6a38-8c05-000000000b00}
ProcessId: 3580
Image: C:\Windows\System32\taskhostw.exe
ImageLoaded: C:\Windows\System32\amsi.dll
FileVersion: 10.0.26100.7309 (WinBuild.160101.0800)
Description: Anti-Malware Scan Interface
Product: Microsoft? Windows? Operating System
Company: Microsoft Corporation
OriginalFileName: amsi.dll
Hashes: SHA1=4C6F8D7A04EE5A9177475708929C71863BCB3F54,MD5=C197ACDDB6CCFAFBA5E9446722403DDD,SHA256=9DF7AD9E6826AB76294A91BEF274696EE13D18A8CEBABCD5C4C352A3D1141DF3,IMPHASH=2113D3CE4C8FBF73EBAC7ABC70D78752
Signed: true
Signature: Microsoft Windows
SignatureStatus: Valid
User: NT AUTHORITY\SYSTEM","7","3",,"4","7","0","-9223372036854775808","10059","Microsoft-Windows-Sysmon","5770385f-c22a-43e0-bf4c-06f5698ffbd9","Microsoft-Windows-Sysmon/Operational","3832","4316","Windows11","S-1-5-18","6/22/2026 12:53:34 AM",,,"Microsoft-Windows-Sysmon/Operational","System.UInt32[]","System.Diagnostics.Eventing.Reader.EventBookmark","Information","Info","Image loaded (rule: ImageLoad)","System.Collections.ObjectModel.ReadOnlyCollection`1[System.String]","System.Collections.Generic.List`1[System.Diagnostics.Eventing.Reader.EventProperty]"
"File created:
RuleName: technique_id=T1574.010,technique_name=Services File Permissions Weakness
UtcTime: 2026-06-22 04:53:32.573
ProcessGuid: {2b85bada-bfaa-6a38-a405-000000000b00}
ProcessId: 2768
Image: C:\WINDOWS\system32\sppsvc.exe
TargetFilename: C:\Windows\System32\spp\store\2.0\cache\cache.dat
CreationUtcTime: 2026-06-19 09:01:38.197
User: NT AUTHORITY\NETWORK SERVICE","11","2",,"4","11","0","-9223372036854775808","10058","Microsoft-Windows-Sysmon","5770385f-c22a-43e0-bf4c-06f5698ffbd9","Microsoft-Windows-Sysmon/Operational","3832","4316","Windows11","S-1-5-18","6/22/2026 12:53:32 AM",,,"Microsoft-Windows-Sysmon/Operational","System.UInt32[]","System.Diagnostics.Eventing.Reader.EventBookmark","Information","Info","Image loaded (rule: ImageLoad)","System.Collections.ObjectModel.ReadOnlyCollection`1[System.String]","System.Collections.Generic.List`1[System.Diagnostics.Eventing.Reader.EventProperty]"
"Registry value set:
RuleName: -
EventType: SetValue
UtcTime: 2026-06-22 04:53:32.438
ProcessGuid: {2b85bada-6b84-6a38-6005-000000000b00}
ProcessId: 4340
Image: C:\Program Files (x86)\Microsoft\Edge\Application\msedge.exe
TargetObject: HKLM\System\CurrentControlSet\Services\bam\State\UserSettings\S-1-5-21-3931421473-148499878-826545620-1000\\Device\HarddiskVolume4\Program Files (x86)\Microsoft\Edge\Application\msedge.exe
Details: Binary Data
User: WINDOWS11\vboxuser","13","2",,"4","13","0","-9223372036854775808","10057","Microsoft-Windows-Sysmon","5770385f-c22a-43e0-bf4c-06f5698ffbd9","Microsoft-Windows-Sysmon/Operational","3832","4316","Windows11","S-1-5-18","6/22/2026 12:53:32 AM",,,"Microsoft-Windows-Sysmon/Operational","System.UInt32[]","System.Diagnostics.Eventing.Reader.EventBookmark","Information","Info","Image loaded (rule: ImageLoad)","System.Collections.ObjectModel.ReadOnlyCollection`1[System.String]","System.Collections.Generic.List`1[System.Diagnostics.Eventing.Reader.EventProperty]"
"File created:
RuleName: technique_id=T1574.010,technique_name=Services File Permissions Weakness
UtcTime: 2026-06-22 04:53:31.329
ProcessGuid: {2b85bada-bf72-6a38-8c05-000000000b00}
ProcessId: 3580
Image: C:\WINDOWS\system32\taskhostw.exe
TargetFilename: C:\Windows\SystemTemp\cab9E6C.tmp
CreationUtcTime: 2026-06-22 04:53:31.325
User: NT AUTHORITY\SYSTEM","11","2",,"4","11","0","-9223372036854775808","10056","Microsoft-Windows-Sysmon","5770385f-c22a-43e0-bf4c-06f5698ffbd9","Microsoft-Windows-Sysmon/Operational","3832","4316","Windows11","S-1-5-18","6/22/2026 12:53:31 AM",,,"Microsoft-Windows-Sysmon/Operational","System.UInt32[]","System.Diagnostics.Eventing.Reader.EventBookmark","Information","Info","Image loaded (rule: ImageLoad)","System.Collections.ObjectModel.ReadOnlyCollection`1[System.String]","System.Collections.Generic.List`1[System.Diagnostics.Eventing.Reader.EventProperty]"
"File created:
RuleName: technique_id=T1574.010,technique_name=Services File Permissions Weakness
UtcTime: 2026-06-22 04:53:31.327
ProcessGuid: {2b85bada-bf72-6a38-8c05-000000000b00}
ProcessId: 3580
Image: C:\WINDOWS\system32\taskhostw.exe
TargetFilename: C:\Windows\SystemTemp\cab9E6C.tmp
CreationUtcTime: 2026-06-22 04:53:31.325
User: NT AUTHORITY\SYSTEM","11","2",,"4","11","0","-9223372036854775808","10055","Microsoft-Windows-Sysmon","5770385f-c22a-43e0-bf4c-06f5698ffbd9","Microsoft-Windows-Sysmon/Operational","3832","4316","Windows11","S-1-5-18","6/22/2026 12:53:31 AM",,,"Microsoft-Windows-Sysmon/Operational","System.UInt32[]","System.Diagnostics.Eventing.Reader.EventBookmark","Information","Info","Image loaded (rule: ImageLoad)","System.Collections.ObjectModel.ReadOnlyCollection`1[System.String]","System.Collections.Generic.List`1[System.Diagnostics.Eventing.Reader.EventProperty]"
"Process accessed:
RuleName: -
UtcTime: 2026-06-22 04:53:25.499
SourceProcessGUID: {2b85bada-2ce5-6a38-3004-000000000b00}
SourceProcessId: 2800
SourceThreadId: 9472
SourceImage: C:\Program Files (x86)\ossec-agent\wazuh-agent.exe
TargetProcessGUID: {2b85bada-bf81-6a38-9405-000000000b00}
TargetProcessId: 9992
TargetImage: C:\Program Files\WindowsApps\Microsoft.WindowsStore_22605.1401.12.0_x64__8wekyb3d8bbwe\StoreDesktopExtension.exe
GrantedAccess: 0x1410
CallTrace: C:\WINDOWS\SYSTEM32\ntdll.dll+160534|C:\WINDOWS\System32\wow64.dll+3059|C:\WINDOWS\System32\wow64.dll+8dcb|C:\WINDOWS\System32\wow64cpu.dll+1a79|C:\WINDOWS\System32\wow64cpu.dll+1789|C:\WINDOWS\System32\wow64.dll+1282d|C:\WINDOWS\System32\wow64.dll+11ff2|C:\WINDOWS\SYSTEM32\ntdll.dll+8b980|C:\WINDOWS\SYSTEM32\ntdll.dll+8b83a|C:\WINDOWS\SYSTEM32\ntdll.dll+854e|C:\WINDOWS\SYSTEM32\ntdll.dll+79d2c(wow64)|C:\WINDOWS\System32\KERNELBASE.dll+14aa48(wow64)|C:\Program Files (x86)\ossec-agent\sysinfo.dll+1cd00(wow64)|C:\Program Files (x86)\ossec-agent\sysinfo.dll+1db21(wow64)|C:\Program Files (x86)\ossec-agent\sysinfo.dll+f085(wow64)|C:\Program Files (x86)\ossec-agent\syscollector.dll+10e9d(wow64)|C:\Program Files (x86)\ossec-agent\syscollector.dll+11139(wow64)|C:\Program Files (x86)\ossec-agent\syscollector.dll+112ee(wow64)
SourceUser: NT AUTHORITY\SYSTEM
TargetUser: WINDOWS11\vboxuser","10","3",,"4","10","0","-9223372036854775808","10054","Microsoft-Windows-Sysmon","5770385f-c22a-43e0-bf4c-06f5698ffbd9","Microsoft-Windows-Sysmon/Operational","3832","4316","Windows11","S-1-5-18","6/22/2026 12:53:25 AM",,,"Microsoft-Windows-Sysmon/Operational","System.UInt32[]","System.Diagnostics.Eventing.Reader.EventBookmark","Information","Info","Image loaded (rule: ImageLoad)","System.Collections.ObjectModel.ReadOnlyCollection`1[System.String]","System.Collections.Generic.List`1[System.Diagnostics.Eventing.Reader.EventProperty]"
"Process accessed:
RuleName: -
UtcTime: 2026-06-22 04:53:23.859
SourceProcessGUID: {2b85bada-2ce5-6a38-3004-000000000b00}
SourceProcessId: 2800
SourceThreadId: 9472
SourceImage: C:\Program Files (x86)\ossec-agent\wazuh-agent.exe
TargetProcessGUID: {2b85bada-24b6-6a38-d702-000000000b00}
TargetProcessId: 4508
TargetImage: C:\Program Files\WindowsApps\Microsoft.DesktopAppInstaller_1.28.239.0_x64__8wekyb3d8bbwe\WindowsPackageManagerServer.exe
GrantedAccess: 0x1410
CallTrace: C:\WINDOWS\SYSTEM32\ntdll.dll+160534|C:\WINDOWS\System32\wow64.dll+3059|C:\WINDOWS\System32\wow64.dll+8dcb|C:\WINDOWS\System32\wow64cpu.dll+1a79|C:\WINDOWS\System32\wow64cpu.dll+1789|C:\WINDOWS\System32\wow64.dll+1282d|C:\WINDOWS\System32\wow64.dll+11ff2|C:\WINDOWS\SYSTEM32\ntdll.dll+8b980|C:\WINDOWS\SYSTEM32\ntdll.dll+8b83a|C:\WINDOWS\SYSTEM32\ntdll.dll+854e|C:\WINDOWS\SYSTEM32\ntdll.dll+79d2c(wow64)|C:\WINDOWS\System32\KERNELBASE.dll+14aa48(wow64)|C:\Program Files (x86)\ossec-agent\sysinfo.dll+1cd00(wow64)|C:\Program Files (x86)\ossec-agent\sysinfo.dll+1db21(wow64)|C:\Program Files (x86)\ossec-agent\sysinfo.dll+f085(wow64)|C:\Program Files (x86)\ossec-agent\syscollector.dll+10e9d(wow64)|C:\Program Files (x86)\ossec-agent\syscollector.dll+11139(wow64)|C:\Program Files (x86)\ossec-agent\syscollector.dll+112ee(wow64)
SourceUser: NT AUTHORITY\SYSTEM
TargetUser: WINDOWS11\vboxuser","10","3",,"4","10","0","-9223372036854775808","10053","Microsoft-Windows-Sysmon","5770385f-c22a-43e0-bf4c-06f5698ffbd9","Microsoft-Windows-Sysmon/Operational","3832","4316","Windows11","S-1-5-18","6/22/2026 12:53:23 AM",,,"Microsoft-Windows-Sysmon/Operational","System.UInt32[]","System.Diagnostics.Eventing.Reader.EventBookmark","Information","Info","Image loaded (rule: ImageLoad)","System.Collections.ObjectModel.ReadOnlyCollection`1[System.String]","System.Collections.Generic.List`1[System.Diagnostics.Eventing.Reader.EventProperty]"
"Network connection detected:
RuleName: technique_id=T1571,technique_name=Non-Standard Port
UtcTime: 2026-06-22 04:54:10.475
ProcessGuid: {2b85bada-fa84-6a37-3000-000000000b00}
ProcessId: 2308
Image: C:\Windows\System32\svchost.exe
User: NT AUTHORITY\NETWORK SERVICE
Protocol: udp
Initiated: false
SourceIsIpv6: true
SourceIp: ff02:0:0:0:0:0:0:fb
SourceHostname: -
SourcePort: 5353
SourcePortName: -
DestinationIsIpv6: true
DestinationIp: fe80:0:0:0:14d1:14e9:62dc:b388
DestinationHostname: -
DestinationPort: 5353
DestinationPortName: -","3","5",,"4","3","0","-9223372036854775808","10052","Microsoft-Windows-Sysmon","5770385f-c22a-43e0-bf4c-06f5698ffbd9","Microsoft-Windows-Sysmon/Operational","3832","4324","Windows11","S-1-5-18","6/22/2026 12:53:23 AM",,,"Microsoft-Windows-Sysmon/Operational","System.UInt32[]","System.Diagnostics.Eventing.Reader.EventBookmark","Information","Info","Image loaded (rule: ImageLoad)","System.Collections.ObjectModel.ReadOnlyCollection`1[System.String]","System.Collections.Generic.List`1[System.Diagnostics.Eventing.Reader.EventProperty]"
"Network connection detected:
RuleName: technique_id=T1571,technique_name=Non-Standard Port
UtcTime: 2026-06-22 04:54:09.856
ProcessGuid: {2b85bada-fa84-6a37-3000-000000000b00}
ProcessId: 2308
Image: C:\Windows\System32\svchost.exe
User: NT AUTHORITY\NETWORK SERVICE
Protocol: udp
Initiated: false
SourceIsIpv6: false
SourceIp: 224.0.0.251
SourceHostname: -
SourcePort: 5353
SourcePortName: -
DestinationIsIpv6: false
DestinationIp: 192.168.5.125
DestinationHostname: -
DestinationPort: 5353
DestinationPortName: -","3","5",,"4","3","0","-9223372036854775808","10051","Microsoft-Windows-Sysmon","5770385f-c22a-43e0-bf4c-06f5698ffbd9","Microsoft-Windows-Sysmon/Operational","3832","4324","Windows11","S-1-5-18","6/22/2026 12:53:22 AM",,,"Microsoft-Windows-Sysmon/Operational","System.UInt32[]","System.Diagnostics.Eventing.Reader.EventBookmark","Information","Info","Image loaded (rule: ImageLoad)","System.Collections.ObjectModel.ReadOnlyCollection`1[System.String]","System.Collections.Generic.List`1[System.Diagnostics.Eventing.Reader.EventProperty]"
"Registry value set:
RuleName: -
EventType: SetValue
UtcTime: 2026-06-22 04:53:22.476
ProcessGuid: {2b85bada-bf96-6a38-9e05-000000000b00}
ProcessId: 10196
Image: C:\Program Files (x86)\Microsoft\Edge\Application\msedge.exe
TargetObject: HKLM\System\CurrentControlSet\Services\bam\State\UserSettings\S-1-5-21-3931421473-148499878-826545620-1000\\Device\HarddiskVolume4\Program Files (x86)\Microsoft\Edge\Application\msedge.exe
Details: Binary Data
User: WINDOWS11\vboxuser","13","2",,"4","13","0","-9223372036854775808","10050","Microsoft-Windows-Sysmon","5770385f-c22a-43e0-bf4c-06f5698ffbd9","Microsoft-Windows-Sysmon/Operational","3832","4316","Windows11","S-1-5-18","6/22/2026 12:53:22 AM",,,"Microsoft-Windows-Sysmon/Operational","System.UInt32[]","System.Diagnostics.Eventing.Reader.EventBookmark","Information","Info","Image loaded (rule: ImageLoad)","System.Collections.ObjectModel.ReadOnlyCollection`1[System.String]","System.Collections.Generic.List`1[System.Diagnostics.Eventing.Reader.EventProperty]"
"Network connection detected:
RuleName: technique_id=T1571,technique_name=Non-Standard Port
UtcTime: 2026-06-22 04:54:09.448
ProcessGuid: {2b85bada-fa84-6a37-3000-000000000b00}
ProcessId: 2308
Image: C:\Windows\System32\svchost.exe
User: NT AUTHORITY\NETWORK SERVICE
Protocol: udp
Initiated: false
SourceIsIpv6: false
SourceIp: 224.0.0.251
SourceHostname: -
SourcePort: 5353
SourcePortName: -
DestinationIsIpv6: false
DestinationIp: 192.168.5.125
DestinationHostname: -
DestinationPort: 5353
DestinationPortName: -","3","5",,"4","3","0","-9223372036854775808","10049","Microsoft-Windows-Sysmon","5770385f-c22a-43e0-bf4c-06f5698ffbd9","Microsoft-Windows-Sysmon/Operational","3832","4324","Windows11","S-1-5-18","6/22/2026 12:53:22 AM",,,"Microsoft-Windows-Sysmon/Operational","System.UInt32[]","System.Diagnostics.Eventing.Reader.EventBookmark","Information","Info","Image loaded (rule: ImageLoad)","System.Collections.ObjectModel.ReadOnlyCollection`1[System.String]","System.Collections.Generic.List`1[System.Diagnostics.Eventing.Reader.EventProperty]"
"Process accessed:
RuleName: -
UtcTime: 2026-06-22 04:53:21.575
SourceProcessGUID: {2b85bada-fa83-6a37-2600-000000000b00}
SourceProcessId: 1084
SourceThreadId: 2088
SourceImage: C:\WINDOWS\system32\svchost.exe
TargetProcessGUID: {2b85bada-bf81-6a38-9405-000000000b00}
TargetProcessId: 9992
TargetImage: C:\Program Files\WindowsApps\Microsoft.WindowsStore_22605.1401.12.0_x64__8wekyb3d8bbwe\StoreDesktopExtension.exe
GrantedAccess: 0x3000
CallTrace: C:\WINDOWS\SYSTEM32\ntdll.dll+160534|C:\WINDOWS\System32\KERNELBASE.dll+23fa6|c:\windows\system32\sysmain.dll+48734|c:\windows\system32\sysmain.dll+47be0|c:\windows\system32\sysmain.dll+45e72|c:\windows\system32\sysmain.dll+47fb9|c:\windows\system32\sysmain.dll+4da7c|c:\windows\system32\sysmain.dll+6d5b2|c:\windows\system32\sysmain.dll+7ffef|C:\WINDOWS\system32\svchost.exe+259d|C:\WINDOWS\System32\sechost.dll+26967|C:\WINDOWS\System32\KERNEL32.DLL+2e957|C:\WINDOWS\SYSTEM32\ntdll.dll+87c1c
SourceUser: NT AUTHORITY\SYSTEM
TargetUser: WINDOWS11\vboxuser","10","3",,"4","10","0","-9223372036854775808","10048","Microsoft-Windows-Sysmon","5770385f-c22a-43e0-bf4c-06f5698ffbd9","Microsoft-Windows-Sysmon/Operational","3832","4316","Windows11","S-1-5-18","6/22/2026 12:53:21 AM",,,"Microsoft-Windows-Sysmon/Operational","System.UInt32[]","System.Diagnostics.Eventing.Reader.EventBookmark","Information","Info","Image loaded (rule: ImageLoad)","System.Collections.ObjectModel.ReadOnlyCollection`1[System.String]","System.Collections.Generic.List`1[System.Diagnostics.Eventing.Reader.EventProperty]"
"Registry value set:
RuleName: technique_id=T1547.001,technique_name=Registry Run Keys / Start Folder
EventType: SetValue
UtcTime: 2026-06-22 04:53:19.028
ProcessGuid: {2b85bada-bf96-6a38-9e05-000000000b00}
ProcessId: 10196
Image: C:\Program Files (x86)\Microsoft\Edge\Application\msedge.exe
TargetObject: HKU\S-1-5-21-3931421473-148499878-826545620-1000\Software\Microsoft\Windows\CurrentVersion\Run\MicrosoftEdgeAutoLaunch_181C8C6F62941D485E9DA88A14DF8CD2
Details: ""C:\Program Files (x86)\Microsoft\Edge\Application\msedge.exe"" --no-startup-window --win-session-start
User: WINDOWS11\vboxuser","13","2",,"4","13","0","-9223372036854775808","10047","Microsoft-Windows-Sysmon","5770385f-c22a-43e0-bf4c-06f5698ffbd9","Microsoft-Windows-Sysmon/Operational","3832","4316","Windows11","S-1-5-18","6/22/2026 12:53:19 AM",,,"Microsoft-Windows-Sysmon/Operational","System.UInt32[]","System.Diagnostics.Eventing.Reader.EventBookmark","Information","Info","Image loaded (rule: ImageLoad)","System.Collections.ObjectModel.ReadOnlyCollection`1[System.String]","System.Collections.Generic.List`1[System.Diagnostics.Eventing.Reader.EventProperty]"
"Image loaded:
RuleName: technique_id=T1574.002,technique_name=DLL Side-Loading
UtcTime: 2026-06-22 04:53:16.085
ProcessGuid: {2b85bada-bf96-6a38-9e05-000000000b00}
ProcessId: 10196
Image: C:\Program Files (x86)\Microsoft\Edge\Application\msedge.exe
ImageLoaded: C:\Program Files\WindowsApps\Microsoft.HEVCVideoExtension_2.5.10.0_x64__8wekyb3d8bbwe\x64\HEVCDECODER_STORE.dll
FileVersion: 10.0.29578.1000 (WinBuild.160101.0800)
Description: Windows H265 Video Decoder
Product: Microsoft? Windows? Operating System
Company: Microsoft Corporation
OriginalFileName: hevcdecoder_store.dll
Hashes: SHA1=FC9B70161B552A329527F7576E13FD261E6501A0,MD5=C18B2EE253087C749174672F5B57D14E,SHA256=391FCB86286A995C0F0C05B2BD9233EC7A86F0DBE1CC413D16985DEA6AA201A8,IMPHASH=F5BFF57F4E00DD84BDAE6EC6F2522703
Signed: true
Signature: Microsoft Corporation
SignatureStatus: Valid
User: WINDOWS11\vboxuser","7","3",,"4","7","0","-9223372036854775808","10046","Microsoft-Windows-Sysmon","5770385f-c22a-43e0-bf4c-06f5698ffbd9","Microsoft-Windows-Sysmon/Operational","3832","4316","Windows11","S-1-5-18","6/22/2026 12:53:16 AM",,,"Microsoft-Windows-Sysmon/Operational","System.UInt32[]","System.Diagnostics.Eventing.Reader.EventBookmark","Information","Info","Image loaded (rule: ImageLoad)","System.Collections.ObjectModel.ReadOnlyCollection`1[System.String]","System.Collections.Generic.List`1[System.Diagnostics.Eventing.Reader.EventProperty]"
"Dns query:
RuleName: -
UtcTime: 2026-06-22 04:53:58.154
ProcessGuid: {2b85bada-bfb1-6a38-ad05-000000000b00}
ProcessId: 4832
QueryName: wpad
QueryStatus: 123
QueryResults: -
Image: C:\Program Files (x86)\Microsoft\Edge\Application\msedge.exe
User: WINDOWS11\vboxuser","22","5",,"4","22","0","-9223372036854775808","10045","Microsoft-Windows-Sysmon","5770385f-c22a-43e0-bf4c-06f5698ffbd9","Microsoft-Windows-Sysmon/Operational","3832","4336","Windows11","S-1-5-18","6/22/2026 12:53:11 AM",,,"Microsoft-Windows-Sysmon/Operational","System.UInt32[]","System.Diagnostics.Eventing.Reader.EventBookmark","Information","Info","Image loaded (rule: ImageLoad)","System.Collections.ObjectModel.ReadOnlyCollection`1[System.String]","System.Collections.Generic.List`1[System.Diagnostics.Eventing.Reader.EventProperty]"
"Image loaded:
RuleName: -
UtcTime: 2026-06-22 04:53:10.526
ProcessGuid: {2b85bada-bfae-6a38-a905-000000000b00}
ProcessId: 5152
Image: C:\Program Files (x86)\Microsoft\EdgeUpdate\MicrosoftEdgeUpdate.exe
ImageLoaded: C:\Windows\SysWOW64\urlmon.dll
FileVersion: 11.00.26100.8521 (WinBuild.160101.0800)
Description: OLE32 Extensions for Win32
Product: Internet Explorer
Company: Microsoft Corporation
OriginalFileName: UrlMon.dll
Hashes: SHA1=0C31BB508BEE62D97D857BF6F6BAF64F26ECA80A,MD5=ABF995A5AFCBACCF8056C8BD287ABEAC,SHA256=D2FA7A7BED3F910A12C3510528EADFC57C7256C0CA1332CE9CBBE29FF033756E,IMPHASH=6EDFF6A453D04E2E7943180BE8B9B39A
Signed: true
Signature: Microsoft Windows
SignatureStatus: Valid
User: NT AUTHORITY\SYSTEM","7","3",,"4","7","0","-9223372036854775808","10044","Microsoft-Windows-Sysmon","5770385f-c22a-43e0-bf4c-06f5698ffbd9","Microsoft-Windows-Sysmon/Operational","3832","4328","Windows11","S-1-5-18","6/22/2026 12:53:11 AM",,,"Microsoft-Windows-Sysmon/Operational","System.UInt32[]","System.Diagnostics.Eventing.Reader.EventBookmark","Information","Info","Image loaded (rule: ImageLoad)","System.Collections.ObjectModel.ReadOnlyCollection`1[System.String]","System.Collections.Generic.List`1[System.Diagnostics.Eventing.Reader.EventProperty]"
"Registry value set:
RuleName: -
EventType: SetValue
UtcTime: 2026-06-22 04:53:10.581
ProcessGuid: {2b85bada-bf96-6a38-9e05-000000000b00}
ProcessId: 10196
Image: C:\Program Files (x86)\Microsoft\Edge\Application\msedge.exe
TargetObject: HKLM\System\CurrentControlSet\Services\bam\State\UserSettings\S-1-5-21-3931421473-148499878-826545620-1000\\Device\HarddiskVolume4\Program Files (x86)\Microsoft\Edge\Application\msedge.exe
Details: Binary Data
User: WINDOWS11\vboxuser","13","2",,"4","13","0","-9223372036854775808","10043","Microsoft-Windows-Sysmon","5770385f-c22a-43e0-bf4c-06f5698ffbd9","Microsoft-Windows-Sysmon/Operational","3832","4316","Windows11","S-1-5-18","6/22/2026 12:53:10 AM",,,"Microsoft-Windows-Sysmon/Operational","System.UInt32[]","System.Diagnostics.Eventing.Reader.EventBookmark","Information","Info","Image loaded (rule: ImageLoad)","System.Collections.ObjectModel.ReadOnlyCollection`1[System.String]","System.Collections.Generic.List`1[System.Diagnostics.Eventing.Reader.EventProperty]"
"Registry value set:
RuleName: -
EventType: SetValue
UtcTime: 2026-06-22 04:53:10.576
ProcessGuid: {2b85bada-bf96-6a38-9e05-000000000b00}
ProcessId: 10196
Image: C:\Program Files (x86)\Microsoft\Edge\Application\msedge.exe
TargetObject: HKLM\System\CurrentControlSet\Services\bam\State\UserSettings\S-1-5-21-3931421473-148499878-826545620-1000\\Device\HarddiskVolume4\Program Files (x86)\Microsoft\Edge\Application\msedge.exe
Details: Binary Data
User: WINDOWS11\vboxuser","13","2",,"4","13","0","-9223372036854775808","10042","Microsoft-Windows-Sysmon","5770385f-c22a-43e0-bf4c-06f5698ffbd9","Microsoft-Windows-Sysmon/Operational","3832","4316","Windows11","S-1-5-18","6/22/2026 12:53:10 AM",,,"Microsoft-Windows-Sysmon/Operational","System.UInt32[]","System.Diagnostics.Eventing.Reader.EventBookmark","Information","Info","Image loaded (rule: ImageLoad)","System.Collections.ObjectModel.ReadOnlyCollection`1[System.String]","System.Collections.Generic.List`1[System.Diagnostics.Eventing.Reader.EventProperty]"
"Image loaded:
RuleName: technique_id=T1574.002,technique_name=DLL Side-Loading
UtcTime: 2026-06-22 04:53:09.881
ProcessGuid: {2b85bada-bf96-6a38-9e05-000000000b00}
ProcessId: 10196
Image: C:\Program Files (x86)\Microsoft\Edge\Application\msedge.exe
ImageLoaded: C:\Users\vboxuser\AppData\Local\Microsoft\Edge\User Data\Domain Actions\3.0.0.18\domain_actions.dll
FileVersion: 3.0.0.18
Description: Microsoft Edge Domain Actions Component
Product: Microsoft Edge Domain Actions Component
Company: Microsoft Corporation
OriginalFileName: domain_actions.dll
Hashes: SHA1=DBD23F99895A3A92FBE04C3C35D475A6F6998FD0,MD5=956F610121CD5827FD5549097B79CD9F,SHA256=D35C8EFCB710239F009633BCC5AE904AC6DAFA985D451BEDF791CF6909F014D4,IMPHASH=1DDFE17BDE88A9329CAFE90DE82A1778
Signed: true
Signature: Microsoft Corporation
SignatureStatus: Valid
User: WINDOWS11\vboxuser","7","3",,"4","7","0","-9223372036854775808","10041","Microsoft-Windows-Sysmon","5770385f-c22a-43e0-bf4c-06f5698ffbd9","Microsoft-Windows-Sysmon/Operational","3832","4316","Windows11","S-1-5-18","6/22/2026 12:53:09 AM",,,"Microsoft-Windows-Sysmon/Operational","System.UInt32[]","System.Diagnostics.Eventing.Reader.EventBookmark","Information","Info","Image loaded (rule: ImageLoad)","System.Collections.ObjectModel.ReadOnlyCollection`1[System.String]","System.Collections.Generic.List`1[System.Diagnostics.Eventing.Reader.EventProperty]"
"Image loaded:
RuleName: technique_id=T1574.002,technique_name=DLL Side-Loading
UtcTime: 2026-06-22 04:53:09.733
ProcessGuid: {2b85bada-bf96-6a38-9e05-000000000b00}
ProcessId: 10196
Image: C:\Program Files (x86)\Microsoft\Edge\Application\msedge.exe
ImageLoaded: C:\Users\vboxuser\AppData\Local\Microsoft\Edge\User Data\Well Known Domains\1.2.0.0\well_known_domains.dll
FileVersion: 135.0.3164.0
Description: Microsoft Edge
Product: Microsoft Edge
Company: Microsoft Corporation
OriginalFileName: well_known_domains.dll
Hashes: SHA1=8D5ED434173FD77FEB33CB6CB0FAD5E2388D97C6,MD5=F5F5B37FD514776F455864502C852773,SHA256=2778063E5DED354D852004E80492EDB3A0F731B838BB27BA3A233BC937592F6E,IMPHASH=61A2C7EFDFA4D74AD568D69F41135C6B
Signed: true
Signature: Microsoft Corporation
SignatureStatus: Valid
User: WINDOWS11\vboxuser","7","3",,"4","7","0","-9223372036854775808","10040","Microsoft-Windows-Sysmon","5770385f-c22a-43e0-bf4c-06f5698ffbd9","Microsoft-Windows-Sysmon/Operational","3832","4316","Windows11","S-1-5-18","6/22/2026 12:53:09 AM",,,"Microsoft-Windows-Sysmon/Operational","System.UInt32[]","System.Diagnostics.Eventing.Reader.EventBookmark","Information","Info","Image loaded (rule: ImageLoad)","System.Collections.ObjectModel.ReadOnlyCollection`1[System.String]","System.Collections.Generic.List`1[System.Diagnostics.Eventing.Reader.EventProperty]"
"Image loaded:
RuleName: technique_id=T1574.002,technique_name=DLL Side-Loading
UtcTime: 2026-06-22 04:53:09.660
ProcessGuid: {2b85bada-bf96-6a38-9e05-000000000b00}
ProcessId: 10196
Image: C:\Program Files (x86)\Microsoft\Edge\Application\msedge.exe
ImageLoaded: C:\Users\vboxuser\AppData\Local\Microsoft\Edge\User Data\Domain Actions\3.0.0.18\domain_actions.dll
FileVersion: 3.0.0.18
Description: Microsoft Edge Domain Actions Component
Product: Microsoft Edge Domain Actions Component
Company: Microsoft Corporation
OriginalFileName: domain_actions.dll
Hashes: SHA1=DBD23F99895A3A92FBE04C3C35D475A6F6998FD0,MD5=956F610121CD5827FD5549097B79CD9F,SHA256=D35C8EFCB710239F009633BCC5AE904AC6DAFA985D451BEDF791CF6909F014D4,IMPHASH=1DDFE17BDE88A9329CAFE90DE82A1778
Signed: true
Signature: Microsoft Corporation
SignatureStatus: Valid
User: WINDOWS11\vboxuser","7","3",,"4","7","0","-9223372036854775808","10039","Microsoft-Windows-Sysmon","5770385f-c22a-43e0-bf4c-06f5698ffbd9","Microsoft-Windows-Sysmon/Operational","3832","4316","Windows11","S-1-5-18","6/22/2026 12:53:09 AM",,,"Microsoft-Windows-Sysmon/Operational","System.UInt32[]","System.Diagnostics.Eventing.Reader.EventBookmark","Information","Info","Image loaded (rule: ImageLoad)","System.Collections.ObjectModel.ReadOnlyCollection`1[System.String]","System.Collections.Generic.List`1[System.Diagnostics.Eventing.Reader.EventProperty]"
"Registry object added or deleted:
RuleName: technique_id=T1547.001,technique_name=Registry Run Keys / Start Folder
EventType: DeleteValue
UtcTime: 2026-06-22 04:53:09.102
ProcessGuid: {2b85bada-bf96-6a38-9e05-000000000b00}
ProcessId: 10196
Image: C:\Program Files (x86)\Microsoft\Edge\Application\msedge.exe
TargetObject: HKU\S-1-5-21-3931421473-148499878-826545620-1000\Software\Microsoft\Windows\CurrentVersion\Run\MicrosoftEdgeAutoLaunch_181C8C6F62941D485E9DA88A14DF8CD2
User: WINDOWS11\vboxuser","12","2",,"4","12","0","-9223372036854775808","10038","Microsoft-Windows-Sysmon","5770385f-c22a-43e0-bf4c-06f5698ffbd9","Microsoft-Windows-Sysmon/Operational","3832","4316","Windows11","S-1-5-18","6/22/2026 12:53:09 AM",,,"Microsoft-Windows-Sysmon/Operational","System.UInt32[]","System.Diagnostics.Eventing.Reader.EventBookmark","Information","Info","Image loaded (rule: ImageLoad)","System.Collections.ObjectModel.ReadOnlyCollection`1[System.String]","System.Collections.Generic.List`1[System.Diagnostics.Eventing.Reader.EventProperty]"
"Image loaded:
