RuleName: technique_id=T1053,technique_name=Scheduled Task
EventType: SetValue
UtcTime: 2026-06-22 05:32:48.130
ProcessGuid: {2b85bada-fa83-6a37-1c00-000000000b00}
ProcessId: 1548
Image: C:\WINDOWS\system32\svchost.exe
TargetObject: HKLM\SOFTWARE\Microsoft\Windows NT\CurrentVersion\Schedule\TaskCache\Tree\Microsoft\Windows\UpdateOrchestrator\Schedule Scan\Index
Details: DWORD (0x00000003)
User: NT AUTHORITY\SYSTEM","13","2",,"4","13","0","-9223372036854775808","10302","Microsoft-Windows-Sysmon","5770385f-c22a-43e0-bf4c-06f5698ffbd9","Microsoft-Windows-Sysmon/Operational","3832","4316","Windows11","S-1-5-18","6/22/2026 1:32:48 AM",,,"Microsoft-Windows-Sysmon/Operational","System.UInt32[]","System.Diagnostics.Eventing.Reader.EventBookmark","Information","Info","Image loaded (rule: ImageLoad)","System.Collections.ObjectModel.ReadOnlyCollection`1[System.String]","System.Collections.Generic.List`1[System.Diagnostics.Eventing.Reader.EventProperty]"
"Image loaded:
RuleName: technique_id=T1053,technique_name=Scheduled Task
UtcTime: 2026-06-22 05:32:48.080
ProcessGuid: {2b85bada-bf7e-6a38-9205-000000000b00}
ProcessId: 5196
Image: C:\Windows\UUS\amd64\MoUsoCoreWorker.exe
ImageLoaded: C:\Windows\System32\taskschd.dll
FileVersion: 10.0.26100.5074 (WinBuild.160101.0800)
Description: Task Scheduler COM API
Product: Microsoft? Windows? Operating System
Company: Microsoft Corporation
OriginalFileName: taskschd.dll
Hashes: SHA1=BF09E52372CF6663743A6FC58FCDB75D7551CD64,MD5=DF9E41FF2CF7430B4A29B24BB86AB7B0,SHA256=1E3292A4C58708CA4E3A73B82DB0E9CA4A2C1FC640526B9A14337A1A55A36AA7,IMPHASH=E61FD409CB21E6A6EBA2AFE59848CFC8
Signed: true
Signature: Microsoft Windows
SignatureStatus: Valid
User: NT AUTHORITY\SYSTEM","7","3",,"4","7","0","-9223372036854775808","10301","Microsoft-Windows-Sysmon","5770385f-c22a-43e0-bf4c-06f5698ffbd9","Microsoft-Windows-Sysmon/Operational","3832","4328","Windows11","S-1-5-18","6/22/2026 1:32:48 AM",,,"Microsoft-Windows-Sysmon/Operational","System.UInt32[]","System.Diagnostics.Eventing.Reader.EventBookmark","Information","Info","Image loaded (rule: ImageLoad)","System.Collections.ObjectModel.ReadOnlyCollection`1[System.String]","System.Collections.Generic.List`1[System.Diagnostics.Eventing.Reader.EventProperty]"
"Image loaded:
RuleName: -
UtcTime: 2026-06-22 05:32:36.846
ProcessGuid: {2b85bada-c8ea-6a38-e005-000000000b00}
ProcessId: 6204
Image: C:\Windows\System32\WindowsPowerShell\v1.0\powershell.exe
ImageLoaded: C:\Windows\System32\urlmon.dll
FileVersion: 11.00.26100.8521 (WinBuild.160101.0800)
Description: OLE32 Extensions for Win32
Product: Internet Explorer
Company: Microsoft Corporation
OriginalFileName: UrlMon.dll
Hashes: SHA1=C372D49FBB4B3781425947DD8FAA78F1D371AD0F,MD5=A2E38840529D69EB410B14E0FE5B1E3A,SHA256=789750C7ED748155C0AD2CCDEB33BA231F5E3183901E88E042B39FE1E9C5E958,IMPHASH=CC6BE0BF5B54B1D4708DF5B8900604F7
Signed: true
Signature: Microsoft Windows
SignatureStatus: Valid
User: WINDOWS11\vboxuser","7","3",,"4","7","0","-9223372036854775808","10300","Microsoft-Windows-Sysmon","5770385f-c22a-43e0-bf4c-06f5698ffbd9","Microsoft-Windows-Sysmon/Operational","3832","4316","Windows11","S-1-5-18","6/22/2026 1:32:36 AM",,,"Microsoft-Windows-Sysmon/Operational","System.UInt32[]","System.Diagnostics.Eventing.Reader.EventBookmark","Information","Info","Image loaded (rule: ImageLoad)","System.Collections.ObjectModel.ReadOnlyCollection`1[System.String]","System.Collections.Generic.List`1[System.Diagnostics.Eventing.Reader.EventProperty]"
"Image loaded:
RuleName: technique_id=T1574.002,technique_name=DLL Side-Loading
UtcTime: 2026-06-22 05:32:36.218
ProcessGuid: {2b85bada-c8ea-6a38-e005-000000000b00}
ProcessId: 6204
Image: C:\Windows\System32\WindowsPowerShell\v1.0\powershell.exe
ImageLoaded: C:\ProgramData\Microsoft\Windows Defender\Platform\4.18.26050.15-0\MpClient.dll
FileVersion: 4.18.26050.15 (b7ae6fb185fe12f8ad81cb6d4ade5982e03d0a61)
Description: Client Interface
Product: Microsoft? Windows? Operating System
Company: Microsoft Corporation
OriginalFileName: mpclient.dll
Hashes: SHA1=2600630DAF1AB5C7ECC5B4C7A0EC58BE3021593C,MD5=EB85326682445A796B82DF85D12C4671,SHA256=4B55FC14CA0BE8A0E87F5DD074A8276D4A750D50620909344B5295CB2E2E450D,IMPHASH=E8D5A007E0A362B0C7263E95E1F2C82A
Signed: true
Signature: Microsoft Windows
SignatureStatus: Valid
User: WINDOWS11\vboxuser","7","3",,"4","7","0","-9223372036854775808","10299","Microsoft-Windows-Sysmon","5770385f-c22a-43e0-bf4c-06f5698ffbd9","Microsoft-Windows-Sysmon/Operational","3832","4328","Windows11","S-1-5-18","6/22/2026 1:32:36 AM",,,"Microsoft-Windows-Sysmon/Operational","System.UInt32[]","System.Diagnostics.Eventing.Reader.EventBookmark","Information","Info","Image loaded (rule: ImageLoad)","System.Collections.ObjectModel.ReadOnlyCollection`1[System.String]","System.Collections.Generic.List`1[System.Diagnostics.Eventing.Reader.EventProperty]"
"Image loaded:
RuleName: technique_id=T1055,technique_name=Process Injection
UtcTime: 2026-06-22 05:32:35.558
ProcessGuid: {2b85bada-c8ea-6a38-e005-000000000b00}
ProcessId: 6204
Image: C:\Windows\System32\WindowsPowerShell\v1.0\powershell.exe
ImageLoaded: C:\Windows\Microsoft.NET\Framework64\v4.0.30319\clrjit.dll
FileVersion: 4.8.9325.0 built by: NET481REL1LAST_25H2_C
Description: Microsoft .NET Runtime Just-In-Time Compiler
Product: Microsoft? .NET Framework
Company: Microsoft Corporation
OriginalFileName: clrjit.dll
Hashes: SHA1=D8A82040A0FE8B0DC25397D45BBA76113B7EB07D,MD5=BC043E29149AE0E48389FA1CB8416401,SHA256=664E1E1856878142EE247AFE0C4A2286B05098E07144AECA32E8B487069942E6,IMPHASH=F2AFE1578B0645F42EFCA5A3FB0CE765
Signed: true
Signature: Microsoft Corporation
SignatureStatus: Valid
User: WINDOWS11\vboxuser","7","3",,"4","7","0","-9223372036854775808","10298","Microsoft-Windows-Sysmon","5770385f-c22a-43e0-bf4c-06f5698ffbd9","Microsoft-Windows-Sysmon/Operational","3832","4328","Windows11","S-1-5-18","6/22/2026 1:32:35 AM",,,"Microsoft-Windows-Sysmon/Operational","System.UInt32[]","System.Diagnostics.Eventing.Reader.EventBookmark","Information","Info","Image loaded (rule: ImageLoad)","System.Collections.ObjectModel.ReadOnlyCollection`1[System.String]","System.Collections.Generic.List`1[System.Diagnostics.Eventing.Reader.EventProperty]"
"Pipe Created:
RuleName: -
EventType: CreatePipe
UtcTime: 2026-06-22 05:32:35.331
ProcessGuid: {2b85bada-c8ea-6a38-e005-000000000b00}
ProcessId: 6204
PipeName: \PSHost.134265799464290224.6204.DefaultAppDomain.powershell
Image: C:\Windows\System32\WindowsPowerShell\v1.0\powershell.exe
User: WINDOWS11\vboxuser","17","1",,"4","17","0","-9223372036854775808","10297","Microsoft-Windows-Sysmon","5770385f-c22a-43e0-bf4c-06f5698ffbd9","Microsoft-Windows-Sysmon/Operational","3832","4316","Windows11","S-1-5-18","6/22/2026 1:32:35 AM",,,"Microsoft-Windows-Sysmon/Operational","System.UInt32[]","System.Diagnostics.Eventing.Reader.EventBookmark","Information","Info","Image loaded (rule: ImageLoad)","System.Collections.ObjectModel.ReadOnlyCollection`1[System.String]","System.Collections.Generic.List`1[System.Diagnostics.Eventing.Reader.EventProperty]"
"Image loaded:
RuleName: technique_id=T1574.002,technique_name=DLL Side-Loading
UtcTime: 2026-06-22 05:32:33.990
ProcessGuid: {2b85bada-c8ea-6a38-e005-000000000b00}
ProcessId: 6204
Image: C:\Windows\System32\WindowsPowerShell\v1.0\powershell.exe
ImageLoaded: C:\ProgramData\Microsoft\Windows Defender\Platform\4.18.26050.15-0\MpOAV.dll
FileVersion: 4.18.26050.15 (b7ae6fb185fe12f8ad81cb6d4ade5982e03d0a61)
Description: IOfficeAntiVirus Module
Product: Microsoft? Windows? Operating System
Company: Microsoft Corporation
OriginalFileName: MpOAV.dll
Hashes: SHA1=322D9905BF44982B8C0134B192C5D1E538771220,MD5=1A3B3EDB5B4D5FE79065DD302BD16ECE,SHA256=91B182A4A9E0432626E276709E545AE66EA0C53FB897C44992FF40059B982400,IMPHASH=CC43AB27A270D75BB9B498D08175E55B
Signed: true
Signature: Microsoft Windows
SignatureStatus: Valid
User: WINDOWS11\vboxuser","7","3",,"4","7","0","-9223372036854775808","10296","Microsoft-Windows-Sysmon","5770385f-c22a-43e0-bf4c-06f5698ffbd9","Microsoft-Windows-Sysmon/Operational","3832","4328","Windows11","S-1-5-18","6/22/2026 1:32:35 AM",,,"Microsoft-Windows-Sysmon/Operational","System.UInt32[]","System.Diagnostics.Eventing.Reader.EventBookmark","Information","Info","Image loaded (rule: ImageLoad)","System.Collections.ObjectModel.ReadOnlyCollection`1[System.String]","System.Collections.Generic.List`1[System.Diagnostics.Eventing.Reader.EventProperty]"
"File Delete logged:
RuleName: -
UtcTime: 2026-06-22 05:32:34.770
ProcessGuid: {2b85bada-c8ea-6a38-e005-000000000b00}
ProcessId: 6204
User: WINDOWS11\vboxuser
Image: C:\Windows\System32\WindowsPowerShell\v1.0\powershell.exe
TargetFilename: C:\Users\vboxuser\AppData\Local\Temp\__PSScriptPolicyTest_slzdy4xo.lpy.ps1
Hashes: SHA1=6AB83620379FC69F80C0242105DDFFD7D98D5D9D,MD5=D17FE0A3F47BE24A6453E9EF58C94641,SHA256=96AD1146EB96877EAB5942AE0736B82D8B5E2039A80D3D6932665C1A4C87DCF7,IMPHASH=00000000000000000000000000000000
IsExecutable: false","26","5",,"4","26","0","-9223372036854775808","10295","Microsoft-Windows-Sysmon","5770385f-c22a-43e0-bf4c-06f5698ffbd9","Microsoft-Windows-Sysmon/Operational","3832","4316","Windows11","S-1-5-18","6/22/2026 1:32:34 AM",,,"Microsoft-Windows-Sysmon/Operational","System.UInt32[]","System.Diagnostics.Eventing.Reader.EventBookmark","Information","Info","Image loaded (rule: ImageLoad)","System.Collections.ObjectModel.ReadOnlyCollection`1[System.String]","System.Collections.Generic.List`1[System.Diagnostics.Eventing.Reader.EventProperty]"
"File created:
RuleName: technique_id=T1059.001,technique_name=PowerShell
UtcTime: 2026-06-22 05:32:34.498
ProcessGuid: {2b85bada-c8ea-6a38-e005-000000000b00}
ProcessId: 6204
Image: C:\Windows\System32\WindowsPowerShell\v1.0\powershell.exe
TargetFilename: C:\Users\vboxuser\AppData\Local\Temp\__PSScriptPolicyTest_slzdy4xo.lpy.ps1
CreationUtcTime: 2026-06-22 05:32:34.498
User: WINDOWS11\vboxuser","11","2",,"4","11","0","-9223372036854775808","10294","Microsoft-Windows-Sysmon","5770385f-c22a-43e0-bf4c-06f5698ffbd9","Microsoft-Windows-Sysmon/Operational","3832","4316","Windows11","S-1-5-18","6/22/2026 1:32:34 AM",,,"Microsoft-Windows-Sysmon/Operational","System.UInt32[]","System.Diagnostics.Eventing.Reader.EventBookmark","Information","Info","Image loaded (rule: ImageLoad)","System.Collections.ObjectModel.ReadOnlyCollection`1[System.String]","System.Collections.Generic.List`1[System.Diagnostics.Eventing.Reader.EventProperty]"
"Image loaded:
RuleName: technique_id=T1059.001,technique_name=PowerShell
UtcTime: 2026-06-22 05:32:33.629
ProcessGuid: {2b85bada-c8ea-6a38-e005-000000000b00}
ProcessId: 6204
Image: C:\Windows\System32\WindowsPowerShell\v1.0\powershell.exe
ImageLoaded: C:\Windows\assembly\NativeImages_v4.0.30319_64\System.Manaa57fc8cc#\8c8798c49882a121d7926f0fc8d6fa37\System.Management.Automation.ni.dll
FileVersion: 10.0.26100.8655
Description: System.Management.Automation
Product: Microsoft (R) Windows (R) Operating System
Company: Microsoft Corporation
OriginalFileName: System.Management.Automation.dll
Hashes: SHA1=D220CF9574BDAE1794BB3B60976FDBAFE2B8B3EC,MD5=32E215F40F7FB714EB4E552E67D6C417,SHA256=8005F5707B5B1A89F7BB075C99FEACA3BA648A683F871897334699D643FFD5E4,IMPHASH=00000000000000000000000000000000
Signed: false
Signature: -
SignatureStatus: Unavailable
User: WINDOWS11\vboxuser","7","3",,"4","7","0","-9223372036854775808","10293","Microsoft-Windows-Sysmon","5770385f-c22a-43e0-bf4c-06f5698ffbd9","Microsoft-Windows-Sysmon/Operational","3832","4328","Windows11","S-1-5-18","6/22/2026 1:32:34 AM",,,"Microsoft-Windows-Sysmon/Operational","System.UInt32[]","System.Diagnostics.Eventing.Reader.EventBookmark","Information","Info","Image loaded (rule: ImageLoad)","System.Collections.ObjectModel.ReadOnlyCollection`1[System.String]","System.Collections.Generic.List`1[System.Diagnostics.Eventing.Reader.EventProperty]"
"Image loaded:
RuleName: technique_id=T1055,technique_name=Process Injection
UtcTime: 2026-06-22 05:32:31.529
ProcessGuid: {2b85bada-c8ea-6a38-e005-000000000b00}
ProcessId: 6204
Image: C:\Windows\System32\WindowsPowerShell\v1.0\powershell.exe
ImageLoaded: C:\Windows\assembly\NativeImages_v4.0.30319_64\mscorlib\50abde036072b0b49b01ecf91d35cf89\mscorlib.ni.dll
FileVersion: 4.8.9325.0 built by: NET481REL1LAST_25H2_C
Description: Microsoft Common Language Runtime Class Library
Product: Microsoft? .NET Framework
Company: Microsoft Corporation
OriginalFileName: mscorlib.dll
Hashes: SHA1=4B03961DEBF2727CFB3700DF0E4A5F09F486D7BB,MD5=8B03A8927163DF2557D79EF723172B0A,SHA256=43730E114C9E4B1DBF72CE342CB632064DC9A4C872A81EA1367CC6D877F6ECE9,IMPHASH=00000000000000000000000000000000
Signed: true
Signature: Microsoft Corporation
SignatureStatus: Valid
User: WINDOWS11\vboxuser","7","3",,"4","7","0","-9223372036854775808","10292","Microsoft-Windows-Sysmon","5770385f-c22a-43e0-bf4c-06f5698ffbd9","Microsoft-Windows-Sysmon/Operational","3832","4328","Windows11","S-1-5-18","6/22/2026 1:32:33 AM",,,"Microsoft-Windows-Sysmon/Operational","System.UInt32[]","System.Diagnostics.Eventing.Reader.EventBookmark","Information","Info","Image loaded (rule: ImageLoad)","System.Collections.ObjectModel.ReadOnlyCollection`1[System.String]","System.Collections.Generic.List`1[System.Diagnostics.Eventing.Reader.EventProperty]"
"Image loaded:
RuleName: technique_id=T1055,technique_name=Process Injection
UtcTime: 2026-06-22 05:32:31.535
ProcessGuid: {2b85bada-c8e9-6a38-dc05-000000000b00}
ProcessId: 5644
Image: C:\Windows\System32\WindowsPowerShell\v1.0\powershell.exe
ImageLoaded: C:\Windows\assembly\NativeImages_v4.0.30319_64\mscorlib\50abde036072b0b49b01ecf91d35cf89\mscorlib.ni.dll
FileVersion: 4.8.9325.0 built by: NET481REL1LAST_25H2_C
Description: Microsoft Common Language Runtime Class Library
Product: Microsoft? .NET Framework
Company: Microsoft Corporation
OriginalFileName: mscorlib.dll
Hashes: SHA1=4B03961DEBF2727CFB3700DF0E4A5F09F486D7BB,MD5=8B03A8927163DF2557D79EF723172B0A,SHA256=43730E114C9E4B1DBF72CE342CB632064DC9A4C872A81EA1367CC6D877F6ECE9,IMPHASH=00000000000000000000000000000000
Signed: true
Signature: Microsoft Corporation
SignatureStatus: Valid
User: WINDOWS11\vboxuser","7","3",,"4","7","0","-9223372036854775808","10291","Microsoft-Windows-Sysmon","5770385f-c22a-43e0-bf4c-06f5698ffbd9","Microsoft-Windows-Sysmon/Operational","3832","4328","Windows11","S-1-5-18","6/22/2026 1:32:33 AM",,,"Microsoft-Windows-Sysmon/Operational","System.UInt32[]","System.Diagnostics.Eventing.Reader.EventBookmark","Information","Info","Image loaded (rule: ImageLoad)","System.Collections.ObjectModel.ReadOnlyCollection`1[System.String]","System.Collections.Generic.List`1[System.Diagnostics.Eventing.Reader.EventProperty]"
"Registry value set:
RuleName: -
EventType: SetValue
UtcTime: 2026-06-22 05:32:32.824
ProcessGuid: {2b85bada-c8e9-6a38-dd05-000000000b00}
ProcessId: 1284
Image: C:\WINDOWS\system32\conhost.exe
TargetObject: HKLM\System\CurrentControlSet\Services\bam\State\UserSettings\S-1-5-21-3931421473-148499878-826545620-1000\\Device\HarddiskVolume4\Windows\System32\conhost.exe
Details: Binary Data
User: WINDOWS11\vboxuser","13","2",,"4","13","0","-9223372036854775808","10290","Microsoft-Windows-Sysmon","5770385f-c22a-43e0-bf4c-06f5698ffbd9","Microsoft-Windows-Sysmon/Operational","3832","4316","Windows11","S-1-5-18","6/22/2026 1:32:32 AM",,,"Microsoft-Windows-Sysmon/Operational","System.UInt32[]","System.Diagnostics.Eventing.Reader.EventBookmark","Information","Info","Image loaded (rule: ImageLoad)","System.Collections.ObjectModel.ReadOnlyCollection`1[System.String]","System.Collections.Generic.List`1[System.Diagnostics.Eventing.Reader.EventProperty]"
"Registry value set:
RuleName: -
EventType: SetValue
UtcTime: 2026-06-22 05:32:32.805
ProcessGuid: {2b85bada-c8e9-6a38-de05-000000000b00}
ProcessId: 5352
Image: C:\Program Files\WindowsApps\Microsoft.WindowsTerminal_1.24.11321.0_x64__8wekyb3d8bbwe\OpenConsole.exe
TargetObject: HKLM\System\CurrentControlSet\Services\bam\State\UserSettings\S-1-5-21-3931421473-148499878-826545620-1000\Microsoft.WindowsTerminal_8wekyb3d8bbwe
Details: Binary Data
User: WINDOWS11\vboxuser","13","2",,"4","13","0","-9223372036854775808","10289","Microsoft-Windows-Sysmon","5770385f-c22a-43e0-bf4c-06f5698ffbd9","Microsoft-Windows-Sysmon/Operational","3832","4316","Windows11","S-1-5-18","6/22/2026 1:32:32 AM",,,"Microsoft-Windows-Sysmon/Operational","System.UInt32[]","System.Diagnostics.Eventing.Reader.EventBookmark","Information","Info","Image loaded (rule: ImageLoad)","System.Collections.ObjectModel.ReadOnlyCollection`1[System.String]","System.Collections.Generic.List`1[System.Diagnostics.Eventing.Reader.EventProperty]"
"Image loaded:
RuleName: technique_id=T1055,technique_name=Process Injection
UtcTime: 2026-06-22 05:32:30.817
ProcessGuid: {2b85bada-c8ea-6a38-e005-000000000b00}
ProcessId: 6204
Image: C:\Windows\System32\WindowsPowerShell\v1.0\powershell.exe
ImageLoaded: C:\Windows\Microsoft.NET\Framework64\v4.0.30319\clr.dll
FileVersion: 4.8.9325.0 built by: NET481REL1LAST_25H2_C
Description: Microsoft .NET Runtime Common Language Runtime - WorkStation
Product: Microsoft? .NET Framework
Company: Microsoft Corporation
OriginalFileName: clr.dll
Hashes: SHA1=EFD0818771E50C77B3994948C65A005DC6E5217B,MD5=4D070B97A10E1C58E48FB6D69363DB3B,SHA256=F4FBE69140F2912A4B1873E10CBA62713AA1204ECDD9DC65CE074D17F7FFD048,IMPHASH=C0D07A9848676D6F22823D57D0D56AAB
Signed: true
Signature: Microsoft Corporation
SignatureStatus: Valid
User: WINDOWS11\vboxuser","7","3",,"4","7","0","-9223372036854775808","10288","Microsoft-Windows-Sysmon","5770385f-c22a-43e0-bf4c-06f5698ffbd9","Microsoft-Windows-Sysmon/Operational","3832","4328","Windows11","S-1-5-18","6/22/2026 1:32:32 AM",,,"Microsoft-Windows-Sysmon/Operational","System.UInt32[]","System.Diagnostics.Eventing.Reader.EventBookmark","Information","Info","Image loaded (rule: ImageLoad)","System.Collections.ObjectModel.ReadOnlyCollection`1[System.String]","System.Collections.Generic.List`1[System.Diagnostics.Eventing.Reader.EventProperty]"
"Image loaded:
RuleName: technique_id=T1055,technique_name=Process Injection
UtcTime: 2026-06-22 05:32:30.824
ProcessGuid: {2b85bada-c8e9-6a38-dc05-000000000b00}
ProcessId: 5644
Image: C:\Windows\System32\WindowsPowerShell\v1.0\powershell.exe
ImageLoaded: C:\Windows\Microsoft.NET\Framework64\v4.0.30319\clr.dll
FileVersion: 4.8.9325.0 built by: NET481REL1LAST_25H2_C
Description: Microsoft .NET Runtime Common Language Runtime - WorkStation
Product: Microsoft? .NET Framework
Company: Microsoft Corporation
OriginalFileName: clr.dll
Hashes: SHA1=EFD0818771E50C77B3994948C65A005DC6E5217B,MD5=4D070B97A10E1C58E48FB6D69363DB3B,SHA256=F4FBE69140F2912A4B1873E10CBA62713AA1204ECDD9DC65CE074D17F7FFD048,IMPHASH=C0D07A9848676D6F22823D57D0D56AAB
Signed: true
Signature: Microsoft Corporation
SignatureStatus: Valid
User: WINDOWS11\vboxuser","7","3",,"4","7","0","-9223372036854775808","10287","Microsoft-Windows-Sysmon","5770385f-c22a-43e0-bf4c-06f5698ffbd9","Microsoft-Windows-Sysmon/Operational","3832","4328","Windows11","S-1-5-18","6/22/2026 1:32:32 AM",,,"Microsoft-Windows-Sysmon/Operational","System.UInt32[]","System.Diagnostics.Eventing.Reader.EventBookmark","Information","Info","Image loaded (rule: ImageLoad)","System.Collections.ObjectModel.ReadOnlyCollection`1[System.String]","System.Collections.Generic.List`1[System.Diagnostics.Eventing.Reader.EventProperty]"
"File created:
RuleName: technique_id=T1574.010,technique_name=Services File Permissions Weakness
UtcTime: 2026-06-22 05:32:32.708
ProcessGuid: {2b85bada-fb0f-6a37-3901-000000000b00}
ProcessId: 3212
Image: C:\WINDOWS\system32\svchost.exe
TargetFilename: C:\Windows\Temp\Whesvc\134265799526558621_GTP.wprp
CreationUtcTime: 2026-06-22 05:32:32.708
User: NT AUTHORITY\SYSTEM","11","2",,"4","11","0","-9223372036854775808","10286","Microsoft-Windows-Sysmon","5770385f-c22a-43e0-bf4c-06f5698ffbd9","Microsoft-Windows-Sysmon/Operational","3832","4316","Windows11","S-1-5-18","6/22/2026 1:32:32 AM",,,"Microsoft-Windows-Sysmon/Operational","System.UInt32[]","System.Diagnostics.Eventing.Reader.EventBookmark","Information","Info","Image loaded (rule: ImageLoad)","System.Collections.ObjectModel.ReadOnlyCollection`1[System.String]","System.Collections.Generic.List`1[System.Diagnostics.Eventing.Reader.EventProperty]"
"Registry value set:
RuleName: -
EventType: SetValue
UtcTime: 2026-06-22 05:32:32.684
ProcessGuid: {2b85bada-c8e9-6a38-dc05-000000000b00}
ProcessId: 5644
Image: C:\Windows\System32\WindowsPowerShell\v1.0\powershell.exe
TargetObject: HKLM\System\CurrentControlSet\Services\bam\State\UserSettings\S-1-5-21-3931421473-148499878-826545620-1000\\Device\HarddiskVolume4\Windows\System32\WindowsPowerShell\v1.0\powershell.exe
Details: Binary Data
User: WINDOWS11\vboxuser","13","2",,"4","13","0","-9223372036854775808","10285","Microsoft-Windows-Sysmon","5770385f-c22a-43e0-bf4c-06f5698ffbd9","Microsoft-Windows-Sysmon/Operational","3832","4316","Windows11","S-1-5-18","6/22/2026 1:32:32 AM",,,"Microsoft-Windows-Sysmon/Operational","System.UInt32[]","System.Diagnostics.Eventing.Reader.EventBookmark","Information","Info","Image loaded (rule: ImageLoad)","System.Collections.ObjectModel.ReadOnlyCollection`1[System.String]","System.Collections.Generic.List`1[System.Diagnostics.Eventing.Reader.EventProperty]"
"Image loaded:
RuleName: technique_id=T1055,technique_name=Process Injection
UtcTime: 2026-06-22 05:32:30.525
ProcessGuid: {2b85bada-c8ea-6a38-e005-000000000b00}
ProcessId: 6204
Image: C:\Windows\System32\WindowsPowerShell\v1.0\powershell.exe
ImageLoaded: C:\Windows\Microsoft.NET\Framework64\v4.0.30319\mscoreei.dll
FileVersion: 4.8.9221.0 built by: NET481REL1LAST_25H2
Description: Microsoft .NET Runtime Execution Engine
Product: Microsoft? .NET Framework
Company: Microsoft Corporation
OriginalFileName: mscoreei.dll
Hashes: SHA1=31418E7F22DCAE61E9BF4D5159F190589510263A,MD5=1A45E030D20C805BD72525A8F16507F7,SHA256=D6279FF94F98EFFD9579A31A2C1FA2DA7997F066D2F62097D2A381D83DFB9B53,IMPHASH=BDAAD270BEE58C9A3A7622CD1CA3EF79
Signed: true
Signature: Microsoft Corporation
SignatureStatus: Valid
User: WINDOWS11\vboxuser","7","3",,"4","7","0","-9223372036854775808","10284","Microsoft-Windows-Sysmon","5770385f-c22a-43e0-bf4c-06f5698ffbd9","Microsoft-Windows-Sysmon/Operational","3832","4328","Windows11","S-1-5-18","6/22/2026 1:32:32 AM",,,"Microsoft-Windows-Sysmon/Operational","System.UInt32[]","System.Diagnostics.Eventing.Reader.EventBookmark","Information","Info","Image loaded (rule: ImageLoad)","System.Collections.ObjectModel.ReadOnlyCollection`1[System.String]","System.Collections.Generic.List`1[System.Diagnostics.Eventing.Reader.EventProperty]"
"Image loaded:
RuleName: technique_id=T1055,technique_name=Process Injection
UtcTime: 2026-06-22 05:32:30.525
ProcessGuid: {2b85bada-c8e9-6a38-dc05-000000000b00}
ProcessId: 5644
Image: C:\Windows\System32\WindowsPowerShell\v1.0\powershell.exe
ImageLoaded: C:\Windows\Microsoft.NET\Framework64\v4.0.30319\mscoreei.dll
FileVersion: 4.8.9221.0 built by: NET481REL1LAST_25H2
Description: Microsoft .NET Runtime Execution Engine
Product: Microsoft? .NET Framework
Company: Microsoft Corporation
OriginalFileName: mscoreei.dll
Hashes: SHA1=31418E7F22DCAE61E9BF4D5159F190589510263A,MD5=1A45E030D20C805BD72525A8F16507F7,SHA256=D6279FF94F98EFFD9579A31A2C1FA2DA7997F066D2F62097D2A381D83DFB9B53,IMPHASH=BDAAD270BEE58C9A3A7622CD1CA3EF79
Signed: true
Signature: Microsoft Corporation
SignatureStatus: Valid
User: WINDOWS11\vboxuser","7","3",,"4","7","0","-9223372036854775808","10283","Microsoft-Windows-Sysmon","5770385f-c22a-43e0-bf4c-06f5698ffbd9","Microsoft-Windows-Sysmon/Operational","3832","4328","Windows11","S-1-5-18","6/22/2026 1:32:32 AM",,,"Microsoft-Windows-Sysmon/Operational","System.UInt32[]","System.Diagnostics.Eventing.Reader.EventBookmark","Information","Info","Image loaded (rule: ImageLoad)","System.Collections.ObjectModel.ReadOnlyCollection`1[System.String]","System.Collections.Generic.List`1[System.Diagnostics.Eventing.Reader.EventProperty]"
"File created:
RuleName: technique_id=T1574.010,technique_name=Services File Permissions Weakness
UtcTime: 2026-06-22 05:32:31.045
ProcessGuid: {2b85bada-fa82-6a37-0d00-000000000b00}
ProcessId: 624
Image: C:\WINDOWS\system32\svchost.exe
TargetFilename: C:\Windows\System32\SleepStudy\sleepstudy-trace-2026-06-22-01-32-30.etl
CreationUtcTime: 2026-06-22 05:32:30.300
User: NT AUTHORITY\SYSTEM","11","2",,"4","11","0","-9223372036854775808","10282","Microsoft-Windows-Sysmon","5770385f-c22a-43e0-bf4c-06f5698ffbd9","Microsoft-Windows-Sysmon/Operational","3832","4316","Windows11","S-1-5-18","6/22/2026 1:32:31 AM",,,"Microsoft-Windows-Sysmon/Operational","System.UInt32[]","System.Diagnostics.Eventing.Reader.EventBookmark","Information","Info","Image loaded (rule: ImageLoad)","System.Collections.ObjectModel.ReadOnlyCollection`1[System.String]","System.Collections.Generic.List`1[System.Diagnostics.Eventing.Reader.EventProperty]"
"File created:
RuleName: technique_id=T1574.010,technique_name=Services File Permissions Weakness
UtcTime: 2026-06-22 05:32:30.300
ProcessGuid: {2b85bada-fa82-6a37-0d00-000000000b00}
ProcessId: 624
Image: C:\WINDOWS\system32\svchost.exe
TargetFilename: C:\Windows\System32\SleepStudy\sleepstudy-trace-2026-06-22-01-32-30.etl
CreationUtcTime: 2026-06-22 05:32:30.300
User: NT AUTHORITY\SYSTEM","11","2",,"4","11","0","-9223372036854775808","10281","Microsoft-Windows-Sysmon","5770385f-c22a-43e0-bf4c-06f5698ffbd9","Microsoft-Windows-Sysmon/Operational","3832","4316","Windows11","S-1-5-18","6/22/2026 1:32:30 AM",,,"Microsoft-Windows-Sysmon/Operational","System.UInt32[]","System.Diagnostics.Eventing.Reader.EventBookmark","Information","Info","Image loaded (rule: ImageLoad)","System.Collections.ObjectModel.ReadOnlyCollection`1[System.String]","System.Collections.Generic.List`1[System.Diagnostics.Eventing.Reader.EventProperty]"
"Image loaded:
RuleName: -
UtcTime: 2026-06-22 05:32:29.707
ProcessGuid: {2b85bada-c8e9-6a38-dc05-000000000b00}
ProcessId: 5644
Image: C:\Windows\System32\WindowsPowerShell\v1.0\powershell.exe
ImageLoaded: C:\Windows\System32\urlmon.dll
FileVersion: 11.00.26100.8521 (WinBuild.160101.0800)
Description: OLE32 Extensions for Win32
Product: Internet Explorer
Company: Microsoft Corporation
OriginalFileName: UrlMon.dll
Hashes: SHA1=C372D49FBB4B3781425947DD8FAA78F1D371AD0F,MD5=A2E38840529D69EB410B14E0FE5B1E3A,SHA256=789750C7ED748155C0AD2CCDEB33BA231F5E3183901E88E042B39FE1E9C5E958,IMPHASH=CC6BE0BF5B54B1D4708DF5B8900604F7
Signed: true
Signature: Microsoft Windows
SignatureStatus: Valid
User: WINDOWS11\vboxuser","7","3",,"4","7","0","-9223372036854775808","10280","Microsoft-Windows-Sysmon","5770385f-c22a-43e0-bf4c-06f5698ffbd9","Microsoft-Windows-Sysmon/Operational","3832","4316","Windows11","S-1-5-18","6/22/2026 1:32:29 AM",,,"Microsoft-Windows-Sysmon/Operational","System.UInt32[]","System.Diagnostics.Eventing.Reader.EventBookmark","Information","Info","Image loaded (rule: ImageLoad)","System.Collections.ObjectModel.ReadOnlyCollection`1[System.String]","System.Collections.Generic.List`1[System.Diagnostics.Eventing.Reader.EventProperty]"
"Image loaded:
RuleName: -
UtcTime: 2026-06-22 05:32:29.707
ProcessGuid: {2b85bada-c8ea-6a38-e005-000000000b00}
ProcessId: 6204
Image: C:\Windows\System32\WindowsPowerShell\v1.0\powershell.exe
ImageLoaded: C:\Windows\System32\urlmon.dll
FileVersion: 11.00.26100.8521 (WinBuild.160101.0800)
Description: OLE32 Extensions for Win32
Product: Internet Explorer
Company: Microsoft Corporation
OriginalFileName: UrlMon.dll
Hashes: SHA1=C372D49FBB4B3781425947DD8FAA78F1D371AD0F,MD5=A2E38840529D69EB410B14E0FE5B1E3A,SHA256=789750C7ED748155C0AD2CCDEB33BA231F5E3183901E88E042B39FE1E9C5E958,IMPHASH=CC6BE0BF5B54B1D4708DF5B8900604F7
Signed: true
Signature: Microsoft Windows
SignatureStatus: Valid
User: WINDOWS11\vboxuser","7","3",,"4","7","0","-9223372036854775808","10279","Microsoft-Windows-Sysmon","5770385f-c22a-43e0-bf4c-06f5698ffbd9","Microsoft-Windows-Sysmon/Operational","3832","4316","Windows11","S-1-5-18","6/22/2026 1:32:29 AM",,,"Microsoft-Windows-Sysmon/Operational","System.UInt32[]","System.Diagnostics.Eventing.Reader.EventBookmark","Information","Info","Image loaded (rule: ImageLoad)","System.Collections.ObjectModel.ReadOnlyCollection`1[System.String]","System.Collections.Generic.List`1[System.Diagnostics.Eventing.Reader.EventProperty]"
"Image loaded:
RuleName: technique_id=T1055,technique_name=Process Injection
UtcTime: 2026-06-22 05:32:29.451
ProcessGuid: {2b85bada-c8e9-6a38-dc05-000000000b00}
ProcessId: 5644
Image: C:\Windows\System32\WindowsPowerShell\v1.0\powershell.exe
ImageLoaded: C:\Windows\System32\mscoree.dll
FileVersion: 10.0.26100.3624 (WinBuild.160101.0800)
Description: Microsoft .NET Runtime Execution Engine
Product: Microsoft? Windows? Operating System
Company: Microsoft Corporation
OriginalFileName: mscoree.dll
Hashes: SHA1=832627F610A3900FA9B0DB77CFF27168DB836A6A,MD5=1DC1B5FC0E47414580644B07C30F0E3D,SHA256=07F1EA065C452D37DA2AD56CE505184E41947C42A560D8235276E0FB8B758701,IMPHASH=CDE7B90B871501A5DFCA7B3AB565C6A1
Signed: true
Signature: Microsoft Windows
SignatureStatus: Valid
User: WINDOWS11\vboxuser","7","3",,"4","7","0","-9223372036854775808","10278","Microsoft-Windows-Sysmon","5770385f-c22a-43e0-bf4c-06f5698ffbd9","Microsoft-Windows-Sysmon/Operational","3832","4328","Windows11","S-1-5-18","6/22/2026 1:32:29 AM",,,"Microsoft-Windows-Sysmon/Operational","System.UInt32[]","System.Diagnostics.Eventing.Reader.EventBookmark","Information","Info","Image loaded (rule: ImageLoad)","System.Collections.ObjectModel.ReadOnlyCollection`1[System.String]","System.Collections.Generic.List`1[System.Diagnostics.Eventing.Reader.EventProperty]"
"Image loaded:
RuleName: technique_id=T1055,technique_name=Process Injection
UtcTime: 2026-06-22 05:32:29.221
ProcessGuid: {2b85bada-c8ea-6a38-e005-000000000b00}
ProcessId: 6204
Image: C:\Windows\System32\WindowsPowerShell\v1.0\powershell.exe
ImageLoaded: C:\Windows\System32\mscoree.dll
FileVersion: 10.0.26100.3624 (WinBuild.160101.0800)
Description: Microsoft .NET Runtime Execution Engine
Product: Microsoft? Windows? Operating System
Company: Microsoft Corporation
OriginalFileName: mscoree.dll
Hashes: SHA1=832627F610A3900FA9B0DB77CFF27168DB836A6A,MD5=1DC1B5FC0E47414580644B07C30F0E3D,SHA256=07F1EA065C452D37DA2AD56CE505184E41947C42A560D8235276E0FB8B758701,IMPHASH=CDE7B90B871501A5DFCA7B3AB565C6A1
Signed: true
Signature: Microsoft Windows
SignatureStatus: Valid
User: WINDOWS11\vboxuser","7","3",,"4","7","0","-9223372036854775808","10277","Microsoft-Windows-Sysmon","5770385f-c22a-43e0-bf4c-06f5698ffbd9","Microsoft-Windows-Sysmon/Operational","3832","4328","Windows11","S-1-5-18","6/22/2026 1:32:29 AM",,,"Microsoft-Windows-Sysmon/Operational","System.UInt32[]","System.Diagnostics.Eventing.Reader.EventBookmark","Information","Info","Image loaded (rule: ImageLoad)","System.Collections.ObjectModel.ReadOnlyCollection`1[System.String]","System.Collections.Generic.List`1[System.Diagnostics.Eventing.Reader.EventProperty]"
"Image loaded:
RuleName: -
UtcTime: 2026-06-22 05:32:27.104
ProcessGuid: {2b85bada-c8ea-6a38-e205-000000000b00}
ProcessId: 9380
Image: C:\Program Files\WindowsApps\Microsoft.WindowsTerminal_1.24.11321.0_x64__8wekyb3d8bbwe\OpenConsole.exe
ImageLoaded: C:\Windows\System32\urlmon.dll
FileVersion: 11.00.26100.8521 (WinBuild.160101.0800)
Description: OLE32 Extensions for Win32
Product: Internet Explorer
Company: Microsoft Corporation
OriginalFileName: UrlMon.dll
Hashes: SHA1=C372D49FBB4B3781425947DD8FAA78F1D371AD0F,MD5=A2E38840529D69EB410B14E0FE5B1E3A,SHA256=789750C7ED748155C0AD2CCDEB33BA231F5E3183901E88E042B39FE1E9C5E958,IMPHASH=CC6BE0BF5B54B1D4708DF5B8900604F7
Signed: true
Signature: Microsoft Windows
SignatureStatus: Valid
User: WINDOWS11\vboxuser","7","3",,"4","7","0","-9223372036854775808","10276","Microsoft-Windows-Sysmon","5770385f-c22a-43e0-bf4c-06f5698ffbd9","Microsoft-Windows-Sysmon/Operational","3832","4316","Windows11","S-1-5-18","6/22/2026 1:32:27 AM",,,"Microsoft-Windows-Sysmon/Operational","System.UInt32[]","System.Diagnostics.Eventing.Reader.EventBookmark","Information","Info","Image loaded (rule: ImageLoad)","System.Collections.ObjectModel.ReadOnlyCollection`1[System.String]","System.Collections.Generic.List`1[System.Diagnostics.Eventing.Reader.EventProperty]"
"Image loaded:
RuleName: -
UtcTime: 2026-06-22 05:32:27.037
ProcessGuid: {2b85bada-c8e9-6a38-de05-000000000b00}
ProcessId: 5352
Image: C:\Program Files\WindowsApps\Microsoft.WindowsTerminal_1.24.11321.0_x64__8wekyb3d8bbwe\OpenConsole.exe
ImageLoaded: C:\Windows\System32\urlmon.dll
FileVersion: 11.00.26100.8521 (WinBuild.160101.0800)
Description: OLE32 Extensions for Win32
Product: Internet Explorer
Company: Microsoft Corporation
OriginalFileName: UrlMon.dll
Hashes: SHA1=C372D49FBB4B3781425947DD8FAA78F1D371AD0F,MD5=A2E38840529D69EB410B14E0FE5B1E3A,SHA256=789750C7ED748155C0AD2CCDEB33BA231F5E3183901E88E042B39FE1E9C5E958,IMPHASH=CC6BE0BF5B54B1D4708DF5B8900604F7
Signed: true
Signature: Microsoft Windows
SignatureStatus: Valid
User: WINDOWS11\vboxuser","7","3",,"4","7","0","-9223372036854775808","10275","Microsoft-Windows-Sysmon","5770385f-c22a-43e0-bf4c-06f5698ffbd9","Microsoft-Windows-Sysmon/Operational","3832","4316","Windows11","S-1-5-18","6/22/2026 1:32:27 AM",,,"Microsoft-Windows-Sysmon/Operational","System.UInt32[]","System.Diagnostics.Eventing.Reader.EventBookmark","Information","Info","Image loaded (rule: ImageLoad)","System.Collections.ObjectModel.ReadOnlyCollection`1[System.String]","System.Collections.Generic.List`1[System.Diagnostics.Eventing.Reader.EventProperty]"
"Image loaded:
RuleName: technique_id=T1574.002,technique_name=DLL Side-Loading
UtcTime: 2026-06-22 05:32:27.020
ProcessGuid: {2b85bada-c8ea-6a38-e105-000000000b00}
ProcessId: 4964
Image: C:\Windows\System32\conhost.exe
ImageLoaded: C:\ProgramData\Microsoft\Windows\AppRepository\Packages\Microsoft.WindowsTerminal_1.24.11321.0_x64__8wekyb3d8bbwe\PackagedCom\OpenConsoleProxy.dll
FileVersion: 1.24.2605.12001
Description: OpenConsoleProxy.dll
Product: Windows Terminal
Company: Microsoft Corporation
OriginalFileName: OpenConsoleProxy.dll
Hashes: SHA1=F1AD73D56FF3D3B26EC4C9831FB75342736273BD,MD5=974AB63E001A97D2CA1E2FD5FFE1B6F3,SHA256=CC5DA226695FA72DE79E8D4FC8CA84F70D17155B414560C4CCD166A7170194B3,IMPHASH=96B53B94A1D0289023C3472ECDBD4D53
Signed: true
Signature: Microsoft Corporation
SignatureStatus: Valid
User: WINDOWS11\vboxuser","7","3",,"4","7","0","-9223372036854775808","10274","Microsoft-Windows-Sysmon","5770385f-c22a-43e0-bf4c-06f5698ffbd9","Microsoft-Windows-Sysmon/Operational","3832","4316","Windows11","S-1-5-18","6/22/2026 1:32:27 AM",,,"Microsoft-Windows-Sysmon/Operational","System.UInt32[]","System.Diagnostics.Eventing.Reader.EventBookmark","Information","Info","Image loaded (rule: ImageLoad)","System.Collections.ObjectModel.ReadOnlyCollection`1[System.String]","System.Collections.Generic.List`1[System.Diagnostics.Eventing.Reader.EventProperty]"
"Image loaded:
RuleName: technique_id=T1574.002,technique_name=DLL Side-Loading
UtcTime: 2026-06-22 05:32:27.017
ProcessGuid: {2b85bada-c8ea-6a38-e205-000000000b00}
ProcessId: 9380
Image: C:\Program Files\WindowsApps\Microsoft.WindowsTerminal_1.24.11321.0_x64__8wekyb3d8bbwe\OpenConsole.exe
ImageLoaded: C:\ProgramData\Microsoft\Windows\AppRepository\Packages\Microsoft.WindowsTerminal_1.24.11321.0_x64__8wekyb3d8bbwe\PackagedCom\OpenConsoleProxy.dll
FileVersion: 1.24.2605.12001
Description: OpenConsoleProxy.dll
Product: Windows Terminal
Company: Microsoft Corporation
OriginalFileName: OpenConsoleProxy.dll
Hashes: SHA1=F1AD73D56FF3D3B26EC4C9831FB75342736273BD,MD5=974AB63E001A97D2CA1E2FD5FFE1B6F3,SHA256=CC5DA226695FA72DE79E8D4FC8CA84F70D17155B414560C4CCD166A7170194B3,IMPHASH=96B53B94A1D0289023C3472ECDBD4D53
Signed: true
Signature: Microsoft Corporation
SignatureStatus: Valid
User: WINDOWS11\vboxuser","7","3",,"4","7","0","-9223372036854775808","10273","Microsoft-Windows-Sysmon","5770385f-c22a-43e0-bf4c-06f5698ffbd9","Microsoft-Windows-Sysmon/Operational","3832","4316","Windows11","S-1-5-18","6/22/2026 1:32:27 AM",,,"Microsoft-Windows-Sysmon/Operational","System.UInt32[]","System.Diagnostics.Eventing.Reader.EventBookmark","Information","Info","Image loaded (rule: ImageLoad)","System.Collections.ObjectModel.ReadOnlyCollection`1[System.String]","System.Collections.Generic.List`1[System.Diagnostics.Eventing.Reader.EventProperty]"
"Registry value set:
RuleName: -
EventType: SetValue
UtcTime: 2026-06-22 05:32:26.827
ProcessGuid: {2b85bada-fa82-6a37-0d00-000000000b00}
ProcessId: 624
Image: C:\WINDOWS\system32\svchost.exe
TargetObject: HKLM\System\CurrentControlSet\Services\bam\State\UserSettings\S-1-5-21-3931421473-148499878-826545620-1000\Microsoft.WindowsTerminal_8wekyb3d8bbwe
Details: Binary Data
User: NT AUTHORITY\SYSTEM","13","2",,"4","13","0","-9223372036854775808","10272","Microsoft-Windows-Sysmon","5770385f-c22a-43e0-bf4c-06f5698ffbd9","Microsoft-Windows-Sysmon/Operational","3832","4316","Windows11","S-1-5-18","6/22/2026 1:32:26 AM",,,"Microsoft-Windows-Sysmon/Operational","System.UInt32[]","System.Diagnostics.Eventing.Reader.EventBookmark","Information","Info","Image loaded (rule: ImageLoad)","System.Collections.ObjectModel.ReadOnlyCollection`1[System.String]","System.Collections.Generic.List`1[System.Diagnostics.Eventing.Reader.EventProperty]"
"Image loaded:
RuleName: technique_id=T1574.002,technique_name=DLL Side-Loading
UtcTime: 2026-06-22 05:32:26.791
ProcessGuid: {2b85bada-c8e9-6a38-dd05-000000000b00}
ProcessId: 1284
Image: C:\Windows\System32\conhost.exe
ImageLoaded: C:\ProgramData\Microsoft\Windows\AppRepository\Packages\Microsoft.WindowsTerminal_1.24.11321.0_x64__8wekyb3d8bbwe\PackagedCom\OpenConsoleProxy.dll
FileVersion: 1.24.2605.12001
Description: OpenConsoleProxy.dll
Product: Windows Terminal
Company: Microsoft Corporation
OriginalFileName: OpenConsoleProxy.dll
Hashes: SHA1=F1AD73D56FF3D3B26EC4C9831FB75342736273BD,MD5=974AB63E001A97D2CA1E2FD5FFE1B6F3,SHA256=CC5DA226695FA72DE79E8D4FC8CA84F70D17155B414560C4CCD166A7170194B3,IMPHASH=96B53B94A1D0289023C3472ECDBD4D53
Signed: true
Signature: Microsoft Corporation
SignatureStatus: Valid
User: WINDOWS11\vboxuser","7","3",,"4","7","0","-9223372036854775808","10271","Microsoft-Windows-Sysmon","5770385f-c22a-43e0-bf4c-06f5698ffbd9","Microsoft-Windows-Sysmon/Operational","3832","4316","Windows11","S-1-5-18","6/22/2026 1:32:26 AM",,,"Microsoft-Windows-Sysmon/Operational","System.UInt32[]","System.Diagnostics.Eventing.Reader.EventBookmark","Information","Info","Image loaded (rule: ImageLoad)","System.Collections.ObjectModel.ReadOnlyCollection`1[System.String]","System.Collections.Generic.List`1[System.Diagnostics.Eventing.Reader.EventProperty]"
"Image loaded:
RuleName: technique_id=T1574.002,technique_name=DLL Side-Loading
UtcTime: 2026-06-22 05:32:26.791
ProcessGuid: {2b85bada-c8e9-6a38-de05-000000000b00}
ProcessId: 5352
Image: C:\Program Files\WindowsApps\Microsoft.WindowsTerminal_1.24.11321.0_x64__8wekyb3d8bbwe\OpenConsole.exe
ImageLoaded: C:\ProgramData\Microsoft\Windows\AppRepository\Packages\Microsoft.WindowsTerminal_1.24.11321.0_x64__8wekyb3d8bbwe\PackagedCom\OpenConsoleProxy.dll
FileVersion: 1.24.2605.12001
Description: OpenConsoleProxy.dll
Product: Windows Terminal
Company: Microsoft Corporation
OriginalFileName: OpenConsoleProxy.dll
Hashes: SHA1=F1AD73D56FF3D3B26EC4C9831FB75342736273BD,MD5=974AB63E001A97D2CA1E2FD5FFE1B6F3,SHA256=CC5DA226695FA72DE79E8D4FC8CA84F70D17155B414560C4CCD166A7170194B3,IMPHASH=96B53B94A1D0289023C3472ECDBD4D53
Signed: true
Signature: Microsoft Corporation
SignatureStatus: Valid
User: WINDOWS11\vboxuser","7","3",,"4","7","0","-9223372036854775808","10270","Microsoft-Windows-Sysmon","5770385f-c22a-43e0-bf4c-06f5698ffbd9","Microsoft-Windows-Sysmon/Operational","3832","4328","Windows11","S-1-5-18","6/22/2026 1:32:26 AM",,,"Microsoft-Windows-Sysmon/Operational","System.UInt32[]","System.Diagnostics.Eventing.Reader.EventBookmark","Information","Info","Image loaded (rule: ImageLoad)","System.Collections.ObjectModel.ReadOnlyCollection`1[System.String]","System.Collections.Generic.List`1[System.Diagnostics.Eventing.Reader.EventProperty]"
"Registry value set:
RuleName: -
EventType: SetValue
UtcTime: 2026-06-22 05:32:26.471
ProcessGuid: {2b85bada-c8ea-6a38-e005-000000000b00}
ProcessId: 6204
Image: C:\Windows\System32\WindowsPowerShell\v1.0\powershell.exe
TargetObject: HKLM\System\CurrentControlSet\Services\bam\State\UserSettings\S-1-5-21-3931421473-148499878-826545620-1000\\Device\HarddiskVolume4\Windows\System32\conhost.exe
Details: Binary Data
User: WINDOWS11\vboxuser","13","2",,"4","13","0","-9223372036854775808","10269","Microsoft-Windows-Sysmon","5770385f-c22a-43e0-bf4c-06f5698ffbd9","Microsoft-Windows-Sysmon/Operational","3832","4316","Windows11","S-1-5-18","6/22/2026 1:32:26 AM",,,"Microsoft-Windows-Sysmon/Operational","System.UInt32[]","System.Diagnostics.Eventing.Reader.EventBookmark","Information","Info","Image loaded (rule: ImageLoad)","System.Collections.ObjectModel.ReadOnlyCollection`1[System.String]","System.Collections.Generic.List`1[System.Diagnostics.Eventing.Reader.EventProperty]"
"Process Create:
RuleName: technique_id=T1204,technique_name=User Execution
UtcTime: 2026-06-22 05:32:26.429
ProcessGuid: {2b85bada-c8ea-6a38-e005-000000000b00}
ProcessId: 6204
Image: C:\Windows\System32\WindowsPowerShell\v1.0\powershell.exe
FileVersion: 10.0.26100.5074 (WinBuild.160101.0800)
Description: Windows PowerShell
Product: Microsoft? Windows? Operating System
Company: Microsoft Corporation
OriginalFileName: PowerShell.EXE
CommandLine: ""C:\Windows\System32\WindowsPowerShell\v1.0\powershell.exe"" 
CurrentDirectory: C:\WINDOWS\system32\
User: WINDOWS11\vboxuser
LogonGuid: {2b85bada-fa92-6a37-f7f9-060000000000}
LogonId: 0x6F9F7
TerminalSessionId: 1
IntegrityLevel: Medium
Hashes: SHA1=EB42621654E02FAF2DE940442B6DEB1A77864E5B,MD5=A97E6573B97B44C96122BFA543A82EA1,SHA256=0FF6F2C94BC7E2833A5F7E16DE1622E5DBA70396F31C7D5F56381870317E8C46,IMPHASH=AFACF6DC9041114B198160AAB4D0AE77
ParentProcessGuid: {2b85bada-fa97-6a37-8100-000000000b00}
ParentProcessId: 5948
ParentImage: C:\Windows\explorer.exe
ParentCommandLine: C:\WINDOWS\Explorer.EXE
ParentUser: WINDOWS11\vboxuser","1","5",,"4","1","0","-9223372036854775808","10268","Microsoft-Windows-Sysmon","5770385f-c22a-43e0-bf4c-06f5698ffbd9","Microsoft-Windows-Sysmon/Operational","3832","4316","Windows11","S-1-5-18","6/22/2026 1:32:26 AM",,,"Microsoft-Windows-Sysmon/Operational","System.UInt32[]","System.Diagnostics.Eventing.Reader.EventBookmark","Information","Info","Image loaded (rule: ImageLoad)","System.Collections.ObjectModel.ReadOnlyCollection`1[System.String]","System.Collections.Generic.List`1[System.Diagnostics.Eventing.Reader.EventProperty]"
"Registry value set:
RuleName: -
EventType: SetValue
UtcTime: 2026-06-22 05:32:26.409
ProcessGuid: {2b85bada-fa97-6a37-8100-000000000b00}
ProcessId: 5948
Image: C:\WINDOWS\Explorer.EXE
TargetObject: HKLM\System\CurrentControlSet\Services\bam\State\UserSettings\S-1-5-21-3931421473-148499878-826545620-1000\\Device\HarddiskVolume4\Windows\System32\WindowsPowerShell\v1.0\powershell.exe
Details: Binary Data
User: WINDOWS11\vboxuser","13","2",,"4","13","0","-9223372036854775808","10267","Microsoft-Windows-Sysmon","5770385f-c22a-43e0-bf4c-06f5698ffbd9","Microsoft-Windows-Sysmon/Operational","3832","4316","Windows11","S-1-5-18","6/22/2026 1:32:26 AM",,,"Microsoft-Windows-Sysmon/Operational","System.UInt32[]","System.Diagnostics.Eventing.Reader.EventBookmark","Information","Info","Image loaded (rule: ImageLoad)","System.Collections.ObjectModel.ReadOnlyCollection`1[System.String]","System.Collections.Generic.List`1[System.Diagnostics.Eventing.Reader.EventProperty]"
"Registry value set:
RuleName: -
EventType: SetValue
UtcTime: 2026-06-22 05:32:25.903
ProcessGuid: {2b85bada-fa82-6a37-0d00-000000000b00}
ProcessId: 624
Image: C:\WINDOWS\system32\svchost.exe
TargetObject: HKLM\System\CurrentControlSet\Services\bam\State\UserSettings\S-1-5-21-3931421473-148499878-826545620-1000\Microsoft.WindowsTerminal_8wekyb3d8bbwe
Details: Binary Data
User: NT AUTHORITY\SYSTEM","13","2",,"4","13","0","-9223372036854775808","10266","Microsoft-Windows-Sysmon","5770385f-c22a-43e0-bf4c-06f5698ffbd9","Microsoft-Windows-Sysmon/Operational","3832","4316","Windows11","S-1-5-18","6/22/2026 1:32:25 AM",,,"Microsoft-Windows-Sysmon/Operational","System.UInt32[]","System.Diagnostics.Eventing.Reader.EventBookmark","Information","Info","Image loaded (rule: ImageLoad)","System.Collections.ObjectModel.ReadOnlyCollection`1[System.String]","System.Collections.Generic.List`1[System.Diagnostics.Eventing.Reader.EventProperty]"
"Registry value set:
RuleName: -
EventType: SetValue
UtcTime: 2026-06-22 05:32:25.665
ProcessGuid: {2b85bada-c8e9-6a38-dc05-000000000b00}
ProcessId: 5644
Image: C:\Windows\System32\WindowsPowerShell\v1.0\powershell.exe
TargetObject: HKLM\System\CurrentControlSet\Services\bam\State\UserSettings\S-1-5-21-3931421473-148499878-826545620-1000\\Device\HarddiskVolume4\Windows\System32\conhost.exe
Details: Binary Data
User: WINDOWS11\vboxuser","13","2",,"4","13","0","-9223372036854775808","10265","Microsoft-Windows-Sysmon","5770385f-c22a-43e0-bf4c-06f5698ffbd9","Microsoft-Windows-Sysmon/Operational","3832","4316","Windows11","S-1-5-18","6/22/2026 1:32:25 AM",,,"Microsoft-Windows-Sysmon/Operational","System.UInt32[]","System.Diagnostics.Eventing.Reader.EventBookmark","Information","Info","Image loaded (rule: ImageLoad)","System.Collections.ObjectModel.ReadOnlyCollection`1[System.String]","System.Collections.Generic.List`1[System.Diagnostics.Eventing.Reader.EventProperty]"
"Process Create:
RuleName: technique_id=T1204,technique_name=User Execution
UtcTime: 2026-06-22 05:32:25.164
ProcessGuid: {2b85bada-c8e9-6a38-dc05-000000000b00}
ProcessId: 5644
Image: C:\Windows\System32\WindowsPowerShell\v1.0\powershell.exe
FileVersion: 10.0.26100.5074 (WinBuild.160101.0800)
Description: Windows PowerShell
Product: Microsoft? Windows? Operating System
Company: Microsoft Corporation
OriginalFileName: PowerShell.EXE
CommandLine: ""C:\Windows\System32\WindowsPowerShell\v1.0\powershell.exe"" 
CurrentDirectory: C:\WINDOWS\system32\
User: WINDOWS11\vboxuser
LogonGuid: {2b85bada-fa92-6a37-f7f9-060000000000}
LogonId: 0x6F9F7
TerminalSessionId: 1
IntegrityLevel: Medium
Hashes: SHA1=EB42621654E02FAF2DE940442B6DEB1A77864E5B,MD5=A97E6573B97B44C96122BFA543A82EA1,SHA256=0FF6F2C94BC7E2833A5F7E16DE1622E5DBA70396F31C7D5F56381870317E8C46,IMPHASH=AFACF6DC9041114B198160AAB4D0AE77
ParentProcessGuid: {2b85bada-fa97-6a37-8100-000000000b00}
ParentProcessId: 5948
ParentImage: C:\Windows\explorer.exe
ParentCommandLine: C:\WINDOWS\Explorer.EXE
ParentUser: WINDOWS11\vboxuser","1","5",,"4","1","0","-9223372036854775808","10264","Microsoft-Windows-Sysmon","5770385f-c22a-43e0-bf4c-06f5698ffbd9","Microsoft-Windows-Sysmon/Operational","3832","4316","Windows11","S-1-5-18","6/22/2026 1:32:25 AM",,,"Microsoft-Windows-Sysmon/Operational","System.UInt32[]","System.Diagnostics.Eventing.Reader.EventBookmark","Information","Info","Image loaded (rule: ImageLoad)","System.Collections.ObjectModel.ReadOnlyCollection`1[System.String]","System.Collections.Generic.List`1[System.Diagnostics.Eventing.Reader.EventProperty]"
"Registry value set:
RuleName: -
EventType: SetValue
UtcTime: 2026-06-22 05:32:25.168
ProcessGuid: {2b85bada-fa97-6a37-8100-000000000b00}
ProcessId: 5948
Image: C:\WINDOWS\Explorer.EXE
TargetObject: HKLM\System\CurrentControlSet\Services\bam\State\UserSettings\S-1-5-21-3931421473-148499878-826545620-1000\\Device\HarddiskVolume4\Windows\System32\WindowsPowerShell\v1.0\powershell.exe
Details: Binary Data
User: WINDOWS11\vboxuser","13","2",,"4","13","0","-9223372036854775808","10263","Microsoft-Windows-Sysmon","5770385f-c22a-43e0-bf4c-06f5698ffbd9","Microsoft-Windows-Sysmon/Operational","3832","4316","Windows11","S-1-5-18","6/22/2026 1:32:25 AM",,,"Microsoft-Windows-Sysmon/Operational","System.UInt32[]","System.Diagnostics.Eventing.Reader.EventBookmark","Information","Info","Image loaded (rule: ImageLoad)","System.Collections.ObjectModel.ReadOnlyCollection`1[System.String]","System.Collections.Generic.List`1[System.Diagnostics.Eventing.Reader.EventProperty]"
"File created:
RuleName: technique_id=T1574.010,technique_name=Services File Permissions Weakness
UtcTime: 2026-06-22 05:32:24.849
ProcessGuid: {2b85bada-c8e8-6a38-db05-000000000b00}
ProcessId: 10220
Image: C:\WINDOWS\system32\svchost.exe
TargetFilename: C:\Windows\Logs\waasmedic\waasmedic.20260622_053224_842.etl
CreationUtcTime: 2026-06-22 05:32:24.842
User: NT AUTHORITY\SYSTEM","11","2",,"4","11","0","-9223372036854775808","10262","Microsoft-Windows-Sysmon","5770385f-c22a-43e0-bf4c-06f5698ffbd9","Microsoft-Windows-Sysmon/Operational","3832","4316","Windows11","S-1-5-18","6/22/2026 1:32:24 AM",,,"Microsoft-Windows-Sysmon/Operational","System.UInt32[]","System.Diagnostics.Eventing.Reader.EventBookmark","Information","Info","Image loaded (rule: ImageLoad)","System.Collections.ObjectModel.ReadOnlyCollection`1[System.String]","System.Collections.Generic.List`1[System.Diagnostics.Eventing.Reader.EventProperty]"
"Network connection detected:
