RuleName: technique_id=T1571,technique_name=Non-Standard Port
UtcTime: 2026-06-21 23:33:08.856
ProcessGuid: {2b85bada-fa84-6a37-3000-000000000b00}
ProcessId: 2308
Image: C:\Windows\System32\svchost.exe
User: NT AUTHORITY\NETWORK SERVICE
Protocol: udp
Initiated: false
SourceIsIpv6: false
SourceIp: 224.0.0.251
SourceHostname: -
SourcePort: 5353
SourcePortName: -
DestinationIsIpv6: false
DestinationIp: 192.168.4.1
DestinationHostname: -
DestinationPort: 5353
DestinationPortName: -","3","5",,"4","3","0","-9223372036854775808","9853","Microsoft-Windows-Sysmon","5770385f-c22a-43e0-bf4c-06f5698ffbd9","Microsoft-Windows-Sysmon/Operational","3832","4324","Windows11","S-1-5-18","6/21/2026 7:33:10 PM",,,"Microsoft-Windows-Sysmon/Operational","System.UInt32[]","System.Diagnostics.Eventing.Reader.EventBookmark","Information","Info","Image loaded (rule: ImageLoad)","System.Collections.ObjectModel.ReadOnlyCollection`1[System.String]","System.Collections.Generic.List`1[System.Diagnostics.Eventing.Reader.EventProperty]"
"Network connection detected:
RuleName: technique_id=T1571,technique_name=Non-Standard Port
UtcTime: 2026-06-21 23:33:08.856
ProcessGuid: {2b85bada-fa84-6a37-3000-000000000b00}
ProcessId: 2308
Image: C:\Windows\System32\svchost.exe
User: NT AUTHORITY\NETWORK SERVICE
Protocol: udp
Initiated: false
SourceIsIpv6: false
SourceIp: 224.0.0.251
SourceHostname: -
SourcePort: 5353
SourcePortName: -
DestinationIsIpv6: false
DestinationIp: 192.168.5.153
DestinationHostname: -
DestinationPort: 5353
DestinationPortName: -","3","5",,"4","3","0","-9223372036854775808","9852","Microsoft-Windows-Sysmon","5770385f-c22a-43e0-bf4c-06f5698ffbd9","Microsoft-Windows-Sysmon/Operational","3832","4324","Windows11","S-1-5-18","6/21/2026 7:33:10 PM",,,"Microsoft-Windows-Sysmon/Operational","System.UInt32[]","System.Diagnostics.Eventing.Reader.EventBookmark","Information","Info","Image loaded (rule: ImageLoad)","System.Collections.ObjectModel.ReadOnlyCollection`1[System.String]","System.Collections.Generic.List`1[System.Diagnostics.Eventing.Reader.EventProperty]"
"Network connection detected:
RuleName: technique_id=T1571,technique_name=Non-Standard Port
UtcTime: 2026-06-21 23:33:08.445
ProcessGuid: {2b85bada-fa84-6a37-3000-000000000b00}
ProcessId: 2308
Image: C:\Windows\System32\svchost.exe
User: NT AUTHORITY\NETWORK SERVICE
Protocol: udp
Initiated: false
SourceIsIpv6: true
SourceIp: ff02:0:0:0:0:0:0:fb
SourceHostname: -
SourcePort: 5353
SourcePortName: -
DestinationIsIpv6: true
DestinationIp: fe80:0:0:0:14c2:bf95:16c:b063
DestinationHostname: -
DestinationPort: 5353
DestinationPortName: -","3","5",,"4","3","0","-9223372036854775808","9851","Microsoft-Windows-Sysmon","5770385f-c22a-43e0-bf4c-06f5698ffbd9","Microsoft-Windows-Sysmon/Operational","3832","4324","Windows11","S-1-5-18","6/21/2026 7:33:10 PM",,,"Microsoft-Windows-Sysmon/Operational","System.UInt32[]","System.Diagnostics.Eventing.Reader.EventBookmark","Information","Info","Image loaded (rule: ImageLoad)","System.Collections.ObjectModel.ReadOnlyCollection`1[System.String]","System.Collections.Generic.List`1[System.Diagnostics.Eventing.Reader.EventProperty]"
"Network connection detected:
RuleName: technique_id=T1571,technique_name=Non-Standard Port
UtcTime: 2026-06-21 23:33:07.318
ProcessGuid: {2b85bada-fa84-6a37-3000-000000000b00}
ProcessId: 2308
Image: C:\Windows\System32\svchost.exe
User: NT AUTHORITY\NETWORK SERVICE
Protocol: udp
Initiated: false
SourceIsIpv6: true
SourceIp: ff02:0:0:0:0:0:0:fb
SourceHostname: -
SourcePort: 5353
SourcePortName: -
DestinationIsIpv6: true
DestinationIp: fe80:0:0:0:14c2:bf95:16c:b063
DestinationHostname: -
DestinationPort: 5353
DestinationPortName: -","3","5",,"4","3","0","-9223372036854775808","9850","Microsoft-Windows-Sysmon","5770385f-c22a-43e0-bf4c-06f5698ffbd9","Microsoft-Windows-Sysmon/Operational","3832","4324","Windows11","S-1-5-18","6/21/2026 7:33:09 PM",,,"Microsoft-Windows-Sysmon/Operational","System.UInt32[]","System.Diagnostics.Eventing.Reader.EventBookmark","Information","Info","Image loaded (rule: ImageLoad)","System.Collections.ObjectModel.ReadOnlyCollection`1[System.String]","System.Collections.Generic.List`1[System.Diagnostics.Eventing.Reader.EventProperty]"
"Network connection detected:
RuleName: technique_id=T1571,technique_name=Non-Standard Port
UtcTime: 2026-06-21 23:33:07.318
ProcessGuid: {2b85bada-fa84-6a37-3000-000000000b00}
ProcessId: 2308
Image: C:\Windows\System32\svchost.exe
User: NT AUTHORITY\NETWORK SERVICE
Protocol: udp
Initiated: false
SourceIsIpv6: false
SourceIp: 224.0.0.251
SourceHostname: -
SourcePort: 5353
SourcePortName: -
DestinationIsIpv6: false
DestinationIp: 192.168.5.175
DestinationHostname: -
DestinationPort: 5353
DestinationPortName: -","3","5",,"4","3","0","-9223372036854775808","9849","Microsoft-Windows-Sysmon","5770385f-c22a-43e0-bf4c-06f5698ffbd9","Microsoft-Windows-Sysmon/Operational","3832","4324","Windows11","S-1-5-18","6/21/2026 7:33:09 PM",,,"Microsoft-Windows-Sysmon/Operational","System.UInt32[]","System.Diagnostics.Eventing.Reader.EventBookmark","Information","Info","Image loaded (rule: ImageLoad)","System.Collections.ObjectModel.ReadOnlyCollection`1[System.String]","System.Collections.Generic.List`1[System.Diagnostics.Eventing.Reader.EventProperty]"
"Network connection detected:
RuleName: technique_id=T1571,technique_name=Non-Standard Port
UtcTime: 2026-06-21 23:33:04.560
ProcessGuid: {2b85bada-fa84-6a37-3000-000000000b00}
ProcessId: 2308
Image: C:\Windows\System32\svchost.exe
User: NT AUTHORITY\NETWORK SERVICE
Protocol: udp
Initiated: false
SourceIsIpv6: false
SourceIp: 224.0.0.251
SourceHostname: -
SourcePort: 5353
SourcePortName: -
DestinationIsIpv6: false
DestinationIp: 192.168.4.23
DestinationHostname: -
DestinationPort: 5353
DestinationPortName: -","3","5",,"4","3","0","-9223372036854775808","9848","Microsoft-Windows-Sysmon","5770385f-c22a-43e0-bf4c-06f5698ffbd9","Microsoft-Windows-Sysmon/Operational","3832","4324","Windows11","S-1-5-18","6/21/2026 7:33:06 PM",,,"Microsoft-Windows-Sysmon/Operational","System.UInt32[]","System.Diagnostics.Eventing.Reader.EventBookmark","Information","Info","Image loaded (rule: ImageLoad)","System.Collections.ObjectModel.ReadOnlyCollection`1[System.String]","System.Collections.Generic.List`1[System.Diagnostics.Eventing.Reader.EventProperty]"
"Network connection detected:
RuleName: technique_id=T1571,technique_name=Non-Standard Port
UtcTime: 2026-06-21 23:33:04.141
ProcessGuid: {2b85bada-fa84-6a37-3000-000000000b00}
ProcessId: 2308
Image: C:\Windows\System32\svchost.exe
User: NT AUTHORITY\NETWORK SERVICE
Protocol: udp
Initiated: false
SourceIsIpv6: false
SourceIp: 224.0.0.251
SourceHostname: -
SourcePort: 5353
SourcePortName: -
DestinationIsIpv6: false
DestinationIp: 192.168.4.23
DestinationHostname: -
DestinationPort: 5353
DestinationPortName: -","3","5",,"4","3","0","-9223372036854775808","9847","Microsoft-Windows-Sysmon","5770385f-c22a-43e0-bf4c-06f5698ffbd9","Microsoft-Windows-Sysmon/Operational","3832","4324","Windows11","S-1-5-18","6/21/2026 7:33:06 PM",,,"Microsoft-Windows-Sysmon/Operational","System.UInt32[]","System.Diagnostics.Eventing.Reader.EventBookmark","Information","Info","Image loaded (rule: ImageLoad)","System.Collections.ObjectModel.ReadOnlyCollection`1[System.String]","System.Collections.Generic.List`1[System.Diagnostics.Eventing.Reader.EventProperty]"
"Network connection detected:
RuleName: technique_id=T1571,technique_name=Non-Standard Port
UtcTime: 2026-06-21 23:32:02.913
ProcessGuid: {2b85bada-fa84-6a37-3000-000000000b00}
ProcessId: 2308
Image: C:\Windows\System32\svchost.exe
User: NT AUTHORITY\NETWORK SERVICE
Protocol: udp
Initiated: false
SourceIsIpv6: false
SourceIp: 224.0.0.251
SourceHostname: -
SourcePort: 5353
SourcePortName: -
DestinationIsIpv6: false
DestinationIp: 192.168.4.22
DestinationHostname: -
DestinationPort: 5353
DestinationPortName: -","3","5",,"4","3","0","-9223372036854775808","9846","Microsoft-Windows-Sysmon","5770385f-c22a-43e0-bf4c-06f5698ffbd9","Microsoft-Windows-Sysmon/Operational","3832","4324","Windows11","S-1-5-18","6/21/2026 7:32:05 PM",,,"Microsoft-Windows-Sysmon/Operational","System.UInt32[]","System.Diagnostics.Eventing.Reader.EventBookmark","Information","Info","Image loaded (rule: ImageLoad)","System.Collections.ObjectModel.ReadOnlyCollection`1[System.String]","System.Collections.Generic.List`1[System.Diagnostics.Eventing.Reader.EventProperty]"
"Network connection detected:
RuleName: technique_id=T1571,technique_name=Non-Standard Port
UtcTime: 2026-06-21 23:32:02.913
ProcessGuid: {2b85bada-fa84-6a37-3000-000000000b00}
ProcessId: 2308
Image: C:\Windows\System32\svchost.exe
User: NT AUTHORITY\NETWORK SERVICE
Protocol: udp
Initiated: false
SourceIsIpv6: true
SourceIp: ff02:0:0:0:0:0:0:fb
SourceHostname: -
SourcePort: 5353
SourcePortName: -
DestinationIsIpv6: true
DestinationIp: fd50:fb98:c4f3:1:62ab:d2ff:fed7:2344
DestinationHostname: -
DestinationPort: 5353
DestinationPortName: -","3","5",,"4","3","0","-9223372036854775808","9845","Microsoft-Windows-Sysmon","5770385f-c22a-43e0-bf4c-06f5698ffbd9","Microsoft-Windows-Sysmon/Operational","3832","4324","Windows11","S-1-5-18","6/21/2026 7:32:05 PM",,,"Microsoft-Windows-Sysmon/Operational","System.UInt32[]","System.Diagnostics.Eventing.Reader.EventBookmark","Information","Info","Image loaded (rule: ImageLoad)","System.Collections.ObjectModel.ReadOnlyCollection`1[System.String]","System.Collections.Generic.List`1[System.Diagnostics.Eventing.Reader.EventProperty]"
"Network connection detected:
RuleName: technique_id=T1571,technique_name=Non-Standard Port
UtcTime: 2026-06-21 23:32:02.913
ProcessGuid: {2b85bada-fa84-6a37-3000-000000000b00}
ProcessId: 2308
Image: C:\Windows\System32\svchost.exe
User: NT AUTHORITY\NETWORK SERVICE
Protocol: udp
Initiated: false
SourceIsIpv6: true
SourceIp: ff02:0:0:0:0:0:0:fb
SourceHostname: -
SourcePort: 5353
SourcePortName: -
DestinationIsIpv6: true
DestinationIp: fd50:fb98:c4f3:1:62ab:d2ff:fed7:2344
DestinationHostname: -
DestinationPort: 5353
DestinationPortName: -","3","5",,"4","3","0","-9223372036854775808","9844","Microsoft-Windows-Sysmon","5770385f-c22a-43e0-bf4c-06f5698ffbd9","Microsoft-Windows-Sysmon/Operational","3832","4324","Windows11","S-1-5-18","6/21/2026 7:32:05 PM",,,"Microsoft-Windows-Sysmon/Operational","System.UInt32[]","System.Diagnostics.Eventing.Reader.EventBookmark","Information","Info","Image loaded (rule: ImageLoad)","System.Collections.ObjectModel.ReadOnlyCollection`1[System.String]","System.Collections.Generic.List`1[System.Diagnostics.Eventing.Reader.EventProperty]"
