RuleName: technique_id=T1036,technique_name=Masquerading
UtcTime: 2026-06-22 05:22:26.704
SourceProcessGUID: {2b85bada-fae0-6a37-1701-000000000b00}
SourceProcessId: 8240
SourceThreadId: 4932
SourceImage: C:\Users\vboxuser\AppData\Local\Microsoft\OneDrive\OneDrive.exe
TargetProcessGUID: {2b85bada-bf81-6a38-9605-000000000b00}
TargetProcessId: 6912
TargetImage: C:\WINDOWS\system32\backgroundTaskHost.exe
GrantedAccess: 0x101411
CallTrace: C:\WINDOWS\SYSTEM32\ntdll.dll+160534|C:\WINDOWS\System32\KERNELBASE.dll+23fa6|C:\Users\vboxuser\AppData\Local\Microsoft\OneDrive\26.106.0603.0003\FileSyncClient.dll+5fddc2|C:\Users\vboxuser\AppData\Local\Microsoft\OneDrive\26.106.0603.0003\FileSyncClient.dll+8973b|C:\Users\vboxuser\AppData\Local\Microsoft\OneDrive\26.106.0603.0003\FileSyncClient.dll+89548|C:\Users\vboxuser\AppData\Local\Microsoft\OneDrive\26.106.0603.0003\FileSyncClient.dll+89444|C:\Users\vboxuser\AppData\Local\Microsoft\OneDrive\26.106.0603.0003\FileSyncEvents.dll+e1e2|C:\Users\vboxuser\AppData\Local\Microsoft\OneDrive\26.106.0603.0003\FileSyncHost.DLL+d6a0|C:\Users\vboxuser\AppData\Local\Microsoft\OneDrive\26.106.0603.0003\FileSyncHost.DLL+f3d5|C:\WINDOWS\System32\ucrtbase.dll+2cd30|C:\WINDOWS\System32\KERNEL32.DLL+2e957|C:\WINDOWS\SYSTEM32\ntdll.dll+87c1c
SourceUser: WINDOWS11\vboxuser
TargetUser: WINDOWS11\vboxuser","10","3",,"4","10","0","-9223372036854775808","10221","Microsoft-Windows-Sysmon","5770385f-c22a-43e0-bf4c-06f5698ffbd9","Microsoft-Windows-Sysmon/Operational","3832","4316","Windows11","S-1-5-18","6/22/2026 1:22:26 AM",,,"Microsoft-Windows-Sysmon/Operational","System.UInt32[]","System.Diagnostics.Eventing.Reader.EventBookmark","Information","Info","Image loaded (rule: ImageLoad)","System.Collections.ObjectModel.ReadOnlyCollection`1[System.String]","System.Collections.Generic.List`1[System.Diagnostics.Eventing.Reader.EventProperty]"
"Process accessed:
RuleName: technique_id=T1036,technique_name=Masquerading
UtcTime: 2026-06-22 05:22:26.704
SourceProcessGUID: {2b85bada-fae0-6a37-1701-000000000b00}
SourceProcessId: 8240
SourceThreadId: 4932
SourceImage: C:\Users\vboxuser\AppData\Local\Microsoft\OneDrive\OneDrive.exe
TargetProcessGUID: {2b85bada-2864-6a38-1704-000000000b00}
TargetProcessId: 5996
TargetImage: C:\Program Files\WindowsApps\Microsoft.WindowsTerminal_1.24.11321.0_x64__8wekyb3d8bbwe\WindowsTerminal.exe
GrantedAccess: 0x101411
CallTrace: C:\WINDOWS\SYSTEM32\ntdll.dll+160534|C:\WINDOWS\System32\KERNELBASE.dll+23fa6|C:\Users\vboxuser\AppData\Local\Microsoft\OneDrive\26.106.0603.0003\FileSyncClient.dll+5fddc2|C:\Users\vboxuser\AppData\Local\Microsoft\OneDrive\26.106.0603.0003\FileSyncClient.dll+8973b|C:\Users\vboxuser\AppData\Local\Microsoft\OneDrive\26.106.0603.0003\FileSyncClient.dll+89548|C:\Users\vboxuser\AppData\Local\Microsoft\OneDrive\26.106.0603.0003\FileSyncClient.dll+89444|C:\Users\vboxuser\AppData\Local\Microsoft\OneDrive\26.106.0603.0003\FileSyncEvents.dll+e1e2|C:\Users\vboxuser\AppData\Local\Microsoft\OneDrive\26.106.0603.0003\FileSyncHost.DLL+d6a0|C:\Users\vboxuser\AppData\Local\Microsoft\OneDrive\26.106.0603.0003\FileSyncHost.DLL+f3d5|C:\WINDOWS\System32\ucrtbase.dll+2cd30|C:\WINDOWS\System32\KERNEL32.DLL+2e957|C:\WINDOWS\SYSTEM32\ntdll.dll+87c1c
SourceUser: WINDOWS11\vboxuser
TargetUser: WINDOWS11\vboxuser","10","3",,"4","10","0","-9223372036854775808","10220","Microsoft-Windows-Sysmon","5770385f-c22a-43e0-bf4c-06f5698ffbd9","Microsoft-Windows-Sysmon/Operational","3832","4316","Windows11","S-1-5-18","6/22/2026 1:22:26 AM",,,"Microsoft-Windows-Sysmon/Operational","System.UInt32[]","System.Diagnostics.Eventing.Reader.EventBookmark","Information","Info","Image loaded (rule: ImageLoad)","System.Collections.ObjectModel.ReadOnlyCollection`1[System.String]","System.Collections.Generic.List`1[System.Diagnostics.Eventing.Reader.EventProperty]"
"Process accessed:
RuleName: technique_id=T1036,technique_name=Masquerading
UtcTime: 2026-06-22 05:22:26.704
SourceProcessGUID: {2b85bada-fae0-6a37-1701-000000000b00}
SourceProcessId: 8240
SourceThreadId: 4932
SourceImage: C:\Users\vboxuser\AppData\Local\Microsoft\OneDrive\OneDrive.exe
TargetProcessGUID: {2b85bada-2864-6a38-1604-000000000b00}
TargetProcessId: 4052
TargetImage: C:\Program Files\WindowsApps\Microsoft.WindowsTerminal_1.24.11321.0_x64__8wekyb3d8bbwe\OpenConsole.exe
GrantedAccess: 0x101411
CallTrace: C:\WINDOWS\SYSTEM32\ntdll.dll+160534|C:\WINDOWS\System32\KERNELBASE.dll+23fa6|C:\Users\vboxuser\AppData\Local\Microsoft\OneDrive\26.106.0603.0003\FileSyncClient.dll+5fddc2|C:\Users\vboxuser\AppData\Local\Microsoft\OneDrive\26.106.0603.0003\FileSyncClient.dll+8973b|C:\Users\vboxuser\AppData\Local\Microsoft\OneDrive\26.106.0603.0003\FileSyncClient.dll+89548|C:\Users\vboxuser\AppData\Local\Microsoft\OneDrive\26.106.0603.0003\FileSyncClient.dll+89444|C:\Users\vboxuser\AppData\Local\Microsoft\OneDrive\26.106.0603.0003\FileSyncEvents.dll+e1e2|C:\Users\vboxuser\AppData\Local\Microsoft\OneDrive\26.106.0603.0003\FileSyncHost.DLL+d6a0|C:\Users\vboxuser\AppData\Local\Microsoft\OneDrive\26.106.0603.0003\FileSyncHost.DLL+f3d5|C:\WINDOWS\System32\ucrtbase.dll+2cd30|C:\WINDOWS\System32\KERNEL32.DLL+2e957|C:\WINDOWS\SYSTEM32\ntdll.dll+87c1c
SourceUser: WINDOWS11\vboxuser
TargetUser: WINDOWS11\vboxuser","10","3",,"4","10","0","-9223372036854775808","10219","Microsoft-Windows-Sysmon","5770385f-c22a-43e0-bf4c-06f5698ffbd9","Microsoft-Windows-Sysmon/Operational","3832","4316","Windows11","S-1-5-18","6/22/2026 1:22:26 AM",,,"Microsoft-Windows-Sysmon/Operational","System.UInt32[]","System.Diagnostics.Eventing.Reader.EventBookmark","Information","Info","Image loaded (rule: ImageLoad)","System.Collections.ObjectModel.ReadOnlyCollection`1[System.String]","System.Collections.Generic.List`1[System.Diagnostics.Eventing.Reader.EventProperty]"
"Process accessed:
RuleName: technique_id=T1036,technique_name=Masquerading
UtcTime: 2026-06-22 05:22:26.704
SourceProcessGUID: {2b85bada-fae0-6a37-1701-000000000b00}
SourceProcessId: 8240
SourceThreadId: 4932
SourceImage: C:\Users\vboxuser\AppData\Local\Microsoft\OneDrive\OneDrive.exe
TargetProcessGUID: {2b85bada-2864-6a38-1504-000000000b00}
TargetProcessId: 6768
TargetImage: C:\WINDOWS\system32\conhost.exe
GrantedAccess: 0x101411
CallTrace: C:\WINDOWS\SYSTEM32\ntdll.dll+160534|C:\WINDOWS\System32\KERNELBASE.dll+23fa6|C:\Users\vboxuser\AppData\Local\Microsoft\OneDrive\26.106.0603.0003\FileSyncClient.dll+5fddc2|C:\Users\vboxuser\AppData\Local\Microsoft\OneDrive\26.106.0603.0003\FileSyncClient.dll+8973b|C:\Users\vboxuser\AppData\Local\Microsoft\OneDrive\26.106.0603.0003\FileSyncClient.dll+89548|C:\Users\vboxuser\AppData\Local\Microsoft\OneDrive\26.106.0603.0003\FileSyncClient.dll+89444|C:\Users\vboxuser\AppData\Local\Microsoft\OneDrive\26.106.0603.0003\FileSyncEvents.dll+e1e2|C:\Users\vboxuser\AppData\Local\Microsoft\OneDrive\26.106.0603.0003\FileSyncHost.DLL+d6a0|C:\Users\vboxuser\AppData\Local\Microsoft\OneDrive\26.106.0603.0003\FileSyncHost.DLL+f3d5|C:\WINDOWS\System32\ucrtbase.dll+2cd30|C:\WINDOWS\System32\KERNEL32.DLL+2e957|C:\WINDOWS\SYSTEM32\ntdll.dll+87c1c
SourceUser: WINDOWS11\vboxuser
TargetUser: WINDOWS11\vboxuser","10","3",,"4","10","0","-9223372036854775808","10218","Microsoft-Windows-Sysmon","5770385f-c22a-43e0-bf4c-06f5698ffbd9","Microsoft-Windows-Sysmon/Operational","3832","4316","Windows11","S-1-5-18","6/22/2026 1:22:26 AM",,,"Microsoft-Windows-Sysmon/Operational","System.UInt32[]","System.Diagnostics.Eventing.Reader.EventBookmark","Information","Info","Image loaded (rule: ImageLoad)","System.Collections.ObjectModel.ReadOnlyCollection`1[System.String]","System.Collections.Generic.List`1[System.Diagnostics.Eventing.Reader.EventProperty]"
"Process accessed:
RuleName: technique_id=T1036,technique_name=Masquerading
UtcTime: 2026-06-22 05:22:26.704
SourceProcessGUID: {2b85bada-fae0-6a37-1701-000000000b00}
SourceProcessId: 8240
SourceThreadId: 4932
SourceImage: C:\Users\vboxuser\AppData\Local\Microsoft\OneDrive\OneDrive.exe
TargetProcessGUID: {2b85bada-2863-6a38-1404-000000000b00}
TargetProcessId: 5860
TargetImage: C:\Windows\System32\WindowsPowerShell\v1.0\powershell.exe
GrantedAccess: 0x101411
CallTrace: C:\WINDOWS\SYSTEM32\ntdll.dll+160534|C:\WINDOWS\System32\KERNELBASE.dll+23fa6|C:\Users\vboxuser\AppData\Local\Microsoft\OneDrive\26.106.0603.0003\FileSyncClient.dll+5fddc2|C:\Users\vboxuser\AppData\Local\Microsoft\OneDrive\26.106.0603.0003\FileSyncClient.dll+8973b|C:\Users\vboxuser\AppData\Local\Microsoft\OneDrive\26.106.0603.0003\FileSyncClient.dll+89548|C:\Users\vboxuser\AppData\Local\Microsoft\OneDrive\26.106.0603.0003\FileSyncClient.dll+89444|C:\Users\vboxuser\AppData\Local\Microsoft\OneDrive\26.106.0603.0003\FileSyncEvents.dll+e1e2|C:\Users\vboxuser\AppData\Local\Microsoft\OneDrive\26.106.0603.0003\FileSyncHost.DLL+d6a0|C:\Users\vboxuser\AppData\Local\Microsoft\OneDrive\26.106.0603.0003\FileSyncHost.DLL+f3d5|C:\WINDOWS\System32\ucrtbase.dll+2cd30|C:\WINDOWS\System32\KERNEL32.DLL+2e957|C:\WINDOWS\SYSTEM32\ntdll.dll+87c1c
SourceUser: WINDOWS11\vboxuser
TargetUser: WINDOWS11\vboxuser","10","3",,"4","10","0","-9223372036854775808","10217","Microsoft-Windows-Sysmon","5770385f-c22a-43e0-bf4c-06f5698ffbd9","Microsoft-Windows-Sysmon/Operational","3832","4316","Windows11","S-1-5-18","6/22/2026 1:22:26 AM",,,"Microsoft-Windows-Sysmon/Operational","System.UInt32[]","System.Diagnostics.Eventing.Reader.EventBookmark","Information","Info","Image loaded (rule: ImageLoad)","System.Collections.ObjectModel.ReadOnlyCollection`1[System.String]","System.Collections.Generic.List`1[System.Diagnostics.Eventing.Reader.EventProperty]"
"Process accessed:
RuleName: technique_id=T1036,technique_name=Masquerading
UtcTime: 2026-06-22 05:22:26.704
SourceProcessGUID: {2b85bada-fae0-6a37-1701-000000000b00}
SourceProcessId: 8240
SourceThreadId: 4932
SourceImage: C:\Users\vboxuser\AppData\Local\Microsoft\OneDrive\OneDrive.exe
TargetProcessGUID: {2b85bada-267a-6a38-9b03-000000000b00}
TargetProcessId: 9528
TargetImage: C:\Users\vboxuser\AppData\Local\Microsoft\OneDrive\26.106.0603.0003\FileCoAuth.exe
GrantedAccess: 0x101411
CallTrace: C:\WINDOWS\SYSTEM32\ntdll.dll+160534|C:\WINDOWS\System32\KERNELBASE.dll+23fa6|C:\Users\vboxuser\AppData\Local\Microsoft\OneDrive\26.106.0603.0003\FileSyncClient.dll+5fddc2|C:\Users\vboxuser\AppData\Local\Microsoft\OneDrive\26.106.0603.0003\FileSyncClient.dll+8973b|C:\Users\vboxuser\AppData\Local\Microsoft\OneDrive\26.106.0603.0003\FileSyncClient.dll+89548|C:\Users\vboxuser\AppData\Local\Microsoft\OneDrive\26.106.0603.0003\FileSyncClient.dll+89444|C:\Users\vboxuser\AppData\Local\Microsoft\OneDrive\26.106.0603.0003\FileSyncEvents.dll+e1e2|C:\Users\vboxuser\AppData\Local\Microsoft\OneDrive\26.106.0603.0003\FileSyncHost.DLL+d6a0|C:\Users\vboxuser\AppData\Local\Microsoft\OneDrive\26.106.0603.0003\FileSyncHost.DLL+f3d5|C:\WINDOWS\System32\ucrtbase.dll+2cd30|C:\WINDOWS\System32\KERNEL32.DLL+2e957|C:\WINDOWS\SYSTEM32\ntdll.dll+87c1c
SourceUser: WINDOWS11\vboxuser
TargetUser: WINDOWS11\vboxuser","10","3",,"4","10","0","-9223372036854775808","10216","Microsoft-Windows-Sysmon","5770385f-c22a-43e0-bf4c-06f5698ffbd9","Microsoft-Windows-Sysmon/Operational","3832","4316","Windows11","S-1-5-18","6/22/2026 1:22:26 AM",,,"Microsoft-Windows-Sysmon/Operational","System.UInt32[]","System.Diagnostics.Eventing.Reader.EventBookmark","Information","Info","Image loaded (rule: ImageLoad)","System.Collections.ObjectModel.ReadOnlyCollection`1[System.String]","System.Collections.Generic.List`1[System.Diagnostics.Eventing.Reader.EventProperty]"
"Process accessed:
RuleName: -
UtcTime: 2026-06-22 05:22:26.704
SourceProcessGUID: {2b85bada-fae0-6a37-1701-000000000b00}
SourceProcessId: 8240
SourceThreadId: 4932
SourceImage: C:\Users\vboxuser\AppData\Local\Microsoft\OneDrive\OneDrive.exe
TargetProcessGUID: {2b85bada-24b6-6a38-d702-000000000b00}
TargetProcessId: 4508
TargetImage: C:\Program Files\WindowsApps\Microsoft.DesktopAppInstaller_1.28.239.0_x64__8wekyb3d8bbwe\WindowsPackageManagerServer.exe
GrantedAccess: 0x101411
CallTrace: C:\WINDOWS\SYSTEM32\ntdll.dll+160534|C:\WINDOWS\System32\KERNELBASE.dll+23fa6|C:\Users\vboxuser\AppData\Local\Microsoft\OneDrive\26.106.0603.0003\FileSyncClient.dll+5fddc2|C:\Users\vboxuser\AppData\Local\Microsoft\OneDrive\26.106.0603.0003\FileSyncClient.dll+8973b|C:\Users\vboxuser\AppData\Local\Microsoft\OneDrive\26.106.0603.0003\FileSyncClient.dll+89548|C:\Users\vboxuser\AppData\Local\Microsoft\OneDrive\26.106.0603.0003\FileSyncClient.dll+89444|C:\Users\vboxuser\AppData\Local\Microsoft\OneDrive\26.106.0603.0003\FileSyncEvents.dll+e1e2|C:\Users\vboxuser\AppData\Local\Microsoft\OneDrive\26.106.0603.0003\FileSyncHost.DLL+d6a0|C:\Users\vboxuser\AppData\Local\Microsoft\OneDrive\26.106.0603.0003\FileSyncHost.DLL+f3d5|C:\WINDOWS\System32\ucrtbase.dll+2cd30|C:\WINDOWS\System32\KERNEL32.DLL+2e957|C:\WINDOWS\SYSTEM32\ntdll.dll+87c1c
SourceUser: WINDOWS11\vboxuser
TargetUser: WINDOWS11\vboxuser","10","3",,"4","10","0","-9223372036854775808","10215","Microsoft-Windows-Sysmon","5770385f-c22a-43e0-bf4c-06f5698ffbd9","Microsoft-Windows-Sysmon/Operational","3832","4316","Windows11","S-1-5-18","6/22/2026 1:22:26 AM",,,"Microsoft-Windows-Sysmon/Operational","System.UInt32[]","System.Diagnostics.Eventing.Reader.EventBookmark","Information","Info","Image loaded (rule: ImageLoad)","System.Collections.ObjectModel.ReadOnlyCollection`1[System.String]","System.Collections.Generic.List`1[System.Diagnostics.Eventing.Reader.EventProperty]"
"Process accessed:
RuleName: technique_id=T1036,technique_name=Masquerading
UtcTime: 2026-06-22 05:22:26.704
SourceProcessGUID: {2b85bada-fae0-6a37-1701-000000000b00}
SourceProcessId: 8240
SourceThreadId: 4932
SourceImage: C:\Users\vboxuser\AppData\Local\Microsoft\OneDrive\OneDrive.exe
TargetProcessGUID: {2b85bada-2406-6a38-bb02-000000000b00}
TargetProcessId: 8580
TargetImage: C:\Windows\System32\RuntimeBroker.exe
GrantedAccess: 0x101411
CallTrace: C:\WINDOWS\SYSTEM32\ntdll.dll+160534|C:\WINDOWS\System32\KERNELBASE.dll+23fa6|C:\Users\vboxuser\AppData\Local\Microsoft\OneDrive\26.106.0603.0003\FileSyncClient.dll+5fddc2|C:\Users\vboxuser\AppData\Local\Microsoft\OneDrive\26.106.0603.0003\FileSyncClient.dll+8973b|C:\Users\vboxuser\AppData\Local\Microsoft\OneDrive\26.106.0603.0003\FileSyncClient.dll+89548|C:\Users\vboxuser\AppData\Local\Microsoft\OneDrive\26.106.0603.0003\FileSyncClient.dll+89444|C:\Users\vboxuser\AppData\Local\Microsoft\OneDrive\26.106.0603.0003\FileSyncEvents.dll+e1e2|C:\Users\vboxuser\AppData\Local\Microsoft\OneDrive\26.106.0603.0003\FileSyncHost.DLL+d6a0|C:\Users\vboxuser\AppData\Local\Microsoft\OneDrive\26.106.0603.0003\FileSyncHost.DLL+f3d5|C:\WINDOWS\System32\ucrtbase.dll+2cd30|C:\WINDOWS\System32\KERNEL32.DLL+2e957|C:\WINDOWS\SYSTEM32\ntdll.dll+87c1c
SourceUser: WINDOWS11\vboxuser
TargetUser: WINDOWS11\vboxuser","10","3",,"4","10","0","-9223372036854775808","10214","Microsoft-Windows-Sysmon","5770385f-c22a-43e0-bf4c-06f5698ffbd9","Microsoft-Windows-Sysmon/Operational","3832","4316","Windows11","S-1-5-18","6/22/2026 1:22:26 AM",,,"Microsoft-Windows-Sysmon/Operational","System.UInt32[]","System.Diagnostics.Eventing.Reader.EventBookmark","Information","Info","Image loaded (rule: ImageLoad)","System.Collections.ObjectModel.ReadOnlyCollection`1[System.String]","System.Collections.Generic.List`1[System.Diagnostics.Eventing.Reader.EventProperty]"
"Process accessed:
RuleName: technique_id=T1036,technique_name=Masquerading
UtcTime: 2026-06-22 05:22:26.704
SourceProcessGUID: {2b85bada-fae0-6a37-1701-000000000b00}
SourceProcessId: 8240
SourceThreadId: 4932
SourceImage: C:\Users\vboxuser\AppData\Local\Microsoft\OneDrive\OneDrive.exe
TargetProcessGUID: {2b85bada-2406-6a38-ba02-000000000b00}
TargetProcessId: 8156
TargetImage: C:\WINDOWS\system32\backgroundTaskHost.exe
GrantedAccess: 0x101411
CallTrace: C:\WINDOWS\SYSTEM32\ntdll.dll+160534|C:\WINDOWS\System32\KERNELBASE.dll+23fa6|C:\Users\vboxuser\AppData\Local\Microsoft\OneDrive\26.106.0603.0003\FileSyncClient.dll+5fddc2|C:\Users\vboxuser\AppData\Local\Microsoft\OneDrive\26.106.0603.0003\FileSyncClient.dll+8973b|C:\Users\vboxuser\AppData\Local\Microsoft\OneDrive\26.106.0603.0003\FileSyncClient.dll+89548|C:\Users\vboxuser\AppData\Local\Microsoft\OneDrive\26.106.0603.0003\FileSyncClient.dll+89444|C:\Users\vboxuser\AppData\Local\Microsoft\OneDrive\26.106.0603.0003\FileSyncEvents.dll+e1e2|C:\Users\vboxuser\AppData\Local\Microsoft\OneDrive\26.106.0603.0003\FileSyncHost.DLL+d6a0|C:\Users\vboxuser\AppData\Local\Microsoft\OneDrive\26.106.0603.0003\FileSyncHost.DLL+f3d5|C:\WINDOWS\System32\ucrtbase.dll+2cd30|C:\WINDOWS\System32\KERNEL32.DLL+2e957|C:\WINDOWS\SYSTEM32\ntdll.dll+87c1c
SourceUser: WINDOWS11\vboxuser
TargetUser: WINDOWS11\vboxuser","10","3",,"4","10","0","-9223372036854775808","10213","Microsoft-Windows-Sysmon","5770385f-c22a-43e0-bf4c-06f5698ffbd9","Microsoft-Windows-Sysmon/Operational","3832","4316","Windows11","S-1-5-18","6/22/2026 1:22:26 AM",,,"Microsoft-Windows-Sysmon/Operational","System.UInt32[]","System.Diagnostics.Eventing.Reader.EventBookmark","Information","Info","Image loaded (rule: ImageLoad)","System.Collections.ObjectModel.ReadOnlyCollection`1[System.String]","System.Collections.Generic.List`1[System.Diagnostics.Eventing.Reader.EventProperty]"
"Process accessed:
RuleName: technique_id=T1036,technique_name=Masquerading
UtcTime: 2026-06-22 05:22:26.704
SourceProcessGUID: {2b85bada-fae0-6a37-1701-000000000b00}
SourceProcessId: 8240
SourceThreadId: 4932
SourceImage: C:\Users\vboxuser\AppData\Local\Microsoft\OneDrive\OneDrive.exe
TargetProcessGUID: {2b85bada-1c7b-6a38-7f02-000000000b00}
TargetProcessId: 8696
TargetImage: C:\WINDOWS\system32\DllHost.exe
GrantedAccess: 0x101411
CallTrace: C:\WINDOWS\SYSTEM32\ntdll.dll+160534|C:\WINDOWS\System32\KERNELBASE.dll+23fa6|C:\Users\vboxuser\AppData\Local\Microsoft\OneDrive\26.106.0603.0003\FileSyncClient.dll+5fddc2|C:\Users\vboxuser\AppData\Local\Microsoft\OneDrive\26.106.0603.0003\FileSyncClient.dll+8973b|C:\Users\vboxuser\AppData\Local\Microsoft\OneDrive\26.106.0603.0003\FileSyncClient.dll+89548|C:\Users\vboxuser\AppData\Local\Microsoft\OneDrive\26.106.0603.0003\FileSyncClient.dll+89444|C:\Users\vboxuser\AppData\Local\Microsoft\OneDrive\26.106.0603.0003\FileSyncEvents.dll+e1e2|C:\Users\vboxuser\AppData\Local\Microsoft\OneDrive\26.106.0603.0003\FileSyncHost.DLL+d6a0|C:\Users\vboxuser\AppData\Local\Microsoft\OneDrive\26.106.0603.0003\FileSyncHost.DLL+f3d5|C:\WINDOWS\System32\ucrtbase.dll+2cd30|C:\WINDOWS\System32\KERNEL32.DLL+2e957|C:\WINDOWS\SYSTEM32\ntdll.dll+87c1c
SourceUser: WINDOWS11\vboxuser
TargetUser: WINDOWS11\vboxuser","10","3",,"4","10","0","-9223372036854775808","10212","Microsoft-Windows-Sysmon","5770385f-c22a-43e0-bf4c-06f5698ffbd9","Microsoft-Windows-Sysmon/Operational","3832","4316","Windows11","S-1-5-18","6/22/2026 1:22:26 AM",,,"Microsoft-Windows-Sysmon/Operational","System.UInt32[]","System.Diagnostics.Eventing.Reader.EventBookmark","Information","Info","Image loaded (rule: ImageLoad)","System.Collections.ObjectModel.ReadOnlyCollection`1[System.String]","System.Collections.Generic.List`1[System.Diagnostics.Eventing.Reader.EventProperty]"
"Process accessed:
RuleName: technique_id=T1036,technique_name=Masquerading
UtcTime: 2026-06-22 05:22:26.704
SourceProcessGUID: {2b85bada-fae0-6a37-1701-000000000b00}
SourceProcessId: 8240
SourceThreadId: 4932
SourceImage: C:\Users\vboxuser\AppData\Local\Microsoft\OneDrive\OneDrive.exe
TargetProcessGUID: {2b85bada-1c7a-6a38-7e02-000000000b00}
TargetProcessId: 9532
TargetImage: C:\Program Files (x86)\Microsoft\Copilot\Application\mscopilot_proxy.exe
GrantedAccess: 0x101411
CallTrace: C:\WINDOWS\SYSTEM32\ntdll.dll+160534|C:\WINDOWS\System32\KERNELBASE.dll+23fa6|C:\Users\vboxuser\AppData\Local\Microsoft\OneDrive\26.106.0603.0003\FileSyncClient.dll+5fddc2|C:\Users\vboxuser\AppData\Local\Microsoft\OneDrive\26.106.0603.0003\FileSyncClient.dll+8973b|C:\Users\vboxuser\AppData\Local\Microsoft\OneDrive\26.106.0603.0003\FileSyncClient.dll+89548|C:\Users\vboxuser\AppData\Local\Microsoft\OneDrive\26.106.0603.0003\FileSyncClient.dll+89444|C:\Users\vboxuser\AppData\Local\Microsoft\OneDrive\26.106.0603.0003\FileSyncEvents.dll+e1e2|C:\Users\vboxuser\AppData\Local\Microsoft\OneDrive\26.106.0603.0003\FileSyncHost.DLL+d6a0|C:\Users\vboxuser\AppData\Local\Microsoft\OneDrive\26.106.0603.0003\FileSyncHost.DLL+f3d5|C:\WINDOWS\System32\ucrtbase.dll+2cd30|C:\WINDOWS\System32\KERNEL32.DLL+2e957|C:\WINDOWS\SYSTEM32\ntdll.dll+87c1c
SourceUser: WINDOWS11\vboxuser
TargetUser: WINDOWS11\vboxuser","10","3",,"4","10","0","-9223372036854775808","10211","Microsoft-Windows-Sysmon","5770385f-c22a-43e0-bf4c-06f5698ffbd9","Microsoft-Windows-Sysmon/Operational","3832","4316","Windows11","S-1-5-18","6/22/2026 1:22:26 AM",,,"Microsoft-Windows-Sysmon/Operational","System.UInt32[]","System.Diagnostics.Eventing.Reader.EventBookmark","Information","Info","Image loaded (rule: ImageLoad)","System.Collections.ObjectModel.ReadOnlyCollection`1[System.String]","System.Collections.Generic.List`1[System.Diagnostics.Eventing.Reader.EventProperty]"
"Process accessed:
RuleName: technique_id=T1036,technique_name=Masquerading
UtcTime: 2026-06-22 05:22:26.704
SourceProcessGUID: {2b85bada-fae0-6a37-1701-000000000b00}
SourceProcessId: 8240
SourceThreadId: 4932
SourceImage: C:\Users\vboxuser\AppData\Local\Microsoft\OneDrive\OneDrive.exe
TargetProcessGUID: {2b85bada-09a9-6a38-0602-000000000b00}
TargetProcessId: 5288
TargetImage: C:\Windows\System32\RuntimeBroker.exe
GrantedAccess: 0x101411
CallTrace: C:\WINDOWS\SYSTEM32\ntdll.dll+160534|C:\WINDOWS\System32\KERNELBASE.dll+23fa6|C:\Users\vboxuser\AppData\Local\Microsoft\OneDrive\26.106.0603.0003\FileSyncClient.dll+5fddc2|C:\Users\vboxuser\AppData\Local\Microsoft\OneDrive\26.106.0603.0003\FileSyncClient.dll+8973b|C:\Users\vboxuser\AppData\Local\Microsoft\OneDrive\26.106.0603.0003\FileSyncClient.dll+89548|C:\Users\vboxuser\AppData\Local\Microsoft\OneDrive\26.106.0603.0003\FileSyncClient.dll+89444|C:\Users\vboxuser\AppData\Local\Microsoft\OneDrive\26.106.0603.0003\FileSyncEvents.dll+e1e2|C:\Users\vboxuser\AppData\Local\Microsoft\OneDrive\26.106.0603.0003\FileSyncHost.DLL+d6a0|C:\Users\vboxuser\AppData\Local\Microsoft\OneDrive\26.106.0603.0003\FileSyncHost.DLL+f3d5|C:\WINDOWS\System32\ucrtbase.dll+2cd30|C:\WINDOWS\System32\KERNEL32.DLL+2e957|C:\WINDOWS\SYSTEM32\ntdll.dll+87c1c
SourceUser: WINDOWS11\vboxuser
TargetUser: WINDOWS11\vboxuser","10","3",,"4","10","0","-9223372036854775808","10210","Microsoft-Windows-Sysmon","5770385f-c22a-43e0-bf4c-06f5698ffbd9","Microsoft-Windows-Sysmon/Operational","3832","4316","Windows11","S-1-5-18","6/22/2026 1:22:26 AM",,,"Microsoft-Windows-Sysmon/Operational","System.UInt32[]","System.Diagnostics.Eventing.Reader.EventBookmark","Information","Info","Image loaded (rule: ImageLoad)","System.Collections.ObjectModel.ReadOnlyCollection`1[System.String]","System.Collections.Generic.List`1[System.Diagnostics.Eventing.Reader.EventProperty]"
"Process accessed:
RuleName: technique_id=T1036,technique_name=Masquerading
UtcTime: 2026-06-22 05:22:26.704
SourceProcessGUID: {2b85bada-fae0-6a37-1701-000000000b00}
SourceProcessId: 8240
SourceThreadId: 4932
SourceImage: C:\Users\vboxuser\AppData\Local\Microsoft\OneDrive\OneDrive.exe
TargetProcessGUID: {2b85bada-09a8-6a38-0502-000000000b00}
TargetProcessId: 3488
TargetImage: C:\WINDOWS\system32\backgroundTaskHost.exe
GrantedAccess: 0x101411
CallTrace: C:\WINDOWS\SYSTEM32\ntdll.dll+160534|C:\WINDOWS\System32\KERNELBASE.dll+23fa6|C:\Users\vboxuser\AppData\Local\Microsoft\OneDrive\26.106.0603.0003\FileSyncClient.dll+5fddc2|C:\Users\vboxuser\AppData\Local\Microsoft\OneDrive\26.106.0603.0003\FileSyncClient.dll+8973b|C:\Users\vboxuser\AppData\Local\Microsoft\OneDrive\26.106.0603.0003\FileSyncClient.dll+89548|C:\Users\vboxuser\AppData\Local\Microsoft\OneDrive\26.106.0603.0003\FileSyncClient.dll+89444|C:\Users\vboxuser\AppData\Local\Microsoft\OneDrive\26.106.0603.0003\FileSyncEvents.dll+e1e2|C:\Users\vboxuser\AppData\Local\Microsoft\OneDrive\26.106.0603.0003\FileSyncHost.DLL+d6a0|C:\Users\vboxuser\AppData\Local\Microsoft\OneDrive\26.106.0603.0003\FileSyncHost.DLL+f3d5|C:\WINDOWS\System32\ucrtbase.dll+2cd30|C:\WINDOWS\System32\KERNEL32.DLL+2e957|C:\WINDOWS\SYSTEM32\ntdll.dll+87c1c
SourceUser: WINDOWS11\vboxuser
TargetUser: WINDOWS11\vboxuser","10","3",,"4","10","0","-9223372036854775808","10209","Microsoft-Windows-Sysmon","5770385f-c22a-43e0-bf4c-06f5698ffbd9","Microsoft-Windows-Sysmon/Operational","3832","4316","Windows11","S-1-5-18","6/22/2026 1:22:26 AM",,,"Microsoft-Windows-Sysmon/Operational","System.UInt32[]","System.Diagnostics.Eventing.Reader.EventBookmark","Information","Info","Image loaded (rule: ImageLoad)","System.Collections.ObjectModel.ReadOnlyCollection`1[System.String]","System.Collections.Generic.List`1[System.Diagnostics.Eventing.Reader.EventProperty]"
"Process accessed:
RuleName: technique_id=T1036,technique_name=Masquerading
UtcTime: 2026-06-22 05:22:26.704
SourceProcessGUID: {2b85bada-fae0-6a37-1701-000000000b00}
SourceProcessId: 8240
SourceThreadId: 4932
SourceImage: C:\Users\vboxuser\AppData\Local\Microsoft\OneDrive\OneDrive.exe
TargetProcessGUID: {2b85bada-fd29-6a37-b101-000000000b00}
TargetProcessId: 3840
TargetImage: C:\Windows\System32\RuntimeBroker.exe
GrantedAccess: 0x101411
CallTrace: C:\WINDOWS\SYSTEM32\ntdll.dll+160534|C:\WINDOWS\System32\KERNELBASE.dll+23fa6|C:\Users\vboxuser\AppData\Local\Microsoft\OneDrive\26.106.0603.0003\FileSyncClient.dll+5fddc2|C:\Users\vboxuser\AppData\Local\Microsoft\OneDrive\26.106.0603.0003\FileSyncClient.dll+8973b|C:\Users\vboxuser\AppData\Local\Microsoft\OneDrive\26.106.0603.0003\FileSyncClient.dll+89548|C:\Users\vboxuser\AppData\Local\Microsoft\OneDrive\26.106.0603.0003\FileSyncClient.dll+89444|C:\Users\vboxuser\AppData\Local\Microsoft\OneDrive\26.106.0603.0003\FileSyncEvents.dll+e1e2|C:\Users\vboxuser\AppData\Local\Microsoft\OneDrive\26.106.0603.0003\FileSyncHost.DLL+d6a0|C:\Users\vboxuser\AppData\Local\Microsoft\OneDrive\26.106.0603.0003\FileSyncHost.DLL+f3d5|C:\WINDOWS\System32\ucrtbase.dll+2cd30|C:\WINDOWS\System32\KERNEL32.DLL+2e957|C:\WINDOWS\SYSTEM32\ntdll.dll+87c1c
SourceUser: WINDOWS11\vboxuser
TargetUser: WINDOWS11\vboxuser","10","3",,"4","10","0","-9223372036854775808","10208","Microsoft-Windows-Sysmon","5770385f-c22a-43e0-bf4c-06f5698ffbd9","Microsoft-Windows-Sysmon/Operational","3832","4316","Windows11","S-1-5-18","6/22/2026 1:22:26 AM",,,"Microsoft-Windows-Sysmon/Operational","System.UInt32[]","System.Diagnostics.Eventing.Reader.EventBookmark","Information","Info","Image loaded (rule: ImageLoad)","System.Collections.ObjectModel.ReadOnlyCollection`1[System.String]","System.Collections.Generic.List`1[System.Diagnostics.Eventing.Reader.EventProperty]"
"Process accessed:
RuleName: technique_id=T1036,technique_name=Masquerading
UtcTime: 2026-06-22 05:22:26.704
SourceProcessGUID: {2b85bada-fae0-6a37-1701-000000000b00}
SourceProcessId: 8240
SourceThreadId: 4932
SourceImage: C:\Users\vboxuser\AppData\Local\Microsoft\OneDrive\OneDrive.exe
TargetProcessGUID: {2b85bada-fd27-6a37-af01-000000000b00}
TargetProcessId: 5548
TargetImage: C:\WINDOWS\SystemApps\ShellExperienceHost_cw5n1h2txyewy\ShellExperienceHost.exe
GrantedAccess: 0x101411
CallTrace: C:\WINDOWS\SYSTEM32\ntdll.dll+160534|C:\WINDOWS\System32\KERNELBASE.dll+23fa6|C:\Users\vboxuser\AppData\Local\Microsoft\OneDrive\26.106.0603.0003\FileSyncClient.dll+5fddc2|C:\Users\vboxuser\AppData\Local\Microsoft\OneDrive\26.106.0603.0003\FileSyncClient.dll+8973b|C:\Users\vboxuser\AppData\Local\Microsoft\OneDrive\26.106.0603.0003\FileSyncClient.dll+89548|C:\Users\vboxuser\AppData\Local\Microsoft\OneDrive\26.106.0603.0003\FileSyncClient.dll+89444|C:\Users\vboxuser\AppData\Local\Microsoft\OneDrive\26.106.0603.0003\FileSyncEvents.dll+e1e2|C:\Users\vboxuser\AppData\Local\Microsoft\OneDrive\26.106.0603.0003\FileSyncHost.DLL+d6a0|C:\Users\vboxuser\AppData\Local\Microsoft\OneDrive\26.106.0603.0003\FileSyncHost.DLL+f3d5|C:\WINDOWS\System32\ucrtbase.dll+2cd30|C:\WINDOWS\System32\KERNEL32.DLL+2e957|C:\WINDOWS\SYSTEM32\ntdll.dll+87c1c
SourceUser: WINDOWS11\vboxuser
TargetUser: WINDOWS11\vboxuser","10","3",,"4","10","0","-9223372036854775808","10207","Microsoft-Windows-Sysmon","5770385f-c22a-43e0-bf4c-06f5698ffbd9","Microsoft-Windows-Sysmon/Operational","3832","4316","Windows11","S-1-5-18","6/22/2026 1:22:26 AM",,,"Microsoft-Windows-Sysmon/Operational","System.UInt32[]","System.Diagnostics.Eventing.Reader.EventBookmark","Information","Info","Image loaded (rule: ImageLoad)","System.Collections.ObjectModel.ReadOnlyCollection`1[System.String]","System.Collections.Generic.List`1[System.Diagnostics.Eventing.Reader.EventProperty]"
"Process accessed:
RuleName: technique_id=T1036,technique_name=Masquerading
UtcTime: 2026-06-22 05:22:26.701
SourceProcessGUID: {2b85bada-fae0-6a37-1701-000000000b00}
SourceProcessId: 8240
SourceThreadId: 4932
SourceImage: C:\Users\vboxuser\AppData\Local\Microsoft\OneDrive\OneDrive.exe
TargetProcessGUID: {2b85bada-fbce-6a37-6c01-000000000b00}
TargetProcessId: 856
TargetImage: C:\Program Files (x86)\Microsoft\EdgeWebView\Application\149.0.4022.80\msedgewebview2.exe
GrantedAccess: 0x101411
CallTrace: C:\WINDOWS\SYSTEM32\ntdll.dll+160534|C:\WINDOWS\System32\KERNELBASE.dll+23fa6|C:\Users\vboxuser\AppData\Local\Microsoft\OneDrive\26.106.0603.0003\FileSyncClient.dll+5fddc2|C:\Users\vboxuser\AppData\Local\Microsoft\OneDrive\26.106.0603.0003\FileSyncClient.dll+8973b|C:\Users\vboxuser\AppData\Local\Microsoft\OneDrive\26.106.0603.0003\FileSyncClient.dll+89548|C:\Users\vboxuser\AppData\Local\Microsoft\OneDrive\26.106.0603.0003\FileSyncClient.dll+89444|C:\Users\vboxuser\AppData\Local\Microsoft\OneDrive\26.106.0603.0003\FileSyncEvents.dll+e1e2|C:\Users\vboxuser\AppData\Local\Microsoft\OneDrive\26.106.0603.0003\FileSyncHost.DLL+d6a0|C:\Users\vboxuser\AppData\Local\Microsoft\OneDrive\26.106.0603.0003\FileSyncHost.DLL+f3d5|C:\WINDOWS\System32\ucrtbase.dll+2cd30|C:\WINDOWS\System32\KERNEL32.DLL+2e957|C:\WINDOWS\SYSTEM32\ntdll.dll+87c1c
SourceUser: WINDOWS11\vboxuser
TargetUser: WINDOWS11\vboxuser","10","3",,"4","10","0","-9223372036854775808","10206","Microsoft-Windows-Sysmon","5770385f-c22a-43e0-bf4c-06f5698ffbd9","Microsoft-Windows-Sysmon/Operational","3832","4316","Windows11","S-1-5-18","6/22/2026 1:22:26 AM",,,"Microsoft-Windows-Sysmon/Operational","System.UInt32[]","System.Diagnostics.Eventing.Reader.EventBookmark","Information","Info","Image loaded (rule: ImageLoad)","System.Collections.ObjectModel.ReadOnlyCollection`1[System.String]","System.Collections.Generic.List`1[System.Diagnostics.Eventing.Reader.EventProperty]"
"Process accessed:
RuleName: technique_id=T1036,technique_name=Masquerading
UtcTime: 2026-06-22 05:22:26.701
SourceProcessGUID: {2b85bada-fae0-6a37-1701-000000000b00}
SourceProcessId: 8240
SourceThreadId: 4932
SourceImage: C:\Users\vboxuser\AppData\Local\Microsoft\OneDrive\OneDrive.exe
TargetProcessGUID: {2b85bada-fbce-6a37-6b01-000000000b00}
TargetProcessId: 4812
TargetImage: C:\Program Files (x86)\Microsoft\EdgeWebView\Application\149.0.4022.80\msedgewebview2.exe
GrantedAccess: 0x101411
CallTrace: C:\WINDOWS\SYSTEM32\ntdll.dll+160534|C:\WINDOWS\System32\KERNELBASE.dll+23fa6|C:\Users\vboxuser\AppData\Local\Microsoft\OneDrive\26.106.0603.0003\FileSyncClient.dll+5fddc2|C:\Users\vboxuser\AppData\Local\Microsoft\OneDrive\26.106.0603.0003\FileSyncClient.dll+8973b|C:\Users\vboxuser\AppData\Local\Microsoft\OneDrive\26.106.0603.0003\FileSyncClient.dll+89548|C:\Users\vboxuser\AppData\Local\Microsoft\OneDrive\26.106.0603.0003\FileSyncClient.dll+89444|C:\Users\vboxuser\AppData\Local\Microsoft\OneDrive\26.106.0603.0003\FileSyncEvents.dll+e1e2|C:\Users\vboxuser\AppData\Local\Microsoft\OneDrive\26.106.0603.0003\FileSyncHost.DLL+d6a0|C:\Users\vboxuser\AppData\Local\Microsoft\OneDrive\26.106.0603.0003\FileSyncHost.DLL+f3d5|C:\WINDOWS\System32\ucrtbase.dll+2cd30|C:\WINDOWS\System32\KERNEL32.DLL+2e957|C:\WINDOWS\SYSTEM32\ntdll.dll+87c1c
SourceUser: WINDOWS11\vboxuser
TargetUser: WINDOWS11\vboxuser","10","3",,"4","10","0","-9223372036854775808","10205","Microsoft-Windows-Sysmon","5770385f-c22a-43e0-bf4c-06f5698ffbd9","Microsoft-Windows-Sysmon/Operational","3832","4316","Windows11","S-1-5-18","6/22/2026 1:22:26 AM",,,"Microsoft-Windows-Sysmon/Operational","System.UInt32[]","System.Diagnostics.Eventing.Reader.EventBookmark","Information","Info","Image loaded (rule: ImageLoad)","System.Collections.ObjectModel.ReadOnlyCollection`1[System.String]","System.Collections.Generic.List`1[System.Diagnostics.Eventing.Reader.EventProperty]"
"Process accessed:
RuleName: technique_id=T1036,technique_name=Masquerading
UtcTime: 2026-06-22 05:22:26.701
SourceProcessGUID: {2b85bada-fae0-6a37-1701-000000000b00}
SourceProcessId: 8240
SourceThreadId: 4932
SourceImage: C:\Users\vboxuser\AppData\Local\Microsoft\OneDrive\OneDrive.exe
TargetProcessGUID: {2b85bada-fbcd-6a37-6a01-000000000b00}
TargetProcessId: 8812
TargetImage: C:\Program Files (x86)\Microsoft\EdgeWebView\Application\149.0.4022.80\msedgewebview2.exe
GrantedAccess: 0x101411
CallTrace: C:\WINDOWS\SYSTEM32\ntdll.dll+160534|C:\WINDOWS\System32\KERNELBASE.dll+23fa6|C:\Users\vboxuser\AppData\Local\Microsoft\OneDrive\26.106.0603.0003\FileSyncClient.dll+5fddc2|C:\Users\vboxuser\AppData\Local\Microsoft\OneDrive\26.106.0603.0003\FileSyncClient.dll+8973b|C:\Users\vboxuser\AppData\Local\Microsoft\OneDrive\26.106.0603.0003\FileSyncClient.dll+89548|C:\Users\vboxuser\AppData\Local\Microsoft\OneDrive\26.106.0603.0003\FileSyncClient.dll+89444|C:\Users\vboxuser\AppData\Local\Microsoft\OneDrive\26.106.0603.0003\FileSyncEvents.dll+e1e2|C:\Users\vboxuser\AppData\Local\Microsoft\OneDrive\26.106.0603.0003\FileSyncHost.DLL+d6a0|C:\Users\vboxuser\AppData\Local\Microsoft\OneDrive\26.106.0603.0003\FileSyncHost.DLL+f3d5|C:\WINDOWS\System32\ucrtbase.dll+2cd30|C:\WINDOWS\System32\KERNEL32.DLL+2e957|C:\WINDOWS\SYSTEM32\ntdll.dll+87c1c
SourceUser: WINDOWS11\vboxuser
TargetUser: WINDOWS11\vboxuser","10","3",,"4","10","0","-9223372036854775808","10204","Microsoft-Windows-Sysmon","5770385f-c22a-43e0-bf4c-06f5698ffbd9","Microsoft-Windows-Sysmon/Operational","3832","4316","Windows11","S-1-5-18","6/22/2026 1:22:26 AM",,,"Microsoft-Windows-Sysmon/Operational","System.UInt32[]","System.Diagnostics.Eventing.Reader.EventBookmark","Information","Info","Image loaded (rule: ImageLoad)","System.Collections.ObjectModel.ReadOnlyCollection`1[System.String]","System.Collections.Generic.List`1[System.Diagnostics.Eventing.Reader.EventProperty]"
"Process accessed:
RuleName: technique_id=T1036,technique_name=Masquerading
UtcTime: 2026-06-22 05:22:26.701
SourceProcessGUID: {2b85bada-fae0-6a37-1701-000000000b00}
SourceProcessId: 8240
SourceThreadId: 4932
SourceImage: C:\Users\vboxuser\AppData\Local\Microsoft\OneDrive\OneDrive.exe
TargetProcessGUID: {2b85bada-fbcd-6a37-6901-000000000b00}
TargetProcessId: 4276
TargetImage: C:\Program Files (x86)\Microsoft\EdgeWebView\Application\149.0.4022.80\msedgewebview2.exe
GrantedAccess: 0x101411
CallTrace: C:\WINDOWS\SYSTEM32\ntdll.dll+160534|C:\WINDOWS\System32\KERNELBASE.dll+23fa6|C:\Users\vboxuser\AppData\Local\Microsoft\OneDrive\26.106.0603.0003\FileSyncClient.dll+5fddc2|C:\Users\vboxuser\AppData\Local\Microsoft\OneDrive\26.106.0603.0003\FileSyncClient.dll+8973b|C:\Users\vboxuser\AppData\Local\Microsoft\OneDrive\26.106.0603.0003\FileSyncClient.dll+89548|C:\Users\vboxuser\AppData\Local\Microsoft\OneDrive\26.106.0603.0003\FileSyncClient.dll+89444|C:\Users\vboxuser\AppData\Local\Microsoft\OneDrive\26.106.0603.0003\FileSyncEvents.dll+e1e2|C:\Users\vboxuser\AppData\Local\Microsoft\OneDrive\26.106.0603.0003\FileSyncHost.DLL+d6a0|C:\Users\vboxuser\AppData\Local\Microsoft\OneDrive\26.106.0603.0003\FileSyncHost.DLL+f3d5|C:\WINDOWS\System32\ucrtbase.dll+2cd30|C:\WINDOWS\System32\KERNEL32.DLL+2e957|C:\WINDOWS\SYSTEM32\ntdll.dll+87c1c
SourceUser: WINDOWS11\vboxuser
TargetUser: WINDOWS11\vboxuser","10","3",,"4","10","0","-9223372036854775808","10203","Microsoft-Windows-Sysmon","5770385f-c22a-43e0-bf4c-06f5698ffbd9","Microsoft-Windows-Sysmon/Operational","3832","4316","Windows11","S-1-5-18","6/22/2026 1:22:26 AM",,,"Microsoft-Windows-Sysmon/Operational","System.UInt32[]","System.Diagnostics.Eventing.Reader.EventBookmark","Information","Info","Image loaded (rule: ImageLoad)","System.Collections.ObjectModel.ReadOnlyCollection`1[System.String]","System.Collections.Generic.List`1[System.Diagnostics.Eventing.Reader.EventProperty]"
"Process accessed:
RuleName: technique_id=T1036,technique_name=Masquerading
UtcTime: 2026-06-22 05:22:26.701
SourceProcessGUID: {2b85bada-fae0-6a37-1701-000000000b00}
SourceProcessId: 8240
SourceThreadId: 4932
SourceImage: C:\Users\vboxuser\AppData\Local\Microsoft\OneDrive\OneDrive.exe
TargetProcessGUID: {2b85bada-fbcb-6a37-6801-000000000b00}
TargetProcessId: 5388
TargetImage: C:\Program Files (x86)\Microsoft\EdgeWebView\Application\149.0.4022.80\msedgewebview2.exe
GrantedAccess: 0x101411
CallTrace: C:\WINDOWS\SYSTEM32\ntdll.dll+160534|C:\WINDOWS\System32\KERNELBASE.dll+23fa6|C:\Users\vboxuser\AppData\Local\Microsoft\OneDrive\26.106.0603.0003\FileSyncClient.dll+5fddc2|C:\Users\vboxuser\AppData\Local\Microsoft\OneDrive\26.106.0603.0003\FileSyncClient.dll+8973b|C:\Users\vboxuser\AppData\Local\Microsoft\OneDrive\26.106.0603.0003\FileSyncClient.dll+89548|C:\Users\vboxuser\AppData\Local\Microsoft\OneDrive\26.106.0603.0003\FileSyncClient.dll+89444|C:\Users\vboxuser\AppData\Local\Microsoft\OneDrive\26.106.0603.0003\FileSyncEvents.dll+e1e2|C:\Users\vboxuser\AppData\Local\Microsoft\OneDrive\26.106.0603.0003\FileSyncHost.DLL+d6a0|C:\Users\vboxuser\AppData\Local\Microsoft\OneDrive\26.106.0603.0003\FileSyncHost.DLL+f3d5|C:\WINDOWS\System32\ucrtbase.dll+2cd30|C:\WINDOWS\System32\KERNEL32.DLL+2e957|C:\WINDOWS\SYSTEM32\ntdll.dll+87c1c
SourceUser: WINDOWS11\vboxuser
TargetUser: WINDOWS11\vboxuser","10","3",,"4","10","0","-9223372036854775808","10202","Microsoft-Windows-Sysmon","5770385f-c22a-43e0-bf4c-06f5698ffbd9","Microsoft-Windows-Sysmon/Operational","3832","4316","Windows11","S-1-5-18","6/22/2026 1:22:26 AM",,,"Microsoft-Windows-Sysmon/Operational","System.UInt32[]","System.Diagnostics.Eventing.Reader.EventBookmark","Information","Info","Image loaded (rule: ImageLoad)","System.Collections.ObjectModel.ReadOnlyCollection`1[System.String]","System.Collections.Generic.List`1[System.Diagnostics.Eventing.Reader.EventProperty]"
"Process accessed:
RuleName: technique_id=T1036,technique_name=Masquerading
UtcTime: 2026-06-22 05:22:26.701
SourceProcessGUID: {2b85bada-fae0-6a37-1701-000000000b00}
SourceProcessId: 8240
SourceThreadId: 4932
SourceImage: C:\Users\vboxuser\AppData\Local\Microsoft\OneDrive\OneDrive.exe
TargetProcessGUID: {2b85bada-fbcb-6a37-6601-000000000b00}
TargetProcessId: 1600
TargetImage: C:\Program Files (x86)\Microsoft\EdgeWebView\Application\149.0.4022.80\msedgewebview2.exe
GrantedAccess: 0x101411
CallTrace: C:\WINDOWS\SYSTEM32\ntdll.dll+160534|C:\WINDOWS\System32\KERNELBASE.dll+23fa6|C:\Users\vboxuser\AppData\Local\Microsoft\OneDrive\26.106.0603.0003\FileSyncClient.dll+5fddc2|C:\Users\vboxuser\AppData\Local\Microsoft\OneDrive\26.106.0603.0003\FileSyncClient.dll+8973b|C:\Users\vboxuser\AppData\Local\Microsoft\OneDrive\26.106.0603.0003\FileSyncClient.dll+89548|C:\Users\vboxuser\AppData\Local\Microsoft\OneDrive\26.106.0603.0003\FileSyncClient.dll+89444|C:\Users\vboxuser\AppData\Local\Microsoft\OneDrive\26.106.0603.0003\FileSyncEvents.dll+e1e2|C:\Users\vboxuser\AppData\Local\Microsoft\OneDrive\26.106.0603.0003\FileSyncHost.DLL+d6a0|C:\Users\vboxuser\AppData\Local\Microsoft\OneDrive\26.106.0603.0003\FileSyncHost.DLL+f3d5|C:\WINDOWS\System32\ucrtbase.dll+2cd30|C:\WINDOWS\System32\KERNEL32.DLL+2e957|C:\WINDOWS\SYSTEM32\ntdll.dll+87c1c
SourceUser: WINDOWS11\vboxuser
TargetUser: WINDOWS11\vboxuser","10","3",,"4","10","0","-9223372036854775808","10201","Microsoft-Windows-Sysmon","5770385f-c22a-43e0-bf4c-06f5698ffbd9","Microsoft-Windows-Sysmon/Operational","3832","4316","Windows11","S-1-5-18","6/22/2026 1:22:26 AM",,,"Microsoft-Windows-Sysmon/Operational","System.UInt32[]","System.Diagnostics.Eventing.Reader.EventBookmark","Information","Info","Image loaded (rule: ImageLoad)","System.Collections.ObjectModel.ReadOnlyCollection`1[System.String]","System.Collections.Generic.List`1[System.Diagnostics.Eventing.Reader.EventProperty]"
"Process accessed:
RuleName: technique_id=T1036,technique_name=Masquerading
UtcTime: 2026-06-22 05:22:26.701
SourceProcessGUID: {2b85bada-fae0-6a37-1701-000000000b00}
SourceProcessId: 8240
SourceThreadId: 4932
SourceImage: C:\Users\vboxuser\AppData\Local\Microsoft\OneDrive\OneDrive.exe
TargetProcessGUID: {2b85bada-fb5f-6a37-4e01-000000000b00}
TargetProcessId: 6896
TargetImage: C:\WINDOWS\system32\ApplicationFrameHost.exe
GrantedAccess: 0x101411
CallTrace: C:\WINDOWS\SYSTEM32\ntdll.dll+160534|C:\WINDOWS\System32\KERNELBASE.dll+23fa6|C:\Users\vboxuser\AppData\Local\Microsoft\OneDrive\26.106.0603.0003\FileSyncClient.dll+5fddc2|C:\Users\vboxuser\AppData\Local\Microsoft\OneDrive\26.106.0603.0003\FileSyncClient.dll+8973b|C:\Users\vboxuser\AppData\Local\Microsoft\OneDrive\26.106.0603.0003\FileSyncClient.dll+89548|C:\Users\vboxuser\AppData\Local\Microsoft\OneDrive\26.106.0603.0003\FileSyncClient.dll+89444|C:\Users\vboxuser\AppData\Local\Microsoft\OneDrive\26.106.0603.0003\FileSyncEvents.dll+e1e2|C:\Users\vboxuser\AppData\Local\Microsoft\OneDrive\26.106.0603.0003\FileSyncHost.DLL+d6a0|C:\Users\vboxuser\AppData\Local\Microsoft\OneDrive\26.106.0603.0003\FileSyncHost.DLL+f3d5|C:\WINDOWS\System32\ucrtbase.dll+2cd30|C:\WINDOWS\System32\KERNEL32.DLL+2e957|C:\WINDOWS\SYSTEM32\ntdll.dll+87c1c
SourceUser: WINDOWS11\vboxuser
TargetUser: WINDOWS11\vboxuser","10","3",,"4","10","0","-9223372036854775808","10200","Microsoft-Windows-Sysmon","5770385f-c22a-43e0-bf4c-06f5698ffbd9","Microsoft-Windows-Sysmon/Operational","3832","4316","Windows11","S-1-5-18","6/22/2026 1:22:26 AM",,,"Microsoft-Windows-Sysmon/Operational","System.UInt32[]","System.Diagnostics.Eventing.Reader.EventBookmark","Information","Info","Image loaded (rule: ImageLoad)","System.Collections.ObjectModel.ReadOnlyCollection`1[System.String]","System.Collections.Generic.List`1[System.Diagnostics.Eventing.Reader.EventProperty]"
"Process accessed:
RuleName: technique_id=T1036,technique_name=Masquerading
UtcTime: 2026-06-22 05:22:26.701
SourceProcessGUID: {2b85bada-fae0-6a37-1701-000000000b00}
SourceProcessId: 8240
SourceThreadId: 4932
SourceImage: C:\Users\vboxuser\AppData\Local\Microsoft\OneDrive\OneDrive.exe
TargetProcessGUID: {2b85bada-fb5f-6a37-4d01-000000000b00}
TargetProcessId: 6976
TargetImage: C:\Windows\ImmersiveControlPanel\SystemSettings.exe
GrantedAccess: 0x101411
CallTrace: C:\WINDOWS\SYSTEM32\ntdll.dll+160534|C:\WINDOWS\System32\KERNELBASE.dll+23fa6|C:\Users\vboxuser\AppData\Local\Microsoft\OneDrive\26.106.0603.0003\FileSyncClient.dll+5fddc2|C:\Users\vboxuser\AppData\Local\Microsoft\OneDrive\26.106.0603.0003\FileSyncClient.dll+8973b|C:\Users\vboxuser\AppData\Local\Microsoft\OneDrive\26.106.0603.0003\FileSyncClient.dll+89548|C:\Users\vboxuser\AppData\Local\Microsoft\OneDrive\26.106.0603.0003\FileSyncClient.dll+89444|C:\Users\vboxuser\AppData\Local\Microsoft\OneDrive\26.106.0603.0003\FileSyncEvents.dll+e1e2|C:\Users\vboxuser\AppData\Local\Microsoft\OneDrive\26.106.0603.0003\FileSyncHost.DLL+d6a0|C:\Users\vboxuser\AppData\Local\Microsoft\OneDrive\26.106.0603.0003\FileSyncHost.DLL+f3d5|C:\WINDOWS\System32\ucrtbase.dll+2cd30|C:\WINDOWS\System32\KERNEL32.DLL+2e957|C:\WINDOWS\SYSTEM32\ntdll.dll+87c1c
SourceUser: WINDOWS11\vboxuser
TargetUser: WINDOWS11\vboxuser","10","3",,"4","10","0","-9223372036854775808","10199","Microsoft-Windows-Sysmon","5770385f-c22a-43e0-bf4c-06f5698ffbd9","Microsoft-Windows-Sysmon/Operational","3832","4316","Windows11","S-1-5-18","6/22/2026 1:22:26 AM",,,"Microsoft-Windows-Sysmon/Operational","System.UInt32[]","System.Diagnostics.Eventing.Reader.EventBookmark","Information","Info","Image loaded (rule: ImageLoad)","System.Collections.ObjectModel.ReadOnlyCollection`1[System.String]","System.Collections.Generic.List`1[System.Diagnostics.Eventing.Reader.EventProperty]"
"Process accessed:
RuleName: technique_id=T1036,technique_name=Masquerading
UtcTime: 2026-06-22 05:22:26.701
SourceProcessGUID: {2b85bada-fae0-6a37-1701-000000000b00}
SourceProcessId: 8240
SourceThreadId: 4932
SourceImage: C:\Users\vboxuser\AppData\Local\Microsoft\OneDrive\OneDrive.exe
TargetProcessGUID: {2b85bada-fade-6a37-1501-000000000b00}
TargetProcessId: 7532
TargetImage: C:\Windows\System32\VBoxTray.exe
GrantedAccess: 0x101411
CallTrace: C:\WINDOWS\SYSTEM32\ntdll.dll+160534|C:\WINDOWS\System32\KERNELBASE.dll+23fa6|C:\Users\vboxuser\AppData\Local\Microsoft\OneDrive\26.106.0603.0003\FileSyncClient.dll+5fddc2|C:\Users\vboxuser\AppData\Local\Microsoft\OneDrive\26.106.0603.0003\FileSyncClient.dll+8973b|C:\Users\vboxuser\AppData\Local\Microsoft\OneDrive\26.106.0603.0003\FileSyncClient.dll+89548|C:\Users\vboxuser\AppData\Local\Microsoft\OneDrive\26.106.0603.0003\FileSyncClient.dll+89444|C:\Users\vboxuser\AppData\Local\Microsoft\OneDrive\26.106.0603.0003\FileSyncEvents.dll+e1e2|C:\Users\vboxuser\AppData\Local\Microsoft\OneDrive\26.106.0603.0003\FileSyncHost.DLL+d6a0|C:\Users\vboxuser\AppData\Local\Microsoft\OneDrive\26.106.0603.0003\FileSyncHost.DLL+f3d5|C:\WINDOWS\System32\ucrtbase.dll+2cd30|C:\WINDOWS\System32\KERNEL32.DLL+2e957|C:\WINDOWS\SYSTEM32\ntdll.dll+87c1c
SourceUser: WINDOWS11\vboxuser
TargetUser: WINDOWS11\vboxuser","10","3",,"4","10","0","-9223372036854775808","10198","Microsoft-Windows-Sysmon","5770385f-c22a-43e0-bf4c-06f5698ffbd9","Microsoft-Windows-Sysmon/Operational","3832","4316","Windows11","S-1-5-18","6/22/2026 1:22:26 AM",,,"Microsoft-Windows-Sysmon/Operational","System.UInt32[]","System.Diagnostics.Eventing.Reader.EventBookmark","Information","Info","Image loaded (rule: ImageLoad)","System.Collections.ObjectModel.ReadOnlyCollection`1[System.String]","System.Collections.Generic.List`1[System.Diagnostics.Eventing.Reader.EventProperty]"
"Process accessed:
RuleName: technique_id=T1036,technique_name=Masquerading
UtcTime: 2026-06-22 05:22:26.701
SourceProcessGUID: {2b85bada-fae0-6a37-1701-000000000b00}
SourceProcessId: 8240
SourceThreadId: 4932
SourceImage: C:\Users\vboxuser\AppData\Local\Microsoft\OneDrive\OneDrive.exe
TargetProcessGUID: {2b85bada-fac0-6a37-c000-000000000b00}
TargetProcessId: 7220
TargetImage: C:\Windows\System32\SecurityHealthSystray.exe
GrantedAccess: 0x101411
CallTrace: C:\WINDOWS\SYSTEM32\ntdll.dll+160534|C:\WINDOWS\System32\KERNELBASE.dll+23fa6|C:\Users\vboxuser\AppData\Local\Microsoft\OneDrive\26.106.0603.0003\FileSyncClient.dll+5fddc2|C:\Users\vboxuser\AppData\Local\Microsoft\OneDrive\26.106.0603.0003\FileSyncClient.dll+8973b|C:\Users\vboxuser\AppData\Local\Microsoft\OneDrive\26.106.0603.0003\FileSyncClient.dll+89548|C:\Users\vboxuser\AppData\Local\Microsoft\OneDrive\26.106.0603.0003\FileSyncClient.dll+89444|C:\Users\vboxuser\AppData\Local\Microsoft\OneDrive\26.106.0603.0003\FileSyncEvents.dll+e1e2|C:\Users\vboxuser\AppData\Local\Microsoft\OneDrive\26.106.0603.0003\FileSyncHost.DLL+d6a0|C:\Users\vboxuser\AppData\Local\Microsoft\OneDrive\26.106.0603.0003\FileSyncHost.DLL+f3d5|C:\WINDOWS\System32\ucrtbase.dll+2cd30|C:\WINDOWS\System32\KERNEL32.DLL+2e957|C:\WINDOWS\SYSTEM32\ntdll.dll+87c1c
SourceUser: WINDOWS11\vboxuser
TargetUser: WINDOWS11\vboxuser","10","3",,"4","10","0","-9223372036854775808","10197","Microsoft-Windows-Sysmon","5770385f-c22a-43e0-bf4c-06f5698ffbd9","Microsoft-Windows-Sysmon/Operational","3832","4316","Windows11","S-1-5-18","6/22/2026 1:22:26 AM",,,"Microsoft-Windows-Sysmon/Operational","System.UInt32[]","System.Diagnostics.Eventing.Reader.EventBookmark","Information","Info","Image loaded (rule: ImageLoad)","System.Collections.ObjectModel.ReadOnlyCollection`1[System.String]","System.Collections.Generic.List`1[System.Diagnostics.Eventing.Reader.EventProperty]"
"Process accessed:
